#
# A fatal error has been detected by the Java Runtime Environment:
#
#  SIGSEGV (0xb) at pc=0x00007f2fffdd86ec, pid=20174, tid=20176
#
# JRE version: Java(TM) SE Runtime Environment (9.0+11) (build 9.0.4+11)
# Java VM: Java HotSpot(TM) 64-Bit Server VM (9.0.4+11, mixed mode, tiered, compressed oops, g1 gc, linux-amd64)
# Problematic frame:
# C  [liblwjgl_opengl.so+0x446ec]  Java_org_lwjgl_opengl_GL30_nglGenVertexArrays__IJ+0xc
#
# Core dump will be written. Default location: Core dumps may be processed with "/usr/share/apport/apport %p %s %c %d %P" (or dumping to /home/mihai/Documents/Source/Java/TeamProject-SabreWulf/sabrewulf/core.20174)
#
# If you would like to submit a bug report, please visit:
#   http://bugreport.java.com/bugreport/crash.jsp
# The crash happened outside the Java Virtual Machine in native code.
# See problematic frame for where to report the bug.
#

---------------  S U M M A R Y ------------

Command Line: -javaagent:/home/mihai/Programs/idea-IC-173.3727.127/lib/idea_rt.jar=42275:/home/mihai/Programs/idea-IC-173.3727.127/bin -Dfile.encoding=UTF-8 game.Main

Host: Intel(R) Core(TM) i7-6500U CPU @ 2.50GHz, 4 cores, 11G, Ubuntu 16.04.3 LTS
Time: Thu Feb  8 16:59:07 2018 GMT elapsed time: 0 seconds (0d 0h 0m 0s)

---------------  T H R E A D  ---------------

Current thread (0x00007f3088014800):  JavaThread "main" [_thread_in_native, id=20176, stack(0x00007f309080e000,0x00007f309090e000)]

Stack: [0x00007f309080e000,0x00007f309090e000],  sp=0x00007f309090c6c8,  free space=1017k
Native frames: (J=compiled Java code, A=aot compiled Java code, j=interpreted, Vv=VM code, C=native code)
C  [liblwjgl_opengl.so+0x446ec]  Java_org_lwjgl_opengl_GL30_nglGenVertexArrays__IJ+0xc
j  org.lwjgl.opengl.GL30.glGenVertexArrays()I+20
j  engine.graphics.VertexArray.<init>()V+5
j  engine.graphics.renderer.Renderer2D.<init>()V+30
j  engine.scene.Scene.<init>(I)V+14
j  game.MenuState.<init>(Lgame/Main;)V+15
j  game.Main.<init>()V+18
j  game.Main.main([Ljava/lang/String;)V+4
v  ~StubRoutines::call_stub
V  [libjvm.so+0x83d60a]  JavaCalls::call_helper(JavaValue*, methodHandle const&, JavaCallArguments*, Thread*)+0x47a
V  [libjvm.so+0x89a67f]  jni_invoke_static(JNIEnv_*, JavaValue*, _jobject*, JNICallType, _jmethodID*, JNI_ArgumentPusher*, Thread*) [clone .isra.90]+0x21f
V  [libjvm.so+0x8ab5ce]  jni_CallStaticVoidMethod+0x14e
C  [libjli.so+0x4397]  JavaMain+0xa17
C  [libpthread.so.0+0x76ba]  start_thread+0xca

Java frames: (J=compiled Java code, j=interpreted, Vv=VM code)
j  org.lwjgl.opengl.GL30.nglGenVertexArrays(IJ)V+0
j  org.lwjgl.opengl.GL30.glGenVertexArrays()I+20
j  engine.graphics.VertexArray.<init>()V+5
j  engine.graphics.renderer.Renderer2D.<init>()V+30
j  engine.scene.Scene.<init>(I)V+14
j  game.MenuState.<init>(Lgame/Main;)V+15
j  game.Main.<init>()V+18
j  game.Main.main([Ljava/lang/String;)V+4
v  ~StubRoutines::call_stub

siginfo: si_signo: 11 (SIGSEGV), si_code: 1 (SEGV_MAPERR), si_addr: 0x0000000000000f70

Register to memory mapping:

RAX=0x0000000000000000 is an unknown value
RBX={method} {0x00007f303bfb4330} 'nglGenVertexArrays' '(IJ)V' in 'org/lwjgl/opengl/GL30'
RCX=0x00007f30884dadcc is an unknown value
RDX=0x0000000000000001 is an unknown value
RSP=0x00007f309090c6c8 is pointing into the stack for thread: 0x00007f3088014800
RBP=0x00007f309090c738 is pointing into the stack for thread: 0x00007f3088014800
RSI=0x00007f30884dadcc is an unknown value
RDI=0x0000000000000001 is an unknown value
R8 ={method} {0x00007f303bfb4330} 'nglGenVertexArrays' '(IJ)V' in 'org/lwjgl/opengl/GL30'
R9 =0x0000000000000008 is an unknown value
R10=0x00007f306db5bd89 is at code_begin+873 in an Interpreter codelet
method entry point (kind = native)  [0x00007f306db5ba20, 0x00007f306db5c460]  2624 bytes
R11=0x0000000717c0a3e0 is an oop
java.lang.Class 
{0x0000000717c0a3e0} - klass: 'java/lang/Class'
R12=0x0000000000000000 is an unknown value
R13={method} {0x00007f303bfb4330} 'nglGenVertexArrays' '(IJ)V' in 'org/lwjgl/opengl/GL30'
R14=0x00007f309090c768 is pointing into the stack for thread: 0x00007f3088014800
R15=0x00007f3088014800 is a thread


Registers:
RAX=0x0000000000000000, RBX=0x00007f303bfb4330, RCX=0x00007f30884dadcc, RDX=0x0000000000000001
RSP=0x00007f309090c6c8, RBP=0x00007f309090c738, RSI=0x00007f30884dadcc, RDI=0x0000000000000001
R8 =0x00007f303bfb4330, R9 =0x0000000000000008, R10=0x00007f306db5bd89, R11=0x0000000717c0a3e0
R12=0x0000000000000000, R13=0x00007f303bfb4330, R14=0x00007f309090c768, R15=0x00007f3088014800
RIP=0x00007f2fffdd86ec, EFLAGS=0x0000000000010287, CSGSFS=0x002b000000000033, ERR=0x0000000000000004
  TRAPNO=0x000000000000000e

Top of Stack: (sp=0x00007f309090c6c8)
0x00007f309090c6c8:   00007f306db5bdb5 00007f309090c738
0x00007f309090c6d8:   00007f306db5bb0a 00007f309090c6f8
0x00007f309090c6e8:   00007f306db5bad3 00007f309090c6f0
0x00007f309090c6f8:   00007f303bfb4330 00007f309090c768 

Instructions: (pc=0x00007f2fffdd86ec)
0x00007f2fffdd86cc:   78 1c 00 00 ff e0 66 66 66 66 66 2e 0f 1f 84 00
0x00007f2fffdd86dc:   00 00 00 00 48 8b 07 48 89 ce 89 d7 48 8b 40 18
0x00007f2fffdd86ec:   48 8b 80 70 0f 00 00 ff e0 66 66 2e 0f 1f 84 00
0x00007f2fffdd86fc:   00 00 00 00 48 8b 07 48 89 ce 89 d7 48 8b 40 18 


---------------  P R O C E S S  ---------------

Java Threads: ( => current thread )
  0x00007f3088415000 JavaThread "Service Thread" daemon [_thread_blocked, id=20222, stack(0x00007f303a9f9000,0x00007f303aafa000)]
  0x00007f3088413800 JavaThread "Monitor Ctrl-Break" daemon [_thread_in_native, id=20221, stack(0x00007f303aafa000,0x00007f303abfb000)]
  0x00007f308820d000 JavaThread "Common-Cleaner" daemon [_thread_blocked, id=20216, stack(0x00007f303abfb000,0x00007f303acfc000)]
  0x00007f30881d0800 JavaThread "Sweeper thread" daemon [_thread_blocked, id=20215, stack(0x00007f303b124000,0x00007f303b225000)]
  0x00007f30881ce800 JavaThread "C1 CompilerThread2" daemon [_thread_blocked, id=20214, stack(0x00007f303b225000,0x00007f303b326000)]
  0x00007f30881cc800 JavaThread "C2 CompilerThread1" daemon [_thread_blocked, id=20213, stack(0x00007f303b326000,0x00007f303b427000)]
  0x00007f30881ca800 JavaThread "C2 CompilerThread0" daemon [_thread_blocked, id=20211, stack(0x00007f303b427000,0x00007f303b528000)]
  0x00007f30881c9000 JavaThread "Signal Dispatcher" daemon [_thread_blocked, id=20210, stack(0x00007f304008a000,0x00007f304018b000)]
  0x00007f30881ae000 JavaThread "Finalizer" daemon [_thread_blocked, id=20204, stack(0x00007f304018b000,0x00007f304028c000)]
  0x00007f30881a5800 JavaThread "Reference Handler" daemon [_thread_blocked, id=20203, stack(0x00007f304028c000,0x00007f304038d000)]
=>0x00007f3088014800 JavaThread "main" [_thread_in_native, id=20176, stack(0x00007f309080e000,0x00007f309090e000)]

Other Threads:
  0x00007f308819c000 VMThread "VM Thread" [stack: 0x00007f304038e000,0x00007f304048e000] [id=20201]
  0x00007f308841b800 WatcherThread [stack: 0x00007f303a8f9000,0x00007f303a9f9000] [id=20223]
  0x00007f308802b800 GCTaskThread "GC Thread#0" [stack: 0x00007f308ccda000,0x00007f308cdda000] [id=20177]
  0x00007f308802d000 GCTaskThread "GC Thread#1" [stack: 0x00007f308cbd9000,0x00007f308ccd9000] [id=20182]
  0x00007f308802f000 GCTaskThread "GC Thread#2" [stack: 0x00007f308cad8000,0x00007f308cbd8000] [id=20183]
  0x00007f3088030800 GCTaskThread "GC Thread#3" [stack: 0x00007f308c9d7000,0x00007f308cad7000] [id=20190]
  0x00007f308806d800 ConcurrentGCThread "G1 Main Marker" [stack: 0x00007f306c3e7000,0x00007f306c4e7000] [id=20197]
  0x00007f308806f800 ConcurrentGCThread "G1 Marker#0" [stack: 0x00007f306c2e6000,0x00007f306c3e6000] [id=20198]
  0x00007f3088038000 ConcurrentGCThread "G1 Refine#0" [stack: 0x00007f308c1cf000,0x00007f308c2cf000] [id=20195]
  0x00007f3088036000 ConcurrentGCThread "G1 Refine#1" [stack: 0x00007f308c2d0000,0x00007f308c3d0000] [id=20194]
  0x00007f3088034800 ConcurrentGCThread "G1 Refine#2" [stack: 0x00007f308c3d1000,0x00007f308c4d1000] [id=20193]
  0x00007f3088032800 ConcurrentGCThread "G1 Refine#3" [stack: 0x00007f308c4d2000,0x00007f308c5d2000] [id=20191]
  0x00007f3088039800 ConcurrentGCThread "G1 Young RemSet Sampling" [stack: 0x00007f308c0ce000,0x00007f308c1ce000] [id=20196]

Threads with active compile tasks:

VM state:not at safepoint (normal execution)

VM Mutex/Monitor currently owned by a thread: None

Heap address: 0x000000070d200000, size: 2862 MB, Compressed Oops mode: Zero based, Oop shift amount: 3
Narrow klass base: 0x0000000000000000, Narrow klass shift: 3
Compressed class space size: 1073741824 Address: 0x00000007c0000000

Heap:
 garbage-first heap   total 184320K, used 9216K [0x000000070d200000, 0x000000070d3005a0, 0x00000007c0000000)
  region size 1024K, 10 young (10240K), 0 survivors (0K)
 Metaspace       used 8595K, capacity 8774K, committed 9088K, reserved 1056768K
  class space    used 738K, capacity 801K, committed 896K, reserved 1048576K
Heap Regions: E=young(eden), S=young(survivor), O=old, HS=humongous(starts), HC=humongous(continues), CS=collection set, F=free, A=archive, TS=gc time stamp, AC=allocation context, TAMS=top-at-mark-start (previous, next)
|   0|0x000000070d200000, 0x000000070d200000, 0x000000070d300000|  0%| F|  |TS  0|AC  0|TAMS 0x000000070d200000, 0x000000070d200000|
|   1|0x000000070d300000, 0x000000070d300000, 0x000000070d400000|  0%| F|  |TS  0|AC  0|TAMS 0x000000070d300000, 0x000000070d300000|
|   2|0x000000070d400000, 0x000000070d400000, 0x000000070d500000|  0%| F|  |TS  0|AC  0|TAMS 0x000000070d400000, 0x000000070d400000|
|   3|0x000000070d500000, 0x000000070d500000, 0x000000070d600000|  0%| F|  |TS  0|AC  0|TAMS 0x000000070d500000, 0x000000070d500000|
|   4|0x000000070d600000, 0x000000070d600000, 0x000000070d700000|  0%| F|  |TS  0|AC  0|TAMS 0x000000070d600000, 0x000000070d600000|
|   5|0x000000070d700000, 0x000000070d700000, 0x000000070d800000|  0%| F|  |TS  0|AC  0|TAMS 0x000000070d700000, 0x000000070d700000|
|   6|0x000000070d800000, 0x000000070d800000, 0x000000070d900000|  0%| F|  |TS  0|AC  0|TAMS 0x000000070d800000, 0x000000070d800000|
|   7|0x000000070d900000, 0x000000070d900000, 0x000000070da00000|  0%| F|  |TS  0|AC  0|TAMS 0x000000070d900000, 0x000000070d900000|
|   8|0x000000070da00000, 0x000000070da00000, 0x000000070db00000|  0%| F|  |TS  0|AC  0|TAMS 0x000000070da00000, 0x000000070da00000|
|   9|0x000000070db00000, 0x000000070db00000, 0x000000070dc00000|  0%| F|  |TS  0|AC  0|TAMS 0x000000070db00000, 0x000000070db00000|
|  10|0x000000070dc00000, 0x000000070dc00000, 0x000000070dd00000|  0%| F|  |TS  0|AC  0|TAMS 0x000000070dc00000, 0x000000070dc00000|
|  11|0x000000070dd00000, 0x000000070dd00000, 0x000000070de00000|  0%| F|  |TS  0|AC  0|TAMS 0x000000070dd00000, 0x000000070dd00000|
|  12|0x000000070de00000, 0x000000070de00000, 0x000000070df00000|  0%| F|  |TS  0|AC  0|TAMS 0x000000070de00000, 0x000000070de00000|
|  13|0x000000070df00000, 0x000000070df00000, 0x000000070e000000|  0%| F|  |TS  0|AC  0|TAMS 0x000000070df00000, 0x000000070df00000|
|  14|0x000000070e000000, 0x000000070e000000, 0x000000070e100000|  0%| F|  |TS  0|AC  0|TAMS 0x000000070e000000, 0x000000070e000000|
|  15|0x000000070e100000, 0x000000070e100000, 0x000000070e200000|  0%| F|  |TS  0|AC  0|TAMS 0x000000070e100000, 0x000000070e100000|
|  16|0x000000070e200000, 0x000000070e200000, 0x000000070e300000|  0%| F|  |TS  0|AC  0|TAMS 0x000000070e200000, 0x000000070e200000|
|  17|0x000000070e300000, 0x000000070e300000, 0x000000070e400000|  0%| F|  |TS  0|AC  0|TAMS 0x000000070e300000, 0x000000070e300000|
|  18|0x000000070e400000, 0x000000070e400000, 0x000000070e500000|  0%| F|  |TS  0|AC  0|TAMS 0x000000070e400000, 0x000000070e400000|
|  19|0x000000070e500000, 0x000000070e500000, 0x000000070e600000|  0%| F|  |TS  0|AC  0|TAMS 0x000000070e500000, 0x000000070e500000|
|  20|0x000000070e600000, 0x000000070e600000, 0x000000070e700000|  0%| F|  |TS  0|AC  0|TAMS 0x000000070e600000, 0x000000070e600000|
|  21|0x000000070e700000, 0x000000070e700000, 0x000000070e800000|  0%| F|  |TS  0|AC  0|TAMS 0x000000070e700000, 0x000000070e700000|
|  22|0x000000070e800000, 0x000000070e800000, 0x000000070e900000|  0%| F|  |TS  0|AC  0|TAMS 0x000000070e800000, 0x000000070e800000|
|  23|0x000000070e900000, 0x000000070e900000, 0x000000070ea00000|  0%| F|  |TS  0|AC  0|TAMS 0x000000070e900000, 0x000000070e900000|
|  24|0x000000070ea00000, 0x000000070ea00000, 0x000000070eb00000|  0%| F|  |TS  0|AC  0|TAMS 0x000000070ea00000, 0x000000070ea00000|
|  25|0x000000070eb00000, 0x000000070eb00000, 0x000000070ec00000|  0%| F|  |TS  0|AC  0|TAMS 0x000000070eb00000, 0x000000070eb00000|
|  26|0x000000070ec00000, 0x000000070ec00000, 0x000000070ed00000|  0%| F|  |TS  0|AC  0|TAMS 0x000000070ec00000, 0x000000070ec00000|
|  27|0x000000070ed00000, 0x000000070ed00000, 0x000000070ee00000|  0%| F|  |TS  0|AC  0|TAMS 0x000000070ed00000, 0x000000070ed00000|
|  28|0x000000070ee00000, 0x000000070ee00000, 0x000000070ef00000|  0%| F|  |TS  0|AC  0|TAMS 0x000000070ee00000, 0x000000070ee00000|
|  29|0x000000070ef00000, 0x000000070ef00000, 0x000000070f000000|  0%| F|  |TS  0|AC  0|TAMS 0x000000070ef00000, 0x000000070ef00000|
|  30|0x000000070f000000, 0x000000070f000000, 0x000000070f100000|  0%| F|  |TS  0|AC  0|TAMS 0x000000070f000000, 0x000000070f000000|
|  31|0x000000070f100000, 0x000000070f100000, 0x000000070f200000|  0%| F|  |TS  0|AC  0|TAMS 0x000000070f100000, 0x000000070f100000|
|  32|0x000000070f200000, 0x000000070f200000, 0x000000070f300000|  0%| F|  |TS  0|AC  0|TAMS 0x000000070f200000, 0x000000070f200000|
|  33|0x000000070f300000, 0x000000070f300000, 0x000000070f400000|  0%| F|  |TS  0|AC  0|TAMS 0x000000070f300000, 0x000000070f300000|
|  34|0x000000070f400000, 0x000000070f400000, 0x000000070f500000|  0%| F|  |TS  0|AC  0|TAMS 0x000000070f400000, 0x000000070f400000|
|  35|0x000000070f500000, 0x000000070f500000, 0x000000070f600000|  0%| F|  |TS  0|AC  0|TAMS 0x000000070f500000, 0x000000070f500000|
|  36|0x000000070f600000, 0x000000070f600000, 0x000000070f700000|  0%| F|  |TS  0|AC  0|TAMS 0x000000070f600000, 0x000000070f600000|
|  37|0x000000070f700000, 0x000000070f700000, 0x000000070f800000|  0%| F|  |TS  0|AC  0|TAMS 0x000000070f700000, 0x000000070f700000|
|  38|0x000000070f800000, 0x000000070f800000, 0x000000070f900000|  0%| F|  |TS  0|AC  0|TAMS 0x000000070f800000, 0x000000070f800000|
|  39|0x000000070f900000, 0x000000070f900000, 0x000000070fa00000|  0%| F|  |TS  0|AC  0|TAMS 0x000000070f900000, 0x000000070f900000|
|  40|0x000000070fa00000, 0x000000070fa00000, 0x000000070fb00000|  0%| F|  |TS  0|AC  0|TAMS 0x000000070fa00000, 0x000000070fa00000|
|  41|0x000000070fb00000, 0x000000070fb00000, 0x000000070fc00000|  0%| F|  |TS  0|AC  0|TAMS 0x000000070fb00000, 0x000000070fb00000|
|  42|0x000000070fc00000, 0x000000070fc00000, 0x000000070fd00000|  0%| F|  |TS  0|AC  0|TAMS 0x000000070fc00000, 0x000000070fc00000|
|  43|0x000000070fd00000, 0x000000070fd00000, 0x000000070fe00000|  0%| F|  |TS  0|AC  0|TAMS 0x000000070fd00000, 0x000000070fd00000|
|  44|0x000000070fe00000, 0x000000070fe00000, 0x000000070ff00000|  0%| F|  |TS  0|AC  0|TAMS 0x000000070fe00000, 0x000000070fe00000|
|  45|0x000000070ff00000, 0x000000070ff00000, 0x0000000710000000|  0%| F|  |TS  0|AC  0|TAMS 0x000000070ff00000, 0x000000070ff00000|
|  46|0x0000000710000000, 0x0000000710000000, 0x0000000710100000|  0%| F|  |TS  0|AC  0|TAMS 0x0000000710000000, 0x0000000710000000|
|  47|0x0000000710100000, 0x0000000710100000, 0x0000000710200000|  0%| F|  |TS  0|AC  0|TAMS 0x0000000710100000, 0x0000000710100000|
|  48|0x0000000710200000, 0x0000000710200000, 0x0000000710300000|  0%| F|  |TS  0|AC  0|TAMS 0x0000000710200000, 0x0000000710200000|
|  49|0x0000000710300000, 0x0000000710300000, 0x0000000710400000|  0%| F|  |TS  0|AC  0|TAMS 0x0000000710300000, 0x0000000710300000|
|  50|0x0000000710400000, 0x0000000710400000, 0x0000000710500000|  0%| F|  |TS  0|AC  0|TAMS 0x0000000710400000, 0x0000000710400000|
|  51|0x0000000710500000, 0x0000000710500000, 0x0000000710600000|  0%| F|  |TS  0|AC  0|TAMS 0x0000000710500000, 0x0000000710500000|
|  52|0x0000000710600000, 0x0000000710600000, 0x0000000710700000|  0%| F|  |TS  0|AC  0|TAMS 0x0000000710600000, 0x0000000710600000|
|  53|0x0000000710700000, 0x0000000710700000, 0x0000000710800000|  0%| F|  |TS  0|AC  0|TAMS 0x0000000710700000, 0x0000000710700000|
|  54|0x0000000710800000, 0x0000000710800000, 0x0000000710900000|  0%| F|  |TS  0|AC  0|TAMS 0x0000000710800000, 0x0000000710800000|
|  55|0x0000000710900000, 0x0000000710900000, 0x0000000710a00000|  0%| F|  |TS  0|AC  0|TAMS 0x0000000710900000, 0x0000000710900000|
|  56|0x0000000710a00000, 0x0000000710a00000, 0x0000000710b00000|  0%| F|  |TS  0|AC  0|TAMS 0x0000000710a00000, 0x0000000710a00000|
|  57|0x0000000710b00000, 0x0000000710b00000, 0x0000000710c00000|  0%| F|  |TS  0|AC  0|TAMS 0x0000000710b00000, 0x0000000710b00000|
|  58|0x0000000710c00000, 0x0000000710c00000, 0x0000000710d00000|  0%| F|  |TS  0|AC  0|TAMS 0x0000000710c00000, 0x0000000710c00000|
|  59|0x0000000710d00000, 0x0000000710d00000, 0x0000000710e00000|  0%| F|  |TS  0|AC  0|TAMS 0x0000000710d00000, 0x0000000710d00000|
|  60|0x0000000710e00000, 0x0000000710e00000, 0x0000000710f00000|  0%| F|  |TS  0|AC  0|TAMS 0x0000000710e00000, 0x0000000710e00000|
|  61|0x0000000710f00000, 0x0000000710f00000, 0x0000000711000000|  0%| F|  |TS  0|AC  0|TAMS 0x0000000710f00000, 0x0000000710f00000|
|  62|0x0000000711000000, 0x0000000711000000, 0x0000000711100000|  0%| F|  |TS  0|AC  0|TAMS 0x0000000711000000, 0x0000000711000000|
|  63|0x0000000711100000, 0x0000000711100000, 0x0000000711200000|  0%| F|  |TS  0|AC  0|TAMS 0x0000000711100000, 0x0000000711100000|
|  64|0x0000000711200000, 0x0000000711200000, 0x0000000711300000|  0%| F|  |TS  0|AC  0|TAMS 0x0000000711200000, 0x0000000711200000|
|  65|0x0000000711300000, 0x0000000711300000, 0x0000000711400000|  0%| F|  |TS  0|AC  0|TAMS 0x0000000711300000, 0x0000000711300000|
|  66|0x0000000711400000, 0x0000000711400000, 0x0000000711500000|  0%| F|  |TS  0|AC  0|TAMS 0x0000000711400000, 0x0000000711400000|
|  67|0x0000000711500000, 0x0000000711500000, 0x0000000711600000|  0%| F|  |TS  0|AC  0|TAMS 0x0000000711500000, 0x0000000711500000|
|  68|0x0000000711600000, 0x0000000711600000, 0x0000000711700000|  0%| F|  |TS  0|AC  0|TAMS 0x0000000711600000, 0x0000000711600000|
|  69|0x0000000711700000, 0x0000000711700000, 0x0000000711800000|  0%| F|  |TS  0|AC  0|TAMS 0x0000000711700000, 0x0000000711700000|
|  70|0x0000000711800000, 0x0000000711800000, 0x0000000711900000|  0%| F|  |TS  0|AC  0|TAMS 0x0000000711800000, 0x0000000711800000|
|  71|0x0000000711900000, 0x0000000711900000, 0x0000000711a00000|  0%| F|  |TS  0|AC  0|TAMS 0x0000000711900000, 0x0000000711900000|
|  72|0x0000000711a00000, 0x0000000711a00000, 0x0000000711b00000|  0%| F|  |TS  0|AC  0|TAMS 0x0000000711a00000, 0x0000000711a00000|
|  73|0x0000000711b00000, 0x0000000711b00000, 0x0000000711c00000|  0%| F|  |TS  0|AC  0|TAMS 0x0000000711b00000, 0x0000000711b00000|
|  74|0x0000000711c00000, 0x0000000711c00000, 0x0000000711d00000|  0%| F|  |TS  0|AC  0|TAMS 0x0000000711c00000, 0x0000000711c00000|
|  75|0x0000000711d00000, 0x0000000711d00000, 0x0000000711e00000|  0%| F|  |TS  0|AC  0|TAMS 0x0000000711d00000, 0x0000000711d00000|
|  76|0x0000000711e00000, 0x0000000711e00000, 0x0000000711f00000|  0%| F|  |TS  0|AC  0|TAMS 0x0000000711e00000, 0x0000000711e00000|
|  77|0x0000000711f00000, 0x0000000711f00000, 0x0000000712000000|  0%| F|  |TS  0|AC  0|TAMS 0x0000000711f00000, 0x0000000711f00000|
|  78|0x0000000712000000, 0x0000000712000000, 0x0000000712100000|  0%| F|  |TS  0|AC  0|TAMS 0x0000000712000000, 0x0000000712000000|
|  79|0x0000000712100000, 0x0000000712100000, 0x0000000712200000|  0%| F|  |TS  0|AC  0|TAMS 0x0000000712100000, 0x0000000712100000|
|  80|0x0000000712200000, 0x0000000712200000, 0x0000000712300000|  0%| F|  |TS  0|AC  0|TAMS 0x0000000712200000, 0x0000000712200000|
|  81|0x0000000712300000, 0x0000000712300000, 0x0000000712400000|  0%| F|  |TS  0|AC  0|TAMS 0x0000000712300000, 0x0000000712300000|
|  82|0x0000000712400000, 0x0000000712400000, 0x0000000712500000|  0%| F|  |TS  0|AC  0|TAMS 0x0000000712400000, 0x0000000712400000|
|  83|0x0000000712500000, 0x0000000712500000, 0x0000000712600000|  0%| F|  |TS  0|AC  0|TAMS 0x0000000712500000, 0x0000000712500000|
|  84|0x0000000712600000, 0x0000000712600000, 0x0000000712700000|  0%| F|  |TS  0|AC  0|TAMS 0x0000000712600000, 0x0000000712600000|
|  85|0x0000000712700000, 0x0000000712700000, 0x0000000712800000|  0%| F|  |TS  0|AC  0|TAMS 0x0000000712700000, 0x0000000712700000|
|  86|0x0000000712800000, 0x0000000712800000, 0x0000000712900000|  0%| F|  |TS  0|AC  0|TAMS 0x0000000712800000, 0x0000000712800000|
|  87|0x0000000712900000, 0x0000000712900000, 0x0000000712a00000|  0%| F|  |TS  0|AC  0|TAMS 0x0000000712900000, 0x0000000712900000|
|  88|0x0000000712a00000, 0x0000000712a00000, 0x0000000712b00000|  0%| F|  |TS  0|AC  0|TAMS 0x0000000712a00000, 0x0000000712a00000|
|  89|0x0000000712b00000, 0x0000000712b00000, 0x0000000712c00000|  0%| F|  |TS  0|AC  0|TAMS 0x0000000712b00000, 0x0000000712b00000|
|  90|0x0000000712c00000, 0x0000000712c00000, 0x0000000712d00000|  0%| F|  |TS  0|AC  0|TAMS 0x0000000712c00000, 0x0000000712c00000|
|  91|0x0000000712d00000, 0x0000000712d00000, 0x0000000712e00000|  0%| F|  |TS  0|AC  0|TAMS 0x0000000712d00000, 0x0000000712d00000|
|  92|0x0000000712e00000, 0x0000000712e00000, 0x0000000712f00000|  0%| F|  |TS  0|AC  0|TAMS 0x0000000712e00000, 0x0000000712e00000|
|  93|0x0000000712f00000, 0x0000000712f00000, 0x0000000713000000|  0%| F|  |TS  0|AC  0|TAMS 0x0000000712f00000, 0x0000000712f00000|
|  94|0x0000000713000000, 0x0000000713000000, 0x0000000713100000|  0%| F|  |TS  0|AC  0|TAMS 0x0000000713000000, 0x0000000713000000|
|  95|0x0000000713100000, 0x0000000713100000, 0x0000000713200000|  0%| F|  |TS  0|AC  0|TAMS 0x0000000713100000, 0x0000000713100000|
|  96|0x0000000713200000, 0x0000000713200000, 0x0000000713300000|  0%| F|  |TS  0|AC  0|TAMS 0x0000000713200000, 0x0000000713200000|
|  97|0x0000000713300000, 0x0000000713300000, 0x0000000713400000|  0%| F|  |TS  0|AC  0|TAMS 0x0000000713300000, 0x0000000713300000|
|  98|0x0000000713400000, 0x0000000713400000, 0x0000000713500000|  0%| F|  |TS  0|AC  0|TAMS 0x0000000713400000, 0x0000000713400000|
|  99|0x0000000713500000, 0x0000000713500000, 0x0000000713600000|  0%| F|  |TS  0|AC  0|TAMS 0x0000000713500000, 0x0000000713500000|
| 100|0x0000000713600000, 0x0000000713600000, 0x0000000713700000|  0%| F|  |TS  0|AC  0|TAMS 0x0000000713600000, 0x0000000713600000|
| 101|0x0000000713700000, 0x0000000713700000, 0x0000000713800000|  0%| F|  |TS  0|AC  0|TAMS 0x0000000713700000, 0x0000000713700000|
| 102|0x0000000713800000, 0x0000000713800000, 0x0000000713900000|  0%| F|  |TS  0|AC  0|TAMS 0x0000000713800000, 0x0000000713800000|
| 103|0x0000000713900000, 0x0000000713900000, 0x0000000713a00000|  0%| F|  |TS  0|AC  0|TAMS 0x0000000713900000, 0x0000000713900000|
| 104|0x0000000713a00000, 0x0000000713a00000, 0x0000000713b00000|  0%| F|  |TS  0|AC  0|TAMS 0x0000000713a00000, 0x0000000713a00000|
| 105|0x0000000713b00000, 0x0000000713b00000, 0x0000000713c00000|  0%| F|  |TS  0|AC  0|TAMS 0x0000000713b00000, 0x0000000713b00000|
| 106|0x0000000713c00000, 0x0000000713c00000, 0x0000000713d00000|  0%| F|  |TS  0|AC  0|TAMS 0x0000000713c00000, 0x0000000713c00000|
| 107|0x0000000713d00000, 0x0000000713d00000, 0x0000000713e00000|  0%| F|  |TS  0|AC  0|TAMS 0x0000000713d00000, 0x0000000713d00000|
| 108|0x0000000713e00000, 0x0000000713e00000, 0x0000000713f00000|  0%| F|  |TS  0|AC  0|TAMS 0x0000000713e00000, 0x0000000713e00000|
| 109|0x0000000713f00000, 0x0000000713f00000, 0x0000000714000000|  0%| F|  |TS  0|AC  0|TAMS 0x0000000713f00000, 0x0000000713f00000|
| 110|0x0000000714000000, 0x0000000714000000, 0x0000000714100000|  0%| F|  |TS  0|AC  0|TAMS 0x0000000714000000, 0x0000000714000000|
| 111|0x0000000714100000, 0x0000000714100000, 0x0000000714200000|  0%| F|  |TS  0|AC  0|TAMS 0x0000000714100000, 0x0000000714100000|
| 112|0x0000000714200000, 0x0000000714200000, 0x0000000714300000|  0%| F|  |TS  0|AC  0|TAMS 0x0000000714200000, 0x0000000714200000|
| 113|0x0000000714300000, 0x0000000714300000, 0x0000000714400000|  0%| F|  |TS  0|AC  0|TAMS 0x0000000714300000, 0x0000000714300000|
| 114|0x0000000714400000, 0x0000000714400000, 0x0000000714500000|  0%| F|  |TS  0|AC  0|TAMS 0x0000000714400000, 0x0000000714400000|
| 115|0x0000000714500000, 0x0000000714500000, 0x0000000714600000|  0%| F|  |TS  0|AC  0|TAMS 0x0000000714500000, 0x0000000714500000|
| 116|0x0000000714600000, 0x0000000714600000, 0x0000000714700000|  0%| F|  |TS  0|AC  0|TAMS 0x0000000714600000, 0x0000000714600000|
| 117|0x0000000714700000, 0x0000000714700000, 0x0000000714800000|  0%| F|  |TS  0|AC  0|TAMS 0x0000000714700000, 0x0000000714700000|
| 118|0x0000000714800000, 0x0000000714800000, 0x0000000714900000|  0%| F|  |TS  0|AC  0|TAMS 0x0000000714800000, 0x0000000714800000|
| 119|0x0000000714900000, 0x0000000714900000, 0x0000000714a00000|  0%| F|  |TS  0|AC  0|TAMS 0x0000000714900000, 0x0000000714900000|
| 120|0x0000000714a00000, 0x0000000714a00000, 0x0000000714b00000|  0%| F|  |TS  0|AC  0|TAMS 0x0000000714a00000, 0x0000000714a00000|
| 121|0x0000000714b00000, 0x0000000714b00000, 0x0000000714c00000|  0%| F|  |TS  0|AC  0|TAMS 0x0000000714b00000, 0x0000000714b00000|
| 122|0x0000000714c00000, 0x0000000714c00000, 0x0000000714d00000|  0%| F|  |TS  0|AC  0|TAMS 0x0000000714c00000, 0x0000000714c00000|
| 123|0x0000000714d00000, 0x0000000714d00000, 0x0000000714e00000|  0%| F|  |TS  0|AC  0|TAMS 0x0000000714d00000, 0x0000000714d00000|
| 124|0x0000000714e00000, 0x0000000714e00000, 0x0000000714f00000|  0%| F|  |TS  0|AC  0|TAMS 0x0000000714e00000, 0x0000000714e00000|
| 125|0x0000000714f00000, 0x0000000714f00000, 0x0000000715000000|  0%| F|  |TS  0|AC  0|TAMS 0x0000000714f00000, 0x0000000714f00000|
| 126|0x0000000715000000, 0x0000000715000000, 0x0000000715100000|  0%| F|  |TS  0|AC  0|TAMS 0x0000000715000000, 0x0000000715000000|
| 127|0x0000000715100000, 0x0000000715100000, 0x0000000715200000|  0%| F|  |TS  0|AC  0|TAMS 0x0000000715100000, 0x0000000715100000|
| 128|0x0000000715200000, 0x0000000715200000, 0x0000000715300000|  0%| F|  |TS  0|AC  0|TAMS 0x0000000715200000, 0x0000000715200000|
| 129|0x0000000715300000, 0x0000000715300000, 0x0000000715400000|  0%| F|  |TS  0|AC  0|TAMS 0x0000000715300000, 0x0000000715300000|
| 130|0x0000000715400000, 0x0000000715400000, 0x0000000715500000|  0%| F|  |TS  0|AC  0|TAMS 0x0000000715400000, 0x0000000715400000|
| 131|0x0000000715500000, 0x0000000715500000, 0x0000000715600000|  0%| F|  |TS  0|AC  0|TAMS 0x0000000715500000, 0x0000000715500000|
| 132|0x0000000715600000, 0x0000000715600000, 0x0000000715700000|  0%| F|  |TS  0|AC  0|TAMS 0x0000000715600000, 0x0000000715600000|
| 133|0x0000000715700000, 0x0000000715700000, 0x0000000715800000|  0%| F|  |TS  0|AC  0|TAMS 0x0000000715700000, 0x0000000715700000|
| 134|0x0000000715800000, 0x0000000715800000, 0x0000000715900000|  0%| F|  |TS  0|AC  0|TAMS 0x0000000715800000, 0x0000000715800000|
| 135|0x0000000715900000, 0x0000000715900000, 0x0000000715a00000|  0%| F|  |TS  0|AC  0|TAMS 0x0000000715900000, 0x0000000715900000|
| 136|0x0000000715a00000, 0x0000000715a00000, 0x0000000715b00000|  0%| F|  |TS  0|AC  0|TAMS 0x0000000715a00000, 0x0000000715a00000|
| 137|0x0000000715b00000, 0x0000000715b00000, 0x0000000715c00000|  0%| F|  |TS  0|AC  0|TAMS 0x0000000715b00000, 0x0000000715b00000|
| 138|0x0000000715c00000, 0x0000000715c00000, 0x0000000715d00000|  0%| F|  |TS  0|AC  0|TAMS 0x0000000715c00000, 0x0000000715c00000|
| 139|0x0000000715d00000, 0x0000000715d00000, 0x0000000715e00000|  0%| F|  |TS  0|AC  0|TAMS 0x0000000715d00000, 0x0000000715d00000|
| 140|0x0000000715e00000, 0x0000000715e00000, 0x0000000715f00000|  0%| F|  |TS  0|AC  0|TAMS 0x0000000715e00000, 0x0000000715e00000|
| 141|0x0000000715f00000, 0x0000000715f00000, 0x0000000716000000|  0%| F|  |TS  0|AC  0|TAMS 0x0000000715f00000, 0x0000000715f00000|
| 142|0x0000000716000000, 0x0000000716000000, 0x0000000716100000|  0%| F|  |TS  0|AC  0|TAMS 0x0000000716000000, 0x0000000716000000|
| 143|0x0000000716100000, 0x0000000716100000, 0x0000000716200000|  0%| F|  |TS  0|AC  0|TAMS 0x0000000716100000, 0x0000000716100000|
| 144|0x0000000716200000, 0x0000000716200000, 0x0000000716300000|  0%| F|  |TS  0|AC  0|TAMS 0x0000000716200000, 0x0000000716200000|
| 145|0x0000000716300000, 0x0000000716300000, 0x0000000716400000|  0%| F|  |TS  0|AC  0|TAMS 0x0000000716300000, 0x0000000716300000|
| 146|0x0000000716400000, 0x0000000716400000, 0x0000000716500000|  0%| F|  |TS  0|AC  0|TAMS 0x0000000716400000, 0x0000000716400000|
| 147|0x0000000716500000, 0x0000000716500000, 0x0000000716600000|  0%| F|  |TS  0|AC  0|TAMS 0x0000000716500000, 0x0000000716500000|
| 148|0x0000000716600000, 0x0000000716600000, 0x0000000716700000|  0%| F|  |TS  0|AC  0|TAMS 0x0000000716600000, 0x0000000716600000|
| 149|0x0000000716700000, 0x0000000716700000, 0x0000000716800000|  0%| F|  |TS  0|AC  0|TAMS 0x0000000716700000, 0x0000000716700000|
| 150|0x0000000716800000, 0x0000000716800000, 0x0000000716900000|  0%| F|  |TS  0|AC  0|TAMS 0x0000000716800000, 0x0000000716800000|
| 151|0x0000000716900000, 0x0000000716900000, 0x0000000716a00000|  0%| F|  |TS  0|AC  0|TAMS 0x0000000716900000, 0x0000000716900000|
| 152|0x0000000716a00000, 0x0000000716a00000, 0x0000000716b00000|  0%| F|  |TS  0|AC  0|TAMS 0x0000000716a00000, 0x0000000716a00000|
| 153|0x0000000716b00000, 0x0000000716b00000, 0x0000000716c00000|  0%| F|  |TS  0|AC  0|TAMS 0x0000000716b00000, 0x0000000716b00000|
| 154|0x0000000716c00000, 0x0000000716c00000, 0x0000000716d00000|  0%| F|  |TS  0|AC  0|TAMS 0x0000000716c00000, 0x0000000716c00000|
| 155|0x0000000716d00000, 0x0000000716d00000, 0x0000000716e00000|  0%| F|  |TS  0|AC  0|TAMS 0x0000000716d00000, 0x0000000716d00000|
| 156|0x0000000716e00000, 0x0000000716e00000, 0x0000000716f00000|  0%| F|  |TS  0|AC  0|TAMS 0x0000000716e00000, 0x0000000716e00000|
| 157|0x0000000716f00000, 0x0000000716f00000, 0x0000000717000000|  0%| F|  |TS  0|AC  0|TAMS 0x0000000716f00000, 0x0000000716f00000|
| 158|0x0000000717000000, 0x0000000717000000, 0x0000000717100000|  0%| F|  |TS  0|AC  0|TAMS 0x0000000717000000, 0x0000000717000000|
| 159|0x0000000717100000, 0x0000000717100000, 0x0000000717200000|  0%| F|  |TS  0|AC  0|TAMS 0x0000000717100000, 0x0000000717100000|
| 160|0x0000000717200000, 0x0000000717200000, 0x0000000717300000|  0%| F|  |TS  0|AC  0|TAMS 0x0000000717200000, 0x0000000717200000|
| 161|0x0000000717300000, 0x0000000717300000, 0x0000000717400000|  0%| F|  |TS  0|AC  0|TAMS 0x0000000717300000, 0x0000000717300000|
| 162|0x0000000717400000, 0x0000000717400000, 0x0000000717500000|  0%| F|  |TS  0|AC  0|TAMS 0x0000000717400000, 0x0000000717400000|
| 163|0x0000000717500000, 0x0000000717500000, 0x0000000717600000|  0%| F|  |TS  0|AC  0|TAMS 0x0000000717500000, 0x0000000717500000|
| 164|0x0000000717600000, 0x0000000717600000, 0x0000000717700000|  0%| F|  |TS  0|AC  0|TAMS 0x0000000717600000, 0x0000000717600000|
| 165|0x0000000717700000, 0x0000000717700000, 0x0000000717800000|  0%| F|  |TS  0|AC  0|TAMS 0x0000000717700000, 0x0000000717700000|
| 166|0x0000000717800000, 0x0000000717800000, 0x0000000717900000|  0%| F|  |TS  0|AC  0|TAMS 0x0000000717800000, 0x0000000717800000|
| 167|0x0000000717900000, 0x0000000717900000, 0x0000000717a00000|  0%| F|  |TS  0|AC  0|TAMS 0x0000000717900000, 0x0000000717900000|
| 168|0x0000000717a00000, 0x0000000717a00000, 0x0000000717b00000|  0%| F|  |TS  0|AC  0|TAMS 0x0000000717a00000, 0x0000000717a00000|
| 169|0x0000000717b00000, 0x0000000717b00000, 0x0000000717c00000|  0%| F|  |TS  0|AC  0|TAMS 0x0000000717b00000, 0x0000000717b00000|
| 170|0x0000000717c00000, 0x0000000717c9a908, 0x0000000717d00000| 60%| E|  |TS  0|AC  0|TAMS 0x0000000717c00000, 0x0000000717c00000|
| 171|0x0000000717d00000, 0x0000000717e00000, 0x0000000717e00000|100%| E|CS|TS  0|AC  0|TAMS 0x0000000717d00000, 0x0000000717d00000|
| 172|0x0000000717e00000, 0x0000000717f00000, 0x0000000717f00000|100%| E|CS|TS  0|AC  0|TAMS 0x0000000717e00000, 0x0000000717e00000|
| 173|0x0000000717f00000, 0x0000000718000000, 0x0000000718000000|100%| E|CS|TS  0|AC  0|TAMS 0x0000000717f00000, 0x0000000717f00000|
| 174|0x0000000718000000, 0x0000000718100000, 0x0000000718100000|100%| E|CS|TS  0|AC  0|TAMS 0x0000000718000000, 0x0000000718000000|
| 175|0x0000000718100000, 0x0000000718200000, 0x0000000718200000|100%| E|CS|TS  0|AC  0|TAMS 0x0000000718100000, 0x0000000718100000|
| 176|0x0000000718200000, 0x0000000718300000, 0x0000000718300000|100%| E|CS|TS  0|AC  0|TAMS 0x0000000718200000, 0x0000000718200000|
| 177|0x0000000718300000, 0x0000000718400000, 0x0000000718400000|100%| E|CS|TS  0|AC  0|TAMS 0x0000000718300000, 0x0000000718300000|
| 178|0x0000000718400000, 0x0000000718500000, 0x0000000718500000|100%| E|CS|TS  0|AC  0|TAMS 0x0000000718400000, 0x0000000718400000|
| 179|0x0000000718500000, 0x0000000718600000, 0x0000000718600000|100%| E|CS|TS  0|AC  0|TAMS 0x0000000718500000, 0x0000000718500000|

Card table byte_map: [0x00007f306ca7e000,0x00007f306d015000] byte_map_base: 0x00007f3069215000

Marking Bits (Prev, Next): (CMBitMap*) 0x00007f308806cb70, (CMBitMap*) 0x00007f308806cba8
 Prev Bits: [0x00007f3045348000, 0x00007f3048000000)
 Next Bits: [0x00007f3042690000, 0x00007f3045348000)

Polling page: 0x00007f3090931000

CodeHeap 'non-profiled nmethods': size=120032Kb used=142Kb max_used=142Kb free=119889Kb
 bounds [0x00007f307560b000, 0x00007f307587b000, 0x00007f307cb43000]
CodeHeap 'profiled nmethods': size=120032Kb used=830Kb max_used=830Kb free=119201Kb
 bounds [0x00007f306e0d3000, 0x00007f306e343000, 0x00007f307560b000]
CodeHeap 'non-nmethods': size=5696Kb used=1440Kb max_used=1452Kb free=4255Kb
 bounds [0x00007f306db43000, 0x00007f306ddb3000, 0x00007f306e0d3000]
 total_blobs=1417 nmethods=535 adapters=682
 compilation: enabled

Compilation events (10 events):
Event: 0.545 Thread 0x00007f30881ce800  534       3       java.util.concurrent.ConcurrentHashMap$ValueIterator::next (34 bytes)
Event: 0.545 Thread 0x00007f30881ce800 nmethod 534 0x00007f306e1a0f10 code [0x00007f306e1a10e0, 0x00007f306e1a1418]
Event: 0.545 Thread 0x00007f30881ce800  535       3       jdk.internal.loader.BuiltinClassLoader::access$200 (6 bytes)
Event: 0.545 Thread 0x00007f30881ce800 nmethod 535 0x00007f306e1a1510 code [0x00007f306e1a1700, 0x00007f306e1a1ba8]
Event: 0.545 Thread 0x00007f30881ce800  530       1       java.util.Formatter$Flags::valueOf (5 bytes)
Event: 0.546 Thread 0x00007f30881ce800 nmethod 530 0x00007f307562e890 code [0x00007f307562ea40, 0x00007f307562eb50]
Event: 0.546 Thread 0x00007f30881ce800  528       3       java.util.zip.CRC32::update (51 bytes)
Event: 0.546 Thread 0x00007f30881ce800 nmethod 528 0x00007f306e1a1d10 code [0x00007f306e1a1f00, 0x00007f306e1a2368]
Event: 0.546 Thread 0x00007f30881ce800  529       3       java.util.zip.CRC32::updateBytes (14 bytes)
Event: 0.546 Thread 0x00007f30881ce800 nmethod 529 0x00007f306e1a2510 code [0x00007f306e1a26c0, 0x00007f306e1a2868]

GC Heap History (0 events):
No events

Deoptimization events (3 events):
Event: 0.177 Thread 0x00007f3088014800 Uncommon trap: reason=range_check action=reinterpret pc=0x00007f307560e6d0 method=java.lang.StringLatin1.indexOf([BII)I @ 13 c2
Event: 0.264 Thread 0x00007f3088413800 Uncommon trap: reason=unstable_if action=reinterpret pc=0x00007f307560f36c method=java.net.URI.match(CJJ)Z @ 19 c2
Event: 0.266 Thread 0x00007f3088413800 Uncommon trap: reason=unstable_if action=reinterpret pc=0x00007f307560e29c method=java.lang.String.charAt(I)C @ 4 c2

Classes redefined (0 events):
No events

Internal exceptions (9 events):
Event: 0.289 Thread 0x00007f3088014800 Exception <a 'java/lang/NoSuchMethodError'{0x00000007181c9b28}: java.lang.Object.lambda$static$0(Ljava/lang/String;)Ljava/lang/Boolean;> (0x00000007181c9b28) thrown at [/scratch/opt/mach5/mesos/work_dir/slaves/5af44a71-976a-41b7-81de-5773b84ec572-S39643/f
Event: 0.315 Thread 0x00007f3088014800 Exception <a 'java/lang/NoSuchMethodError'{0x00000007180a55f0}: java.lang.Object.lambda$union$2(Ljava/util/regex/Pattern$CharPredicate;I)Z> (0x00000007180a55f0) thrown at [/scratch/opt/mach5/mesos/work_dir/slaves/5af44a71-976a-41b7-81de-5773b84ec572-S3964
Event: 0.319 Thread 0x00007f3088014800 Exception <a 'java/lang/NoSuchMethodError'{0x00000007180c0c00}: java.lang.invoke.DirectMethodHandle$Holder.invokeStatic(Ljava/lang/Object;Ljava/lang/Object;)I> (0x00000007180c0c00) thrown at [/scratch/opt/mach5/mesos/work_dir/slaves/5af44a71-976a-41b7-81d
Event: 0.322 Thread 0x00007f3088014800 Exception <a 'java/lang/NoSuchMethodError'{0x00000007180d1050}: method resolution failed> (0x00000007180d1050) thrown at [/scratch/opt/mach5/mesos/work_dir/slaves/5af44a71-976a-41b7-81de-5773b84ec572-S39643/frameworks/1735e8a2-a1db-478c-8104-60c8b0af87dd-
Event: 0.322 Thread 0x00007f3088014800 Exception <a 'java/lang/NoSuchMethodError'{0x00000007180d4d08}: method resolution failed> (0x00000007180d4d08) thrown at [/scratch/opt/mach5/mesos/work_dir/slaves/5af44a71-976a-41b7-81de-5773b84ec572-S39643/frameworks/1735e8a2-a1db-478c-8104-60c8b0af87dd-
Event: 0.323 Thread 0x00007f3088014800 Exception <a 'java/lang/NoSuchMethodError'{0x00000007180d8208}: java.lang.invoke.DelegatingMethodHandle$Holder.delegate(Ljava/lang/Object;Ljava/lang/Object;ILjava/lang/Object;)V> (0x00000007180d8208) thrown at [/scratch/opt/mach5/mesos/work_dir/slaves/5af
Event: 0.323 Thread 0x00007f3088014800 Exception <a 'java/lang/NoSuchMethodError'{0x00000007180dbdb0}: java.lang.invoke.DirectMethodHandle$Holder.invokeSpecial(Ljava/lang/Object;Ljava/lang/Object;Ljava/lang/Object;)I> (0x00000007180dbdb0) thrown at [/scratch/opt/mach5/mesos/work_dir/slaves/5af
Event: 0.325 Thread 0x00007f3088014800 Exception <a 'java/lang/NoSuchMethodError'{0x00000007180e2e10}: java.lang.invoke.DirectMethodHandle$Holder.invokeStaticInit(Ljava/lang/Object;Ljava/lang/Object;Ljava/lang/Object;)Ljava/lang/Object;> (0x00000007180e2e10) thrown at [/scratch/opt/mach5/mesos
Event: 0.544 Thread 0x00007f3088014800 Exception <a 'sun/nio/fs/UnixException'{0x0000000717c52ec8}> (0x0000000717c52ec8) thrown at [/scratch/opt/mach5/mesos/work_dir/slaves/5af44a71-976a-41b7-81de-5773b84ec572-S39643/frameworks/1735e8a2-a1db-478c-8104-60c8b0af87dd-0196/executors/a3f74ad9-294f-

Events (10 events):
Event: 0.544 loading class java/nio/file/NoSuchFileException
Event: 0.544 loading class java/nio/file/FileSystemException
Event: 0.544 loading class java/nio/file/FileSystemException done
Event: 0.544 loading class java/nio/file/NoSuchFileException done
Event: 0.545 loading class org/lwjgl/opengl/GL$2
Event: 0.545 loading class org/lwjgl/opengl/GL$2 done
Event: 0.545 loading class org/lwjgl/opengl/GL$SharedLibraryGL
Event: 0.545 loading class org/lwjgl/opengl/GL$SharedLibraryGL done
Event: 0.546 loading class org/lwjgl/system/SharedLibrary$Delegate
Event: 0.546 loading class org/lwjgl/system/SharedLibrary$Delegate done


Dynamic libraries:
00400000-00401000 r-xp 00000000 00:31 2364271                            /home/mihai/Programs/jdk-9.0.4/bin/java
00600000-00601000 rw-p 00000000 00:31 2364271                            /home/mihai/Programs/jdk-9.0.4/bin/java
00fac000-00fcd000 rw-p 00000000 00:00 0                                  [heap]
70d200000-718600000 rw-p 00000000 00:00 0 
718600000-7c0000000 ---p 00000000 00:00 0 
7c0000000-7c00e0000 rw-p 00000000 00:00 0 
7c00e0000-800000000 ---p 00000000 00:00 0 
7f2fffb95000-7f2fffd94000 rw-p 00000000 00:00 0 
7f2fffd94000-7f2fffdff000 r-xp 00000000 08:05 3159716                    /tmp/lwjglmihai/3.1.5-build-1/liblwjgl_opengl.so
7f2fffdff000-7f2fffffe000 ---p 0006b000 08:05 3159716                    /tmp/lwjglmihai/3.1.5-build-1/liblwjgl_opengl.so
7f2fffffe000-7f2ffffff000 r--p 0006a000 08:05 3159716                    /tmp/lwjglmihai/3.1.5-build-1/liblwjgl_opengl.so
7f2ffffff000-7f3000000000 rw-p 0006b000 08:05 3159716                    /tmp/lwjglmihai/3.1.5-build-1/liblwjgl_opengl.so
7f3000000000-7f3000021000 rw-p 00000000 00:00 0 
7f3000021000-7f3004000000 ---p 00000000 00:00 0 
7f30040e1000-7f3005492000 rw-p 00000000 00:00 0 
7f3005492000-7f30054c9000 r-xp 00000000 08:05 2500754                    /usr/lib/x86_64-linux-gnu/libtxc_dxtn_s2tc.so.0.0.0
7f30054c9000-7f30056c8000 ---p 00037000 08:05 2500754                    /usr/lib/x86_64-linux-gnu/libtxc_dxtn_s2tc.so.0.0.0
7f30056c8000-7f30056c9000 r--p 00036000 08:05 2500754                    /usr/lib/x86_64-linux-gnu/libtxc_dxtn_s2tc.so.0.0.0
7f30056c9000-7f30056ca000 rw-p 00037000 08:05 2500754                    /usr/lib/x86_64-linux-gnu/libtxc_dxtn_s2tc.so.0.0.0
7f30056ca000-7f30056d2000 r-xp 00000000 08:05 2500510                    /usr/lib/x86_64-linux-gnu/libpciaccess.so.0.11.1
7f30056d2000-7f30058d2000 ---p 00008000 08:05 2500510                    /usr/lib/x86_64-linux-gnu/libpciaccess.so.0.11.1
7f30058d2000-7f30058d3000 r--p 00008000 08:05 2500510                    /usr/lib/x86_64-linux-gnu/libpciaccess.so.0.11.1
7f30058d3000-7f30058d4000 rw-p 00009000 08:05 2500510                    /usr/lib/x86_64-linux-gnu/libpciaccess.so.0.11.1
7f30058d4000-7f30058ea000 r-xp 00000000 08:05 1577579                    /lib/x86_64-linux-gnu/libgcc_s.so.1
7f30058ea000-7f3005ae9000 ---p 00016000 08:05 1577579                    /lib/x86_64-linux-gnu/libgcc_s.so.1
7f3005ae9000-7f3005aea000 rw-p 00015000 08:05 1577579                    /lib/x86_64-linux-gnu/libgcc_s.so.1
7f3005aea000-7f3005c5c000 r-xp 00000000 08:05 2491992                    /usr/lib/x86_64-linux-gnu/libstdc++.so.6.0.21
7f3005c5c000-7f3005e5c000 ---p 00172000 08:05 2491992                    /usr/lib/x86_64-linux-gnu/libstdc++.so.6.0.21
7f3005e5c000-7f3005e66000 r--p 00172000 08:05 2491992                    /usr/lib/x86_64-linux-gnu/libstdc++.so.6.0.21
7f3005e66000-7f3005e68000 rw-p 0017c000 08:05 2491992                    /usr/lib/x86_64-linux-gnu/libstdc++.so.6.0.21
7f3005e68000-7f3005e6c000 rw-p 00000000 00:00 0 
7f3005e6c000-7f3005e77000 r-xp 00000000 08:05 2495909                    /usr/lib/x86_64-linux-gnu/libdrm_radeon.so.1.0.1
7f3005e77000-7f3006076000 ---p 0000b000 08:05 2495909                    /usr/lib/x86_64-linux-gnu/libdrm_radeon.so.1.0.1
7f3006076000-7f3006077000 r--p 0000a000 08:05 2495909                    /usr/lib/x86_64-linux-gnu/libdrm_radeon.so.1.0.1
7f3006077000-7f3006078000 rw-p 0000b000 08:05 2495909                    /usr/lib/x86_64-linux-gnu/libdrm_radeon.so.1.0.1
7f3006078000-7f300607f000 r-xp 00000000 08:05 2495913                    /usr/lib/x86_64-linux-gnu/libdrm_nouveau.so.2.0.0
7f300607f000-7f300627e000 ---p 00007000 08:05 2495913                    /usr/lib/x86_64-linux-gnu/libdrm_nouveau.so.2.0.0
7f300627e000-7f300627f000 r--p 00006000 08:05 2495913                    /usr/lib/x86_64-linux-gnu/libdrm_nouveau.so.2.0.0
7f300627f000-7f3006280000 rw-p 00007000 08:05 2495913                    /usr/lib/x86_64-linux-gnu/libdrm_nouveau.so.2.0.0
7f3006280000-7f30062a2000 r-xp 00000000 08:05 2495905                    /usr/lib/x86_64-linux-gnu/libdrm_intel.so.1.0.0
7f30062a2000-7f30064a2000 ---p 00022000 08:05 2495905                    /usr/lib/x86_64-linux-gnu/libdrm_intel.so.1.0.0
7f30064a2000-7f30064a3000 r--p 00022000 08:05 2495905                    /usr/lib/x86_64-linux-gnu/libdrm_intel.so.1.0.0
7f30064a3000-7f30064a4000 rw-p 00023000 08:05 2495905                    /usr/lib/x86_64-linux-gnu/libdrm_intel.so.1.0.0
7f30064a4000-7f3006cd2000 r-xp 00000000 08:05 2753571                    /usr/lib/x86_64-linux-gnu/dri/i965_dri.so
7f3006cd2000-7f3006ed1000 ---p 0082e000 08:05 2753571                    /usr/lib/x86_64-linux-gnu/dri/i965_dri.so
7f3006ed1000-7f3006f21000 r--p 0082d000 08:05 2753571                    /usr/lib/x86_64-linux-gnu/dri/i965_dri.so
7f3006f21000-7f3006f2a000 rw-p 0087d000 08:05 2753571                    /usr/lib/x86_64-linux-gnu/dri/i965_dri.so
7f3006f2a000-7f3006f91000 rw-p 00000000 00:00 0 
7f3006f91000-7f3006fa1000 r-xp 00000000 08:05 2495919                    /usr/lib/x86_64-linux-gnu/libdrm.so.2.4.0
7f3006fa1000-7f30071a0000 ---p 00010000 08:05 2495919                    /usr/lib/x86_64-linux-gnu/libdrm.so.2.4.0
7f30071a0000-7f30071a1000 r--p 0000f000 08:05 2495919                    /usr/lib/x86_64-linux-gnu/libdrm.so.2.4.0
7f30071a1000-7f30071a2000 rw-p 00010000 08:05 2495919                    /usr/lib/x86_64-linux-gnu/libdrm.so.2.4.0
7f30071a2000-7f30071a6000 r-xp 00000000 08:05 2500921                    /usr/lib/x86_64-linux-gnu/libxcb-dri2.so.0.0.0
7f30071a6000-7f30073a5000 ---p 00004000 08:05 2500921                    /usr/lib/x86_64-linux-gnu/libxcb-dri2.so.0.0.0
7f30073a5000-7f30073a6000 r--p 00003000 08:05 2500921                    /usr/lib/x86_64-linux-gnu/libxcb-dri2.so.0.0.0
7f30073a6000-7f30073a7000 rw-p 00004000 08:05 2500921                    /usr/lib/x86_64-linux-gnu/libxcb-dri2.so.0.0.0
7f30073a7000-7f30073be000 r-xp 00000000 08:05 2500925                    /usr/lib/x86_64-linux-gnu/libxcb-glx.so.0.0.0
7f30073be000-7f30075bd000 ---p 00017000 08:05 2500925                    /usr/lib/x86_64-linux-gnu/libxcb-glx.so.0.0.0
7f30075bd000-7f30075bf000 r--p 00016000 08:05 2500925                    /usr/lib/x86_64-linux-gnu/libxcb-glx.so.0.0.0
7f30075bf000-7f30075c0000 rw-p 00018000 08:05 2500925                    /usr/lib/x86_64-linux-gnu/libxcb-glx.so.0.0.0
7f30075c0000-7f30075c2000 r-xp 00000000 08:05 2499544                    /usr/lib/x86_64-linux-gnu/libXdamage.so.1.1.0
7f30075c2000-7f30077c1000 ---p 00002000 08:05 2499544                    /usr/lib/x86_64-linux-gnu/libXdamage.so.1.1.0
7f30077c1000-7f30077c2000 r--p 00001000 08:05 2499544                    /usr/lib/x86_64-linux-gnu/libXdamage.so.1.1.0
7f30077c2000-7f30077c3000 rw-p 00002000 08:05 2499544                    /usr/lib/x86_64-linux-gnu/libXdamage.so.1.1.0
7f30077c3000-7f30077ee000 r-xp 00000000 08:05 2491028                    /usr/lib/x86_64-linux-gnu/libglapi.so.0.0.0
7f30077ee000-7f30079ed000 ---p 0002b000 08:05 2491028                    /usr/lib/x86_64-linux-gnu/libglapi.so.0.0.0
7f30079ed000-7f30079f1000 r--p 0002a000 08:05 2491028                    /usr/lib/x86_64-linux-gnu/libglapi.so.0.0.0
7f30079f1000-7f30079f2000 rw-p 0002e000 08:05 2491028                    /usr/lib/x86_64-linux-gnu/libglapi.so.0.0.0
7f30079f2000-7f30079f3000 rw-p 00000000 00:00 0 
7f30079f3000-7f30079f4000 r-xp 00000000 08:05 2500965                    /usr/lib/x86_64-linux-gnu/libxshmfence.so.1.0.0
7f30079f4000-7f3007bf4000 ---p 00001000 08:05 2500965                    /usr/lib/x86_64-linux-gnu/libxshmfence.so.1.0.0
7f3007bf4000-7f3007bf5000 r--p 00001000 08:05 2500965                    /usr/lib/x86_64-linux-gnu/libxshmfence.so.1.0.0
7f3007bf5000-7f3007bf6000 rw-p 00002000 08:05 2500965                    /usr/lib/x86_64-linux-gnu/libxshmfence.so.1.0.0
7f3007bf6000-7f3007bfb000 r-xp 00000000 08:05 2500945                    /usr/lib/x86_64-linux-gnu/libxcb-sync.so.1.0.0
7f3007bfb000-7f3007dfb000 ---p 00005000 08:05 2500945                    /usr/lib/x86_64-linux-gnu/libxcb-sync.so.1.0.0
7f3007dfb000-7f3007dfc000 r--p 00005000 08:05 2500945                    /usr/lib/x86_64-linux-gnu/libxcb-sync.so.1.0.0
7f3007dfc000-7f3007dfd000 rw-p 00006000 08:05 2500945                    /usr/lib/x86_64-linux-gnu/libxcb-sync.so.1.0.0
7f3007dfd000-7f3007dff000 r-xp 00000000 08:05 2500933                    /usr/lib/x86_64-linux-gnu/libxcb-present.so.0.0.0
7f3007dff000-7f3007ffe000 ---p 00002000 08:05 2500933                    /usr/lib/x86_64-linux-gnu/libxcb-present.so.0.0.0
7f3007ffe000-7f3007fff000 r--p 00001000 08:05 2500933                    /usr/lib/x86_64-linux-gnu/libxcb-present.so.0.0.0
7f3007fff000-7f3008000000 rw-p 00002000 08:05 2500933                    /usr/lib/x86_64-linux-gnu/libxcb-present.so.0.0.0
7f3008000000-7f3008021000 rw-p 00000000 00:00 0 
7f3008021000-7f300c000000 ---p 00000000 00:00 0 
7f300c000000-7f300c021000 rw-p 00000000 00:00 0 
7f300c021000-7f3010000000 ---p 00000000 00:00 0 
7f3010000000-7f3010021000 rw-p 00000000 00:00 0 
7f3010021000-7f3014000000 ---p 00000000 00:00 0 
7f3014000000-7f3014021000 rw-p 00000000 00:00 0 
7f3014021000-7f3018000000 ---p 00000000 00:00 0 
7f3018000000-7f30180b4000 rw-p 00000000 00:00 0 
7f30180b4000-7f301c000000 ---p 00000000 00:00 0 
7f301c000000-7f301c110000 rw-p 00000000 00:00 0 
7f301c110000-7f3020000000 ---p 00000000 00:00 0 
7f3020000000-7f3020021000 rw-p 00000000 00:00 0 
7f3020021000-7f3024000000 ---p 00000000 00:00 0 
7f3024000000-7f30240fe000 rw-p 00000000 00:00 0 
7f30240fe000-7f3028000000 ---p 00000000 00:00 0 
7f3028000000-7f3028021000 rw-p 00000000 00:00 0 
7f3028021000-7f302c000000 ---p 00000000 00:00 0 
7f302c000000-7f302c021000 rw-p 00000000 00:00 0 
7f302c021000-7f3030000000 ---p 00000000 00:00 0 
7f3030000000-7f3030021000 rw-p 00000000 00:00 0 
7f3030021000-7f3034000000 ---p 00000000 00:00 0 
7f3034000000-7f3034021000 rw-p 00000000 00:00 0 
7f3034021000-7f3038000000 ---p 00000000 00:00 0 
7f30380cd000-7f30381fc000 rw-p 00000000 00:00 0 
7f30381fc000-7f30381fe000 r-xp 00000000 08:05 2500923                    /usr/lib/x86_64-linux-gnu/libxcb-dri3.so.0.0.0
7f30381fe000-7f30383fd000 ---p 00002000 08:05 2500923                    /usr/lib/x86_64-linux-gnu/libxcb-dri3.so.0.0.0
7f30383fd000-7f30383fe000 r--p 00001000 08:05 2500923                    /usr/lib/x86_64-linux-gnu/libxcb-dri3.so.0.0.0
7f30383fe000-7f30383ff000 rw-p 00002000 08:05 2500923                    /usr/lib/x86_64-linux-gnu/libxcb-dri3.so.0.0.0
7f30383ff000-7f3038425000 r-xp 00000000 08:05 1577572                    /lib/x86_64-linux-gnu/libexpat.so.1.6.0
7f3038425000-7f3038625000 ---p 00026000 08:05 1577572                    /lib/x86_64-linux-gnu/libexpat.so.1.6.0
7f3038625000-7f3038627000 r--p 00026000 08:05 1577572                    /lib/x86_64-linux-gnu/libexpat.so.1.6.0
7f3038627000-7f3038628000 rw-p 00028000 08:05 1577572                    /lib/x86_64-linux-gnu/libexpat.so.1.6.0
7f3038628000-7f3038696000 r-xp 00000000 08:05 2754332                    /usr/lib/x86_64-linux-gnu/mesa/libGL.so.1.2.0
7f3038696000-7f3038896000 ---p 0006e000 08:05 2754332                    /usr/lib/x86_64-linux-gnu/mesa/libGL.so.1.2.0
7f3038896000-7f3038899000 r--p 0006e000 08:05 2754332                    /usr/lib/x86_64-linux-gnu/mesa/libGL.so.1.2.0
7f3038899000-7f303889a000 rw-p 00071000 08:05 2754332                    /usr/lib/x86_64-linux-gnu/mesa/libGL.so.1.2.0
7f303889a000-7f303889b000 rw-p 00000000 00:00 0 
7f303889b000-7f303889c000 r-xp 00000000 08:05 2499529                    /usr/lib/x86_64-linux-gnu/libX11-xcb.so.1.0.0
7f303889c000-7f3038a9b000 ---p 00001000 08:05 2499529                    /usr/lib/x86_64-linux-gnu/libX11-xcb.so.1.0.0
7f3038a9b000-7f3038a9c000 r--p 00000000 08:05 2499529                    /usr/lib/x86_64-linux-gnu/libX11-xcb.so.1.0.0
7f3038a9c000-7f3038a9d000 rw-p 00001000 08:05 2499529                    /usr/lib/x86_64-linux-gnu/libX11-xcb.so.1.0.0
7f3038a9d000-7f3038a9f000 r-xp 00000000 08:05 2499560                    /usr/lib/x86_64-linux-gnu/libXinerama.so.1.0.0
7f3038a9f000-7f3038c9e000 ---p 00002000 08:05 2499560                    /usr/lib/x86_64-linux-gnu/libXinerama.so.1.0.0
7f3038c9e000-7f3038c9f000 r--p 00001000 08:05 2499560                    /usr/lib/x86_64-linux-gnu/libXinerama.so.1.0.0
7f3038c9f000-7f3038ca0000 rw-p 00002000 08:05 2499560                    /usr/lib/x86_64-linux-gnu/libXinerama.so.1.0.0
7f3038ca0000-7f3038ca5000 r-xp 00000000 08:05 2499550                    /usr/lib/x86_64-linux-gnu/libXfixes.so.3.1.0
7f3038ca5000-7f3038ea4000 ---p 00005000 08:05 2499550                    /usr/lib/x86_64-linux-gnu/libXfixes.so.3.1.0
7f3038ea4000-7f3038ea5000 r--p 00004000 08:05 2499550                    /usr/lib/x86_64-linux-gnu/libXfixes.so.3.1.0
7f3038ea5000-7f3038ea6000 rw-p 00005000 08:05 2499550                    /usr/lib/x86_64-linux-gnu/libXfixes.so.3.1.0
7f3038ea6000-7f3038eaf000 r-xp 00000000 08:05 2498445                    /usr/lib/x86_64-linux-gnu/libXcursor.so.1.0.2
7f3038eaf000-7f30390ae000 ---p 00009000 08:05 2498445                    /usr/lib/x86_64-linux-gnu/libXcursor.so.1.0.2
7f30390ae000-7f30390af000 r--p 00008000 08:05 2498445                    /usr/lib/x86_64-linux-gnu/libXcursor.so.1.0.2
7f30390af000-7f30390b0000 rw-p 00009000 08:05 2498445                    /usr/lib/x86_64-linux-gnu/libXcursor.so.1.0.2
7f30390b0000-7f30390b9000 r-xp 00000000 08:05 2499570                    /usr/lib/x86_64-linux-gnu/libXrender.so.1.3.0
7f30390b9000-7f30392b8000 ---p 00009000 08:05 2499570                    /usr/lib/x86_64-linux-gnu/libXrender.so.1.3.0
7f30392b8000-7f30392b9000 r--p 00008000 08:05 2499570                    /usr/lib/x86_64-linux-gnu/libXrender.so.1.3.0
7f30392b9000-7f30392ba000 rw-p 00009000 08:05 2499570                    /usr/lib/x86_64-linux-gnu/libXrender.so.1.3.0
7f30392ba000-7f30392c4000 r-xp 00000000 08:05 2499568                    /usr/lib/x86_64-linux-gnu/libXrandr.so.2.2.0
7f30392c4000-7f30394c3000 ---p 0000a000 08:05 2499568                    /usr/lib/x86_64-linux-gnu/libXrandr.so.2.2.0
7f30394c3000-7f30394c4000 r--p 00009000 08:05 2499568                    /usr/lib/x86_64-linux-gnu/libXrandr.so.2.2.0
7f30394c4000-7f30394c5000 rw-p 0000a000 08:05 2499568                    /usr/lib/x86_64-linux-gnu/libXrandr.so.2.2.0
7f30394c5000-7f30394d4000 r-xp 00000000 08:05 2499558                    /usr/lib/x86_64-linux-gnu/libXi.so.6.1.0
7f30394d4000-7f30396d3000 ---p 0000f000 08:05 2499558                    /usr/lib/x86_64-linux-gnu/libXi.so.6.1.0
7f30396d3000-7f30396d4000 r--p 0000e000 08:05 2499558                    /usr/lib/x86_64-linux-gnu/libXi.so.6.1.0
7f30396d4000-7f30396d5000 rw-p 0000f000 08:05 2499558                    /usr/lib/x86_64-linux-gnu/libXi.so.6.1.0
7f30396d5000-7f30396e6000 r-xp 00000000 08:05 2499548                    /usr/lib/x86_64-linux-gnu/libXext.so.6.4.0
7f30396e6000-7f30398e5000 ---p 00011000 08:05 2499548                    /usr/lib/x86_64-linux-gnu/libXext.so.6.4.0
7f30398e5000-7f30398e6000 r--p 00010000 08:05 2499548                    /usr/lib/x86_64-linux-gnu/libXext.so.6.4.0
7f30398e6000-7f30398e7000 rw-p 00011000 08:05 2499548                    /usr/lib/x86_64-linux-gnu/libXext.so.6.4.0
7f30398e7000-7f30398ec000 r-xp 00000000 08:05 2499586                    /usr/lib/x86_64-linux-gnu/libXxf86vm.so.1.0.0
7f30398ec000-7f3039aeb000 ---p 00005000 08:05 2499586                    /usr/lib/x86_64-linux-gnu/libXxf86vm.so.1.0.0
7f3039aeb000-7f3039aec000 r--p 00004000 08:05 2499586                    /usr/lib/x86_64-linux-gnu/libXxf86vm.so.1.0.0
7f3039aec000-7f3039aed000 rw-p 00005000 08:05 2499586                    /usr/lib/x86_64-linux-gnu/libXxf86vm.so.1.0.0
7f3039aed000-7f3039af2000 r-xp 00000000 08:05 2499546                    /usr/lib/x86_64-linux-gnu/libXdmcp.so.6.0.0
7f3039af2000-7f3039cf1000 ---p 00005000 08:05 2499546                    /usr/lib/x86_64-linux-gnu/libXdmcp.so.6.0.0
7f3039cf1000-7f3039cf2000 r--p 00004000 08:05 2499546                    /usr/lib/x86_64-linux-gnu/libXdmcp.so.6.0.0
7f3039cf2000-7f3039cf3000 rw-p 00005000 08:05 2499546                    /usr/lib/x86_64-linux-gnu/libXdmcp.so.6.0.0
7f3039cf3000-7f3039cf5000 r-xp 00000000 08:05 2499535                    /usr/lib/x86_64-linux-gnu/libXau.so.6.0.0
7f3039cf5000-7f3039ef5000 ---p 00002000 08:05 2499535                    /usr/lib/x86_64-linux-gnu/libXau.so.6.0.0
7f3039ef5000-7f3039ef6000 r--p 00002000 08:05 2499535                    /usr/lib/x86_64-linux-gnu/libXau.so.6.0.0
7f3039ef6000-7f3039ef7000 rw-p 00003000 08:05 2499535                    /usr/lib/x86_64-linux-gnu/libXau.so.6.0.0
7f3039ef7000-7f3039f18000 r-xp 00000000 08:05 2500953                    /usr/lib/x86_64-linux-gnu/libxcb.so.1.1.0
7f3039f18000-7f303a117000 ---p 00021000 08:05 2500953                    /usr/lib/x86_64-linux-gnu/libxcb.so.1.1.0
7f303a117000-7f303a118000 r--p 00020000 08:05 2500953                    /usr/lib/x86_64-linux-gnu/libxcb.so.1.1.0
7f303a118000-7f303a119000 rw-p 00021000 08:05 2500953                    /usr/lib/x86_64-linux-gnu/libxcb.so.1.1.0
7f303a119000-7f303a24e000 r-xp 00000000 08:05 2499531                    /usr/lib/x86_64-linux-gnu/libX11.so.6.3.0
7f303a24e000-7f303a44e000 ---p 00135000 08:05 2499531                    /usr/lib/x86_64-linux-gnu/libX11.so.6.3.0
7f303a44e000-7f303a44f000 r--p 00135000 08:05 2499531                    /usr/lib/x86_64-linux-gnu/libX11.so.6.3.0
7f303a44f000-7f303a453000 rw-p 00136000 08:05 2499531                    /usr/lib/x86_64-linux-gnu/libX11.so.6.3.0
7f303a453000-7f303a482000 r-xp 00000000 08:05 3159715                    /tmp/lwjglmihai/3.1.5-build-1/libglfw.so
7f303a482000-7f303a681000 ---p 0002f000 08:05 3159715                    /tmp/lwjglmihai/3.1.5-build-1/libglfw.so
7f303a681000-7f303a682000 r--p 0002e000 08:05 3159715                    /tmp/lwjglmihai/3.1.5-build-1/libglfw.so
7f303a682000-7f303a683000 rw-p 0002f000 08:05 3159715                    /tmp/lwjglmihai/3.1.5-build-1/libglfw.so
7f303a683000-7f303a6a4000 rw-p 00000000 00:00 0 
7f303a6a4000-7f303a6f7000 r-xp 00000000 08:05 3159714                    /tmp/lwjglmihai/3.1.5-build-1/liblwjgl.so
7f303a6f7000-7f303a8f6000 ---p 00053000 08:05 3159714                    /tmp/lwjglmihai/3.1.5-build-1/liblwjgl.so
7f303a8f6000-7f303a8f7000 r--p 00052000 08:05 3159714                    /tmp/lwjglmihai/3.1.5-build-1/liblwjgl.so
7f303a8f7000-7f303a8f8000 rw-p 00053000 08:05 3159714                    /tmp/lwjglmihai/3.1.5-build-1/liblwjgl.so
7f303a8f8000-7f303a8f9000 ---p 00000000 00:00 0 
7f303a8f9000-7f303a9f9000 rw-p 00000000 00:00 0 
7f303a9f9000-7f303a9fd000 ---p 00000000 00:00 0 
7f303a9fd000-7f303aafa000 rw-p 00000000 00:00 0 
7f303aafa000-7f303aafe000 ---p 00000000 00:00 0 
7f303aafe000-7f303abfb000 rw-p 00000000 00:00 0 
7f303abfb000-7f303abff000 ---p 00000000 00:00 0 
7f303abff000-7f303acfc000 rw-p 00000000 00:00 0 
7f303acfc000-7f303ad12000 r-xp 00000000 00:31 2896431                    /home/mihai/Programs/jdk-9.0.4/lib/libnet.so
7f303ad12000-7f303af12000 ---p 00016000 00:31 2896431                    /home/mihai/Programs/jdk-9.0.4/lib/libnet.so
7f303af12000-7f303af13000 rw-p 00016000 00:31 2896431                    /home/mihai/Programs/jdk-9.0.4/lib/libnet.so
7f303af13000-7f303af23000 r-xp 00000000 00:31 2896432                    /home/mihai/Programs/jdk-9.0.4/lib/libnio.so
7f303af23000-7f303b123000 ---p 00010000 00:31 2896432                    /home/mihai/Programs/jdk-9.0.4/lib/libnio.so
7f303b123000-7f303b124000 rw-p 00010000 00:31 2896432                    /home/mihai/Programs/jdk-9.0.4/lib/libnio.so
7f303b124000-7f303b128000 ---p 00000000 00:00 0 
7f303b128000-7f303b225000 rw-p 00000000 00:00 0 
7f303b225000-7f303b229000 ---p 00000000 00:00 0 
7f303b229000-7f303b326000 rw-p 00000000 00:00 0 
7f303b326000-7f303b32a000 ---p 00000000 00:00 0 
7f303b32a000-7f303b427000 rw-p 00000000 00:00 0 
7f303b427000-7f303b42b000 ---p 00000000 00:00 0 
7f303b42b000-7f303b528000 rw-p 00000000 00:00 0 
7f303b528000-7f303b800000 r--p 00000000 08:05 2518691                    /usr/lib/locale/locale-archive
7f303b800000-7f303c000000 rw-p 00000000 00:00 0 
7f303c000000-7f303c021000 rw-p 00000000 00:00 0 
7f303c021000-7f3040000000 ---p 00000000 00:00 0 
7f304008a000-7f304008e000 ---p 00000000 00:00 0 
7f304008e000-7f304018b000 rw-p 00000000 00:00 0 
7f304018b000-7f304018f000 ---p 00000000 00:00 0 
7f304018f000-7f304028c000 rw-p 00000000 00:00 0 
7f304028c000-7f3040290000 ---p 00000000 00:00 0 
7f3040290000-7f304038d000 rw-p 00000000 00:00 0 
7f304038d000-7f304038e000 ---p 00000000 00:00 0 
7f304038e000-7f3040690000 rw-p 00000000 00:00 0 
7f3040690000-7f3042690000 rwxp 00000000 00:00 0 
7f3042690000-7f3042960000 rw-p 00000000 00:00 0 
7f3042960000-7f3045348000 ---p 00000000 00:00 0 
7f3045348000-7f3045618000 rw-p 00000000 00:00 0 
7f3045618000-7f3048000000 ---p 00000000 00:00 0 
7f3048000000-7f3048021000 rw-p 00000000 00:00 0 
7f3048021000-7f304c000000 ---p 00000000 00:00 0 
7f304c000000-7f304c021000 rw-p 00000000 00:00 0 
7f304c021000-7f3050000000 ---p 00000000 00:00 0 
7f3050000000-7f3050021000 rw-p 00000000 00:00 0 
7f3050021000-7f3054000000 ---p 00000000 00:00 0 
7f3054000000-7f3054021000 rw-p 00000000 00:00 0 
7f3054021000-7f3058000000 ---p 00000000 00:00 0 
7f3058000000-7f3058021000 rw-p 00000000 00:00 0 
7f3058021000-7f305c000000 ---p 00000000 00:00 0 
7f305c000000-7f305c021000 rw-p 00000000 00:00 0 
7f305c021000-7f3060000000 ---p 00000000 00:00 0 
7f3060000000-7f3060021000 rw-p 00000000 00:00 0 
7f3060021000-7f3064000000 ---p 00000000 00:00 0 
7f3064000000-7f3064021000 rw-p 00000000 00:00 0 
7f3064021000-7f3068000000 ---p 00000000 00:00 0 
7f3068000000-7f3068021000 rw-p 00000000 00:00 0 
7f3068021000-7f306c000000 ---p 00000000 00:00 0 
7f306c06d000-7f306c2e5000 rw-p 00000000 00:00 0 
7f306c2e5000-7f306c2e6000 ---p 00000000 00:00 0 
7f306c2e6000-7f306c3e6000 rw-p 00000000 00:00 0 
7f306c3e6000-7f306c3e7000 ---p 00000000 00:00 0 
7f306c3e7000-7f306c541000 rw-p 00000000 00:00 0 
7f306c541000-7f306ca7e000 ---p 00000000 00:00 0 
7f306ca7e000-7f306cad8000 rw-p 00000000 00:00 0 
7f306cad8000-7f306d5ac000 ---p 00000000 00:00 0 
7f306d5ac000-7f306d606000 rw-p 00000000 00:00 0 
7f306d606000-7f306db43000 ---p 00000000 00:00 0 
7f306db43000-7f306ddb3000 rwxp 00000000 00:00 0 
7f306ddb3000-7f306e0d3000 ---p 00000000 00:00 0 
7f306e0d3000-7f306e343000 rwxp 00000000 00:00 0 
7f306e343000-7f307560b000 ---p 00000000 00:00 0 
7f307560b000-7f307587b000 rwxp 00000000 00:00 0 
7f307587b000-7f307cb43000 ---p 00000000 00:00 0 
7f307cb43000-7f3088000000 r--s 00000000 00:31 2896448                    /home/mihai/Programs/jdk-9.0.4/lib/modules
7f3088000000-7f3088926000 rw-p 00000000 00:00 0 
7f3088926000-7f308c000000 ---p 00000000 00:00 0 
7f308c01a000-7f308c0cd000 rw-p 00000000 00:00 0 
7f308c0cd000-7f308c0ce000 ---p 00000000 00:00 0 
7f308c0ce000-7f308c1ce000 rw-p 00000000 00:00 0 
7f308c1ce000-7f308c1cf000 ---p 00000000 00:00 0 
7f308c1cf000-7f308c2cf000 rw-p 00000000 00:00 0 
7f308c2cf000-7f308c2d0000 ---p 00000000 00:00 0 
7f308c2d0000-7f308c3d0000 rw-p 00000000 00:00 0 
7f308c3d0000-7f308c3d1000 ---p 00000000 00:00 0 
7f308c3d1000-7f308c4d1000 rw-p 00000000 00:00 0 
7f308c4d1000-7f308c4d2000 ---p 00000000 00:00 0 
7f308c4d2000-7f308c9d6000 rw-p 00000000 00:00 0 
7f308c9d6000-7f308c9d7000 ---p 00000000 00:00 0 
7f308c9d7000-7f308cad7000 rw-p 00000000 00:00 0 
7f308cad7000-7f308cad8000 ---p 00000000 00:00 0 
7f308cad8000-7f308cbd8000 rw-p 00000000 00:00 0 
7f308cbd8000-7f308cbd9000 ---p 00000000 00:00 0 
7f308cbd9000-7f308ccd9000 rw-p 00000000 00:00 0 
7f308ccd9000-7f308ccda000 ---p 00000000 00:00 0 
7f308ccda000-7f308cddf000 rw-p 00000000 00:00 0 
7f308cddf000-7f308cec5000 ---p 00000000 00:00 0 
7f308cec5000-7f308ceca000 rw-p 00000000 00:00 0 
7f308ceca000-7f308cfb0000 ---p 00000000 00:00 0 
7f308cfb0000-7f308cfca000 r-xp 00000000 00:31 2896421                    /home/mihai/Programs/jdk-9.0.4/lib/libjimage.so
7f308cfca000-7f308d1c9000 ---p 0001a000 00:31 2896421                    /home/mihai/Programs/jdk-9.0.4/lib/libjimage.so
7f308d1c9000-7f308d1cb000 rw-p 00019000 00:31 2896421                    /home/mihai/Programs/jdk-9.0.4/lib/libjimage.so
7f308d1cb000-7f308d1dd000 rw-p 00000000 00:00 0 
7f308d1dd000-7f308d1e4000 r-xp 00000000 00:31 2896447                    /home/mihai/Programs/jdk-9.0.4/lib/libzip.so
7f308d1e4000-7f308d3e3000 ---p 00007000 00:31 2896447                    /home/mihai/Programs/jdk-9.0.4/lib/libzip.so
7f308d3e3000-7f308d3e4000 rw-p 00006000 00:31 2896447                    /home/mihai/Programs/jdk-9.0.4/lib/libzip.so
7f308d3e4000-7f308d3ef000 r-xp 00000000 08:05 1573108                    /lib/x86_64-linux-gnu/libnss_files-2.23.so
7f308d3ef000-7f308d5ee000 ---p 0000b000 08:05 1573108                    /lib/x86_64-linux-gnu/libnss_files-2.23.so
7f308d5ee000-7f308d5ef000 r--p 0000a000 08:05 1573108                    /lib/x86_64-linux-gnu/libnss_files-2.23.so
7f308d5ef000-7f308d5f0000 rw-p 0000b000 08:05 1573108                    /lib/x86_64-linux-gnu/libnss_files-2.23.so
7f308d5f0000-7f308d5f6000 rw-p 00000000 00:00 0 
7f308d5f6000-7f308d601000 r-xp 00000000 08:05 1573112                    /lib/x86_64-linux-gnu/libnss_nis-2.23.so
7f308d601000-7f308d800000 ---p 0000b000 08:05 1573112                    /lib/x86_64-linux-gnu/libnss_nis-2.23.so
7f308d800000-7f308d801000 r--p 0000a000 08:05 1573112                    /lib/x86_64-linux-gnu/libnss_nis-2.23.so
7f308d801000-7f308d802000 rw-p 0000b000 08:05 1573112                    /lib/x86_64-linux-gnu/libnss_nis-2.23.so
7f308d802000-7f308d818000 r-xp 00000000 08:05 1573092                    /lib/x86_64-linux-gnu/libnsl-2.23.so
7f308d818000-7f308da17000 ---p 00016000 08:05 1573092                    /lib/x86_64-linux-gnu/libnsl-2.23.so
7f308da17000-7f308da18000 r--p 00015000 08:05 1573092                    /lib/x86_64-linux-gnu/libnsl-2.23.so
7f308da18000-7f308da19000 rw-p 00016000 08:05 1573092                    /lib/x86_64-linux-gnu/libnsl-2.23.so
7f308da19000-7f308da1b000 rw-p 00000000 00:00 0 
7f308da1b000-7f308da23000 r-xp 00000000 08:05 1573103                    /lib/x86_64-linux-gnu/libnss_compat-2.23.so
7f308da23000-7f308dc22000 ---p 00008000 08:05 1573103                    /lib/x86_64-linux-gnu/libnss_compat-2.23.so
7f308dc22000-7f308dc23000 r--p 00007000 08:05 1573103                    /lib/x86_64-linux-gnu/libnss_compat-2.23.so
7f308dc23000-7f308dc24000 rw-p 00008000 08:05 1573103                    /lib/x86_64-linux-gnu/libnss_compat-2.23.so
7f308dc24000-7f308dc2e000 r-xp 00000000 00:31 2896404                    /home/mihai/Programs/jdk-9.0.4/lib/libinstrument.so
7f308dc2e000-7f308de2d000 ---p 0000a000 00:31 2896404                    /home/mihai/Programs/jdk-9.0.4/lib/libinstrument.so
7f308de2d000-7f308de2e000 rw-p 00009000 00:31 2896404                    /home/mihai/Programs/jdk-9.0.4/lib/libinstrument.so
7f308de2e000-7f308de59000 r-xp 00000000 00:31 2896409                    /home/mihai/Programs/jdk-9.0.4/lib/libjava.so
7f308de59000-7f308e058000 ---p 0002b000 00:31 2896409                    /home/mihai/Programs/jdk-9.0.4/lib/libjava.so
7f308e058000-7f308e05a000 rw-p 0002a000 00:31 2896409                    /home/mihai/Programs/jdk-9.0.4/lib/libjava.so
7f308e05a000-7f308e067000 r-xp 00000000 00:31 2896446                    /home/mihai/Programs/jdk-9.0.4/lib/libverify.so
7f308e067000-7f308e266000 ---p 0000d000 00:31 2896446                    /home/mihai/Programs/jdk-9.0.4/lib/libverify.so
7f308e266000-7f308e268000 rw-p 0000c000 00:31 2896446                    /home/mihai/Programs/jdk-9.0.4/lib/libverify.so
7f308e268000-7f308e26f000 r-xp 00000000 08:05 1573113                    /lib/x86_64-linux-gnu/librt-2.23.so
7f308e26f000-7f308e46e000 ---p 00007000 08:05 1573113                    /lib/x86_64-linux-gnu/librt-2.23.so
7f308e46e000-7f308e46f000 r--p 00006000 08:05 1573113                    /lib/x86_64-linux-gnu/librt-2.23.so
7f308e46f000-7f308e470000 rw-p 00007000 08:05 1573113                    /lib/x86_64-linux-gnu/librt-2.23.so
7f308e470000-7f308e578000 r-xp 00000000 08:05 1573091                    /lib/x86_64-linux-gnu/libm-2.23.so
7f308e578000-7f308e777000 ---p 00108000 08:05 1573091                    /lib/x86_64-linux-gnu/libm-2.23.so
7f308e777000-7f308e778000 r--p 00107000 08:05 1573091                    /lib/x86_64-linux-gnu/libm-2.23.so
7f308e778000-7f308e779000 rw-p 00108000 08:05 1573091                    /lib/x86_64-linux-gnu/libm-2.23.so
7f308e779000-7f308f78e000 r-xp 00000000 00:31 2896469                    /home/mihai/Programs/jdk-9.0.4/lib/server/libjvm.so
7f308f78e000-7f308f98d000 ---p 01015000 00:31 2896469                    /home/mihai/Programs/jdk-9.0.4/lib/server/libjvm.so
7f308f98d000-7f308fa5e000 r--p 01014000 00:31 2896469                    /home/mihai/Programs/jdk-9.0.4/lib/server/libjvm.so
7f308fa5e000-7f308fa95000 rw-p 010e5000 00:31 2896469                    /home/mihai/Programs/jdk-9.0.4/lib/server/libjvm.so
7f308fa95000-7f308fafe000 rw-p 00000000 00:00 0 
7f308fafe000-7f308fcbe000 r-xp 00000000 08:05 1573095                    /lib/x86_64-linux-gnu/libc-2.23.so
7f308fcbe000-7f308febe000 ---p 001c0000 08:05 1573095                    /lib/x86_64-linux-gnu/libc-2.23.so
7f308febe000-7f308fec2000 r--p 001c0000 08:05 1573095                    /lib/x86_64-linux-gnu/libc-2.23.so
7f308fec2000-7f308fec4000 rw-p 001c4000 08:05 1573095                    /lib/x86_64-linux-gnu/libc-2.23.so
7f308fec4000-7f308fec8000 rw-p 00000000 00:00 0 
7f308fec8000-7f308fecb000 r-xp 00000000 08:05 1573097                    /lib/x86_64-linux-gnu/libdl-2.23.so
7f308fecb000-7f30900ca000 ---p 00003000 08:05 1573097                    /lib/x86_64-linux-gnu/libdl-2.23.so
7f30900ca000-7f30900cb000 r--p 00002000 08:05 1573097                    /lib/x86_64-linux-gnu/libdl-2.23.so
7f30900cb000-7f30900cc000 rw-p 00003000 08:05 1573097                    /lib/x86_64-linux-gnu/libdl-2.23.so
7f30900cc000-7f30900da000 r-xp 00000000 00:31 3429993                    /home/mihai/Programs/jdk-9.0.4/lib/jli/libjli.so
7f30900da000-7f30902da000 ---p 0000e000 00:31 3429993                    /home/mihai/Programs/jdk-9.0.4/lib/jli/libjli.so
7f30902da000-7f30902db000 rw-p 0000e000 00:31 3429993                    /home/mihai/Programs/jdk-9.0.4/lib/jli/libjli.so
7f30902db000-7f30902f3000 r-xp 00000000 08:05 1573094                    /lib/x86_64-linux-gnu/libpthread-2.23.so
7f30902f3000-7f30904f2000 ---p 00018000 08:05 1573094                    /lib/x86_64-linux-gnu/libpthread-2.23.so
7f30904f2000-7f30904f3000 r--p 00017000 08:05 1573094                    /lib/x86_64-linux-gnu/libpthread-2.23.so
7f30904f3000-7f30904f4000 rw-p 00018000 08:05 1573094                    /lib/x86_64-linux-gnu/libpthread-2.23.so
7f30904f4000-7f30904f8000 rw-p 00000000 00:00 0 
7f30904f8000-7f3090511000 r-xp 00000000 08:05 1577732                    /lib/x86_64-linux-gnu/libz.so.1.2.8
7f3090511000-7f3090710000 ---p 00019000 08:05 1577732                    /lib/x86_64-linux-gnu/libz.so.1.2.8
7f3090710000-7f3090711000 r--p 00018000 08:05 1577732                    /lib/x86_64-linux-gnu/libz.so.1.2.8
7f3090711000-7f3090712000 rw-p 00019000 08:05 1577732                    /lib/x86_64-linux-gnu/libz.so.1.2.8
7f3090712000-7f3090738000 r-xp 00000000 08:05 1573093                    /lib/x86_64-linux-gnu/ld-2.23.so
7f309073e000-7f3090740000 r-xp 00000000 00:00 0 
7f3090740000-7f3090748000 rw-s 00000000 00:05 468509                     /drm mm object (deleted)
7f3090748000-7f3090749000 rw-s 00000000 00:05 468503                     /memfd:xshmfence (deleted)
7f3090749000-7f309074a000 rw-s 00000000 00:05 468501                     /drm mm object (deleted)
7f309074a000-7f3090752000 rw-s 00000000 00:05 468499                     /drm mm object (deleted)
7f3090752000-7f309080d000 rw-p 00000000 00:00 0 
7f309080d000-7f3090812000 ---p 00000000 00:00 0 
7f3090812000-7f3090913000 rw-p 00000000 00:00 0 
7f3090913000-7f3090914000 r--p 00000000 08:05 3280744                    /usr/share/locale-langpack/en_GB/LC_MESSAGES/libc.mo
7f3090914000-7f309091b000 r--s 00000000 08:05 2762232                    /usr/lib/x86_64-linux-gnu/gconv/gconv-modules.cache
7f309091b000-7f3090921000 rw-p 00000000 00:00 0 
7f3090921000-7f3090928000 ---p 00000000 00:00 0 
7f3090928000-7f3090930000 rw-s 00000000 08:05 2899051                    /tmp/hsperfdata_mihai/20174
7f3090930000-7f3090931000 rw-p 00000000 00:00 0 
7f3090931000-7f3090932000 r--p 00000000 00:00 0 
7f3090932000-7f3090935000 r--p 00000000 00:00 0                          [vvar]
7f3090935000-7f3090937000 r-xp 00000000 00:00 0                          [vdso]
7f3090937000-7f3090938000 r--p 00025000 08:05 1573093                    /lib/x86_64-linux-gnu/ld-2.23.so
7f3090938000-7f3090939000 rw-p 00026000 08:05 1573093                    /lib/x86_64-linux-gnu/ld-2.23.so
7f3090939000-7f309093a000 rw-p 00000000 00:00 0 
7ffe691bc000-7ffe691de000 rw-p 00000000 00:00 0                          [stack]
ffffffffff600000-ffffffffff601000 r-xp 00000000 00:00 0                  [vsyscall]

VM Arguments:
jvm_args: -javaagent:/home/mihai/Programs/idea-IC-173.3727.127/lib/idea_rt.jar=42275:/home/mihai/Programs/idea-IC-173.3727.127/bin -Dfile.encoding=UTF-8 
java_command: game.Main
java_class_path (initial): /home/mihai/Documents/Source/Java/TeamProject-SabreWulf/sabrewulf/out/production/sabrewulf:/home/mihai/Downloads/lwjgl-release-3.1.5-custom/lwjgl.jar:/home/mihai/Downloads/lwjgl-release-3.1.5-custom/lwjgl-stb.jar:/home/mihai/Downloads/lwjgl-release-3.1.5-custom/lwjgl-glfw.jar:/home/mihai/Downloads/lwjgl-release-3.1.5-custom/lwjgl-assimp.jar:/home/mihai/Downloads/lwjgl-release-3.1.5-custom/lwjgl-nanovg.jar:/home/mihai/Downloads/lwjgl-release-3.1.5-custom/lwjgl-openal.jar:/home/mihai/Downloads/lwjgl-release-3.1.5-custom/lwjgl-opengl.jar:/home/mihai/Downloads/lwjgl-release-3.1.5-custom/lwjgl-javadoc.jar:/home/mihai/Downloads/lwjgl-release-3.1.5-custom/lwjgl-sources.jar:/home/mihai/Downloads/lwjgl-release-3.1.5-custom/lwjgl-stb-javadoc.jar:/home/mihai/Downloads/lwjgl-release-3.1.5-custom/lwjgl-stb-sources.jar:/home/mihai/Downloads/lwjgl-release-3.1.5-custom/lwjgl-glfw-javadoc.jar:/home/mihai/Downloads/lwjgl-release-3.1.5-custom/lwjgl-glfw-sources.jar:/home/mihai/Downloads/lwjgl-release-3.1.5-custom/lwjgl-natives-linux.jar:/home/mihai/Downloads/lwjgl-release-3.1.5-custom/lwjgl-natives-macos.jar:/home/mihai/Downloads/lwjgl-release-3.1.5-custom/lwjgl-assimp-javadoc.jar:/home/mihai/Downloads/lwjgl-release-3.1.5-custom/lwjgl-assimp-sources.jar:/home/mihai/Downloads/lwjgl-release-3.1.5-custom/lwjgl-nanovg-javadoc.jar:/home/mihai/Downloads/lwjgl-release-3.1.5-custom/lwjgl-nanovg-sources.jar:/home/mihai/Downloads/lwjgl-release-3.1.5-custom/lwjgl-openal-javadoc.jar:/home/mihai/Downloads/lwjgl-release-3.1.5-custom/lwjgl-openal-sources.jar:/home/mihai/Downloads/lwjgl-release-3.1.5-custom/lwjgl-opengl-javadoc.jar:/home/mihai/Downloads/lwjgl-release-3.1.5-custom/lwjgl-opengl-sources.jar:/home/mihai/Downloads/lwjgl-release-3.1.5-custom/lwjgl-natives-windows.jar:/home/mihai/Downloads/lwjgl-release-3.1.5-custom/lwjgl-stb-natives-linux.jar:/home/mihai/Downloads/lwjgl-release-3.1.5-custom/lwjgl-stb-natives-macos.jar:/home/mihai/Downloads/lwjgl-release-3.1.5-c
Launcher Type: SUN_STANDARD

Logging:
Log output configuration:
#0: stdout all=warning uptime,level,tags
#1: stderr all=off uptime,level,tags

Environment Variables:
PATH=/home/mihai/bin:/home/mihai/.local/bin:/usr/local/sbin:/usr/local/bin:/usr/sbin:/usr/bin:/sbin:/bin:/usr/games:/usr/local/games:/snap/bin
SHELL=/bin/bash
DISPLAY=:0

Signal Handlers:
SIGSEGV: [libjvm.so+0xd4d370], sa_mask[0]=11111111011111111101111111111110, sa_flags=SA_RESTART|SA_SIGINFO
SIGBUS: [libjvm.so+0xd4d370], sa_mask[0]=11111111011111111101111111111110, sa_flags=SA_RESTART|SA_SIGINFO
SIGFPE: [libjvm.so+0xd4d370], sa_mask[0]=11111111011111111101111111111110, sa_flags=SA_RESTART|SA_SIGINFO
SIGPIPE: [libjvm.so+0xb64780], sa_mask[0]=11111111011111111101111111111110, sa_flags=SA_RESTART|SA_SIGINFO
SIGXFSZ: [libjvm.so+0xb64780], sa_mask[0]=11111111011111111101111111111110, sa_flags=SA_RESTART|SA_SIGINFO
SIGILL: [libjvm.so+0xd4d370], sa_mask[0]=11111111011111111101111111111110, sa_flags=SA_RESTART|SA_SIGINFO
SIGUSR2: [libjvm.so+0xb64640], sa_mask[0]=00100000000000000000000000000000, sa_flags=SA_RESTART|SA_SIGINFO
SIGHUP: [libjvm.so+0xb64850], sa_mask[0]=11111111011111111101111111111110, sa_flags=SA_RESTART|SA_SIGINFO
SIGINT: [libjvm.so+0xb64850], sa_mask[0]=11111111011111111101111111111110, sa_flags=SA_RESTART|SA_SIGINFO
SIGTERM: [libjvm.so+0xb64850], sa_mask[0]=11111111011111111101111111111110, sa_flags=SA_RESTART|SA_SIGINFO
SIGQUIT: [libjvm.so+0xb64850], sa_mask[0]=11111111011111111101111111111110, sa_flags=SA_RESTART|SA_SIGINFO


---------------  S Y S T E M  ---------------

OS:DISTRIB_ID=Ubuntu
DISTRIB_RELEASE=16.04
DISTRIB_CODENAME=xenial
DISTRIB_DESCRIPTION="Ubuntu 16.04.3 LTS"
uname:Linux 4.13.0-32-generic #35~16.04.1-Ubuntu SMP Thu Jan 25 10:13:43 UTC 2018 x86_64
libc:glibc 2.23 NPTL 2.23 
rlimit: STACK 8192k, CORE 0k, NPROC 45200, NOFILE 1048576, AS infinity
load average:1.40 1.27 1.15

/proc/meminfo:
MemTotal:       11715420 kB
MemFree:          525312 kB
MemAvailable:    6588956 kB
Buffers:          318180 kB
Cached:          6195416 kB
SwapCached:            0 kB
Active:          4862220 kB
Inactive:        4673536 kB
Active(anon):    2796248 kB
Inactive(anon):   682584 kB
Active(file):    2065972 kB
Inactive(file):  3990952 kB
Unevictable:        1860 kB
Mlocked:            1860 kB
SwapTotal:      11992572 kB
SwapFree:       11992572 kB
Dirty:             30580 kB
Writeback:             0 kB
AnonPages:       3023792 kB
Mapped:          1755200 kB
Shmem:            685528 kB
Slab:             462604 kB
SReclaimable:     332352 kB
SUnreclaim:       130252 kB
KernelStack:       14240 kB
PageTables:        58652 kB
NFS_Unstable:          0 kB
Bounce:                0 kB
WritebackTmp:          0 kB
CommitLimit:    17850280 kB
Committed_AS:   11252824 kB
VmallocTotal:   34359738367 kB
VmallocUsed:           0 kB
VmallocChunk:          0 kB
HardwareCorrupted:     0 kB
AnonHugePages:         0 kB
ShmemHugePages:        0 kB
ShmemPmdMapped:        0 kB
CmaTotal:              0 kB
CmaFree:               0 kB
HugePages_Total:       0
HugePages_Free:        0
HugePages_Rsvd:        0
HugePages_Surp:        0
Hugepagesize:       2048 kB
DirectMap4k:      362180 kB
DirectMap2M:    10582016 kB
DirectMap1G:     1048576 kB


CPU:total 4 (initial active 4) (2 cores per cpu, 2 threads per core) family 6 model 78 stepping 3, cmov, cx8, fxsr, mmx, sse, sse2, sse3, ssse3, sse4.1, sse4.2, popcnt, avx, avx2, aes, clmul, erms, 3dnowpref, lzcnt, ht, tsc, tscinvbit, bmi1, bmi2, adx, fma
CPU Model and flags from /proc/cpuinfo:
model name	: Intel(R) Core(TM) i7-6500U CPU @ 2.50GHz
flags		: fpu vme de pse tsc msr pae mce cx8 apic sep mtrr pge mca cmov pat pse36 clflush dts acpi mmx fxsr sse sse2 ss ht tm pbe syscall nx pdpe1gb rdtscp lm constant_tsc art arch_perfmon pebs bts rep_good nopl xtopology nonstop_tsc cpuid aperfmperf tsc_known_freq pni pclmulqdq dtes64 monitor ds_cpl vmx est tm2 ssse3 sdbg fma cx16 xtpr pdcm pcid sse4_1 sse4_2 x2apic movbe popcnt tsc_deadline_timer aes xsave avx f16c rdrand lahf_lm abm 3dnowprefetch cpuid_fault epb invpcid_single pti intel_pt tpr_shadow vnmi flexpriority ept vpid fsgsbase tsc_adjust bmi1 avx2 smep bmi2 erms invpcid mpx rdseed adx smap clflushopt xsaveopt xsavec xgetbv1 xsaves dtherm ida arat pln pts hwp hwp_notify hwp_act_window hwp_epp

Memory: 4k page, physical 11715420k(525312k free), swap 11992572k(11992572k free)

vm_info: Java HotSpot(TM) 64-Bit Server VM (9.0.4+11) for linux-amd64 JRE (9.0.4+11), built on Dec 19 2017 18:12:19 by "mach5one" with gcc 4.9.2

END.
