#
# A fatal error has been detected by the Java Runtime Environment:
#
#  SIGSEGV (0xb) at pc=0x00007fa38e04d6ec, pid=19966, tid=19969
#
# JRE version: Java(TM) SE Runtime Environment (9.0+11) (build 9.0.4+11)
# Java VM: Java HotSpot(TM) 64-Bit Server VM (9.0.4+11, mixed mode, tiered, compressed oops, g1 gc, linux-amd64)
# Problematic frame:
# C  [liblwjgl_opengl.so+0x446ec]  Java_org_lwjgl_opengl_GL30_nglGenVertexArrays__IJ+0xc
#
# Core dump will be written. Default location: Core dumps may be processed with "/usr/share/apport/apport %p %s %c %d %P" (or dumping to /home/mihai/Documents/Source/Java/TeamProject-SabreWulf/sabrewulf/core.19966)
#
# If you would like to submit a bug report, please visit:
#   http://bugreport.java.com/bugreport/crash.jsp
# The crash happened outside the Java Virtual Machine in native code.
# See problematic frame for where to report the bug.
#

---------------  S U M M A R Y ------------

Command Line: -javaagent:/home/mihai/Programs/idea-IC-173.3727.127/lib/idea_rt.jar=41201:/home/mihai/Programs/idea-IC-173.3727.127/bin -Dfile.encoding=UTF-8 game.Main

Host: Intel(R) Core(TM) i7-6500U CPU @ 2.50GHz, 4 cores, 11G, Ubuntu 16.04.3 LTS
Time: Thu Feb  8 16:58:30 2018 GMT elapsed time: 0 seconds (0d 0h 0m 0s)

---------------  T H R E A D  ---------------

Current thread (0x00007fa418014800):  JavaThread "main" [_thread_in_native, id=19969, stack(0x00007fa41e9a2000,0x00007fa41eaa2000)]

Stack: [0x00007fa41e9a2000,0x00007fa41eaa2000],  sp=0x00007fa41eaa06c8,  free space=1017k
Native frames: (J=compiled Java code, A=aot compiled Java code, j=interpreted, Vv=VM code, C=native code)
C  [liblwjgl_opengl.so+0x446ec]  Java_org_lwjgl_opengl_GL30_nglGenVertexArrays__IJ+0xc
j  org.lwjgl.opengl.GL30.glGenVertexArrays()I+20
j  engine.graphics.VertexArray.<init>()V+5
j  engine.graphics.renderer.Renderer2D.<init>()V+30
j  engine.scene.Scene.<init>(I)V+14
j  game.MenuState.<init>(Lgame/Main;)V+15
j  game.Main.<init>()V+18
j  game.Main.main([Ljava/lang/String;)V+4
v  ~StubRoutines::call_stub
V  [libjvm.so+0x83d60a]  JavaCalls::call_helper(JavaValue*, methodHandle const&, JavaCallArguments*, Thread*)+0x47a
V  [libjvm.so+0x89a67f]  jni_invoke_static(JNIEnv_*, JavaValue*, _jobject*, JNICallType, _jmethodID*, JNI_ArgumentPusher*, Thread*) [clone .isra.90]+0x21f
V  [libjvm.so+0x8ab5ce]  jni_CallStaticVoidMethod+0x14e
C  [libjli.so+0x4397]  JavaMain+0xa17
C  [libpthread.so.0+0x76ba]  start_thread+0xca

Java frames: (J=compiled Java code, j=interpreted, Vv=VM code)
j  org.lwjgl.opengl.GL30.nglGenVertexArrays(IJ)V+0
j  org.lwjgl.opengl.GL30.glGenVertexArrays()I+20
j  engine.graphics.VertexArray.<init>()V+5
j  engine.graphics.renderer.Renderer2D.<init>()V+30
j  engine.scene.Scene.<init>(I)V+14
j  game.MenuState.<init>(Lgame/Main;)V+15
j  game.Main.<init>()V+18
j  game.Main.main([Ljava/lang/String;)V+4
v  ~StubRoutines::call_stub

siginfo: si_signo: 11 (SIGSEGV), si_code: 1 (SEGV_MAPERR), si_addr: 0x0000000000000f70

Register to memory mapping:

RAX=0x0000000000000000 is an unknown value
RBX={method} {0x00007fa3ce553330} 'nglGenVertexArrays' '(IJ)V' in 'org/lwjgl/opengl/GL30'
RCX=0x00007fa418577e5c is an unknown value
RDX=0x0000000000000001 is an unknown value
RSP=0x00007fa41eaa06c8 is pointing into the stack for thread: 0x00007fa418014800
RBP=0x00007fa41eaa0738 is pointing into the stack for thread: 0x00007fa418014800
RSI=0x00007fa418577e5c is an unknown value
RDI=0x0000000000000001 is an unknown value
R8 ={method} {0x00007fa3ce553330} 'nglGenVertexArrays' '(IJ)V' in 'org/lwjgl/opengl/GL30'
R9 =0x0000000000000008 is an unknown value
R10=0x00007fa3fcab1d89 is at code_begin+873 in an Interpreter codelet
method entry point (kind = native)  [0x00007fa3fcab1a20, 0x00007fa3fcab2460]  2624 bytes
R11=0x0000000717c2e9f0 is an oop
java.lang.Class 
{0x0000000717c2e9f0} - klass: 'java/lang/Class'
R12=0x0000000000000000 is an unknown value
R13={method} {0x00007fa3ce553330} 'nglGenVertexArrays' '(IJ)V' in 'org/lwjgl/opengl/GL30'
R14=0x00007fa41eaa0768 is pointing into the stack for thread: 0x00007fa418014800
R15=0x00007fa418014800 is a thread


Registers:
RAX=0x0000000000000000, RBX=0x00007fa3ce553330, RCX=0x00007fa418577e5c, RDX=0x0000000000000001
RSP=0x00007fa41eaa06c8, RBP=0x00007fa41eaa0738, RSI=0x00007fa418577e5c, RDI=0x0000000000000001
R8 =0x00007fa3ce553330, R9 =0x0000000000000008, R10=0x00007fa3fcab1d89, R11=0x0000000717c2e9f0
R12=0x0000000000000000, R13=0x00007fa3ce553330, R14=0x00007fa41eaa0768, R15=0x00007fa418014800
RIP=0x00007fa38e04d6ec, EFLAGS=0x0000000000010287, CSGSFS=0x002b000000000033, ERR=0x0000000000000004
  TRAPNO=0x000000000000000e

Top of Stack: (sp=0x00007fa41eaa06c8)
0x00007fa41eaa06c8:   00007fa3fcab1db5 00007fa41eaa0738
0x00007fa41eaa06d8:   00007fa3fcab1b0a 00007fa41eaa06f8
0x00007fa41eaa06e8:   00007fa3fcab1ad3 00007fa41eaa06f0
0x00007fa41eaa06f8:   00007fa3ce553330 00007fa41eaa0768 

Instructions: (pc=0x00007fa38e04d6ec)
0x00007fa38e04d6cc:   78 1c 00 00 ff e0 66 66 66 66 66 2e 0f 1f 84 00
0x00007fa38e04d6dc:   00 00 00 00 48 8b 07 48 89 ce 89 d7 48 8b 40 18
0x00007fa38e04d6ec:   48 8b 80 70 0f 00 00 ff e0 66 66 2e 0f 1f 84 00
0x00007fa38e04d6fc:   00 00 00 00 48 8b 07 48 89 ce 89 d7 48 8b 40 18 


---------------  P R O C E S S  ---------------

Java Threads: ( => current thread )
  0x00007fa418446000 JavaThread "Service Thread" daemon [_thread_blocked, id=20015, stack(0x00007fa3ccb84000,0x00007fa3ccc85000)]
  0x00007fa418444800 JavaThread "Monitor Ctrl-Break" daemon [_thread_in_native, id=20014, stack(0x00007fa3ccc85000,0x00007fa3ccd86000)]
  0x00007fa41824d800 JavaThread "Common-Cleaner" daemon [_thread_blocked, id=20011, stack(0x00007fa3ccd86000,0x00007fa3cce87000)]
  0x00007fa4181d0800 JavaThread "Sweeper thread" daemon [_thread_blocked, id=20010, stack(0x00007fa3cd2af000,0x00007fa3cd3b0000)]
  0x00007fa4181ce800 JavaThread "C1 CompilerThread2" daemon [_thread_in_native, id=20009, stack(0x00007fa3cd3b0000,0x00007fa3cd4b1000)]
  0x00007fa4181cc800 JavaThread "C2 CompilerThread1" daemon [_thread_blocked, id=20008, stack(0x00007fa3cd4b1000,0x00007fa3cd5b2000)]
  0x00007fa4181ca800 JavaThread "C2 CompilerThread0" daemon [_thread_blocked, id=20007, stack(0x00007fa3cd5b2000,0x00007fa3cd6b3000)]
  0x00007fa4181c9000 JavaThread "Signal Dispatcher" daemon [_thread_blocked, id=20006, stack(0x00007fa3cd6b3000,0x00007fa3cd7b4000)]
  0x00007fa4181ae000 JavaThread "Finalizer" daemon [_thread_blocked, id=20004, stack(0x00007fa3cda8c000,0x00007fa3cdb8d000)]
  0x00007fa4181a5800 JavaThread "Reference Handler" daemon [_thread_blocked, id=20001, stack(0x00007fa3cdb8d000,0x00007fa3cdc8e000)]
=>0x00007fa418014800 JavaThread "main" [_thread_in_native, id=19969, stack(0x00007fa41e9a2000,0x00007fa41eaa2000)]

Other Threads:
  0x00007fa41819c000 VMThread "VM Thread" [stack: 0x00007fa3cdc8f000,0x00007fa3cdd8f000] [id=19997]
  0x00007fa418448800 WatcherThread [stack: 0x00007fa3cca84000,0x00007fa3ccb84000] [id=20016]
  0x00007fa41802b800 GCTaskThread "GC Thread#0" [stack: 0x00007fa3fc999000,0x00007fa3fca99000] [id=19978]
  0x00007fa41802d000 GCTaskThread "GC Thread#1" [stack: 0x00007fa3fc898000,0x00007fa3fc998000] [id=19980]
  0x00007fa41802f000 GCTaskThread "GC Thread#2" [stack: 0x00007fa3fc797000,0x00007fa3fc897000] [id=19982]
  0x00007fa418030800 GCTaskThread "GC Thread#3" [stack: 0x00007fa3fc696000,0x00007fa3fc796000] [id=19983]
  0x00007fa41806d800 ConcurrentGCThread "G1 Main Marker" [stack: 0x00007fa3e64ee000,0x00007fa3e65ee000] [id=19990]
  0x00007fa41806f800 ConcurrentGCThread "G1 Marker#0" [stack: 0x00007fa3e63ed000,0x00007fa3e64ed000] [id=19992]
  0x00007fa418038000 ConcurrentGCThread "G1 Refine#0" [stack: 0x00007fa3e7dff000,0x00007fa3e7eff000] [id=19988]
  0x00007fa418036000 ConcurrentGCThread "G1 Refine#1" [stack: 0x00007fa3e7f00000,0x00007fa3e8000000] [id=19987]
  0x00007fa418034800 ConcurrentGCThread "G1 Refine#2" [stack: 0x00007fa3fc090000,0x00007fa3fc190000] [id=19986]
  0x00007fa418032800 ConcurrentGCThread "G1 Refine#3" [stack: 0x00007fa3fc191000,0x00007fa3fc291000] [id=19985]
  0x00007fa418039800 ConcurrentGCThread "G1 Young RemSet Sampling" [stack: 0x00007fa3e7cfe000,0x00007fa3e7dfe000] [id=19989]

Threads with active compile tasks:
C1 CompilerThread2 507       3       java.net.URLStreamHandler::parseURL (1201 bytes)

VM state:not at safepoint (normal execution)

VM Mutex/Monitor currently owned by a thread:  ([mutex/lock_event])
[0x00007fa41800faf0] CodeCache_lock - owner thread: 0x00007fa4181ce800
[0x00007fa418011320] Compile_lock - owner thread: 0x00007fa4181ce800
[0x00007fa4180114d0] MethodCompileQueue_lock - owner thread: 0x00007fa4181ce800

Heap address: 0x000000070d200000, size: 2862 MB, Compressed Oops mode: Zero based, Oop shift amount: 3
Narrow klass base: 0x0000000000000000, Narrow klass shift: 3
Compressed class space size: 1073741824 Address: 0x00000007c0000000

Heap:
 garbage-first heap   total 184320K, used 9216K [0x000000070d200000, 0x000000070d3005a0, 0x00000007c0000000)
  region size 1024K, 10 young (10240K), 0 survivors (0K)
 Metaspace       used 8639K, capacity 8838K, committed 9088K, reserved 1056768K
  class space    used 738K, capacity 801K, committed 896K, reserved 1048576K
Heap Regions: E=young(eden), S=young(survivor), O=old, HS=humongous(starts), HC=humongous(continues), CS=collection set, F=free, A=archive, TS=gc time stamp, AC=allocation context, TAMS=top-at-mark-start (previous, next)
|   0|0x000000070d200000, 0x000000070d200000, 0x000000070d300000|  0%| F|  |TS  0|AC  0|TAMS 0x000000070d200000, 0x000000070d200000|
|   1|0x000000070d300000, 0x000000070d300000, 0x000000070d400000|  0%| F|  |TS  0|AC  0|TAMS 0x000000070d300000, 0x000000070d300000|
|   2|0x000000070d400000, 0x000000070d400000, 0x000000070d500000|  0%| F|  |TS  0|AC  0|TAMS 0x000000070d400000, 0x000000070d400000|
|   3|0x000000070d500000, 0x000000070d500000, 0x000000070d600000|  0%| F|  |TS  0|AC  0|TAMS 0x000000070d500000, 0x000000070d500000|
|   4|0x000000070d600000, 0x000000070d600000, 0x000000070d700000|  0%| F|  |TS  0|AC  0|TAMS 0x000000070d600000, 0x000000070d600000|
|   5|0x000000070d700000, 0x000000070d700000, 0x000000070d800000|  0%| F|  |TS  0|AC  0|TAMS 0x000000070d700000, 0x000000070d700000|
|   6|0x000000070d800000, 0x000000070d800000, 0x000000070d900000|  0%| F|  |TS  0|AC  0|TAMS 0x000000070d800000, 0x000000070d800000|
|   7|0x000000070d900000, 0x000000070d900000, 0x000000070da00000|  0%| F|  |TS  0|AC  0|TAMS 0x000000070d900000, 0x000000070d900000|
|   8|0x000000070da00000, 0x000000070da00000, 0x000000070db00000|  0%| F|  |TS  0|AC  0|TAMS 0x000000070da00000, 0x000000070da00000|
|   9|0x000000070db00000, 0x000000070db00000, 0x000000070dc00000|  0%| F|  |TS  0|AC  0|TAMS 0x000000070db00000, 0x000000070db00000|
|  10|0x000000070dc00000, 0x000000070dc00000, 0x000000070dd00000|  0%| F|  |TS  0|AC  0|TAMS 0x000000070dc00000, 0x000000070dc00000|
|  11|0x000000070dd00000, 0x000000070dd00000, 0x000000070de00000|  0%| F|  |TS  0|AC  0|TAMS 0x000000070dd00000, 0x000000070dd00000|
|  12|0x000000070de00000, 0x000000070de00000, 0x000000070df00000|  0%| F|  |TS  0|AC  0|TAMS 0x000000070de00000, 0x000000070de00000|
|  13|0x000000070df00000, 0x000000070df00000, 0x000000070e000000|  0%| F|  |TS  0|AC  0|TAMS 0x000000070df00000, 0x000000070df00000|
|  14|0x000000070e000000, 0x000000070e000000, 0x000000070e100000|  0%| F|  |TS  0|AC  0|TAMS 0x000000070e000000, 0x000000070e000000|
|  15|0x000000070e100000, 0x000000070e100000, 0x000000070e200000|  0%| F|  |TS  0|AC  0|TAMS 0x000000070e100000, 0x000000070e100000|
|  16|0x000000070e200000, 0x000000070e200000, 0x000000070e300000|  0%| F|  |TS  0|AC  0|TAMS 0x000000070e200000, 0x000000070e200000|
|  17|0x000000070e300000, 0x000000070e300000, 0x000000070e400000|  0%| F|  |TS  0|AC  0|TAMS 0x000000070e300000, 0x000000070e300000|
|  18|0x000000070e400000, 0x000000070e400000, 0x000000070e500000|  0%| F|  |TS  0|AC  0|TAMS 0x000000070e400000, 0x000000070e400000|
|  19|0x000000070e500000, 0x000000070e500000, 0x000000070e600000|  0%| F|  |TS  0|AC  0|TAMS 0x000000070e500000, 0x000000070e500000|
|  20|0x000000070e600000, 0x000000070e600000, 0x000000070e700000|  0%| F|  |TS  0|AC  0|TAMS 0x000000070e600000, 0x000000070e600000|
|  21|0x000000070e700000, 0x000000070e700000, 0x000000070e800000|  0%| F|  |TS  0|AC  0|TAMS 0x000000070e700000, 0x000000070e700000|
|  22|0x000000070e800000, 0x000000070e800000, 0x000000070e900000|  0%| F|  |TS  0|AC  0|TAMS 0x000000070e800000, 0x000000070e800000|
|  23|0x000000070e900000, 0x000000070e900000, 0x000000070ea00000|  0%| F|  |TS  0|AC  0|TAMS 0x000000070e900000, 0x000000070e900000|
|  24|0x000000070ea00000, 0x000000070ea00000, 0x000000070eb00000|  0%| F|  |TS  0|AC  0|TAMS 0x000000070ea00000, 0x000000070ea00000|
|  25|0x000000070eb00000, 0x000000070eb00000, 0x000000070ec00000|  0%| F|  |TS  0|AC  0|TAMS 0x000000070eb00000, 0x000000070eb00000|
|  26|0x000000070ec00000, 0x000000070ec00000, 0x000000070ed00000|  0%| F|  |TS  0|AC  0|TAMS 0x000000070ec00000, 0x000000070ec00000|
|  27|0x000000070ed00000, 0x000000070ed00000, 0x000000070ee00000|  0%| F|  |TS  0|AC  0|TAMS 0x000000070ed00000, 0x000000070ed00000|
|  28|0x000000070ee00000, 0x000000070ee00000, 0x000000070ef00000|  0%| F|  |TS  0|AC  0|TAMS 0x000000070ee00000, 0x000000070ee00000|
|  29|0x000000070ef00000, 0x000000070ef00000, 0x000000070f000000|  0%| F|  |TS  0|AC  0|TAMS 0x000000070ef00000, 0x000000070ef00000|
|  30|0x000000070f000000, 0x000000070f000000, 0x000000070f100000|  0%| F|  |TS  0|AC  0|TAMS 0x000000070f000000, 0x000000070f000000|
|  31|0x000000070f100000, 0x000000070f100000, 0x000000070f200000|  0%| F|  |TS  0|AC  0|TAMS 0x000000070f100000, 0x000000070f100000|
|  32|0x000000070f200000, 0x000000070f200000, 0x000000070f300000|  0%| F|  |TS  0|AC  0|TAMS 0x000000070f200000, 0x000000070f200000|
|  33|0x000000070f300000, 0x000000070f300000, 0x000000070f400000|  0%| F|  |TS  0|AC  0|TAMS 0x000000070f300000, 0x000000070f300000|
|  34|0x000000070f400000, 0x000000070f400000, 0x000000070f500000|  0%| F|  |TS  0|AC  0|TAMS 0x000000070f400000, 0x000000070f400000|
|  35|0x000000070f500000, 0x000000070f500000, 0x000000070f600000|  0%| F|  |TS  0|AC  0|TAMS 0x000000070f500000, 0x000000070f500000|
|  36|0x000000070f600000, 0x000000070f600000, 0x000000070f700000|  0%| F|  |TS  0|AC  0|TAMS 0x000000070f600000, 0x000000070f600000|
|  37|0x000000070f700000, 0x000000070f700000, 0x000000070f800000|  0%| F|  |TS  0|AC  0|TAMS 0x000000070f700000, 0x000000070f700000|
|  38|0x000000070f800000, 0x000000070f800000, 0x000000070f900000|  0%| F|  |TS  0|AC  0|TAMS 0x000000070f800000, 0x000000070f800000|
|  39|0x000000070f900000, 0x000000070f900000, 0x000000070fa00000|  0%| F|  |TS  0|AC  0|TAMS 0x000000070f900000, 0x000000070f900000|
|  40|0x000000070fa00000, 0x000000070fa00000, 0x000000070fb00000|  0%| F|  |TS  0|AC  0|TAMS 0x000000070fa00000, 0x000000070fa00000|
|  41|0x000000070fb00000, 0x000000070fb00000, 0x000000070fc00000|  0%| F|  |TS  0|AC  0|TAMS 0x000000070fb00000, 0x000000070fb00000|
|  42|0x000000070fc00000, 0x000000070fc00000, 0x000000070fd00000|  0%| F|  |TS  0|AC  0|TAMS 0x000000070fc00000, 0x000000070fc00000|
|  43|0x000000070fd00000, 0x000000070fd00000, 0x000000070fe00000|  0%| F|  |TS  0|AC  0|TAMS 0x000000070fd00000, 0x000000070fd00000|
|  44|0x000000070fe00000, 0x000000070fe00000, 0x000000070ff00000|  0%| F|  |TS  0|AC  0|TAMS 0x000000070fe00000, 0x000000070fe00000|
|  45|0x000000070ff00000, 0x000000070ff00000, 0x0000000710000000|  0%| F|  |TS  0|AC  0|TAMS 0x000000070ff00000, 0x000000070ff00000|
|  46|0x0000000710000000, 0x0000000710000000, 0x0000000710100000|  0%| F|  |TS  0|AC  0|TAMS 0x0000000710000000, 0x0000000710000000|
|  47|0x0000000710100000, 0x0000000710100000, 0x0000000710200000|  0%| F|  |TS  0|AC  0|TAMS 0x0000000710100000, 0x0000000710100000|
|  48|0x0000000710200000, 0x0000000710200000, 0x0000000710300000|  0%| F|  |TS  0|AC  0|TAMS 0x0000000710200000, 0x0000000710200000|
|  49|0x0000000710300000, 0x0000000710300000, 0x0000000710400000|  0%| F|  |TS  0|AC  0|TAMS 0x0000000710300000, 0x0000000710300000|
|  50|0x0000000710400000, 0x0000000710400000, 0x0000000710500000|  0%| F|  |TS  0|AC  0|TAMS 0x0000000710400000, 0x0000000710400000|
|  51|0x0000000710500000, 0x0000000710500000, 0x0000000710600000|  0%| F|  |TS  0|AC  0|TAMS 0x0000000710500000, 0x0000000710500000|
|  52|0x0000000710600000, 0x0000000710600000, 0x0000000710700000|  0%| F|  |TS  0|AC  0|TAMS 0x0000000710600000, 0x0000000710600000|
|  53|0x0000000710700000, 0x0000000710700000, 0x0000000710800000|  0%| F|  |TS  0|AC  0|TAMS 0x0000000710700000, 0x0000000710700000|
|  54|0x0000000710800000, 0x0000000710800000, 0x0000000710900000|  0%| F|  |TS  0|AC  0|TAMS 0x0000000710800000, 0x0000000710800000|
|  55|0x0000000710900000, 0x0000000710900000, 0x0000000710a00000|  0%| F|  |TS  0|AC  0|TAMS 0x0000000710900000, 0x0000000710900000|
|  56|0x0000000710a00000, 0x0000000710a00000, 0x0000000710b00000|  0%| F|  |TS  0|AC  0|TAMS 0x0000000710a00000, 0x0000000710a00000|
|  57|0x0000000710b00000, 0x0000000710b00000, 0x0000000710c00000|  0%| F|  |TS  0|AC  0|TAMS 0x0000000710b00000, 0x0000000710b00000|
|  58|0x0000000710c00000, 0x0000000710c00000, 0x0000000710d00000|  0%| F|  |TS  0|AC  0|TAMS 0x0000000710c00000, 0x0000000710c00000|
|  59|0x0000000710d00000, 0x0000000710d00000, 0x0000000710e00000|  0%| F|  |TS  0|AC  0|TAMS 0x0000000710d00000, 0x0000000710d00000|
|  60|0x0000000710e00000, 0x0000000710e00000, 0x0000000710f00000|  0%| F|  |TS  0|AC  0|TAMS 0x0000000710e00000, 0x0000000710e00000|
|  61|0x0000000710f00000, 0x0000000710f00000, 0x0000000711000000|  0%| F|  |TS  0|AC  0|TAMS 0x0000000710f00000, 0x0000000710f00000|
|  62|0x0000000711000000, 0x0000000711000000, 0x0000000711100000|  0%| F|  |TS  0|AC  0|TAMS 0x0000000711000000, 0x0000000711000000|
|  63|0x0000000711100000, 0x0000000711100000, 0x0000000711200000|  0%| F|  |TS  0|AC  0|TAMS 0x0000000711100000, 0x0000000711100000|
|  64|0x0000000711200000, 0x0000000711200000, 0x0000000711300000|  0%| F|  |TS  0|AC  0|TAMS 0x0000000711200000, 0x0000000711200000|
|  65|0x0000000711300000, 0x0000000711300000, 0x0000000711400000|  0%| F|  |TS  0|AC  0|TAMS 0x0000000711300000, 0x0000000711300000|
|  66|0x0000000711400000, 0x0000000711400000, 0x0000000711500000|  0%| F|  |TS  0|AC  0|TAMS 0x0000000711400000, 0x0000000711400000|
|  67|0x0000000711500000, 0x0000000711500000, 0x0000000711600000|  0%| F|  |TS  0|AC  0|TAMS 0x0000000711500000, 0x0000000711500000|
|  68|0x0000000711600000, 0x0000000711600000, 0x0000000711700000|  0%| F|  |TS  0|AC  0|TAMS 0x0000000711600000, 0x0000000711600000|
|  69|0x0000000711700000, 0x0000000711700000, 0x0000000711800000|  0%| F|  |TS  0|AC  0|TAMS 0x0000000711700000, 0x0000000711700000|
|  70|0x0000000711800000, 0x0000000711800000, 0x0000000711900000|  0%| F|  |TS  0|AC  0|TAMS 0x0000000711800000, 0x0000000711800000|
|  71|0x0000000711900000, 0x0000000711900000, 0x0000000711a00000|  0%| F|  |TS  0|AC  0|TAMS 0x0000000711900000, 0x0000000711900000|
|  72|0x0000000711a00000, 0x0000000711a00000, 0x0000000711b00000|  0%| F|  |TS  0|AC  0|TAMS 0x0000000711a00000, 0x0000000711a00000|
|  73|0x0000000711b00000, 0x0000000711b00000, 0x0000000711c00000|  0%| F|  |TS  0|AC  0|TAMS 0x0000000711b00000, 0x0000000711b00000|
|  74|0x0000000711c00000, 0x0000000711c00000, 0x0000000711d00000|  0%| F|  |TS  0|AC  0|TAMS 0x0000000711c00000, 0x0000000711c00000|
|  75|0x0000000711d00000, 0x0000000711d00000, 0x0000000711e00000|  0%| F|  |TS  0|AC  0|TAMS 0x0000000711d00000, 0x0000000711d00000|
|  76|0x0000000711e00000, 0x0000000711e00000, 0x0000000711f00000|  0%| F|  |TS  0|AC  0|TAMS 0x0000000711e00000, 0x0000000711e00000|
|  77|0x0000000711f00000, 0x0000000711f00000, 0x0000000712000000|  0%| F|  |TS  0|AC  0|TAMS 0x0000000711f00000, 0x0000000711f00000|
|  78|0x0000000712000000, 0x0000000712000000, 0x0000000712100000|  0%| F|  |TS  0|AC  0|TAMS 0x0000000712000000, 0x0000000712000000|
|  79|0x0000000712100000, 0x0000000712100000, 0x0000000712200000|  0%| F|  |TS  0|AC  0|TAMS 0x0000000712100000, 0x0000000712100000|
|  80|0x0000000712200000, 0x0000000712200000, 0x0000000712300000|  0%| F|  |TS  0|AC  0|TAMS 0x0000000712200000, 0x0000000712200000|
|  81|0x0000000712300000, 0x0000000712300000, 0x0000000712400000|  0%| F|  |TS  0|AC  0|TAMS 0x0000000712300000, 0x0000000712300000|
|  82|0x0000000712400000, 0x0000000712400000, 0x0000000712500000|  0%| F|  |TS  0|AC  0|TAMS 0x0000000712400000, 0x0000000712400000|
|  83|0x0000000712500000, 0x0000000712500000, 0x0000000712600000|  0%| F|  |TS  0|AC  0|TAMS 0x0000000712500000, 0x0000000712500000|
|  84|0x0000000712600000, 0x0000000712600000, 0x0000000712700000|  0%| F|  |TS  0|AC  0|TAMS 0x0000000712600000, 0x0000000712600000|
|  85|0x0000000712700000, 0x0000000712700000, 0x0000000712800000|  0%| F|  |TS  0|AC  0|TAMS 0x0000000712700000, 0x0000000712700000|
|  86|0x0000000712800000, 0x0000000712800000, 0x0000000712900000|  0%| F|  |TS  0|AC  0|TAMS 0x0000000712800000, 0x0000000712800000|
|  87|0x0000000712900000, 0x0000000712900000, 0x0000000712a00000|  0%| F|  |TS  0|AC  0|TAMS 0x0000000712900000, 0x0000000712900000|
|  88|0x0000000712a00000, 0x0000000712a00000, 0x0000000712b00000|  0%| F|  |TS  0|AC  0|TAMS 0x0000000712a00000, 0x0000000712a00000|
|  89|0x0000000712b00000, 0x0000000712b00000, 0x0000000712c00000|  0%| F|  |TS  0|AC  0|TAMS 0x0000000712b00000, 0x0000000712b00000|
|  90|0x0000000712c00000, 0x0000000712c00000, 0x0000000712d00000|  0%| F|  |TS  0|AC  0|TAMS 0x0000000712c00000, 0x0000000712c00000|
|  91|0x0000000712d00000, 0x0000000712d00000, 0x0000000712e00000|  0%| F|  |TS  0|AC  0|TAMS 0x0000000712d00000, 0x0000000712d00000|
|  92|0x0000000712e00000, 0x0000000712e00000, 0x0000000712f00000|  0%| F|  |TS  0|AC  0|TAMS 0x0000000712e00000, 0x0000000712e00000|
|  93|0x0000000712f00000, 0x0000000712f00000, 0x0000000713000000|  0%| F|  |TS  0|AC  0|TAMS 0x0000000712f00000, 0x0000000712f00000|
|  94|0x0000000713000000, 0x0000000713000000, 0x0000000713100000|  0%| F|  |TS  0|AC  0|TAMS 0x0000000713000000, 0x0000000713000000|
|  95|0x0000000713100000, 0x0000000713100000, 0x0000000713200000|  0%| F|  |TS  0|AC  0|TAMS 0x0000000713100000, 0x0000000713100000|
|  96|0x0000000713200000, 0x0000000713200000, 0x0000000713300000|  0%| F|  |TS  0|AC  0|TAMS 0x0000000713200000, 0x0000000713200000|
|  97|0x0000000713300000, 0x0000000713300000, 0x0000000713400000|  0%| F|  |TS  0|AC  0|TAMS 0x0000000713300000, 0x0000000713300000|
|  98|0x0000000713400000, 0x0000000713400000, 0x0000000713500000|  0%| F|  |TS  0|AC  0|TAMS 0x0000000713400000, 0x0000000713400000|
|  99|0x0000000713500000, 0x0000000713500000, 0x0000000713600000|  0%| F|  |TS  0|AC  0|TAMS 0x0000000713500000, 0x0000000713500000|
| 100|0x0000000713600000, 0x0000000713600000, 0x0000000713700000|  0%| F|  |TS  0|AC  0|TAMS 0x0000000713600000, 0x0000000713600000|
| 101|0x0000000713700000, 0x0000000713700000, 0x0000000713800000|  0%| F|  |TS  0|AC  0|TAMS 0x0000000713700000, 0x0000000713700000|
| 102|0x0000000713800000, 0x0000000713800000, 0x0000000713900000|  0%| F|  |TS  0|AC  0|TAMS 0x0000000713800000, 0x0000000713800000|
| 103|0x0000000713900000, 0x0000000713900000, 0x0000000713a00000|  0%| F|  |TS  0|AC  0|TAMS 0x0000000713900000, 0x0000000713900000|
| 104|0x0000000713a00000, 0x0000000713a00000, 0x0000000713b00000|  0%| F|  |TS  0|AC  0|TAMS 0x0000000713a00000, 0x0000000713a00000|
| 105|0x0000000713b00000, 0x0000000713b00000, 0x0000000713c00000|  0%| F|  |TS  0|AC  0|TAMS 0x0000000713b00000, 0x0000000713b00000|
| 106|0x0000000713c00000, 0x0000000713c00000, 0x0000000713d00000|  0%| F|  |TS  0|AC  0|TAMS 0x0000000713c00000, 0x0000000713c00000|
| 107|0x0000000713d00000, 0x0000000713d00000, 0x0000000713e00000|  0%| F|  |TS  0|AC  0|TAMS 0x0000000713d00000, 0x0000000713d00000|
| 108|0x0000000713e00000, 0x0000000713e00000, 0x0000000713f00000|  0%| F|  |TS  0|AC  0|TAMS 0x0000000713e00000, 0x0000000713e00000|
| 109|0x0000000713f00000, 0x0000000713f00000, 0x0000000714000000|  0%| F|  |TS  0|AC  0|TAMS 0x0000000713f00000, 0x0000000713f00000|
| 110|0x0000000714000000, 0x0000000714000000, 0x0000000714100000|  0%| F|  |TS  0|AC  0|TAMS 0x0000000714000000, 0x0000000714000000|
| 111|0x0000000714100000, 0x0000000714100000, 0x0000000714200000|  0%| F|  |TS  0|AC  0|TAMS 0x0000000714100000, 0x0000000714100000|
| 112|0x0000000714200000, 0x0000000714200000, 0x0000000714300000|  0%| F|  |TS  0|AC  0|TAMS 0x0000000714200000, 0x0000000714200000|
| 113|0x0000000714300000, 0x0000000714300000, 0x0000000714400000|  0%| F|  |TS  0|AC  0|TAMS 0x0000000714300000, 0x0000000714300000|
| 114|0x0000000714400000, 0x0000000714400000, 0x0000000714500000|  0%| F|  |TS  0|AC  0|TAMS 0x0000000714400000, 0x0000000714400000|
| 115|0x0000000714500000, 0x0000000714500000, 0x0000000714600000|  0%| F|  |TS  0|AC  0|TAMS 0x0000000714500000, 0x0000000714500000|
| 116|0x0000000714600000, 0x0000000714600000, 0x0000000714700000|  0%| F|  |TS  0|AC  0|TAMS 0x0000000714600000, 0x0000000714600000|
| 117|0x0000000714700000, 0x0000000714700000, 0x0000000714800000|  0%| F|  |TS  0|AC  0|TAMS 0x0000000714700000, 0x0000000714700000|
| 118|0x0000000714800000, 0x0000000714800000, 0x0000000714900000|  0%| F|  |TS  0|AC  0|TAMS 0x0000000714800000, 0x0000000714800000|
| 119|0x0000000714900000, 0x0000000714900000, 0x0000000714a00000|  0%| F|  |TS  0|AC  0|TAMS 0x0000000714900000, 0x0000000714900000|
| 120|0x0000000714a00000, 0x0000000714a00000, 0x0000000714b00000|  0%| F|  |TS  0|AC  0|TAMS 0x0000000714a00000, 0x0000000714a00000|
| 121|0x0000000714b00000, 0x0000000714b00000, 0x0000000714c00000|  0%| F|  |TS  0|AC  0|TAMS 0x0000000714b00000, 0x0000000714b00000|
| 122|0x0000000714c00000, 0x0000000714c00000, 0x0000000714d00000|  0%| F|  |TS  0|AC  0|TAMS 0x0000000714c00000, 0x0000000714c00000|
| 123|0x0000000714d00000, 0x0000000714d00000, 0x0000000714e00000|  0%| F|  |TS  0|AC  0|TAMS 0x0000000714d00000, 0x0000000714d00000|
| 124|0x0000000714e00000, 0x0000000714e00000, 0x0000000714f00000|  0%| F|  |TS  0|AC  0|TAMS 0x0000000714e00000, 0x0000000714e00000|
| 125|0x0000000714f00000, 0x0000000714f00000, 0x0000000715000000|  0%| F|  |TS  0|AC  0|TAMS 0x0000000714f00000, 0x0000000714f00000|
| 126|0x0000000715000000, 0x0000000715000000, 0x0000000715100000|  0%| F|  |TS  0|AC  0|TAMS 0x0000000715000000, 0x0000000715000000|
| 127|0x0000000715100000, 0x0000000715100000, 0x0000000715200000|  0%| F|  |TS  0|AC  0|TAMS 0x0000000715100000, 0x0000000715100000|
| 128|0x0000000715200000, 0x0000000715200000, 0x0000000715300000|  0%| F|  |TS  0|AC  0|TAMS 0x0000000715200000, 0x0000000715200000|
| 129|0x0000000715300000, 0x0000000715300000, 0x0000000715400000|  0%| F|  |TS  0|AC  0|TAMS 0x0000000715300000, 0x0000000715300000|
| 130|0x0000000715400000, 0x0000000715400000, 0x0000000715500000|  0%| F|  |TS  0|AC  0|TAMS 0x0000000715400000, 0x0000000715400000|
| 131|0x0000000715500000, 0x0000000715500000, 0x0000000715600000|  0%| F|  |TS  0|AC  0|TAMS 0x0000000715500000, 0x0000000715500000|
| 132|0x0000000715600000, 0x0000000715600000, 0x0000000715700000|  0%| F|  |TS  0|AC  0|TAMS 0x0000000715600000, 0x0000000715600000|
| 133|0x0000000715700000, 0x0000000715700000, 0x0000000715800000|  0%| F|  |TS  0|AC  0|TAMS 0x0000000715700000, 0x0000000715700000|
| 134|0x0000000715800000, 0x0000000715800000, 0x0000000715900000|  0%| F|  |TS  0|AC  0|TAMS 0x0000000715800000, 0x0000000715800000|
| 135|0x0000000715900000, 0x0000000715900000, 0x0000000715a00000|  0%| F|  |TS  0|AC  0|TAMS 0x0000000715900000, 0x0000000715900000|
| 136|0x0000000715a00000, 0x0000000715a00000, 0x0000000715b00000|  0%| F|  |TS  0|AC  0|TAMS 0x0000000715a00000, 0x0000000715a00000|
| 137|0x0000000715b00000, 0x0000000715b00000, 0x0000000715c00000|  0%| F|  |TS  0|AC  0|TAMS 0x0000000715b00000, 0x0000000715b00000|
| 138|0x0000000715c00000, 0x0000000715c00000, 0x0000000715d00000|  0%| F|  |TS  0|AC  0|TAMS 0x0000000715c00000, 0x0000000715c00000|
| 139|0x0000000715d00000, 0x0000000715d00000, 0x0000000715e00000|  0%| F|  |TS  0|AC  0|TAMS 0x0000000715d00000, 0x0000000715d00000|
| 140|0x0000000715e00000, 0x0000000715e00000, 0x0000000715f00000|  0%| F|  |TS  0|AC  0|TAMS 0x0000000715e00000, 0x0000000715e00000|
| 141|0x0000000715f00000, 0x0000000715f00000, 0x0000000716000000|  0%| F|  |TS  0|AC  0|TAMS 0x0000000715f00000, 0x0000000715f00000|
| 142|0x0000000716000000, 0x0000000716000000, 0x0000000716100000|  0%| F|  |TS  0|AC  0|TAMS 0x0000000716000000, 0x0000000716000000|
| 143|0x0000000716100000, 0x0000000716100000, 0x0000000716200000|  0%| F|  |TS  0|AC  0|TAMS 0x0000000716100000, 0x0000000716100000|
| 144|0x0000000716200000, 0x0000000716200000, 0x0000000716300000|  0%| F|  |TS  0|AC  0|TAMS 0x0000000716200000, 0x0000000716200000|
| 145|0x0000000716300000, 0x0000000716300000, 0x0000000716400000|  0%| F|  |TS  0|AC  0|TAMS 0x0000000716300000, 0x0000000716300000|
| 146|0x0000000716400000, 0x0000000716400000, 0x0000000716500000|  0%| F|  |TS  0|AC  0|TAMS 0x0000000716400000, 0x0000000716400000|
| 147|0x0000000716500000, 0x0000000716500000, 0x0000000716600000|  0%| F|  |TS  0|AC  0|TAMS 0x0000000716500000, 0x0000000716500000|
| 148|0x0000000716600000, 0x0000000716600000, 0x0000000716700000|  0%| F|  |TS  0|AC  0|TAMS 0x0000000716600000, 0x0000000716600000|
| 149|0x0000000716700000, 0x0000000716700000, 0x0000000716800000|  0%| F|  |TS  0|AC  0|TAMS 0x0000000716700000, 0x0000000716700000|
| 150|0x0000000716800000, 0x0000000716800000, 0x0000000716900000|  0%| F|  |TS  0|AC  0|TAMS 0x0000000716800000, 0x0000000716800000|
| 151|0x0000000716900000, 0x0000000716900000, 0x0000000716a00000|  0%| F|  |TS  0|AC  0|TAMS 0x0000000716900000, 0x0000000716900000|
| 152|0x0000000716a00000, 0x0000000716a00000, 0x0000000716b00000|  0%| F|  |TS  0|AC  0|TAMS 0x0000000716a00000, 0x0000000716a00000|
| 153|0x0000000716b00000, 0x0000000716b00000, 0x0000000716c00000|  0%| F|  |TS  0|AC  0|TAMS 0x0000000716b00000, 0x0000000716b00000|
| 154|0x0000000716c00000, 0x0000000716c00000, 0x0000000716d00000|  0%| F|  |TS  0|AC  0|TAMS 0x0000000716c00000, 0x0000000716c00000|
| 155|0x0000000716d00000, 0x0000000716d00000, 0x0000000716e00000|  0%| F|  |TS  0|AC  0|TAMS 0x0000000716d00000, 0x0000000716d00000|
| 156|0x0000000716e00000, 0x0000000716e00000, 0x0000000716f00000|  0%| F|  |TS  0|AC  0|TAMS 0x0000000716e00000, 0x0000000716e00000|
| 157|0x0000000716f00000, 0x0000000716f00000, 0x0000000717000000|  0%| F|  |TS  0|AC  0|TAMS 0x0000000716f00000, 0x0000000716f00000|
| 158|0x0000000717000000, 0x0000000717000000, 0x0000000717100000|  0%| F|  |TS  0|AC  0|TAMS 0x0000000717000000, 0x0000000717000000|
| 159|0x0000000717100000, 0x0000000717100000, 0x0000000717200000|  0%| F|  |TS  0|AC  0|TAMS 0x0000000717100000, 0x0000000717100000|
| 160|0x0000000717200000, 0x0000000717200000, 0x0000000717300000|  0%| F|  |TS  0|AC  0|TAMS 0x0000000717200000, 0x0000000717200000|
| 161|0x0000000717300000, 0x0000000717300000, 0x0000000717400000|  0%| F|  |TS  0|AC  0|TAMS 0x0000000717300000, 0x0000000717300000|
| 162|0x0000000717400000, 0x0000000717400000, 0x0000000717500000|  0%| F|  |TS  0|AC  0|TAMS 0x0000000717400000, 0x0000000717400000|
| 163|0x0000000717500000, 0x0000000717500000, 0x0000000717600000|  0%| F|  |TS  0|AC  0|TAMS 0x0000000717500000, 0x0000000717500000|
| 164|0x0000000717600000, 0x0000000717600000, 0x0000000717700000|  0%| F|  |TS  0|AC  0|TAMS 0x0000000717600000, 0x0000000717600000|
| 165|0x0000000717700000, 0x0000000717700000, 0x0000000717800000|  0%| F|  |TS  0|AC  0|TAMS 0x0000000717700000, 0x0000000717700000|
| 166|0x0000000717800000, 0x0000000717800000, 0x0000000717900000|  0%| F|  |TS  0|AC  0|TAMS 0x0000000717800000, 0x0000000717800000|
| 167|0x0000000717900000, 0x0000000717900000, 0x0000000717a00000|  0%| F|  |TS  0|AC  0|TAMS 0x0000000717900000, 0x0000000717900000|
| 168|0x0000000717a00000, 0x0000000717a00000, 0x0000000717b00000|  0%| F|  |TS  0|AC  0|TAMS 0x0000000717a00000, 0x0000000717a00000|
| 169|0x0000000717b00000, 0x0000000717b00000, 0x0000000717c00000|  0%| F|  |TS  0|AC  0|TAMS 0x0000000717b00000, 0x0000000717b00000|
| 170|0x0000000717c00000, 0x0000000717c8fe28, 0x0000000717d00000| 56%| E|  |TS  0|AC  0|TAMS 0x0000000717c00000, 0x0000000717c00000|
| 171|0x0000000717d00000, 0x0000000717e00000, 0x0000000717e00000|100%| E|CS|TS  0|AC  0|TAMS 0x0000000717d00000, 0x0000000717d00000|
| 172|0x0000000717e00000, 0x0000000717f00000, 0x0000000717f00000|100%| E|CS|TS  0|AC  0|TAMS 0x0000000717e00000, 0x0000000717e00000|
| 173|0x0000000717f00000, 0x0000000718000000, 0x0000000718000000|100%| E|CS|TS  0|AC  0|TAMS 0x0000000717f00000, 0x0000000717f00000|
| 174|0x0000000718000000, 0x0000000718100000, 0x0000000718100000|100%| E|CS|TS  0|AC  0|TAMS 0x0000000718000000, 0x0000000718000000|
| 175|0x0000000718100000, 0x0000000718200000, 0x0000000718200000|100%| E|CS|TS  0|AC  0|TAMS 0x0000000718100000, 0x0000000718100000|
| 176|0x0000000718200000, 0x0000000718300000, 0x0000000718300000|100%| E|CS|TS  0|AC  0|TAMS 0x0000000718200000, 0x0000000718200000|
| 177|0x0000000718300000, 0x0000000718400000, 0x0000000718400000|100%| E|CS|TS  0|AC  0|TAMS 0x0000000718300000, 0x0000000718300000|
| 178|0x0000000718400000, 0x0000000718500000, 0x0000000718500000|100%| E|CS|TS  0|AC  0|TAMS 0x0000000718400000, 0x0000000718400000|
| 179|0x0000000718500000, 0x0000000718600000, 0x0000000718600000|100%| E|CS|TS  0|AC  0|TAMS 0x0000000718500000, 0x0000000718500000|

Card table byte_map: [0x00007fa3e6c38000,0x00007fa3e71cf000] byte_map_base: 0x00007fa3e33cf000

Marking Bits (Prev, Next): (CMBitMap*) 0x00007fa41806cb70, (CMBitMap*) 0x00007fa41806cba8
 Prev Bits: [0x00007fa3d1348000, 0x00007fa3d4000000)
 Next Bits: [0x00007fa3ce690000, 0x00007fa3d1348000)

Polling page: 0x00007fa41eac5000

CodeHeap 'non-profiled nmethods': size=120032Kb used=137Kb max_used=137Kb free=119895Kb
 bounds [0x00007fa404561000, 0x00007fa4047d1000, 0x00007fa40ba99000]
CodeHeap 'profiled nmethods': size=120032Kb used=915Kb max_used=915Kb free=119116Kb
 bounds [0x00007fa3fd029000, 0x00007fa3fd299000, 0x00007fa404561000]
CodeHeap 'non-nmethods': size=5696Kb used=1440Kb max_used=1452Kb free=4255Kb
 bounds [0x00007fa3fca99000, 0x00007fa3fcd09000, 0x00007fa3fd029000]
 total_blobs=1398 nmethods=520 adapters=682
 compilation: enabled

Compilation events (10 events):
Event: 0.531 Thread 0x00007fa4181ce800 nmethod 506 0x00007fa3fd0f5f10 code [0x00007fa3fd0f60e0, 0x00007fa3fd0f6358]
Event: 0.531 Thread 0x00007fa4181ce800  507       3       java.net.URLStreamHandler::parseURL (1201 bytes)
Event: 0.532 Thread 0x00007fa4181cc800  509 %     4       java.lang.StringLatin1::indexOf @ 14 (121 bytes)
Event: 0.540 Thread 0x00007fa4181ca800  510       4       java.lang.StringLatin1::inflate (34 bytes)
Event: 0.546 Thread 0x00007fa4181cc800 nmethod 509% 0x00007fa404581a90 code [0x00007fa404581c40, 0x00007fa404582058]
Event: 0.549 Thread 0x00007fa4181ca800 nmethod 510 0x00007fa404582210 code [0x00007fa4045823a0, 0x00007fa4045825d8]
Event: 0.549 Thread 0x00007fa4181cc800  511       4       java.lang.CharacterData::of (120 bytes)
Event: 0.550 Thread 0x00007fa4181cc800 nmethod 511 0x00007fa404582690 code [0x00007fa404582820, 0x00007fa404582898]
Event: 0.568 Thread 0x00007fa4181ca800  519       4       jdk.internal.jimage.ImageStringsReader::unmaskedHashCode (173 bytes)
Event: 0.572 Thread 0x00007fa4181ca800 nmethod 519 0x00007fa404582910 code [0x00007fa404582ac0, 0x00007fa404582c68]

GC Heap History (0 events):
No events

Deoptimization events (3 events):
Event: 0.172 Thread 0x00007fa418014800 Uncommon trap: reason=range_check action=reinterpret pc=0x00007fa4045646d0 method=java.lang.StringLatin1.indexOf([BII)I @ 13 c2
Event: 0.278 Thread 0x00007fa418444800 Uncommon trap: reason=unstable_if action=reinterpret pc=0x00007fa404564d6c method=java.net.URI.match(CJJ)Z @ 19 c2
Event: 0.279 Thread 0x00007fa418444800 Uncommon trap: reason=unstable_if action=reinterpret pc=0x00007fa40456339c method=java.lang.String.charAt(I)C @ 4 c2

Classes redefined (0 events):
No events

Internal exceptions (9 events):
Event: 0.282 Thread 0x00007fa418014800 Exception <a 'java/lang/NoSuchMethodError'{0x00000007181eff18}: java.lang.Object.lambda$static$0(Ljava/lang/String;)Ljava/lang/Boolean;> (0x00000007181eff18) thrown at [/scratch/opt/mach5/mesos/work_dir/slaves/5af44a71-976a-41b7-81de-5773b84ec572-S39643/f
Event: 0.315 Thread 0x00007fa418014800 Exception <a 'java/lang/NoSuchMethodError'{0x00000007180caa20}: java.lang.Object.lambda$union$2(Ljava/util/regex/Pattern$CharPredicate;I)Z> (0x00000007180caa20) thrown at [/scratch/opt/mach5/mesos/work_dir/slaves/5af44a71-976a-41b7-81de-5773b84ec572-S3964
Event: 0.319 Thread 0x00007fa418014800 Exception <a 'java/lang/NoSuchMethodError'{0x00000007180e7280}: java.lang.invoke.DirectMethodHandle$Holder.invokeStatic(Ljava/lang/Object;Ljava/lang/Object;)I> (0x00000007180e7280) thrown at [/scratch/opt/mach5/mesos/work_dir/slaves/5af44a71-976a-41b7-81d
Event: 0.321 Thread 0x00007fa418014800 Exception <a 'java/lang/NoSuchMethodError'{0x00000007180f76d0}: method resolution failed> (0x00000007180f76d0) thrown at [/scratch/opt/mach5/mesos/work_dir/slaves/5af44a71-976a-41b7-81de-5773b84ec572-S39643/frameworks/1735e8a2-a1db-478c-8104-60c8b0af87dd-
Event: 0.321 Thread 0x00007fa418014800 Exception <a 'java/lang/NoSuchMethodError'{0x00000007180fb388}: method resolution failed> (0x00000007180fb388) thrown at [/scratch/opt/mach5/mesos/work_dir/slaves/5af44a71-976a-41b7-81de-5773b84ec572-S39643/frameworks/1735e8a2-a1db-478c-8104-60c8b0af87dd-
Event: 0.322 Thread 0x00007fa418014800 Exception <a 'java/lang/NoSuchMethodError'{0x00000007180fe888}: java.lang.invoke.DelegatingMethodHandle$Holder.delegate(Ljava/lang/Object;Ljava/lang/Object;ILjava/lang/Object;)V> (0x00000007180fe888) thrown at [/scratch/opt/mach5/mesos/work_dir/slaves/5af
Event: 0.322 Thread 0x00007fa418014800 Exception <a 'java/lang/NoSuchMethodError'{0x0000000717f028e0}: java.lang.invoke.DirectMethodHandle$Holder.invokeSpecial(Ljava/lang/Object;Ljava/lang/Object;Ljava/lang/Object;)I> (0x0000000717f028e0) thrown at [/scratch/opt/mach5/mesos/work_dir/slaves/5af
Event: 0.324 Thread 0x00007fa418014800 Exception <a 'java/lang/NoSuchMethodError'{0x0000000717f09940}: java.lang.invoke.DirectMethodHandle$Holder.invokeStaticInit(Ljava/lang/Object;Ljava/lang/Object;Ljava/lang/Object;)Ljava/lang/Object;> (0x0000000717f09940) thrown at [/scratch/opt/mach5/mesos
Event: 0.572 Thread 0x00007fa418014800 Exception <a 'sun/nio/fs/UnixException'{0x0000000717c770e8}> (0x0000000717c770e8) thrown at [/scratch/opt/mach5/mesos/work_dir/slaves/5af44a71-976a-41b7-81de-5773b84ec572-S39643/frameworks/1735e8a2-a1db-478c-8104-60c8b0af87dd-0196/executors/a3f74ad9-294f-

Events (10 events):
Event: 0.572 loading class java/nio/file/NoSuchFileException
Event: 0.572 loading class java/nio/file/FileSystemException
Event: 0.573 loading class java/nio/file/FileSystemException done
Event: 0.573 loading class java/nio/file/NoSuchFileException done
Event: 0.573 loading class org/lwjgl/opengl/GL$2
Event: 0.573 loading class org/lwjgl/opengl/GL$2 done
Event: 0.573 loading class org/lwjgl/opengl/GL$SharedLibraryGL
Event: 0.573 loading class org/lwjgl/opengl/GL$SharedLibraryGL done
Event: 0.574 loading class org/lwjgl/system/SharedLibrary$Delegate
Event: 0.574 loading class org/lwjgl/system/SharedLibrary$Delegate done


Dynamic libraries:
00400000-00401000 r-xp 00000000 00:31 2364271                            /home/mihai/Programs/jdk-9.0.4/bin/java
00600000-00601000 rw-p 00000000 00:31 2364271                            /home/mihai/Programs/jdk-9.0.4/bin/java
009a1000-009c2000 rw-p 00000000 00:00 0                                  [heap]
70d200000-718600000 rw-p 00000000 00:00 0 
718600000-7c0000000 ---p 00000000 00:00 0 
7c0000000-7c00e0000 rw-p 00000000 00:00 0 
7c00e0000-800000000 ---p 00000000 00:00 0 
7fa38de0a000-7fa38e009000 rw-p 00000000 00:00 0 
7fa38e009000-7fa38e074000 r-xp 00000000 08:05 3159716                    /tmp/lwjglmihai/3.1.5-build-1/liblwjgl_opengl.so
7fa38e074000-7fa38e273000 ---p 0006b000 08:05 3159716                    /tmp/lwjglmihai/3.1.5-build-1/liblwjgl_opengl.so
7fa38e273000-7fa38e274000 r--p 0006a000 08:05 3159716                    /tmp/lwjglmihai/3.1.5-build-1/liblwjgl_opengl.so
7fa38e274000-7fa38e275000 rw-p 0006b000 08:05 3159716                    /tmp/lwjglmihai/3.1.5-build-1/liblwjgl_opengl.so
7fa38e275000-7fa38f626000 rw-p 00000000 00:00 0 
7fa38f626000-7fa38f65d000 r-xp 00000000 08:05 2500754                    /usr/lib/x86_64-linux-gnu/libtxc_dxtn_s2tc.so.0.0.0
7fa38f65d000-7fa38f85c000 ---p 00037000 08:05 2500754                    /usr/lib/x86_64-linux-gnu/libtxc_dxtn_s2tc.so.0.0.0
7fa38f85c000-7fa38f85d000 r--p 00036000 08:05 2500754                    /usr/lib/x86_64-linux-gnu/libtxc_dxtn_s2tc.so.0.0.0
7fa38f85d000-7fa38f85e000 rw-p 00037000 08:05 2500754                    /usr/lib/x86_64-linux-gnu/libtxc_dxtn_s2tc.so.0.0.0
7fa38f85e000-7fa38f866000 r-xp 00000000 08:05 2500510                    /usr/lib/x86_64-linux-gnu/libpciaccess.so.0.11.1
7fa38f866000-7fa38fa66000 ---p 00008000 08:05 2500510                    /usr/lib/x86_64-linux-gnu/libpciaccess.so.0.11.1
7fa38fa66000-7fa38fa67000 r--p 00008000 08:05 2500510                    /usr/lib/x86_64-linux-gnu/libpciaccess.so.0.11.1
7fa38fa67000-7fa38fa68000 rw-p 00009000 08:05 2500510                    /usr/lib/x86_64-linux-gnu/libpciaccess.so.0.11.1
7fa38fa68000-7fa38fa7e000 r-xp 00000000 08:05 1577579                    /lib/x86_64-linux-gnu/libgcc_s.so.1
7fa38fa7e000-7fa38fc7d000 ---p 00016000 08:05 1577579                    /lib/x86_64-linux-gnu/libgcc_s.so.1
7fa38fc7d000-7fa38fc7e000 rw-p 00015000 08:05 1577579                    /lib/x86_64-linux-gnu/libgcc_s.so.1
7fa38fc7e000-7fa38fdf0000 r-xp 00000000 08:05 2491992                    /usr/lib/x86_64-linux-gnu/libstdc++.so.6.0.21
7fa38fdf0000-7fa38fff0000 ---p 00172000 08:05 2491992                    /usr/lib/x86_64-linux-gnu/libstdc++.so.6.0.21
7fa38fff0000-7fa38fffa000 r--p 00172000 08:05 2491992                    /usr/lib/x86_64-linux-gnu/libstdc++.so.6.0.21
7fa38fffa000-7fa38fffc000 rw-p 0017c000 08:05 2491992                    /usr/lib/x86_64-linux-gnu/libstdc++.so.6.0.21
7fa38fffc000-7fa390000000 rw-p 00000000 00:00 0 
7fa390000000-7fa390021000 rw-p 00000000 00:00 0 
7fa390021000-7fa394000000 ---p 00000000 00:00 0 
7fa394042000-7fa394171000 rw-p 00000000 00:00 0 
7fa394171000-7fa39417c000 r-xp 00000000 08:05 2495909                    /usr/lib/x86_64-linux-gnu/libdrm_radeon.so.1.0.1
7fa39417c000-7fa39437b000 ---p 0000b000 08:05 2495909                    /usr/lib/x86_64-linux-gnu/libdrm_radeon.so.1.0.1
7fa39437b000-7fa39437c000 r--p 0000a000 08:05 2495909                    /usr/lib/x86_64-linux-gnu/libdrm_radeon.so.1.0.1
7fa39437c000-7fa39437d000 rw-p 0000b000 08:05 2495909                    /usr/lib/x86_64-linux-gnu/libdrm_radeon.so.1.0.1
7fa39437d000-7fa394384000 r-xp 00000000 08:05 2495913                    /usr/lib/x86_64-linux-gnu/libdrm_nouveau.so.2.0.0
7fa394384000-7fa394583000 ---p 00007000 08:05 2495913                    /usr/lib/x86_64-linux-gnu/libdrm_nouveau.so.2.0.0
7fa394583000-7fa394584000 r--p 00006000 08:05 2495913                    /usr/lib/x86_64-linux-gnu/libdrm_nouveau.so.2.0.0
7fa394584000-7fa394585000 rw-p 00007000 08:05 2495913                    /usr/lib/x86_64-linux-gnu/libdrm_nouveau.so.2.0.0
7fa394585000-7fa3945a7000 r-xp 00000000 08:05 2495905                    /usr/lib/x86_64-linux-gnu/libdrm_intel.so.1.0.0
7fa3945a7000-7fa3947a7000 ---p 00022000 08:05 2495905                    /usr/lib/x86_64-linux-gnu/libdrm_intel.so.1.0.0
7fa3947a7000-7fa3947a8000 r--p 00022000 08:05 2495905                    /usr/lib/x86_64-linux-gnu/libdrm_intel.so.1.0.0
7fa3947a8000-7fa3947a9000 rw-p 00023000 08:05 2495905                    /usr/lib/x86_64-linux-gnu/libdrm_intel.so.1.0.0
7fa3947a9000-7fa394fd7000 r-xp 00000000 08:05 2753571                    /usr/lib/x86_64-linux-gnu/dri/i965_dri.so
7fa394fd7000-7fa3951d6000 ---p 0082e000 08:05 2753571                    /usr/lib/x86_64-linux-gnu/dri/i965_dri.so
7fa3951d6000-7fa395226000 r--p 0082d000 08:05 2753571                    /usr/lib/x86_64-linux-gnu/dri/i965_dri.so
7fa395226000-7fa39522f000 rw-p 0087d000 08:05 2753571                    /usr/lib/x86_64-linux-gnu/dri/i965_dri.so
7fa39522f000-7fa395296000 rw-p 00000000 00:00 0 
7fa395296000-7fa3952a6000 r-xp 00000000 08:05 2495919                    /usr/lib/x86_64-linux-gnu/libdrm.so.2.4.0
7fa3952a6000-7fa3954a5000 ---p 00010000 08:05 2495919                    /usr/lib/x86_64-linux-gnu/libdrm.so.2.4.0
7fa3954a5000-7fa3954a6000 r--p 0000f000 08:05 2495919                    /usr/lib/x86_64-linux-gnu/libdrm.so.2.4.0
7fa3954a6000-7fa3954a7000 rw-p 00010000 08:05 2495919                    /usr/lib/x86_64-linux-gnu/libdrm.so.2.4.0
7fa3954a7000-7fa3954ab000 r-xp 00000000 08:05 2500921                    /usr/lib/x86_64-linux-gnu/libxcb-dri2.so.0.0.0
7fa3954ab000-7fa3956aa000 ---p 00004000 08:05 2500921                    /usr/lib/x86_64-linux-gnu/libxcb-dri2.so.0.0.0
7fa3956aa000-7fa3956ab000 r--p 00003000 08:05 2500921                    /usr/lib/x86_64-linux-gnu/libxcb-dri2.so.0.0.0
7fa3956ab000-7fa3956ac000 rw-p 00004000 08:05 2500921                    /usr/lib/x86_64-linux-gnu/libxcb-dri2.so.0.0.0
7fa3956ac000-7fa3956c3000 r-xp 00000000 08:05 2500925                    /usr/lib/x86_64-linux-gnu/libxcb-glx.so.0.0.0
7fa3956c3000-7fa3958c2000 ---p 00017000 08:05 2500925                    /usr/lib/x86_64-linux-gnu/libxcb-glx.so.0.0.0
7fa3958c2000-7fa3958c4000 r--p 00016000 08:05 2500925                    /usr/lib/x86_64-linux-gnu/libxcb-glx.so.0.0.0
7fa3958c4000-7fa3958c5000 rw-p 00018000 08:05 2500925                    /usr/lib/x86_64-linux-gnu/libxcb-glx.so.0.0.0
7fa3958c5000-7fa3958c7000 r-xp 00000000 08:05 2499544                    /usr/lib/x86_64-linux-gnu/libXdamage.so.1.1.0
7fa3958c7000-7fa395ac6000 ---p 00002000 08:05 2499544                    /usr/lib/x86_64-linux-gnu/libXdamage.so.1.1.0
7fa395ac6000-7fa395ac7000 r--p 00001000 08:05 2499544                    /usr/lib/x86_64-linux-gnu/libXdamage.so.1.1.0
7fa395ac7000-7fa395ac8000 rw-p 00002000 08:05 2499544                    /usr/lib/x86_64-linux-gnu/libXdamage.so.1.1.0
7fa395ac8000-7fa395af3000 r-xp 00000000 08:05 2491028                    /usr/lib/x86_64-linux-gnu/libglapi.so.0.0.0
7fa395af3000-7fa395cf2000 ---p 0002b000 08:05 2491028                    /usr/lib/x86_64-linux-gnu/libglapi.so.0.0.0
7fa395cf2000-7fa395cf6000 r--p 0002a000 08:05 2491028                    /usr/lib/x86_64-linux-gnu/libglapi.so.0.0.0
7fa395cf6000-7fa395cf7000 rw-p 0002e000 08:05 2491028                    /usr/lib/x86_64-linux-gnu/libglapi.so.0.0.0
7fa395cf7000-7fa395cf8000 rw-p 00000000 00:00 0 
7fa395cf8000-7fa395cf9000 r-xp 00000000 08:05 2500965                    /usr/lib/x86_64-linux-gnu/libxshmfence.so.1.0.0
7fa395cf9000-7fa395ef9000 ---p 00001000 08:05 2500965                    /usr/lib/x86_64-linux-gnu/libxshmfence.so.1.0.0
7fa395ef9000-7fa395efa000 r--p 00001000 08:05 2500965                    /usr/lib/x86_64-linux-gnu/libxshmfence.so.1.0.0
7fa395efa000-7fa395efb000 rw-p 00002000 08:05 2500965                    /usr/lib/x86_64-linux-gnu/libxshmfence.so.1.0.0
7fa395efb000-7fa395f00000 r-xp 00000000 08:05 2500945                    /usr/lib/x86_64-linux-gnu/libxcb-sync.so.1.0.0
7fa395f00000-7fa396100000 ---p 00005000 08:05 2500945                    /usr/lib/x86_64-linux-gnu/libxcb-sync.so.1.0.0
7fa396100000-7fa396101000 r--p 00005000 08:05 2500945                    /usr/lib/x86_64-linux-gnu/libxcb-sync.so.1.0.0
7fa396101000-7fa396102000 rw-p 00006000 08:05 2500945                    /usr/lib/x86_64-linux-gnu/libxcb-sync.so.1.0.0
7fa396102000-7fa396104000 r-xp 00000000 08:05 2500933                    /usr/lib/x86_64-linux-gnu/libxcb-present.so.0.0.0
7fa396104000-7fa396303000 ---p 00002000 08:05 2500933                    /usr/lib/x86_64-linux-gnu/libxcb-present.so.0.0.0
7fa396303000-7fa396304000 r--p 00001000 08:05 2500933                    /usr/lib/x86_64-linux-gnu/libxcb-present.so.0.0.0
7fa396304000-7fa396305000 rw-p 00002000 08:05 2500933                    /usr/lib/x86_64-linux-gnu/libxcb-present.so.0.0.0
7fa396305000-7fa396307000 r-xp 00000000 08:05 2500923                    /usr/lib/x86_64-linux-gnu/libxcb-dri3.so.0.0.0
7fa396307000-7fa396506000 ---p 00002000 08:05 2500923                    /usr/lib/x86_64-linux-gnu/libxcb-dri3.so.0.0.0
7fa396506000-7fa396507000 r--p 00001000 08:05 2500923                    /usr/lib/x86_64-linux-gnu/libxcb-dri3.so.0.0.0
7fa396507000-7fa396508000 rw-p 00002000 08:05 2500923                    /usr/lib/x86_64-linux-gnu/libxcb-dri3.so.0.0.0
7fa396508000-7fa39652e000 r-xp 00000000 08:05 1577572                    /lib/x86_64-linux-gnu/libexpat.so.1.6.0
7fa39652e000-7fa39672e000 ---p 00026000 08:05 1577572                    /lib/x86_64-linux-gnu/libexpat.so.1.6.0
7fa39672e000-7fa396730000 r--p 00026000 08:05 1577572                    /lib/x86_64-linux-gnu/libexpat.so.1.6.0
7fa396730000-7fa396731000 rw-p 00028000 08:05 1577572                    /lib/x86_64-linux-gnu/libexpat.so.1.6.0
7fa396731000-7fa39679f000 r-xp 00000000 08:05 2754332                    /usr/lib/x86_64-linux-gnu/mesa/libGL.so.1.2.0
7fa39679f000-7fa39699f000 ---p 0006e000 08:05 2754332                    /usr/lib/x86_64-linux-gnu/mesa/libGL.so.1.2.0
7fa39699f000-7fa3969a2000 r--p 0006e000 08:05 2754332                    /usr/lib/x86_64-linux-gnu/mesa/libGL.so.1.2.0
7fa3969a2000-7fa3969a3000 rw-p 00071000 08:05 2754332                    /usr/lib/x86_64-linux-gnu/mesa/libGL.so.1.2.0
7fa3969a3000-7fa3969a4000 rw-p 00000000 00:00 0 
7fa3969a4000-7fa3969a5000 r-xp 00000000 08:05 2499529                    /usr/lib/x86_64-linux-gnu/libX11-xcb.so.1.0.0
7fa3969a5000-7fa396ba4000 ---p 00001000 08:05 2499529                    /usr/lib/x86_64-linux-gnu/libX11-xcb.so.1.0.0
7fa396ba4000-7fa396ba5000 r--p 00000000 08:05 2499529                    /usr/lib/x86_64-linux-gnu/libX11-xcb.so.1.0.0
7fa396ba5000-7fa396ba6000 rw-p 00001000 08:05 2499529                    /usr/lib/x86_64-linux-gnu/libX11-xcb.so.1.0.0
7fa396ba6000-7fa396ba8000 r-xp 00000000 08:05 2499560                    /usr/lib/x86_64-linux-gnu/libXinerama.so.1.0.0
7fa396ba8000-7fa396da7000 ---p 00002000 08:05 2499560                    /usr/lib/x86_64-linux-gnu/libXinerama.so.1.0.0
7fa396da7000-7fa396da8000 r--p 00001000 08:05 2499560                    /usr/lib/x86_64-linux-gnu/libXinerama.so.1.0.0
7fa396da8000-7fa396da9000 rw-p 00002000 08:05 2499560                    /usr/lib/x86_64-linux-gnu/libXinerama.so.1.0.0
7fa396da9000-7fa396dae000 r-xp 00000000 08:05 2499550                    /usr/lib/x86_64-linux-gnu/libXfixes.so.3.1.0
7fa396dae000-7fa396fad000 ---p 00005000 08:05 2499550                    /usr/lib/x86_64-linux-gnu/libXfixes.so.3.1.0
7fa396fad000-7fa396fae000 r--p 00004000 08:05 2499550                    /usr/lib/x86_64-linux-gnu/libXfixes.so.3.1.0
7fa396fae000-7fa396faf000 rw-p 00005000 08:05 2499550                    /usr/lib/x86_64-linux-gnu/libXfixes.so.3.1.0
7fa396faf000-7fa396fb8000 r-xp 00000000 08:05 2498445                    /usr/lib/x86_64-linux-gnu/libXcursor.so.1.0.2
7fa396fb8000-7fa3971b7000 ---p 00009000 08:05 2498445                    /usr/lib/x86_64-linux-gnu/libXcursor.so.1.0.2
7fa3971b7000-7fa3971b8000 r--p 00008000 08:05 2498445                    /usr/lib/x86_64-linux-gnu/libXcursor.so.1.0.2
7fa3971b8000-7fa3971b9000 rw-p 00009000 08:05 2498445                    /usr/lib/x86_64-linux-gnu/libXcursor.so.1.0.2
7fa3971b9000-7fa3971c2000 r-xp 00000000 08:05 2499570                    /usr/lib/x86_64-linux-gnu/libXrender.so.1.3.0
7fa3971c2000-7fa3973c1000 ---p 00009000 08:05 2499570                    /usr/lib/x86_64-linux-gnu/libXrender.so.1.3.0
7fa3973c1000-7fa3973c2000 r--p 00008000 08:05 2499570                    /usr/lib/x86_64-linux-gnu/libXrender.so.1.3.0
7fa3973c2000-7fa3973c3000 rw-p 00009000 08:05 2499570                    /usr/lib/x86_64-linux-gnu/libXrender.so.1.3.0
7fa3973c3000-7fa3973cd000 r-xp 00000000 08:05 2499568                    /usr/lib/x86_64-linux-gnu/libXrandr.so.2.2.0
7fa3973cd000-7fa3975cc000 ---p 0000a000 08:05 2499568                    /usr/lib/x86_64-linux-gnu/libXrandr.so.2.2.0
7fa3975cc000-7fa3975cd000 r--p 00009000 08:05 2499568                    /usr/lib/x86_64-linux-gnu/libXrandr.so.2.2.0
7fa3975cd000-7fa3975ce000 rw-p 0000a000 08:05 2499568                    /usr/lib/x86_64-linux-gnu/libXrandr.so.2.2.0
7fa3975ce000-7fa3975dd000 r-xp 00000000 08:05 2499558                    /usr/lib/x86_64-linux-gnu/libXi.so.6.1.0
7fa3975dd000-7fa3977dc000 ---p 0000f000 08:05 2499558                    /usr/lib/x86_64-linux-gnu/libXi.so.6.1.0
7fa3977dc000-7fa3977dd000 r--p 0000e000 08:05 2499558                    /usr/lib/x86_64-linux-gnu/libXi.so.6.1.0
7fa3977dd000-7fa3977de000 rw-p 0000f000 08:05 2499558                    /usr/lib/x86_64-linux-gnu/libXi.so.6.1.0
7fa3977de000-7fa3977ef000 r-xp 00000000 08:05 2499548                    /usr/lib/x86_64-linux-gnu/libXext.so.6.4.0
7fa3977ef000-7fa3979ee000 ---p 00011000 08:05 2499548                    /usr/lib/x86_64-linux-gnu/libXext.so.6.4.0
7fa3979ee000-7fa3979ef000 r--p 00010000 08:05 2499548                    /usr/lib/x86_64-linux-gnu/libXext.so.6.4.0
7fa3979ef000-7fa3979f0000 rw-p 00011000 08:05 2499548                    /usr/lib/x86_64-linux-gnu/libXext.so.6.4.0
7fa3979f0000-7fa3979f5000 r-xp 00000000 08:05 2499586                    /usr/lib/x86_64-linux-gnu/libXxf86vm.so.1.0.0
7fa3979f5000-7fa397bf4000 ---p 00005000 08:05 2499586                    /usr/lib/x86_64-linux-gnu/libXxf86vm.so.1.0.0
7fa397bf4000-7fa397bf5000 r--p 00004000 08:05 2499586                    /usr/lib/x86_64-linux-gnu/libXxf86vm.so.1.0.0
7fa397bf5000-7fa397bf6000 rw-p 00005000 08:05 2499586                    /usr/lib/x86_64-linux-gnu/libXxf86vm.so.1.0.0
7fa397bf6000-7fa397bfb000 r-xp 00000000 08:05 2499546                    /usr/lib/x86_64-linux-gnu/libXdmcp.so.6.0.0
7fa397bfb000-7fa397dfa000 ---p 00005000 08:05 2499546                    /usr/lib/x86_64-linux-gnu/libXdmcp.so.6.0.0
7fa397dfa000-7fa397dfb000 r--p 00004000 08:05 2499546                    /usr/lib/x86_64-linux-gnu/libXdmcp.so.6.0.0
7fa397dfb000-7fa397dfc000 rw-p 00005000 08:05 2499546                    /usr/lib/x86_64-linux-gnu/libXdmcp.so.6.0.0
7fa397dfc000-7fa397dfe000 r-xp 00000000 08:05 2499535                    /usr/lib/x86_64-linux-gnu/libXau.so.6.0.0
7fa397dfe000-7fa397ffe000 ---p 00002000 08:05 2499535                    /usr/lib/x86_64-linux-gnu/libXau.so.6.0.0
7fa397ffe000-7fa397fff000 r--p 00002000 08:05 2499535                    /usr/lib/x86_64-linux-gnu/libXau.so.6.0.0
7fa397fff000-7fa398000000 rw-p 00003000 08:05 2499535                    /usr/lib/x86_64-linux-gnu/libXau.so.6.0.0
7fa398000000-7fa398021000 rw-p 00000000 00:00 0 
7fa398021000-7fa39c000000 ---p 00000000 00:00 0 
7fa39c000000-7fa39c021000 rw-p 00000000 00:00 0 
7fa39c021000-7fa3a0000000 ---p 00000000 00:00 0 
7fa3a0000000-7fa3a0021000 rw-p 00000000 00:00 0 
7fa3a0021000-7fa3a4000000 ---p 00000000 00:00 0 
7fa3a4000000-7fa3a4021000 rw-p 00000000 00:00 0 
7fa3a4021000-7fa3a8000000 ---p 00000000 00:00 0 
7fa3a8000000-7fa3a80b2000 rw-p 00000000 00:00 0 
7fa3a80b2000-7fa3ac000000 ---p 00000000 00:00 0 
7fa3ac000000-7fa3ac4cc000 rw-p 00000000 00:00 0 
7fa3ac4cc000-7fa3b0000000 ---p 00000000 00:00 0 
7fa3b0000000-7fa3b0021000 rw-p 00000000 00:00 0 
7fa3b0021000-7fa3b4000000 ---p 00000000 00:00 0 
7fa3b4000000-7fa3b40b2000 rw-p 00000000 00:00 0 
7fa3b40b2000-7fa3b8000000 ---p 00000000 00:00 0 
7fa3b8000000-7fa3b8021000 rw-p 00000000 00:00 0 
7fa3b8021000-7fa3bc000000 ---p 00000000 00:00 0 
7fa3bc000000-7fa3bc021000 rw-p 00000000 00:00 0 
7fa3bc021000-7fa3c0000000 ---p 00000000 00:00 0 
7fa3c0000000-7fa3c0021000 rw-p 00000000 00:00 0 
7fa3c0021000-7fa3c4000000 ---p 00000000 00:00 0 
7fa3c4000000-7fa3c4021000 rw-p 00000000 00:00 0 
7fa3c4021000-7fa3c8000000 ---p 00000000 00:00 0 
7fa3c8000000-7fa3c8021000 rw-p 00000000 00:00 0 
7fa3c8021000-7fa3cc000000 ---p 00000000 00:00 0 
7fa3cc082000-7fa3cc0a3000 r-xp 00000000 08:05 2500953                    /usr/lib/x86_64-linux-gnu/libxcb.so.1.1.0
7fa3cc0a3000-7fa3cc2a2000 ---p 00021000 08:05 2500953                    /usr/lib/x86_64-linux-gnu/libxcb.so.1.1.0
7fa3cc2a2000-7fa3cc2a3000 r--p 00020000 08:05 2500953                    /usr/lib/x86_64-linux-gnu/libxcb.so.1.1.0
7fa3cc2a3000-7fa3cc2a4000 rw-p 00021000 08:05 2500953                    /usr/lib/x86_64-linux-gnu/libxcb.so.1.1.0
7fa3cc2a4000-7fa3cc3d9000 r-xp 00000000 08:05 2499531                    /usr/lib/x86_64-linux-gnu/libX11.so.6.3.0
7fa3cc3d9000-7fa3cc5d9000 ---p 00135000 08:05 2499531                    /usr/lib/x86_64-linux-gnu/libX11.so.6.3.0
7fa3cc5d9000-7fa3cc5da000 r--p 00135000 08:05 2499531                    /usr/lib/x86_64-linux-gnu/libX11.so.6.3.0
7fa3cc5da000-7fa3cc5de000 rw-p 00136000 08:05 2499531                    /usr/lib/x86_64-linux-gnu/libX11.so.6.3.0
7fa3cc5de000-7fa3cc60d000 r-xp 00000000 08:05 3159715                    /tmp/lwjglmihai/3.1.5-build-1/libglfw.so
7fa3cc60d000-7fa3cc80c000 ---p 0002f000 08:05 3159715                    /tmp/lwjglmihai/3.1.5-build-1/libglfw.so
7fa3cc80c000-7fa3cc80d000 r--p 0002e000 08:05 3159715                    /tmp/lwjglmihai/3.1.5-build-1/libglfw.so
7fa3cc80d000-7fa3cc80e000 rw-p 0002f000 08:05 3159715                    /tmp/lwjglmihai/3.1.5-build-1/libglfw.so
7fa3cc80e000-7fa3cc82f000 rw-p 00000000 00:00 0 
7fa3cc82f000-7fa3cc882000 r-xp 00000000 08:05 3159714                    /tmp/lwjglmihai/3.1.5-build-1/liblwjgl.so
7fa3cc882000-7fa3cca81000 ---p 00053000 08:05 3159714                    /tmp/lwjglmihai/3.1.5-build-1/liblwjgl.so
7fa3cca81000-7fa3cca82000 r--p 00052000 08:05 3159714                    /tmp/lwjglmihai/3.1.5-build-1/liblwjgl.so
7fa3cca82000-7fa3cca83000 rw-p 00053000 08:05 3159714                    /tmp/lwjglmihai/3.1.5-build-1/liblwjgl.so
7fa3cca83000-7fa3cca84000 ---p 00000000 00:00 0 
7fa3cca84000-7fa3ccb84000 rw-p 00000000 00:00 0 
7fa3ccb84000-7fa3ccb88000 ---p 00000000 00:00 0 
7fa3ccb88000-7fa3ccc85000 rw-p 00000000 00:00 0 
7fa3ccc85000-7fa3ccc89000 ---p 00000000 00:00 0 
7fa3ccc89000-7fa3ccd86000 rw-p 00000000 00:00 0 
7fa3ccd86000-7fa3ccd8a000 ---p 00000000 00:00 0 
7fa3ccd8a000-7fa3cce87000 rw-p 00000000 00:00 0 
7fa3cce87000-7fa3cce9d000 r-xp 00000000 00:31 2896431                    /home/mihai/Programs/jdk-9.0.4/lib/libnet.so
7fa3cce9d000-7fa3cd09d000 ---p 00016000 00:31 2896431                    /home/mihai/Programs/jdk-9.0.4/lib/libnet.so
7fa3cd09d000-7fa3cd09e000 rw-p 00016000 00:31 2896431                    /home/mihai/Programs/jdk-9.0.4/lib/libnet.so
7fa3cd09e000-7fa3cd0ae000 r-xp 00000000 00:31 2896432                    /home/mihai/Programs/jdk-9.0.4/lib/libnio.so
7fa3cd0ae000-7fa3cd2ae000 ---p 00010000 00:31 2896432                    /home/mihai/Programs/jdk-9.0.4/lib/libnio.so
7fa3cd2ae000-7fa3cd2af000 rw-p 00010000 00:31 2896432                    /home/mihai/Programs/jdk-9.0.4/lib/libnio.so
7fa3cd2af000-7fa3cd2b3000 ---p 00000000 00:00 0 
7fa3cd2b3000-7fa3cd3b0000 rw-p 00000000 00:00 0 
7fa3cd3b0000-7fa3cd3b4000 ---p 00000000 00:00 0 
7fa3cd3b4000-7fa3cd4b1000 rw-p 00000000 00:00 0 
7fa3cd4b1000-7fa3cd4b5000 ---p 00000000 00:00 0 
7fa3cd4b5000-7fa3cd5b2000 rw-p 00000000 00:00 0 
7fa3cd5b2000-7fa3cd5b6000 ---p 00000000 00:00 0 
7fa3cd5b6000-7fa3cd6b3000 rw-p 00000000 00:00 0 
7fa3cd6b3000-7fa3cd6b7000 ---p 00000000 00:00 0 
7fa3cd6b7000-7fa3cd7b4000 rw-p 00000000 00:00 0 
7fa3cd7b4000-7fa3cda8c000 r--p 00000000 08:05 2518691                    /usr/lib/locale/locale-archive
7fa3cda8c000-7fa3cda90000 ---p 00000000 00:00 0 
7fa3cda90000-7fa3cdb8d000 rw-p 00000000 00:00 0 
7fa3cdb8d000-7fa3cdb91000 ---p 00000000 00:00 0 
7fa3cdb91000-7fa3cdc8e000 rw-p 00000000 00:00 0 
7fa3cdc8e000-7fa3cdc8f000 ---p 00000000 00:00 0 
7fa3cdc8f000-7fa3ce58f000 rw-p 00000000 00:00 0 
7fa3ce58f000-7fa3ce960000 rw-p 00000000 00:00 0 
7fa3ce960000-7fa3d1348000 ---p 00000000 00:00 0 
7fa3d1348000-7fa3d1618000 rw-p 00000000 00:00 0 
7fa3d1618000-7fa3d4000000 ---p 00000000 00:00 0 
7fa3d4000000-7fa3d4021000 rw-p 00000000 00:00 0 
7fa3d4021000-7fa3d8000000 ---p 00000000 00:00 0 
7fa3d8000000-7fa3d8021000 rw-p 00000000 00:00 0 
7fa3d8021000-7fa3dc000000 ---p 00000000 00:00 0 
7fa3dc000000-7fa3dc021000 rw-p 00000000 00:00 0 
7fa3dc021000-7fa3e0000000 ---p 00000000 00:00 0 
7fa3e0000000-7fa3e0021000 rw-p 00000000 00:00 0 
7fa3e0021000-7fa3e4000000 ---p 00000000 00:00 0 
7fa3e40e9000-7fa3e43ec000 rw-p 00000000 00:00 0 
7fa3e43ec000-7fa3e63ec000 rwxp 00000000 00:00 0 
7fa3e63ec000-7fa3e63ed000 ---p 00000000 00:00 0 
7fa3e63ed000-7fa3e64ed000 rw-p 00000000 00:00 0 
7fa3e64ed000-7fa3e64ee000 ---p 00000000 00:00 0 
7fa3e64ee000-7fa3e66fb000 rw-p 00000000 00:00 0 
7fa3e66fb000-7fa3e6c38000 ---p 00000000 00:00 0 
7fa3e6c38000-7fa3e6c92000 rw-p 00000000 00:00 0 
7fa3e6c92000-7fa3e7766000 ---p 00000000 00:00 0 
7fa3e7766000-7fa3e77c0000 rw-p 00000000 00:00 0 
7fa3e77c0000-7fa3e7cfd000 ---p 00000000 00:00 0 
7fa3e7cfd000-7fa3e7cfe000 ---p 00000000 00:00 0 
7fa3e7cfe000-7fa3e7dfe000 rw-p 00000000 00:00 0 
7fa3e7dfe000-7fa3e7dff000 ---p 00000000 00:00 0 
7fa3e7dff000-7fa3e7eff000 rw-p 00000000 00:00 0 
7fa3e7eff000-7fa3e7f00000 ---p 00000000 00:00 0 
7fa3e7f00000-7fa3e8000000 rw-p 00000000 00:00 0 
7fa3e8000000-7fa3e8021000 rw-p 00000000 00:00 0 
7fa3e8021000-7fa3ec000000 ---p 00000000 00:00 0 
7fa3ec000000-7fa3ec021000 rw-p 00000000 00:00 0 
7fa3ec021000-7fa3f0000000 ---p 00000000 00:00 0 
7fa3f0000000-7fa3f0021000 rw-p 00000000 00:00 0 
7fa3f0021000-7fa3f4000000 ---p 00000000 00:00 0 
7fa3f4000000-7fa3f4021000 rw-p 00000000 00:00 0 
7fa3f4021000-7fa3f8000000 ---p 00000000 00:00 0 
7fa3f8000000-7fa3f8021000 rw-p 00000000 00:00 0 
7fa3f8021000-7fa3fc000000 ---p 00000000 00:00 0 
7fa3fc019000-7fa3fc08f000 rw-p 00000000 00:00 0 
7fa3fc08f000-7fa3fc090000 ---p 00000000 00:00 0 
7fa3fc090000-7fa3fc190000 rw-p 00000000 00:00 0 
7fa3fc190000-7fa3fc191000 ---p 00000000 00:00 0 
7fa3fc191000-7fa3fc695000 rw-p 00000000 00:00 0 
7fa3fc695000-7fa3fc696000 ---p 00000000 00:00 0 
7fa3fc696000-7fa3fc796000 rw-p 00000000 00:00 0 
7fa3fc796000-7fa3fc797000 ---p 00000000 00:00 0 
7fa3fc797000-7fa3fc897000 rw-p 00000000 00:00 0 
7fa3fc897000-7fa3fc898000 ---p 00000000 00:00 0 
7fa3fc898000-7fa3fc998000 rw-p 00000000 00:00 0 
7fa3fc998000-7fa3fc999000 ---p 00000000 00:00 0 
7fa3fc999000-7fa3fca99000 rw-p 00000000 00:00 0 
7fa3fca99000-7fa3fcd09000 rwxp 00000000 00:00 0 
7fa3fcd09000-7fa3fd029000 ---p 00000000 00:00 0 
7fa3fd029000-7fa3fd299000 rwxp 00000000 00:00 0 
7fa3fd299000-7fa404561000 ---p 00000000 00:00 0 
7fa404561000-7fa4047d1000 rwxp 00000000 00:00 0 
7fa4047d1000-7fa40ba99000 ---p 00000000 00:00 0 
7fa40ba99000-7fa416f56000 r--s 00000000 00:31 2896448                    /home/mihai/Programs/jdk-9.0.4/lib/modules
7fa416f56000-7fa416f70000 r-xp 00000000 00:31 2896421                    /home/mihai/Programs/jdk-9.0.4/lib/libjimage.so
7fa416f70000-7fa41716f000 ---p 0001a000 00:31 2896421                    /home/mihai/Programs/jdk-9.0.4/lib/libjimage.so
7fa41716f000-7fa417171000 rw-p 00019000 00:31 2896421                    /home/mihai/Programs/jdk-9.0.4/lib/libjimage.so
7fa417171000-7fa417183000 rw-p 00000000 00:00 0 
7fa417183000-7fa41718a000 r-xp 00000000 00:31 2896447                    /home/mihai/Programs/jdk-9.0.4/lib/libzip.so
7fa41718a000-7fa417389000 ---p 00007000 00:31 2896447                    /home/mihai/Programs/jdk-9.0.4/lib/libzip.so
7fa417389000-7fa41738a000 rw-p 00006000 00:31 2896447                    /home/mihai/Programs/jdk-9.0.4/lib/libzip.so
7fa41738a000-7fa417395000 r-xp 00000000 08:05 1573108                    /lib/x86_64-linux-gnu/libnss_files-2.23.so
7fa417395000-7fa417594000 ---p 0000b000 08:05 1573108                    /lib/x86_64-linux-gnu/libnss_files-2.23.so
7fa417594000-7fa417595000 r--p 0000a000 08:05 1573108                    /lib/x86_64-linux-gnu/libnss_files-2.23.so
7fa417595000-7fa417596000 rw-p 0000b000 08:05 1573108                    /lib/x86_64-linux-gnu/libnss_files-2.23.so
7fa417596000-7fa41759c000 rw-p 00000000 00:00 0 
7fa41759c000-7fa4175a7000 r-xp 00000000 08:05 1573112                    /lib/x86_64-linux-gnu/libnss_nis-2.23.so
7fa4175a7000-7fa4177a6000 ---p 0000b000 08:05 1573112                    /lib/x86_64-linux-gnu/libnss_nis-2.23.so
7fa4177a6000-7fa4177a7000 r--p 0000a000 08:05 1573112                    /lib/x86_64-linux-gnu/libnss_nis-2.23.so
7fa4177a7000-7fa4177a8000 rw-p 0000b000 08:05 1573112                    /lib/x86_64-linux-gnu/libnss_nis-2.23.so
7fa4177a8000-7fa4177be000 r-xp 00000000 08:05 1573092                    /lib/x86_64-linux-gnu/libnsl-2.23.so
7fa4177be000-7fa4179bd000 ---p 00016000 08:05 1573092                    /lib/x86_64-linux-gnu/libnsl-2.23.so
7fa4179bd000-7fa4179be000 r--p 00015000 08:05 1573092                    /lib/x86_64-linux-gnu/libnsl-2.23.so
7fa4179be000-7fa4179bf000 rw-p 00016000 08:05 1573092                    /lib/x86_64-linux-gnu/libnsl-2.23.so
7fa4179bf000-7fa4179c1000 rw-p 00000000 00:00 0 
7fa4179c1000-7fa4179c9000 r-xp 00000000 08:05 1573103                    /lib/x86_64-linux-gnu/libnss_compat-2.23.so
7fa4179c9000-7fa417bc8000 ---p 00008000 08:05 1573103                    /lib/x86_64-linux-gnu/libnss_compat-2.23.so
7fa417bc8000-7fa417bc9000 r--p 00007000 08:05 1573103                    /lib/x86_64-linux-gnu/libnss_compat-2.23.so
7fa417bc9000-7fa417bca000 rw-p 00008000 08:05 1573103                    /lib/x86_64-linux-gnu/libnss_compat-2.23.so
7fa417bca000-7fa417bd4000 r-xp 00000000 00:31 2896404                    /home/mihai/Programs/jdk-9.0.4/lib/libinstrument.so
7fa417bd4000-7fa417dd3000 ---p 0000a000 00:31 2896404                    /home/mihai/Programs/jdk-9.0.4/lib/libinstrument.so
7fa417dd3000-7fa417dd4000 rw-p 00009000 00:31 2896404                    /home/mihai/Programs/jdk-9.0.4/lib/libinstrument.so
7fa417dd4000-7fa417dff000 r-xp 00000000 00:31 2896409                    /home/mihai/Programs/jdk-9.0.4/lib/libjava.so
7fa417dff000-7fa417ffe000 ---p 0002b000 00:31 2896409                    /home/mihai/Programs/jdk-9.0.4/lib/libjava.so
7fa417ffe000-7fa418000000 rw-p 0002a000 00:31 2896409                    /home/mihai/Programs/jdk-9.0.4/lib/libjava.so
7fa418000000-7fa418973000 rw-p 00000000 00:00 0 
7fa418973000-7fa41c000000 ---p 00000000 00:00 0 
7fa41c013000-7fa41c018000 rw-p 00000000 00:00 0 
7fa41c018000-7fa41c0fe000 ---p 00000000 00:00 0 
7fa41c0fe000-7fa41c103000 rw-p 00000000 00:00 0 
7fa41c103000-7fa41c1e9000 ---p 00000000 00:00 0 
7fa41c1e9000-7fa41c1f6000 r-xp 00000000 00:31 2896446                    /home/mihai/Programs/jdk-9.0.4/lib/libverify.so
7fa41c1f6000-7fa41c3f5000 ---p 0000d000 00:31 2896446                    /home/mihai/Programs/jdk-9.0.4/lib/libverify.so
7fa41c3f5000-7fa41c3f7000 rw-p 0000c000 00:31 2896446                    /home/mihai/Programs/jdk-9.0.4/lib/libverify.so
7fa41c3f7000-7fa41c3fe000 r-xp 00000000 08:05 1573113                    /lib/x86_64-linux-gnu/librt-2.23.so
7fa41c3fe000-7fa41c5fd000 ---p 00007000 08:05 1573113                    /lib/x86_64-linux-gnu/librt-2.23.so
7fa41c5fd000-7fa41c5fe000 r--p 00006000 08:05 1573113                    /lib/x86_64-linux-gnu/librt-2.23.so
7fa41c5fe000-7fa41c5ff000 rw-p 00007000 08:05 1573113                    /lib/x86_64-linux-gnu/librt-2.23.so
7fa41c5ff000-7fa41c707000 r-xp 00000000 08:05 1573091                    /lib/x86_64-linux-gnu/libm-2.23.so
7fa41c707000-7fa41c906000 ---p 00108000 08:05 1573091                    /lib/x86_64-linux-gnu/libm-2.23.so
7fa41c906000-7fa41c907000 r--p 00107000 08:05 1573091                    /lib/x86_64-linux-gnu/libm-2.23.so
7fa41c907000-7fa41c908000 rw-p 00108000 08:05 1573091                    /lib/x86_64-linux-gnu/libm-2.23.so
7fa41c908000-7fa41d91d000 r-xp 00000000 00:31 2896469                    /home/mihai/Programs/jdk-9.0.4/lib/server/libjvm.so
7fa41d91d000-7fa41db1c000 ---p 01015000 00:31 2896469                    /home/mihai/Programs/jdk-9.0.4/lib/server/libjvm.so
7fa41db1c000-7fa41dbed000 r--p 01014000 00:31 2896469                    /home/mihai/Programs/jdk-9.0.4/lib/server/libjvm.so
7fa41dbed000-7fa41dc24000 rw-p 010e5000 00:31 2896469                    /home/mihai/Programs/jdk-9.0.4/lib/server/libjvm.so
7fa41dc24000-7fa41dc8d000 rw-p 00000000 00:00 0 
7fa41dc8d000-7fa41de4d000 r-xp 00000000 08:05 1573095                    /lib/x86_64-linux-gnu/libc-2.23.so
7fa41de4d000-7fa41e04d000 ---p 001c0000 08:05 1573095                    /lib/x86_64-linux-gnu/libc-2.23.so
7fa41e04d000-7fa41e051000 r--p 001c0000 08:05 1573095                    /lib/x86_64-linux-gnu/libc-2.23.so
7fa41e051000-7fa41e053000 rw-p 001c4000 08:05 1573095                    /lib/x86_64-linux-gnu/libc-2.23.so
7fa41e053000-7fa41e057000 rw-p 00000000 00:00 0 
7fa41e057000-7fa41e05a000 r-xp 00000000 08:05 1573097                    /lib/x86_64-linux-gnu/libdl-2.23.so
7fa41e05a000-7fa41e259000 ---p 00003000 08:05 1573097                    /lib/x86_64-linux-gnu/libdl-2.23.so
7fa41e259000-7fa41e25a000 r--p 00002000 08:05 1573097                    /lib/x86_64-linux-gnu/libdl-2.23.so
7fa41e25a000-7fa41e25b000 rw-p 00003000 08:05 1573097                    /lib/x86_64-linux-gnu/libdl-2.23.so
7fa41e25b000-7fa41e269000 r-xp 00000000 00:31 3429993                    /home/mihai/Programs/jdk-9.0.4/lib/jli/libjli.so
7fa41e269000-7fa41e469000 ---p 0000e000 00:31 3429993                    /home/mihai/Programs/jdk-9.0.4/lib/jli/libjli.so
7fa41e469000-7fa41e46a000 rw-p 0000e000 00:31 3429993                    /home/mihai/Programs/jdk-9.0.4/lib/jli/libjli.so
7fa41e46a000-7fa41e482000 r-xp 00000000 08:05 1573094                    /lib/x86_64-linux-gnu/libpthread-2.23.so
7fa41e482000-7fa41e681000 ---p 00018000 08:05 1573094                    /lib/x86_64-linux-gnu/libpthread-2.23.so
7fa41e681000-7fa41e682000 r--p 00017000 08:05 1573094                    /lib/x86_64-linux-gnu/libpthread-2.23.so
7fa41e682000-7fa41e683000 rw-p 00018000 08:05 1573094                    /lib/x86_64-linux-gnu/libpthread-2.23.so
7fa41e683000-7fa41e687000 rw-p 00000000 00:00 0 
7fa41e687000-7fa41e6a0000 r-xp 00000000 08:05 1577732                    /lib/x86_64-linux-gnu/libz.so.1.2.8
7fa41e6a0000-7fa41e89f000 ---p 00019000 08:05 1577732                    /lib/x86_64-linux-gnu/libz.so.1.2.8
7fa41e89f000-7fa41e8a0000 r--p 00018000 08:05 1577732                    /lib/x86_64-linux-gnu/libz.so.1.2.8
7fa41e8a0000-7fa41e8a1000 rw-p 00019000 08:05 1577732                    /lib/x86_64-linux-gnu/libz.so.1.2.8
7fa41e8a1000-7fa41e8c7000 r-xp 00000000 08:05 1573093                    /lib/x86_64-linux-gnu/ld-2.23.so
7fa41e8d2000-7fa41e8d4000 r-xp 00000000 00:00 0 
7fa41e8d4000-7fa41e8dc000 rw-s 00000000 00:05 462580                     /drm mm object (deleted)
7fa41e8dc000-7fa41e8dd000 rw-s 00000000 00:05 462574                     /memfd:xshmfence (deleted)
7fa41e8dd000-7fa41e8de000 rw-s 00000000 00:05 462572                     /drm mm object (deleted)
7fa41e8de000-7fa41e8e6000 rw-s 00000000 00:05 462570                     /drm mm object (deleted)
7fa41e8e6000-7fa41e9a1000 rw-p 00000000 00:00 0 
7fa41e9a1000-7fa41e9a6000 ---p 00000000 00:00 0 
7fa41e9a6000-7fa41eaa7000 rw-p 00000000 00:00 0 
7fa41eaa7000-7fa41eaa8000 r--p 00000000 08:05 3280744                    /usr/share/locale-langpack/en_GB/LC_MESSAGES/libc.mo
7fa41eaa8000-7fa41eaaf000 r--s 00000000 08:05 2762232                    /usr/lib/x86_64-linux-gnu/gconv/gconv-modules.cache
7fa41eaaf000-7fa41eab5000 rw-p 00000000 00:00 0 
7fa41eab5000-7fa41eabc000 ---p 00000000 00:00 0 
7fa41eabc000-7fa41eac4000 rw-s 00000000 08:05 2899053                    /tmp/hsperfdata_mihai/19966
7fa41eac4000-7fa41eac5000 rw-p 00000000 00:00 0 
7fa41eac5000-7fa41eac6000 r--p 00000000 00:00 0 
7fa41eac6000-7fa41eac7000 r--p 00025000 08:05 1573093                    /lib/x86_64-linux-gnu/ld-2.23.so
7fa41eac7000-7fa41eac8000 rw-p 00026000 08:05 1573093                    /lib/x86_64-linux-gnu/ld-2.23.so
7fa41eac8000-7fa41eac9000 rw-p 00000000 00:00 0 
7ffd7ad7b000-7ffd7ad9d000 rw-p 00000000 00:00 0                          [stack]
7ffd7adf7000-7ffd7adfa000 r--p 00000000 00:00 0                          [vvar]
7ffd7adfa000-7ffd7adfc000 r-xp 00000000 00:00 0                          [vdso]
ffffffffff600000-ffffffffff601000 r-xp 00000000 00:00 0                  [vsyscall]

VM Arguments:
jvm_args: -javaagent:/home/mihai/Programs/idea-IC-173.3727.127/lib/idea_rt.jar=41201:/home/mihai/Programs/idea-IC-173.3727.127/bin -Dfile.encoding=UTF-8 
java_command: game.Main
java_class_path (initial): /home/mihai/Documents/Source/Java/TeamProject-SabreWulf/sabrewulf/out/production/sabrewulf:/home/mihai/Downloads/lwjgl-release-3.1.5-custom/lwjgl.jar:/home/mihai/Downloads/lwjgl-release-3.1.5-custom/lwjgl-stb.jar:/home/mihai/Downloads/lwjgl-release-3.1.5-custom/lwjgl-glfw.jar:/home/mihai/Downloads/lwjgl-release-3.1.5-custom/lwjgl-assimp.jar:/home/mihai/Downloads/lwjgl-release-3.1.5-custom/lwjgl-nanovg.jar:/home/mihai/Downloads/lwjgl-release-3.1.5-custom/lwjgl-openal.jar:/home/mihai/Downloads/lwjgl-release-3.1.5-custom/lwjgl-opengl.jar:/home/mihai/Downloads/lwjgl-release-3.1.5-custom/lwjgl-javadoc.jar:/home/mihai/Downloads/lwjgl-release-3.1.5-custom/lwjgl-sources.jar:/home/mihai/Downloads/lwjgl-release-3.1.5-custom/lwjgl-stb-javadoc.jar:/home/mihai/Downloads/lwjgl-release-3.1.5-custom/lwjgl-stb-sources.jar:/home/mihai/Downloads/lwjgl-release-3.1.5-custom/lwjgl-glfw-javadoc.jar:/home/mihai/Downloads/lwjgl-release-3.1.5-custom/lwjgl-glfw-sources.jar:/home/mihai/Downloads/lwjgl-release-3.1.5-custom/lwjgl-natives-linux.jar:/home/mihai/Downloads/lwjgl-release-3.1.5-custom/lwjgl-natives-macos.jar:/home/mihai/Downloads/lwjgl-release-3.1.5-custom/lwjgl-assimp-javadoc.jar:/home/mihai/Downloads/lwjgl-release-3.1.5-custom/lwjgl-assimp-sources.jar:/home/mihai/Downloads/lwjgl-release-3.1.5-custom/lwjgl-nanovg-javadoc.jar:/home/mihai/Downloads/lwjgl-release-3.1.5-custom/lwjgl-nanovg-sources.jar:/home/mihai/Downloads/lwjgl-release-3.1.5-custom/lwjgl-openal-javadoc.jar:/home/mihai/Downloads/lwjgl-release-3.1.5-custom/lwjgl-openal-sources.jar:/home/mihai/Downloads/lwjgl-release-3.1.5-custom/lwjgl-opengl-javadoc.jar:/home/mihai/Downloads/lwjgl-release-3.1.5-custom/lwjgl-opengl-sources.jar:/home/mihai/Downloads/lwjgl-release-3.1.5-custom/lwjgl-natives-windows.jar:/home/mihai/Downloads/lwjgl-release-3.1.5-custom/lwjgl-stb-natives-linux.jar:/home/mihai/Downloads/lwjgl-release-3.1.5-custom/lwjgl-stb-natives-macos.jar:/home/mihai/Downloads/lwjgl-release-3.1.5-c
Launcher Type: SUN_STANDARD

Logging:
Log output configuration:
#0: stdout all=warning uptime,level,tags
#1: stderr all=off uptime,level,tags

Environment Variables:
PATH=/home/mihai/bin:/home/mihai/.local/bin:/usr/local/sbin:/usr/local/bin:/usr/sbin:/usr/bin:/sbin:/bin:/usr/games:/usr/local/games:/snap/bin
SHELL=/bin/bash
DISPLAY=:0

Signal Handlers:
SIGSEGV: [libjvm.so+0xd4d370], sa_mask[0]=11111111011111111101111111111110, sa_flags=SA_RESTART|SA_SIGINFO
SIGBUS: [libjvm.so+0xd4d370], sa_mask[0]=11111111011111111101111111111110, sa_flags=SA_RESTART|SA_SIGINFO
SIGFPE: [libjvm.so+0xd4d370], sa_mask[0]=11111111011111111101111111111110, sa_flags=SA_RESTART|SA_SIGINFO
SIGPIPE: [libjvm.so+0xb64780], sa_mask[0]=11111111011111111101111111111110, sa_flags=SA_RESTART|SA_SIGINFO
SIGXFSZ: [libjvm.so+0xb64780], sa_mask[0]=11111111011111111101111111111110, sa_flags=SA_RESTART|SA_SIGINFO
SIGILL: [libjvm.so+0xd4d370], sa_mask[0]=11111111011111111101111111111110, sa_flags=SA_RESTART|SA_SIGINFO
SIGUSR2: [libjvm.so+0xb64640], sa_mask[0]=00100000000000000000000000000000, sa_flags=SA_RESTART|SA_SIGINFO
SIGHUP: [libjvm.so+0xb64850], sa_mask[0]=11111111011111111101111111111110, sa_flags=SA_RESTART|SA_SIGINFO
SIGINT: [libjvm.so+0xb64850], sa_mask[0]=11111111011111111101111111111110, sa_flags=SA_RESTART|SA_SIGINFO
SIGTERM: [libjvm.so+0xb64850], sa_mask[0]=11111111011111111101111111111110, sa_flags=SA_RESTART|SA_SIGINFO
SIGQUIT: [libjvm.so+0xb64850], sa_mask[0]=11111111011111111101111111111110, sa_flags=SA_RESTART|SA_SIGINFO


---------------  S Y S T E M  ---------------

OS:DISTRIB_ID=Ubuntu
DISTRIB_RELEASE=16.04
DISTRIB_CODENAME=xenial
DISTRIB_DESCRIPTION="Ubuntu 16.04.3 LTS"
uname:Linux 4.13.0-32-generic #35~16.04.1-Ubuntu SMP Thu Jan 25 10:13:43 UTC 2018 x86_64
libc:glibc 2.23 NPTL 2.23 
rlimit: STACK 8192k, CORE 0k, NPROC 45200, NOFILE 1048576, AS infinity
load average:0.74 1.19 1.12

/proc/meminfo:
MemTotal:       11715420 kB
MemFree:          501416 kB
MemAvailable:    6564440 kB
Buffers:          318096 kB
Cached:          6194592 kB
SwapCached:            0 kB
Active:          4885644 kB
Inactive:        4672864 kB
Active(anon):    2819908 kB
Inactive(anon):   682380 kB
Active(file):    2065736 kB
Inactive(file):  3990484 kB
Unevictable:        1860 kB
Mlocked:            1860 kB
SwapTotal:      11992572 kB
SwapFree:       11992572 kB
Dirty:             10080 kB
Writeback:             0 kB
AnonPages:       3047824 kB
Mapped:          1754992 kB
Shmem:            685324 kB
Slab:             462712 kB
SReclaimable:     332436 kB
SUnreclaim:       130276 kB
KernelStack:       14752 kB
PageTables:        59164 kB
NFS_Unstable:          0 kB
Bounce:                0 kB
WritebackTmp:          0 kB
CommitLimit:    17850280 kB
Committed_AS:   11527956 kB
VmallocTotal:   34359738367 kB
VmallocUsed:           0 kB
VmallocChunk:          0 kB
HardwareCorrupted:     0 kB
AnonHugePages:         0 kB
ShmemHugePages:        0 kB
ShmemPmdMapped:        0 kB
CmaTotal:              0 kB
CmaFree:               0 kB
HugePages_Total:       0
HugePages_Free:        0
HugePages_Rsvd:        0
HugePages_Surp:        0
Hugepagesize:       2048 kB
DirectMap4k:      362180 kB
DirectMap2M:    10582016 kB
DirectMap1G:     1048576 kB


CPU:total 4 (initial active 4) (2 cores per cpu, 2 threads per core) family 6 model 78 stepping 3, cmov, cx8, fxsr, mmx, sse, sse2, sse3, ssse3, sse4.1, sse4.2, popcnt, avx, avx2, aes, clmul, erms, 3dnowpref, lzcnt, ht, tsc, tscinvbit, bmi1, bmi2, adx, fma
CPU Model and flags from /proc/cpuinfo:
model name	: Intel(R) Core(TM) i7-6500U CPU @ 2.50GHz
flags		: fpu vme de pse tsc msr pae mce cx8 apic sep mtrr pge mca cmov pat pse36 clflush dts acpi mmx fxsr sse sse2 ss ht tm pbe syscall nx pdpe1gb rdtscp lm constant_tsc art arch_perfmon pebs bts rep_good nopl xtopology nonstop_tsc cpuid aperfmperf tsc_known_freq pni pclmulqdq dtes64 monitor ds_cpl vmx est tm2 ssse3 sdbg fma cx16 xtpr pdcm pcid sse4_1 sse4_2 x2apic movbe popcnt tsc_deadline_timer aes xsave avx f16c rdrand lahf_lm abm 3dnowprefetch cpuid_fault epb invpcid_single pti intel_pt tpr_shadow vnmi flexpriority ept vpid fsgsbase tsc_adjust bmi1 avx2 smep bmi2 erms invpcid mpx rdseed adx smap clflushopt xsaveopt xsavec xgetbv1 xsaves dtherm ida arat pln pts hwp hwp_notify hwp_act_window hwp_epp

Memory: 4k page, physical 11715420k(501416k free), swap 11992572k(11992572k free)

vm_info: Java HotSpot(TM) 64-Bit Server VM (9.0.4+11) for linux-amd64 JRE (9.0.4+11), built on Dec 19 2017 18:12:19 by "mach5one" with gcc 4.9.2

END.
