#
# A fatal error has been detected by the Java Runtime Environment:
#
#  SIGSEGV (0xb) at pc=0x00007fa1740ca6ec, pid=20113, tid=20115
#
# JRE version: Java(TM) SE Runtime Environment (9.0+11) (build 9.0.4+11)
# Java VM: Java HotSpot(TM) 64-Bit Server VM (9.0.4+11, mixed mode, tiered, compressed oops, g1 gc, linux-amd64)
# Problematic frame:
# C  [liblwjgl_opengl.so+0x446ec]  Java_org_lwjgl_opengl_GL30_nglGenVertexArrays__IJ+0xc
#
# Core dump will be written. Default location: Core dumps may be processed with "/usr/share/apport/apport %p %s %c %d %P" (or dumping to /home/mihai/Documents/Source/Java/TeamProject-SabreWulf/sabrewulf/core.20113)
#
# If you would like to submit a bug report, please visit:
#   http://bugreport.java.com/bugreport/crash.jsp
# The crash happened outside the Java Virtual Machine in native code.
# See problematic frame for where to report the bug.
#

---------------  S U M M A R Y ------------

Command Line: -javaagent:/home/mihai/Programs/idea-IC-173.3727.127/lib/idea_rt.jar=43587:/home/mihai/Programs/idea-IC-173.3727.127/bin -Dfile.encoding=UTF-8 game.Main

Host: Intel(R) Core(TM) i7-6500U CPU @ 2.50GHz, 4 cores, 11G, Ubuntu 16.04.3 LTS
Time: Thu Feb  8 16:59:03 2018 GMT elapsed time: 0 seconds (0d 0h 0m 0s)

---------------  T H R E A D  ---------------

Current thread (0x00007fa1f8014800):  JavaThread "main" [_thread_in_native, id=20115, stack(0x00007fa1ff8e8000,0x00007fa1ff9e8000)]

Stack: [0x00007fa1ff8e8000,0x00007fa1ff9e8000],  sp=0x00007fa1ff9e66c8,  free space=1017k
Native frames: (J=compiled Java code, A=aot compiled Java code, j=interpreted, Vv=VM code, C=native code)
C  [liblwjgl_opengl.so+0x446ec]  Java_org_lwjgl_opengl_GL30_nglGenVertexArrays__IJ+0xc
j  org.lwjgl.opengl.GL30.glGenVertexArrays()I+20
j  engine.graphics.VertexArray.<init>()V+5
j  engine.graphics.renderer.Renderer2D.<init>()V+30
j  engine.scene.Scene.<init>(I)V+14
j  game.MenuState.<init>(Lgame/Main;)V+15
j  game.Main.<init>()V+18
j  game.Main.main([Ljava/lang/String;)V+4
v  ~StubRoutines::call_stub
V  [libjvm.so+0x83d60a]  JavaCalls::call_helper(JavaValue*, methodHandle const&, JavaCallArguments*, Thread*)+0x47a
V  [libjvm.so+0x89a67f]  jni_invoke_static(JNIEnv_*, JavaValue*, _jobject*, JNICallType, _jmethodID*, JNI_ArgumentPusher*, Thread*) [clone .isra.90]+0x21f
V  [libjvm.so+0x8ab5ce]  jni_CallStaticVoidMethod+0x14e
C  [libjli.so+0x4397]  JavaMain+0xa17
C  [libpthread.so.0+0x76ba]  start_thread+0xca

Java frames: (J=compiled Java code, j=interpreted, Vv=VM code)
j  org.lwjgl.opengl.GL30.nglGenVertexArrays(IJ)V+0
j  org.lwjgl.opengl.GL30.glGenVertexArrays()I+20
j  engine.graphics.VertexArray.<init>()V+5
j  engine.graphics.renderer.Renderer2D.<init>()V+30
j  engine.scene.Scene.<init>(I)V+14
j  game.MenuState.<init>(Lgame/Main;)V+15
j  game.Main.<init>()V+18
j  game.Main.main([Ljava/lang/String;)V+4
v  ~StubRoutines::call_stub

siginfo: si_signo: 11 (SIGSEGV), si_code: 1 (SEGV_MAPERR), si_addr: 0x0000000000000f70

Register to memory mapping:

RAX=0x0000000000000000 is an unknown value
RBX={method} {0x00007fa1b1520330} 'nglGenVertexArrays' '(IJ)V' in 'org/lwjgl/opengl/GL30'
RCX=0x00007fa1f8559afc is an unknown value
RDX=0x0000000000000001 is an unknown value
RSP=0x00007fa1ff9e66c8 is pointing into the stack for thread: 0x00007fa1f8014800
RBP=0x00007fa1ff9e6738 is pointing into the stack for thread: 0x00007fa1f8014800
RSI=0x00007fa1f8559afc is an unknown value
RDI=0x0000000000000001 is an unknown value
R8 ={method} {0x00007fa1b1520330} 'nglGenVertexArrays' '(IJ)V' in 'org/lwjgl/opengl/GL30'
R9 =0x0000000000000008 is an unknown value
R10=0x00007fa1ddb5bd89 is at code_begin+873 in an Interpreter codelet
method entry point (kind = native)  [0x00007fa1ddb5ba20, 0x00007fa1ddb5c460]  2624 bytes
R11=0x0000000717dfe850 is pointing into object: 0x0000000717d51e78

[error occurred during error reporting (printing register info), id 0xb]

Registers:
RAX=0x0000000000000000, RBX=0x00007fa1b1520330, RCX=0x00007fa1f8559afc, RDX=0x0000000000000001
RSP=0x00007fa1ff9e66c8, RBP=0x00007fa1ff9e6738, RSI=0x00007fa1f8559afc, RDI=0x0000000000000001
R8 =0x00007fa1b1520330, R9 =0x0000000000000008, R10=0x00007fa1ddb5bd89, R11=0x0000000717dfe850
R12=0x0000000000000000, R13=0x00007fa1b1520330, R14=0x00007fa1ff9e6768, R15=0x00007fa1f8014800
RIP=0x00007fa1740ca6ec, EFLAGS=0x0000000000010287, CSGSFS=0x002b000000000033, ERR=0x0000000000000004
  TRAPNO=0x000000000000000e

Top of Stack: (sp=0x00007fa1ff9e66c8)
0x00007fa1ff9e66c8:   00007fa1ddb5bdb5 00007fa1ff9e6738
0x00007fa1ff9e66d8:   00007fa1ddb5bb0a 00007fa1ff9e66f8
0x00007fa1ff9e66e8:   00007fa1ddb5bad3 00007fa1ff9e66f0
0x00007fa1ff9e66f8:   00007fa1b1520330 00007fa1ff9e6768 

Instructions: (pc=0x00007fa1740ca6ec)
0x00007fa1740ca6cc:   78 1c 00 00 ff e0 66 66 66 66 66 2e 0f 1f 84 00
0x00007fa1740ca6dc:   00 00 00 00 48 8b 07 48 89 ce 89 d7 48 8b 40 18
0x00007fa1740ca6ec:   48 8b 80 70 0f 00 00 ff e0 66 66 2e 0f 1f 84 00
0x00007fa1740ca6fc:   00 00 00 00 48 8b 07 48 89 ce 89 d7 48 8b 40 18 


---------------  P R O C E S S  ---------------

Java Threads: ( => current thread )
  0x00007fa1f842a800 JavaThread "Service Thread" daemon [_thread_blocked, id=20159, stack(0x00007fa1a9ae6000,0x00007fa1a9be7000)]
  0x00007fa1f8429000 JavaThread "Monitor Ctrl-Break" daemon [_thread_in_native, id=20158, stack(0x00007fa1a9be7000,0x00007fa1a9ce8000)]
  0x00007fa1f8225800 JavaThread "Common-Cleaner" daemon [_thread_blocked, id=20154, stack(0x00007fa1a9ce8000,0x00007fa1a9de9000)]
  0x00007fa1f81d0800 JavaThread "Sweeper thread" daemon [_thread_blocked, id=20153, stack(0x00007fa1b027c000,0x00007fa1b037d000)]
  0x00007fa1f81ce800 JavaThread "C1 CompilerThread2" daemon [_thread_blocked, id=20152, stack(0x00007fa1b037d000,0x00007fa1b047e000)]
  0x00007fa1f81cc800 JavaThread "C2 CompilerThread1" daemon [_thread_blocked, id=20151, stack(0x00007fa1b047e000,0x00007fa1b057f000)]
  0x00007fa1f81ca800 JavaThread "C2 CompilerThread0" daemon [_thread_blocked, id=20150, stack(0x00007fa1b057f000,0x00007fa1b0680000)]
  0x00007fa1f81c9000 JavaThread "Signal Dispatcher" daemon [_thread_blocked, id=20149, stack(0x00007fa1b0680000,0x00007fa1b0781000)]
  0x00007fa1f81ae000 JavaThread "Finalizer" daemon [_thread_blocked, id=20143, stack(0x00007fa1b0a59000,0x00007fa1b0b5a000)]
  0x00007fa1f81a5800 JavaThread "Reference Handler" daemon [_thread_blocked, id=20142, stack(0x00007fa1b0b5a000,0x00007fa1b0c5b000)]
=>0x00007fa1f8014800 JavaThread "main" [_thread_in_native, id=20115, stack(0x00007fa1ff8e8000,0x00007fa1ff9e8000)]

Other Threads:
  0x00007fa1f819c000 VMThread "VM Thread" [stack: 0x00007fa1b0c5c000,0x00007fa1b0d5c000] [id=20140]
  0x00007fa1f842d000 WatcherThread [stack: 0x00007fa1a99e6000,0x00007fa1a9ae6000] [id=20160]
  0x00007fa1f802b800 GCTaskThread "GC Thread#0" [stack: 0x00007fa1dd86d000,0x00007fa1dd96d000] [id=20119]
  0x00007fa1f802d000 GCTaskThread "GC Thread#1" [stack: 0x00007fa1dd76c000,0x00007fa1dd86c000] [id=20120]
  0x00007fa1f802f000 GCTaskThread "GC Thread#2" [stack: 0x00007fa1dd66b000,0x00007fa1dd76b000] [id=20121]
  0x00007fa1f8030800 GCTaskThread "GC Thread#3" [stack: 0x00007fa1dd56a000,0x00007fa1dd66a000] [id=20122]
  0x00007fa1f806d800 ConcurrentGCThread "G1 Main Marker" [stack: 0x00007fa1b1a62000,0x00007fa1b1b62000] [id=20132]
  0x00007fa1f806f800 ConcurrentGCThread "G1 Marker#0" [stack: 0x00007fa1b1961000,0x00007fa1b1a61000] [id=20135]
  0x00007fa1f8038000 ConcurrentGCThread "G1 Refine#0" [stack: 0x00007fa1dcd62000,0x00007fa1dce62000] [id=20126]
  0x00007fa1f8036000 ConcurrentGCThread "G1 Refine#1" [stack: 0x00007fa1dce63000,0x00007fa1dcf63000] [id=20125]
  0x00007fa1f8034800 ConcurrentGCThread "G1 Refine#2" [stack: 0x00007fa1dcf64000,0x00007fa1dd064000] [id=20124]
  0x00007fa1f8032800 ConcurrentGCThread "G1 Refine#3" [stack: 0x00007fa1dd065000,0x00007fa1dd165000] [id=20123]
  0x00007fa1f8039800 ConcurrentGCThread "G1 Young RemSet Sampling" [stack: 0x00007fa1dcc61000,0x00007fa1dcd61000] [id=20127]

Threads with active compile tasks:

VM state:not at safepoint (normal execution)

VM Mutex/Monitor currently owned by a thread: None

Heap address: 0x000000070d200000, size: 2862 MB, Compressed Oops mode: Zero based, Oop shift amount: 3
Narrow klass base: 0x0000000000000000, Narrow klass shift: 3
Compressed class space size: 1073741824 Address: 0x00000007c0000000

Heap:
 garbage-first heap   total 184320K, used 9216K [0x000000070d200000, 0x000000070d3005a0, 0x00000007c0000000)
  region size 1024K, 10 young (10240K), 0 survivors (0K)
 Metaspace       used 8642K, capacity 8838K, committed 9088K, reserved 1056768K
  class space    used 738K, capacity 801K, committed 896K, reserved 1048576K
Heap Regions: E=young(eden), S=young(survivor), O=old, HS=humongous(starts), HC=humongous(continues), CS=collection set, F=free, A=archive, TS=gc time stamp, AC=allocation context, TAMS=top-at-mark-start (previous, next)
|   0|0x000000070d200000, 0x000000070d200000, 0x000000070d300000|  0%| F|  |TS  0|AC  0|TAMS 0x000000070d200000, 0x000000070d200000|
|   1|0x000000070d300000, 0x000000070d300000, 0x000000070d400000|  0%| F|  |TS  0|AC  0|TAMS 0x000000070d300000, 0x000000070d300000|
|   2|0x000000070d400000, 0x000000070d400000, 0x000000070d500000|  0%| F|  |TS  0|AC  0|TAMS 0x000000070d400000, 0x000000070d400000|
|   3|0x000000070d500000, 0x000000070d500000, 0x000000070d600000|  0%| F|  |TS  0|AC  0|TAMS 0x000000070d500000, 0x000000070d500000|
|   4|0x000000070d600000, 0x000000070d600000, 0x000000070d700000|  0%| F|  |TS  0|AC  0|TAMS 0x000000070d600000, 0x000000070d600000|
|   5|0x000000070d700000, 0x000000070d700000, 0x000000070d800000|  0%| F|  |TS  0|AC  0|TAMS 0x000000070d700000, 0x000000070d700000|
|   6|0x000000070d800000, 0x000000070d800000, 0x000000070d900000|  0%| F|  |TS  0|AC  0|TAMS 0x000000070d800000, 0x000000070d800000|
|   7|0x000000070d900000, 0x000000070d900000, 0x000000070da00000|  0%| F|  |TS  0|AC  0|TAMS 0x000000070d900000, 0x000000070d900000|
|   8|0x000000070da00000, 0x000000070da00000, 0x000000070db00000|  0%| F|  |TS  0|AC  0|TAMS 0x000000070da00000, 0x000000070da00000|
|   9|0x000000070db00000, 0x000000070db00000, 0x000000070dc00000|  0%| F|  |TS  0|AC  0|TAMS 0x000000070db00000, 0x000000070db00000|
|  10|0x000000070dc00000, 0x000000070dc00000, 0x000000070dd00000|  0%| F|  |TS  0|AC  0|TAMS 0x000000070dc00000, 0x000000070dc00000|
|  11|0x000000070dd00000, 0x000000070dd00000, 0x000000070de00000|  0%| F|  |TS  0|AC  0|TAMS 0x000000070dd00000, 0x000000070dd00000|
|  12|0x000000070de00000, 0x000000070de00000, 0x000000070df00000|  0%| F|  |TS  0|AC  0|TAMS 0x000000070de00000, 0x000000070de00000|
|  13|0x000000070df00000, 0x000000070df00000, 0x000000070e000000|  0%| F|  |TS  0|AC  0|TAMS 0x000000070df00000, 0x000000070df00000|
|  14|0x000000070e000000, 0x000000070e000000, 0x000000070e100000|  0%| F|  |TS  0|AC  0|TAMS 0x000000070e000000, 0x000000070e000000|
|  15|0x000000070e100000, 0x000000070e100000, 0x000000070e200000|  0%| F|  |TS  0|AC  0|TAMS 0x000000070e100000, 0x000000070e100000|
|  16|0x000000070e200000, 0x000000070e200000, 0x000000070e300000|  0%| F|  |TS  0|AC  0|TAMS 0x000000070e200000, 0x000000070e200000|
|  17|0x000000070e300000, 0x000000070e300000, 0x000000070e400000|  0%| F|  |TS  0|AC  0|TAMS 0x000000070e300000, 0x000000070e300000|
|  18|0x000000070e400000, 0x000000070e400000, 0x000000070e500000|  0%| F|  |TS  0|AC  0|TAMS 0x000000070e400000, 0x000000070e400000|
|  19|0x000000070e500000, 0x000000070e500000, 0x000000070e600000|  0%| F|  |TS  0|AC  0|TAMS 0x000000070e500000, 0x000000070e500000|
|  20|0x000000070e600000, 0x000000070e600000, 0x000000070e700000|  0%| F|  |TS  0|AC  0|TAMS 0x000000070e600000, 0x000000070e600000|
|  21|0x000000070e700000, 0x000000070e700000, 0x000000070e800000|  0%| F|  |TS  0|AC  0|TAMS 0x000000070e700000, 0x000000070e700000|
|  22|0x000000070e800000, 0x000000070e800000, 0x000000070e900000|  0%| F|  |TS  0|AC  0|TAMS 0x000000070e800000, 0x000000070e800000|
|  23|0x000000070e900000, 0x000000070e900000, 0x000000070ea00000|  0%| F|  |TS  0|AC  0|TAMS 0x000000070e900000, 0x000000070e900000|
|  24|0x000000070ea00000, 0x000000070ea00000, 0x000000070eb00000|  0%| F|  |TS  0|AC  0|TAMS 0x000000070ea00000, 0x000000070ea00000|
|  25|0x000000070eb00000, 0x000000070eb00000, 0x000000070ec00000|  0%| F|  |TS  0|AC  0|TAMS 0x000000070eb00000, 0x000000070eb00000|
|  26|0x000000070ec00000, 0x000000070ec00000, 0x000000070ed00000|  0%| F|  |TS  0|AC  0|TAMS 0x000000070ec00000, 0x000000070ec00000|
|  27|0x000000070ed00000, 0x000000070ed00000, 0x000000070ee00000|  0%| F|  |TS  0|AC  0|TAMS 0x000000070ed00000, 0x000000070ed00000|
|  28|0x000000070ee00000, 0x000000070ee00000, 0x000000070ef00000|  0%| F|  |TS  0|AC  0|TAMS 0x000000070ee00000, 0x000000070ee00000|
|  29|0x000000070ef00000, 0x000000070ef00000, 0x000000070f000000|  0%| F|  |TS  0|AC  0|TAMS 0x000000070ef00000, 0x000000070ef00000|
|  30|0x000000070f000000, 0x000000070f000000, 0x000000070f100000|  0%| F|  |TS  0|AC  0|TAMS 0x000000070f000000, 0x000000070f000000|
|  31|0x000000070f100000, 0x000000070f100000, 0x000000070f200000|  0%| F|  |TS  0|AC  0|TAMS 0x000000070f100000, 0x000000070f100000|
|  32|0x000000070f200000, 0x000000070f200000, 0x000000070f300000|  0%| F|  |TS  0|AC  0|TAMS 0x000000070f200000, 0x000000070f200000|
|  33|0x000000070f300000, 0x000000070f300000, 0x000000070f400000|  0%| F|  |TS  0|AC  0|TAMS 0x000000070f300000, 0x000000070f300000|
|  34|0x000000070f400000, 0x000000070f400000, 0x000000070f500000|  0%| F|  |TS  0|AC  0|TAMS 0x000000070f400000, 0x000000070f400000|
|  35|0x000000070f500000, 0x000000070f500000, 0x000000070f600000|  0%| F|  |TS  0|AC  0|TAMS 0x000000070f500000, 0x000000070f500000|
|  36|0x000000070f600000, 0x000000070f600000, 0x000000070f700000|  0%| F|  |TS  0|AC  0|TAMS 0x000000070f600000, 0x000000070f600000|
|  37|0x000000070f700000, 0x000000070f700000, 0x000000070f800000|  0%| F|  |TS  0|AC  0|TAMS 0x000000070f700000, 0x000000070f700000|
|  38|0x000000070f800000, 0x000000070f800000, 0x000000070f900000|  0%| F|  |TS  0|AC  0|TAMS 0x000000070f800000, 0x000000070f800000|
|  39|0x000000070f900000, 0x000000070f900000, 0x000000070fa00000|  0%| F|  |TS  0|AC  0|TAMS 0x000000070f900000, 0x000000070f900000|
|  40|0x000000070fa00000, 0x000000070fa00000, 0x000000070fb00000|  0%| F|  |TS  0|AC  0|TAMS 0x000000070fa00000, 0x000000070fa00000|
|  41|0x000000070fb00000, 0x000000070fb00000, 0x000000070fc00000|  0%| F|  |TS  0|AC  0|TAMS 0x000000070fb00000, 0x000000070fb00000|
|  42|0x000000070fc00000, 0x000000070fc00000, 0x000000070fd00000|  0%| F|  |TS  0|AC  0|TAMS 0x000000070fc00000, 0x000000070fc00000|
|  43|0x000000070fd00000, 0x000000070fd00000, 0x000000070fe00000|  0%| F|  |TS  0|AC  0|TAMS 0x000000070fd00000, 0x000000070fd00000|
|  44|0x000000070fe00000, 0x000000070fe00000, 0x000000070ff00000|  0%| F|  |TS  0|AC  0|TAMS 0x000000070fe00000, 0x000000070fe00000|
|  45|0x000000070ff00000, 0x000000070ff00000, 0x0000000710000000|  0%| F|  |TS  0|AC  0|TAMS 0x000000070ff00000, 0x000000070ff00000|
|  46|0x0000000710000000, 0x0000000710000000, 0x0000000710100000|  0%| F|  |TS  0|AC  0|TAMS 0x0000000710000000, 0x0000000710000000|
|  47|0x0000000710100000, 0x0000000710100000, 0x0000000710200000|  0%| F|  |TS  0|AC  0|TAMS 0x0000000710100000, 0x0000000710100000|
|  48|0x0000000710200000, 0x0000000710200000, 0x0000000710300000|  0%| F|  |TS  0|AC  0|TAMS 0x0000000710200000, 0x0000000710200000|
|  49|0x0000000710300000, 0x0000000710300000, 0x0000000710400000|  0%| F|  |TS  0|AC  0|TAMS 0x0000000710300000, 0x0000000710300000|
|  50|0x0000000710400000, 0x0000000710400000, 0x0000000710500000|  0%| F|  |TS  0|AC  0|TAMS 0x0000000710400000, 0x0000000710400000|
|  51|0x0000000710500000, 0x0000000710500000, 0x0000000710600000|  0%| F|  |TS  0|AC  0|TAMS 0x0000000710500000, 0x0000000710500000|
|  52|0x0000000710600000, 0x0000000710600000, 0x0000000710700000|  0%| F|  |TS  0|AC  0|TAMS 0x0000000710600000, 0x0000000710600000|
|  53|0x0000000710700000, 0x0000000710700000, 0x0000000710800000|  0%| F|  |TS  0|AC  0|TAMS 0x0000000710700000, 0x0000000710700000|
|  54|0x0000000710800000, 0x0000000710800000, 0x0000000710900000|  0%| F|  |TS  0|AC  0|TAMS 0x0000000710800000, 0x0000000710800000|
|  55|0x0000000710900000, 0x0000000710900000, 0x0000000710a00000|  0%| F|  |TS  0|AC  0|TAMS 0x0000000710900000, 0x0000000710900000|
|  56|0x0000000710a00000, 0x0000000710a00000, 0x0000000710b00000|  0%| F|  |TS  0|AC  0|TAMS 0x0000000710a00000, 0x0000000710a00000|
|  57|0x0000000710b00000, 0x0000000710b00000, 0x0000000710c00000|  0%| F|  |TS  0|AC  0|TAMS 0x0000000710b00000, 0x0000000710b00000|
|  58|0x0000000710c00000, 0x0000000710c00000, 0x0000000710d00000|  0%| F|  |TS  0|AC  0|TAMS 0x0000000710c00000, 0x0000000710c00000|
|  59|0x0000000710d00000, 0x0000000710d00000, 0x0000000710e00000|  0%| F|  |TS  0|AC  0|TAMS 0x0000000710d00000, 0x0000000710d00000|
|  60|0x0000000710e00000, 0x0000000710e00000, 0x0000000710f00000|  0%| F|  |TS  0|AC  0|TAMS 0x0000000710e00000, 0x0000000710e00000|
|  61|0x0000000710f00000, 0x0000000710f00000, 0x0000000711000000|  0%| F|  |TS  0|AC  0|TAMS 0x0000000710f00000, 0x0000000710f00000|
|  62|0x0000000711000000, 0x0000000711000000, 0x0000000711100000|  0%| F|  |TS  0|AC  0|TAMS 0x0000000711000000, 0x0000000711000000|
|  63|0x0000000711100000, 0x0000000711100000, 0x0000000711200000|  0%| F|  |TS  0|AC  0|TAMS 0x0000000711100000, 0x0000000711100000|
|  64|0x0000000711200000, 0x0000000711200000, 0x0000000711300000|  0%| F|  |TS  0|AC  0|TAMS 0x0000000711200000, 0x0000000711200000|
|  65|0x0000000711300000, 0x0000000711300000, 0x0000000711400000|  0%| F|  |TS  0|AC  0|TAMS 0x0000000711300000, 0x0000000711300000|
|  66|0x0000000711400000, 0x0000000711400000, 0x0000000711500000|  0%| F|  |TS  0|AC  0|TAMS 0x0000000711400000, 0x0000000711400000|
|  67|0x0000000711500000, 0x0000000711500000, 0x0000000711600000|  0%| F|  |TS  0|AC  0|TAMS 0x0000000711500000, 0x0000000711500000|
|  68|0x0000000711600000, 0x0000000711600000, 0x0000000711700000|  0%| F|  |TS  0|AC  0|TAMS 0x0000000711600000, 0x0000000711600000|
|  69|0x0000000711700000, 0x0000000711700000, 0x0000000711800000|  0%| F|  |TS  0|AC  0|TAMS 0x0000000711700000, 0x0000000711700000|
|  70|0x0000000711800000, 0x0000000711800000, 0x0000000711900000|  0%| F|  |TS  0|AC  0|TAMS 0x0000000711800000, 0x0000000711800000|
|  71|0x0000000711900000, 0x0000000711900000, 0x0000000711a00000|  0%| F|  |TS  0|AC  0|TAMS 0x0000000711900000, 0x0000000711900000|
|  72|0x0000000711a00000, 0x0000000711a00000, 0x0000000711b00000|  0%| F|  |TS  0|AC  0|TAMS 0x0000000711a00000, 0x0000000711a00000|
|  73|0x0000000711b00000, 0x0000000711b00000, 0x0000000711c00000|  0%| F|  |TS  0|AC  0|TAMS 0x0000000711b00000, 0x0000000711b00000|
|  74|0x0000000711c00000, 0x0000000711c00000, 0x0000000711d00000|  0%| F|  |TS  0|AC  0|TAMS 0x0000000711c00000, 0x0000000711c00000|
|  75|0x0000000711d00000, 0x0000000711d00000, 0x0000000711e00000|  0%| F|  |TS  0|AC  0|TAMS 0x0000000711d00000, 0x0000000711d00000|
|  76|0x0000000711e00000, 0x0000000711e00000, 0x0000000711f00000|  0%| F|  |TS  0|AC  0|TAMS 0x0000000711e00000, 0x0000000711e00000|
|  77|0x0000000711f00000, 0x0000000711f00000, 0x0000000712000000|  0%| F|  |TS  0|AC  0|TAMS 0x0000000711f00000, 0x0000000711f00000|
|  78|0x0000000712000000, 0x0000000712000000, 0x0000000712100000|  0%| F|  |TS  0|AC  0|TAMS 0x0000000712000000, 0x0000000712000000|
|  79|0x0000000712100000, 0x0000000712100000, 0x0000000712200000|  0%| F|  |TS  0|AC  0|TAMS 0x0000000712100000, 0x0000000712100000|
|  80|0x0000000712200000, 0x0000000712200000, 0x0000000712300000|  0%| F|  |TS  0|AC  0|TAMS 0x0000000712200000, 0x0000000712200000|
|  81|0x0000000712300000, 0x0000000712300000, 0x0000000712400000|  0%| F|  |TS  0|AC  0|TAMS 0x0000000712300000, 0x0000000712300000|
|  82|0x0000000712400000, 0x0000000712400000, 0x0000000712500000|  0%| F|  |TS  0|AC  0|TAMS 0x0000000712400000, 0x0000000712400000|
|  83|0x0000000712500000, 0x0000000712500000, 0x0000000712600000|  0%| F|  |TS  0|AC  0|TAMS 0x0000000712500000, 0x0000000712500000|
|  84|0x0000000712600000, 0x0000000712600000, 0x0000000712700000|  0%| F|  |TS  0|AC  0|TAMS 0x0000000712600000, 0x0000000712600000|
|  85|0x0000000712700000, 0x0000000712700000, 0x0000000712800000|  0%| F|  |TS  0|AC  0|TAMS 0x0000000712700000, 0x0000000712700000|
|  86|0x0000000712800000, 0x0000000712800000, 0x0000000712900000|  0%| F|  |TS  0|AC  0|TAMS 0x0000000712800000, 0x0000000712800000|
|  87|0x0000000712900000, 0x0000000712900000, 0x0000000712a00000|  0%| F|  |TS  0|AC  0|TAMS 0x0000000712900000, 0x0000000712900000|
|  88|0x0000000712a00000, 0x0000000712a00000, 0x0000000712b00000|  0%| F|  |TS  0|AC  0|TAMS 0x0000000712a00000, 0x0000000712a00000|
|  89|0x0000000712b00000, 0x0000000712b00000, 0x0000000712c00000|  0%| F|  |TS  0|AC  0|TAMS 0x0000000712b00000, 0x0000000712b00000|
|  90|0x0000000712c00000, 0x0000000712c00000, 0x0000000712d00000|  0%| F|  |TS  0|AC  0|TAMS 0x0000000712c00000, 0x0000000712c00000|
|  91|0x0000000712d00000, 0x0000000712d00000, 0x0000000712e00000|  0%| F|  |TS  0|AC  0|TAMS 0x0000000712d00000, 0x0000000712d00000|
|  92|0x0000000712e00000, 0x0000000712e00000, 0x0000000712f00000|  0%| F|  |TS  0|AC  0|TAMS 0x0000000712e00000, 0x0000000712e00000|
|  93|0x0000000712f00000, 0x0000000712f00000, 0x0000000713000000|  0%| F|  |TS  0|AC  0|TAMS 0x0000000712f00000, 0x0000000712f00000|
|  94|0x0000000713000000, 0x0000000713000000, 0x0000000713100000|  0%| F|  |TS  0|AC  0|TAMS 0x0000000713000000, 0x0000000713000000|
|  95|0x0000000713100000, 0x0000000713100000, 0x0000000713200000|  0%| F|  |TS  0|AC  0|TAMS 0x0000000713100000, 0x0000000713100000|
|  96|0x0000000713200000, 0x0000000713200000, 0x0000000713300000|  0%| F|  |TS  0|AC  0|TAMS 0x0000000713200000, 0x0000000713200000|
|  97|0x0000000713300000, 0x0000000713300000, 0x0000000713400000|  0%| F|  |TS  0|AC  0|TAMS 0x0000000713300000, 0x0000000713300000|
|  98|0x0000000713400000, 0x0000000713400000, 0x0000000713500000|  0%| F|  |TS  0|AC  0|TAMS 0x0000000713400000, 0x0000000713400000|
|  99|0x0000000713500000, 0x0000000713500000, 0x0000000713600000|  0%| F|  |TS  0|AC  0|TAMS 0x0000000713500000, 0x0000000713500000|
| 100|0x0000000713600000, 0x0000000713600000, 0x0000000713700000|  0%| F|  |TS  0|AC  0|TAMS 0x0000000713600000, 0x0000000713600000|
| 101|0x0000000713700000, 0x0000000713700000, 0x0000000713800000|  0%| F|  |TS  0|AC  0|TAMS 0x0000000713700000, 0x0000000713700000|
| 102|0x0000000713800000, 0x0000000713800000, 0x0000000713900000|  0%| F|  |TS  0|AC  0|TAMS 0x0000000713800000, 0x0000000713800000|
| 103|0x0000000713900000, 0x0000000713900000, 0x0000000713a00000|  0%| F|  |TS  0|AC  0|TAMS 0x0000000713900000, 0x0000000713900000|
| 104|0x0000000713a00000, 0x0000000713a00000, 0x0000000713b00000|  0%| F|  |TS  0|AC  0|TAMS 0x0000000713a00000, 0x0000000713a00000|
| 105|0x0000000713b00000, 0x0000000713b00000, 0x0000000713c00000|  0%| F|  |TS  0|AC  0|TAMS 0x0000000713b00000, 0x0000000713b00000|
| 106|0x0000000713c00000, 0x0000000713c00000, 0x0000000713d00000|  0%| F|  |TS  0|AC  0|TAMS 0x0000000713c00000, 0x0000000713c00000|
| 107|0x0000000713d00000, 0x0000000713d00000, 0x0000000713e00000|  0%| F|  |TS  0|AC  0|TAMS 0x0000000713d00000, 0x0000000713d00000|
| 108|0x0000000713e00000, 0x0000000713e00000, 0x0000000713f00000|  0%| F|  |TS  0|AC  0|TAMS 0x0000000713e00000, 0x0000000713e00000|
| 109|0x0000000713f00000, 0x0000000713f00000, 0x0000000714000000|  0%| F|  |TS  0|AC  0|TAMS 0x0000000713f00000, 0x0000000713f00000|
| 110|0x0000000714000000, 0x0000000714000000, 0x0000000714100000|  0%| F|  |TS  0|AC  0|TAMS 0x0000000714000000, 0x0000000714000000|
| 111|0x0000000714100000, 0x0000000714100000, 0x0000000714200000|  0%| F|  |TS  0|AC  0|TAMS 0x0000000714100000, 0x0000000714100000|
| 112|0x0000000714200000, 0x0000000714200000, 0x0000000714300000|  0%| F|  |TS  0|AC  0|TAMS 0x0000000714200000, 0x0000000714200000|
| 113|0x0000000714300000, 0x0000000714300000, 0x0000000714400000|  0%| F|  |TS  0|AC  0|TAMS 0x0000000714300000, 0x0000000714300000|
| 114|0x0000000714400000, 0x0000000714400000, 0x0000000714500000|  0%| F|  |TS  0|AC  0|TAMS 0x0000000714400000, 0x0000000714400000|
| 115|0x0000000714500000, 0x0000000714500000, 0x0000000714600000|  0%| F|  |TS  0|AC  0|TAMS 0x0000000714500000, 0x0000000714500000|
| 116|0x0000000714600000, 0x0000000714600000, 0x0000000714700000|  0%| F|  |TS  0|AC  0|TAMS 0x0000000714600000, 0x0000000714600000|
| 117|0x0000000714700000, 0x0000000714700000, 0x0000000714800000|  0%| F|  |TS  0|AC  0|TAMS 0x0000000714700000, 0x0000000714700000|
| 118|0x0000000714800000, 0x0000000714800000, 0x0000000714900000|  0%| F|  |TS  0|AC  0|TAMS 0x0000000714800000, 0x0000000714800000|
| 119|0x0000000714900000, 0x0000000714900000, 0x0000000714a00000|  0%| F|  |TS  0|AC  0|TAMS 0x0000000714900000, 0x0000000714900000|
| 120|0x0000000714a00000, 0x0000000714a00000, 0x0000000714b00000|  0%| F|  |TS  0|AC  0|TAMS 0x0000000714a00000, 0x0000000714a00000|
| 121|0x0000000714b00000, 0x0000000714b00000, 0x0000000714c00000|  0%| F|  |TS  0|AC  0|TAMS 0x0000000714b00000, 0x0000000714b00000|
| 122|0x0000000714c00000, 0x0000000714c00000, 0x0000000714d00000|  0%| F|  |TS  0|AC  0|TAMS 0x0000000714c00000, 0x0000000714c00000|
| 123|0x0000000714d00000, 0x0000000714d00000, 0x0000000714e00000|  0%| F|  |TS  0|AC  0|TAMS 0x0000000714d00000, 0x0000000714d00000|
| 124|0x0000000714e00000, 0x0000000714e00000, 0x0000000714f00000|  0%| F|  |TS  0|AC  0|TAMS 0x0000000714e00000, 0x0000000714e00000|
| 125|0x0000000714f00000, 0x0000000714f00000, 0x0000000715000000|  0%| F|  |TS  0|AC  0|TAMS 0x0000000714f00000, 0x0000000714f00000|
| 126|0x0000000715000000, 0x0000000715000000, 0x0000000715100000|  0%| F|  |TS  0|AC  0|TAMS 0x0000000715000000, 0x0000000715000000|
| 127|0x0000000715100000, 0x0000000715100000, 0x0000000715200000|  0%| F|  |TS  0|AC  0|TAMS 0x0000000715100000, 0x0000000715100000|
| 128|0x0000000715200000, 0x0000000715200000, 0x0000000715300000|  0%| F|  |TS  0|AC  0|TAMS 0x0000000715200000, 0x0000000715200000|
| 129|0x0000000715300000, 0x0000000715300000, 0x0000000715400000|  0%| F|  |TS  0|AC  0|TAMS 0x0000000715300000, 0x0000000715300000|
| 130|0x0000000715400000, 0x0000000715400000, 0x0000000715500000|  0%| F|  |TS  0|AC  0|TAMS 0x0000000715400000, 0x0000000715400000|
| 131|0x0000000715500000, 0x0000000715500000, 0x0000000715600000|  0%| F|  |TS  0|AC  0|TAMS 0x0000000715500000, 0x0000000715500000|
| 132|0x0000000715600000, 0x0000000715600000, 0x0000000715700000|  0%| F|  |TS  0|AC  0|TAMS 0x0000000715600000, 0x0000000715600000|
| 133|0x0000000715700000, 0x0000000715700000, 0x0000000715800000|  0%| F|  |TS  0|AC  0|TAMS 0x0000000715700000, 0x0000000715700000|
| 134|0x0000000715800000, 0x0000000715800000, 0x0000000715900000|  0%| F|  |TS  0|AC  0|TAMS 0x0000000715800000, 0x0000000715800000|
| 135|0x0000000715900000, 0x0000000715900000, 0x0000000715a00000|  0%| F|  |TS  0|AC  0|TAMS 0x0000000715900000, 0x0000000715900000|
| 136|0x0000000715a00000, 0x0000000715a00000, 0x0000000715b00000|  0%| F|  |TS  0|AC  0|TAMS 0x0000000715a00000, 0x0000000715a00000|
| 137|0x0000000715b00000, 0x0000000715b00000, 0x0000000715c00000|  0%| F|  |TS  0|AC  0|TAMS 0x0000000715b00000, 0x0000000715b00000|
| 138|0x0000000715c00000, 0x0000000715c00000, 0x0000000715d00000|  0%| F|  |TS  0|AC  0|TAMS 0x0000000715c00000, 0x0000000715c00000|
| 139|0x0000000715d00000, 0x0000000715d00000, 0x0000000715e00000|  0%| F|  |TS  0|AC  0|TAMS 0x0000000715d00000, 0x0000000715d00000|
| 140|0x0000000715e00000, 0x0000000715e00000, 0x0000000715f00000|  0%| F|  |TS  0|AC  0|TAMS 0x0000000715e00000, 0x0000000715e00000|
| 141|0x0000000715f00000, 0x0000000715f00000, 0x0000000716000000|  0%| F|  |TS  0|AC  0|TAMS 0x0000000715f00000, 0x0000000715f00000|
| 142|0x0000000716000000, 0x0000000716000000, 0x0000000716100000|  0%| F|  |TS  0|AC  0|TAMS 0x0000000716000000, 0x0000000716000000|
| 143|0x0000000716100000, 0x0000000716100000, 0x0000000716200000|  0%| F|  |TS  0|AC  0|TAMS 0x0000000716100000, 0x0000000716100000|
| 144|0x0000000716200000, 0x0000000716200000, 0x0000000716300000|  0%| F|  |TS  0|AC  0|TAMS 0x0000000716200000, 0x0000000716200000|
| 145|0x0000000716300000, 0x0000000716300000, 0x0000000716400000|  0%| F|  |TS  0|AC  0|TAMS 0x0000000716300000, 0x0000000716300000|
| 146|0x0000000716400000, 0x0000000716400000, 0x0000000716500000|  0%| F|  |TS  0|AC  0|TAMS 0x0000000716400000, 0x0000000716400000|
| 147|0x0000000716500000, 0x0000000716500000, 0x0000000716600000|  0%| F|  |TS  0|AC  0|TAMS 0x0000000716500000, 0x0000000716500000|
| 148|0x0000000716600000, 0x0000000716600000, 0x0000000716700000|  0%| F|  |TS  0|AC  0|TAMS 0x0000000716600000, 0x0000000716600000|
| 149|0x0000000716700000, 0x0000000716700000, 0x0000000716800000|  0%| F|  |TS  0|AC  0|TAMS 0x0000000716700000, 0x0000000716700000|
| 150|0x0000000716800000, 0x0000000716800000, 0x0000000716900000|  0%| F|  |TS  0|AC  0|TAMS 0x0000000716800000, 0x0000000716800000|
| 151|0x0000000716900000, 0x0000000716900000, 0x0000000716a00000|  0%| F|  |TS  0|AC  0|TAMS 0x0000000716900000, 0x0000000716900000|
| 152|0x0000000716a00000, 0x0000000716a00000, 0x0000000716b00000|  0%| F|  |TS  0|AC  0|TAMS 0x0000000716a00000, 0x0000000716a00000|
| 153|0x0000000716b00000, 0x0000000716b00000, 0x0000000716c00000|  0%| F|  |TS  0|AC  0|TAMS 0x0000000716b00000, 0x0000000716b00000|
| 154|0x0000000716c00000, 0x0000000716c00000, 0x0000000716d00000|  0%| F|  |TS  0|AC  0|TAMS 0x0000000716c00000, 0x0000000716c00000|
| 155|0x0000000716d00000, 0x0000000716d00000, 0x0000000716e00000|  0%| F|  |TS  0|AC  0|TAMS 0x0000000716d00000, 0x0000000716d00000|
| 156|0x0000000716e00000, 0x0000000716e00000, 0x0000000716f00000|  0%| F|  |TS  0|AC  0|TAMS 0x0000000716e00000, 0x0000000716e00000|
| 157|0x0000000716f00000, 0x0000000716f00000, 0x0000000717000000|  0%| F|  |TS  0|AC  0|TAMS 0x0000000716f00000, 0x0000000716f00000|
| 158|0x0000000717000000, 0x0000000717000000, 0x0000000717100000|  0%| F|  |TS  0|AC  0|TAMS 0x0000000717000000, 0x0000000717000000|
| 159|0x0000000717100000, 0x0000000717100000, 0x0000000717200000|  0%| F|  |TS  0|AC  0|TAMS 0x0000000717100000, 0x0000000717100000|
| 160|0x0000000717200000, 0x0000000717200000, 0x0000000717300000|  0%| F|  |TS  0|AC  0|TAMS 0x0000000717200000, 0x0000000717200000|
| 161|0x0000000717300000, 0x0000000717300000, 0x0000000717400000|  0%| F|  |TS  0|AC  0|TAMS 0x0000000717300000, 0x0000000717300000|
| 162|0x0000000717400000, 0x0000000717400000, 0x0000000717500000|  0%| F|  |TS  0|AC  0|TAMS 0x0000000717400000, 0x0000000717400000|
| 163|0x0000000717500000, 0x0000000717500000, 0x0000000717600000|  0%| F|  |TS  0|AC  0|TAMS 0x0000000717500000, 0x0000000717500000|
| 164|0x0000000717600000, 0x0000000717600000, 0x0000000717700000|  0%| F|  |TS  0|AC  0|TAMS 0x0000000717600000, 0x0000000717600000|
| 165|0x0000000717700000, 0x0000000717700000, 0x0000000717800000|  0%| F|  |TS  0|AC  0|TAMS 0x0000000717700000, 0x0000000717700000|
| 166|0x0000000717800000, 0x0000000717800000, 0x0000000717900000|  0%| F|  |TS  0|AC  0|TAMS 0x0000000717800000, 0x0000000717800000|
| 167|0x0000000717900000, 0x0000000717900000, 0x0000000717a00000|  0%| F|  |TS  0|AC  0|TAMS 0x0000000717900000, 0x0000000717900000|
| 168|0x0000000717a00000, 0x0000000717a00000, 0x0000000717b00000|  0%| F|  |TS  0|AC  0|TAMS 0x0000000717a00000, 0x0000000717a00000|
| 169|0x0000000717b00000, 0x0000000717b00000, 0x0000000717c00000|  0%| F|  |TS  0|AC  0|TAMS 0x0000000717b00000, 0x0000000717b00000|
| 170|0x0000000717c00000, 0x0000000717c999f8, 0x0000000717d00000| 60%| E|  |TS  0|AC  0|TAMS 0x0000000717c00000, 0x0000000717c00000|
| 171|0x0000000717d00000, 0x0000000717e00000, 0x0000000717e00000|100%| E|CS|TS  0|AC  0|TAMS 0x0000000717d00000, 0x0000000717d00000|
| 172|0x0000000717e00000, 0x0000000717f00000, 0x0000000717f00000|100%| E|CS|TS  0|AC  0|TAMS 0x0000000717e00000, 0x0000000717e00000|
| 173|0x0000000717f00000, 0x0000000718000000, 0x0000000718000000|100%| E|CS|TS  0|AC  0|TAMS 0x0000000717f00000, 0x0000000717f00000|
| 174|0x0000000718000000, 0x0000000718100000, 0x0000000718100000|100%| E|CS|TS  0|AC  0|TAMS 0x0000000718000000, 0x0000000718000000|
| 175|0x0000000718100000, 0x0000000718200000, 0x0000000718200000|100%| E|CS|TS  0|AC  0|TAMS 0x0000000718100000, 0x0000000718100000|
| 176|0x0000000718200000, 0x0000000718300000, 0x0000000718300000|100%| E|CS|TS  0|AC  0|TAMS 0x0000000718200000, 0x0000000718200000|
| 177|0x0000000718300000, 0x0000000718400000, 0x0000000718400000|100%| E|CS|TS  0|AC  0|TAMS 0x0000000718300000, 0x0000000718300000|
| 178|0x0000000718400000, 0x0000000718500000, 0x0000000718500000|100%| E|CS|TS  0|AC  0|TAMS 0x0000000718400000, 0x0000000718400000|
| 179|0x0000000718500000, 0x0000000718600000, 0x0000000718600000|100%| E|CS|TS  0|AC  0|TAMS 0x0000000718500000, 0x0000000718500000|

Card table byte_map: [0x00007fa1b7a69000,0x00007fa1b8000000] byte_map_base: 0x00007fa1b4200000

Marking Bits (Prev, Next): (CMBitMap*) 0x00007fa1f806cb70, (CMBitMap*) 0x00007fa1f806cba8
 Prev Bits: [0x00007fa1b481a000, 0x00007fa1b74d2000)
 Next Bits: [0x00007fa1b1b62000, 0x00007fa1b481a000)

Polling page: 0x00007fa1ffa0b000

CodeHeap 'non-profiled nmethods': size=120032Kb used=146Kb max_used=146Kb free=119885Kb
 bounds [0x00007fa1e560b000, 0x00007fa1e587b000, 0x00007fa1ecb43000]
CodeHeap 'profiled nmethods': size=120032Kb used=938Kb max_used=938Kb free=119093Kb
 bounds [0x00007fa1de0d3000, 0x00007fa1de343000, 0x00007fa1e560b000]
CodeHeap 'non-nmethods': size=5696Kb used=1440Kb max_used=1452Kb free=4255Kb
 bounds [0x00007fa1ddb43000, 0x00007fa1dddb3000, 0x00007fa1de0d3000]
 total_blobs=1421 nmethods=531 adapters=682
 compilation: enabled

Compilation events (10 events):
Event: 0.543 Thread 0x00007fa1f81ce800 nmethod 526 0x00007fa1de1bb310 code [0x00007fa1de1bb4e0, 0x00007fa1de1bb718]
Event: 0.543 Thread 0x00007fa1f81ce800  527       3       java.lang.CharacterDataLatin1::digit (91 bytes)
Event: 0.544 Thread 0x00007fa1f81ce800 nmethod 527 0x00007fa1de1bb810 code [0x00007fa1de1bb9e0, 0x00007fa1de1bbd70]
Event: 0.545 Thread 0x00007fa1f81ce800  528       3       jdk.internal.jimage.ImageStringsReader::get (9 bytes)
Event: 0.546 Thread 0x00007fa1f81ce800 nmethod 528 0x00007fa1de1bbe90 code [0x00007fa1de1bc040, 0x00007fa1de1bc248]
Event: 0.546 Thread 0x00007fa1f81ce800  529       3       jdk.internal.jimage.BasicImageReader::getString (48 bytes)
Event: 0.546 Thread 0x00007fa1f81ce800 nmethod 529 0x00007fa1de1bc310 code [0x00007fa1de1bc560, 0x00007fa1de1bd0b8]
Event: 0.546 Thread 0x00007fa1f81ce800  530       3       jdk.internal.jimage.ImageStringsReader::stringFromByteBuffer (28 bytes)
Event: 0.547 Thread 0x00007fa1f81ce800 nmethod 530 0x00007fa1de1bd410 code [0x00007fa1de1bd600, 0x00007fa1de1bd9f8]
Event: 0.548 Thread 0x00007fa1f81ca800  531 %     4       java.lang.StringLatin1::indexOf @ 14 (121 bytes)

GC Heap History (0 events):
No events

Deoptimization events (3 events):
Event: 0.229 Thread 0x00007fa1f8429000 Uncommon trap: reason=unstable_if action=reinterpret pc=0x00007fa1e560f16c method=java.net.URI.match(CJJ)Z @ 19 c2
Event: 0.230 Thread 0x00007fa1f8429000 Uncommon trap: reason=unstable_if action=reinterpret pc=0x00007fa1e560d39c method=java.lang.String.charAt(I)C @ 4 c2
Event: 0.269 Thread 0x00007fa1f8014800 Uncommon trap: reason=range_check action=reinterpret pc=0x00007fa1e561f0d0 method=java.lang.StringLatin1.indexOf([BII)I @ 13 c2

Classes redefined (0 events):
No events

Internal exceptions (9 events):
Event: 0.248 Thread 0x00007fa1f8014800 Exception <a 'java/lang/NoSuchMethodError'{0x00000007181c9b28}: java.lang.Object.lambda$static$0(Ljava/lang/String;)Ljava/lang/Boolean;> (0x00000007181c9b28) thrown at [/scratch/opt/mach5/mesos/work_dir/slaves/5af44a71-976a-41b7-81de-5773b84ec572-S39643/f
Event: 0.278 Thread 0x00007fa1f8014800 Exception <a 'java/lang/NoSuchMethodError'{0x00000007180a55f0}: java.lang.Object.lambda$union$2(Ljava/util/regex/Pattern$CharPredicate;I)Z> (0x00000007180a55f0) thrown at [/scratch/opt/mach5/mesos/work_dir/slaves/5af44a71-976a-41b7-81de-5773b84ec572-S3964
Event: 0.281 Thread 0x00007fa1f8014800 Exception <a 'java/lang/NoSuchMethodError'{0x00000007180c0c00}: java.lang.invoke.DirectMethodHandle$Holder.invokeStatic(Ljava/lang/Object;Ljava/lang/Object;)I> (0x00000007180c0c00) thrown at [/scratch/opt/mach5/mesos/work_dir/slaves/5af44a71-976a-41b7-81d
Event: 0.283 Thread 0x00007fa1f8014800 Exception <a 'java/lang/NoSuchMethodError'{0x00000007180d1050}: method resolution failed> (0x00000007180d1050) thrown at [/scratch/opt/mach5/mesos/work_dir/slaves/5af44a71-976a-41b7-81de-5773b84ec572-S39643/frameworks/1735e8a2-a1db-478c-8104-60c8b0af87dd-
Event: 0.285 Thread 0x00007fa1f8014800 Exception <a 'java/lang/NoSuchMethodError'{0x00000007180d4d08}: method resolution failed> (0x00000007180d4d08) thrown at [/scratch/opt/mach5/mesos/work_dir/slaves/5af44a71-976a-41b7-81de-5773b84ec572-S39643/frameworks/1735e8a2-a1db-478c-8104-60c8b0af87dd-
Event: 0.286 Thread 0x00007fa1f8014800 Exception <a 'java/lang/NoSuchMethodError'{0x00000007180d8208}: java.lang.invoke.DelegatingMethodHandle$Holder.delegate(Ljava/lang/Object;Ljava/lang/Object;ILjava/lang/Object;)V> (0x00000007180d8208) thrown at [/scratch/opt/mach5/mesos/work_dir/slaves/5af
Event: 0.286 Thread 0x00007fa1f8014800 Exception <a 'java/lang/NoSuchMethodError'{0x00000007180dbdb0}: java.lang.invoke.DirectMethodHandle$Holder.invokeSpecial(Ljava/lang/Object;Ljava/lang/Object;Ljava/lang/Object;)I> (0x00000007180dbdb0) thrown at [/scratch/opt/mach5/mesos/work_dir/slaves/5af
Event: 0.288 Thread 0x00007fa1f8014800 Exception <a 'java/lang/NoSuchMethodError'{0x00000007180e2e10}: java.lang.invoke.DirectMethodHandle$Holder.invokeStaticInit(Ljava/lang/Object;Ljava/lang/Object;Ljava/lang/Object;)Ljava/lang/Object;> (0x00000007180e2e10) thrown at [/scratch/opt/mach5/mesos
Event: 0.547 Thread 0x00007fa1f8014800 Exception <a 'sun/nio/fs/UnixException'{0x0000000717c512f8}> (0x0000000717c512f8) thrown at [/scratch/opt/mach5/mesos/work_dir/slaves/5af44a71-976a-41b7-81de-5773b84ec572-S39643/frameworks/1735e8a2-a1db-478c-8104-60c8b0af87dd-0196/executors/a3f74ad9-294f-

Events (10 events):
Event: 0.547 loading class java/nio/file/NoSuchFileException
Event: 0.547 loading class java/nio/file/FileSystemException
Event: 0.547 loading class java/nio/file/FileSystemException done
Event: 0.547 loading class java/nio/file/NoSuchFileException done
Event: 0.547 loading class org/lwjgl/opengl/GL$2
Event: 0.547 loading class org/lwjgl/opengl/GL$2 done
Event: 0.548 loading class org/lwjgl/opengl/GL$SharedLibraryGL
Event: 0.548 loading class org/lwjgl/opengl/GL$SharedLibraryGL done
Event: 0.548 loading class org/lwjgl/system/SharedLibrary$Delegate
Event: 0.548 loading class org/lwjgl/system/SharedLibrary$Delegate done


Dynamic libraries:
00400000-00401000 r-xp 00000000 00:31 2364271                            /home/mihai/Programs/jdk-9.0.4/bin/java
00600000-00601000 rw-p 00000000 00:31 2364271                            /home/mihai/Programs/jdk-9.0.4/bin/java
00f4e000-00f6f000 rw-p 00000000 00:00 0                                  [heap]
70d200000-718600000 rw-p 00000000 00:00 0 
718600000-7c0000000 ---p 00000000 00:00 0 
7c0000000-7c00e0000 rw-p 00000000 00:00 0 
7c00e0000-800000000 ---p 00000000 00:00 0 
7fa16ed3c000-7fa170000000 rw-p 00000000 00:00 0 
7fa170000000-7fa170021000 rw-p 00000000 00:00 0 
7fa170021000-7fa174000000 ---p 00000000 00:00 0 
7fa174086000-7fa1740f1000 r-xp 00000000 08:05 3159716                    /tmp/lwjglmihai/3.1.5-build-1/liblwjgl_opengl.so
7fa1740f1000-7fa1742f0000 ---p 0006b000 08:05 3159716                    /tmp/lwjglmihai/3.1.5-build-1/liblwjgl_opengl.so
7fa1742f0000-7fa1742f1000 r--p 0006a000 08:05 3159716                    /tmp/lwjglmihai/3.1.5-build-1/liblwjgl_opengl.so
7fa1742f1000-7fa1742f2000 rw-p 0006b000 08:05 3159716                    /tmp/lwjglmihai/3.1.5-build-1/liblwjgl_opengl.so
7fa1742f2000-7fa1745de000 rw-p 00000000 00:00 0 
7fa1745de000-7fa174615000 r-xp 00000000 08:05 2500754                    /usr/lib/x86_64-linux-gnu/libtxc_dxtn_s2tc.so.0.0.0
7fa174615000-7fa174814000 ---p 00037000 08:05 2500754                    /usr/lib/x86_64-linux-gnu/libtxc_dxtn_s2tc.so.0.0.0
7fa174814000-7fa174815000 r--p 00036000 08:05 2500754                    /usr/lib/x86_64-linux-gnu/libtxc_dxtn_s2tc.so.0.0.0
7fa174815000-7fa174816000 rw-p 00037000 08:05 2500754                    /usr/lib/x86_64-linux-gnu/libtxc_dxtn_s2tc.so.0.0.0
7fa174816000-7fa17481e000 r-xp 00000000 08:05 2500510                    /usr/lib/x86_64-linux-gnu/libpciaccess.so.0.11.1
7fa17481e000-7fa174a1e000 ---p 00008000 08:05 2500510                    /usr/lib/x86_64-linux-gnu/libpciaccess.so.0.11.1
7fa174a1e000-7fa174a1f000 r--p 00008000 08:05 2500510                    /usr/lib/x86_64-linux-gnu/libpciaccess.so.0.11.1
7fa174a1f000-7fa174a20000 rw-p 00009000 08:05 2500510                    /usr/lib/x86_64-linux-gnu/libpciaccess.so.0.11.1
7fa174a20000-7fa174a36000 r-xp 00000000 08:05 1577579                    /lib/x86_64-linux-gnu/libgcc_s.so.1
7fa174a36000-7fa174c35000 ---p 00016000 08:05 1577579                    /lib/x86_64-linux-gnu/libgcc_s.so.1
7fa174c35000-7fa174c36000 rw-p 00015000 08:05 1577579                    /lib/x86_64-linux-gnu/libgcc_s.so.1
7fa174c36000-7fa174da8000 r-xp 00000000 08:05 2491992                    /usr/lib/x86_64-linux-gnu/libstdc++.so.6.0.21
7fa174da8000-7fa174fa8000 ---p 00172000 08:05 2491992                    /usr/lib/x86_64-linux-gnu/libstdc++.so.6.0.21
7fa174fa8000-7fa174fb2000 r--p 00172000 08:05 2491992                    /usr/lib/x86_64-linux-gnu/libstdc++.so.6.0.21
7fa174fb2000-7fa174fb4000 rw-p 0017c000 08:05 2491992                    /usr/lib/x86_64-linux-gnu/libstdc++.so.6.0.21
7fa174fb4000-7fa174fb8000 rw-p 00000000 00:00 0 
7fa174fb8000-7fa174fc3000 r-xp 00000000 08:05 2495909                    /usr/lib/x86_64-linux-gnu/libdrm_radeon.so.1.0.1
7fa174fc3000-7fa1751c2000 ---p 0000b000 08:05 2495909                    /usr/lib/x86_64-linux-gnu/libdrm_radeon.so.1.0.1
7fa1751c2000-7fa1751c3000 r--p 0000a000 08:05 2495909                    /usr/lib/x86_64-linux-gnu/libdrm_radeon.so.1.0.1
7fa1751c3000-7fa1751c4000 rw-p 0000b000 08:05 2495909                    /usr/lib/x86_64-linux-gnu/libdrm_radeon.so.1.0.1
7fa1751c4000-7fa1751cb000 r-xp 00000000 08:05 2495913                    /usr/lib/x86_64-linux-gnu/libdrm_nouveau.so.2.0.0
7fa1751cb000-7fa1753ca000 ---p 00007000 08:05 2495913                    /usr/lib/x86_64-linux-gnu/libdrm_nouveau.so.2.0.0
7fa1753ca000-7fa1753cb000 r--p 00006000 08:05 2495913                    /usr/lib/x86_64-linux-gnu/libdrm_nouveau.so.2.0.0
7fa1753cb000-7fa1753cc000 rw-p 00007000 08:05 2495913                    /usr/lib/x86_64-linux-gnu/libdrm_nouveau.so.2.0.0
7fa1753cc000-7fa1753ee000 r-xp 00000000 08:05 2495905                    /usr/lib/x86_64-linux-gnu/libdrm_intel.so.1.0.0
7fa1753ee000-7fa1755ee000 ---p 00022000 08:05 2495905                    /usr/lib/x86_64-linux-gnu/libdrm_intel.so.1.0.0
7fa1755ee000-7fa1755ef000 r--p 00022000 08:05 2495905                    /usr/lib/x86_64-linux-gnu/libdrm_intel.so.1.0.0
7fa1755ef000-7fa1755f0000 rw-p 00023000 08:05 2495905                    /usr/lib/x86_64-linux-gnu/libdrm_intel.so.1.0.0
7fa1755f0000-7fa175e1e000 r-xp 00000000 08:05 2753571                    /usr/lib/x86_64-linux-gnu/dri/i965_dri.so
7fa175e1e000-7fa17601d000 ---p 0082e000 08:05 2753571                    /usr/lib/x86_64-linux-gnu/dri/i965_dri.so
7fa17601d000-7fa17606d000 r--p 0082d000 08:05 2753571                    /usr/lib/x86_64-linux-gnu/dri/i965_dri.so
7fa17606d000-7fa176076000 rw-p 0087d000 08:05 2753571                    /usr/lib/x86_64-linux-gnu/dri/i965_dri.so
7fa176076000-7fa1760dd000 rw-p 00000000 00:00 0 
7fa1760dd000-7fa1760ed000 r-xp 00000000 08:05 2495919                    /usr/lib/x86_64-linux-gnu/libdrm.so.2.4.0
7fa1760ed000-7fa1762ec000 ---p 00010000 08:05 2495919                    /usr/lib/x86_64-linux-gnu/libdrm.so.2.4.0
7fa1762ec000-7fa1762ed000 r--p 0000f000 08:05 2495919                    /usr/lib/x86_64-linux-gnu/libdrm.so.2.4.0
7fa1762ed000-7fa1762ee000 rw-p 00010000 08:05 2495919                    /usr/lib/x86_64-linux-gnu/libdrm.so.2.4.0
7fa1762ee000-7fa1762f2000 r-xp 00000000 08:05 2500921                    /usr/lib/x86_64-linux-gnu/libxcb-dri2.so.0.0.0
7fa1762f2000-7fa1764f1000 ---p 00004000 08:05 2500921                    /usr/lib/x86_64-linux-gnu/libxcb-dri2.so.0.0.0
7fa1764f1000-7fa1764f2000 r--p 00003000 08:05 2500921                    /usr/lib/x86_64-linux-gnu/libxcb-dri2.so.0.0.0
7fa1764f2000-7fa1764f3000 rw-p 00004000 08:05 2500921                    /usr/lib/x86_64-linux-gnu/libxcb-dri2.so.0.0.0
7fa1764f3000-7fa17650a000 r-xp 00000000 08:05 2500925                    /usr/lib/x86_64-linux-gnu/libxcb-glx.so.0.0.0
7fa17650a000-7fa176709000 ---p 00017000 08:05 2500925                    /usr/lib/x86_64-linux-gnu/libxcb-glx.so.0.0.0
7fa176709000-7fa17670b000 r--p 00016000 08:05 2500925                    /usr/lib/x86_64-linux-gnu/libxcb-glx.so.0.0.0
7fa17670b000-7fa17670c000 rw-p 00018000 08:05 2500925                    /usr/lib/x86_64-linux-gnu/libxcb-glx.so.0.0.0
7fa17670c000-7fa17670e000 r-xp 00000000 08:05 2499544                    /usr/lib/x86_64-linux-gnu/libXdamage.so.1.1.0
7fa17670e000-7fa17690d000 ---p 00002000 08:05 2499544                    /usr/lib/x86_64-linux-gnu/libXdamage.so.1.1.0
7fa17690d000-7fa17690e000 r--p 00001000 08:05 2499544                    /usr/lib/x86_64-linux-gnu/libXdamage.so.1.1.0
7fa17690e000-7fa17690f000 rw-p 00002000 08:05 2499544                    /usr/lib/x86_64-linux-gnu/libXdamage.so.1.1.0
7fa17690f000-7fa17693a000 r-xp 00000000 08:05 2491028                    /usr/lib/x86_64-linux-gnu/libglapi.so.0.0.0
7fa17693a000-7fa176b39000 ---p 0002b000 08:05 2491028                    /usr/lib/x86_64-linux-gnu/libglapi.so.0.0.0
7fa176b39000-7fa176b3d000 r--p 0002a000 08:05 2491028                    /usr/lib/x86_64-linux-gnu/libglapi.so.0.0.0
7fa176b3d000-7fa176b3e000 rw-p 0002e000 08:05 2491028                    /usr/lib/x86_64-linux-gnu/libglapi.so.0.0.0
7fa176b3e000-7fa176b3f000 rw-p 00000000 00:00 0 
7fa176b3f000-7fa176b40000 r-xp 00000000 08:05 2500965                    /usr/lib/x86_64-linux-gnu/libxshmfence.so.1.0.0
7fa176b40000-7fa176d40000 ---p 00001000 08:05 2500965                    /usr/lib/x86_64-linux-gnu/libxshmfence.so.1.0.0
7fa176d40000-7fa176d41000 r--p 00001000 08:05 2500965                    /usr/lib/x86_64-linux-gnu/libxshmfence.so.1.0.0
7fa176d41000-7fa176d42000 rw-p 00002000 08:05 2500965                    /usr/lib/x86_64-linux-gnu/libxshmfence.so.1.0.0
7fa176d42000-7fa176d47000 r-xp 00000000 08:05 2500945                    /usr/lib/x86_64-linux-gnu/libxcb-sync.so.1.0.0
7fa176d47000-7fa176f47000 ---p 00005000 08:05 2500945                    /usr/lib/x86_64-linux-gnu/libxcb-sync.so.1.0.0
7fa176f47000-7fa176f48000 r--p 00005000 08:05 2500945                    /usr/lib/x86_64-linux-gnu/libxcb-sync.so.1.0.0
7fa176f48000-7fa176f49000 rw-p 00006000 08:05 2500945                    /usr/lib/x86_64-linux-gnu/libxcb-sync.so.1.0.0
7fa176f49000-7fa176f4b000 r-xp 00000000 08:05 2500933                    /usr/lib/x86_64-linux-gnu/libxcb-present.so.0.0.0
7fa176f4b000-7fa17714a000 ---p 00002000 08:05 2500933                    /usr/lib/x86_64-linux-gnu/libxcb-present.so.0.0.0
7fa17714a000-7fa17714b000 r--p 00001000 08:05 2500933                    /usr/lib/x86_64-linux-gnu/libxcb-present.so.0.0.0
7fa17714b000-7fa17714c000 rw-p 00002000 08:05 2500933                    /usr/lib/x86_64-linux-gnu/libxcb-present.so.0.0.0
7fa17714c000-7fa17714e000 r-xp 00000000 08:05 2500923                    /usr/lib/x86_64-linux-gnu/libxcb-dri3.so.0.0.0
7fa17714e000-7fa17734d000 ---p 00002000 08:05 2500923                    /usr/lib/x86_64-linux-gnu/libxcb-dri3.so.0.0.0
7fa17734d000-7fa17734e000 r--p 00001000 08:05 2500923                    /usr/lib/x86_64-linux-gnu/libxcb-dri3.so.0.0.0
7fa17734e000-7fa17734f000 rw-p 00002000 08:05 2500923                    /usr/lib/x86_64-linux-gnu/libxcb-dri3.so.0.0.0
7fa17734f000-7fa177375000 r-xp 00000000 08:05 1577572                    /lib/x86_64-linux-gnu/libexpat.so.1.6.0
7fa177375000-7fa177575000 ---p 00026000 08:05 1577572                    /lib/x86_64-linux-gnu/libexpat.so.1.6.0
7fa177575000-7fa177577000 r--p 00026000 08:05 1577572                    /lib/x86_64-linux-gnu/libexpat.so.1.6.0
7fa177577000-7fa177578000 rw-p 00028000 08:05 1577572                    /lib/x86_64-linux-gnu/libexpat.so.1.6.0
7fa177578000-7fa1775e6000 r-xp 00000000 08:05 2754332                    /usr/lib/x86_64-linux-gnu/mesa/libGL.so.1.2.0
7fa1775e6000-7fa1777e6000 ---p 0006e000 08:05 2754332                    /usr/lib/x86_64-linux-gnu/mesa/libGL.so.1.2.0
7fa1777e6000-7fa1777e9000 r--p 0006e000 08:05 2754332                    /usr/lib/x86_64-linux-gnu/mesa/libGL.so.1.2.0
7fa1777e9000-7fa1777ea000 rw-p 00071000 08:05 2754332                    /usr/lib/x86_64-linux-gnu/mesa/libGL.so.1.2.0
7fa1777ea000-7fa1777eb000 rw-p 00000000 00:00 0 
7fa1777eb000-7fa1777ec000 r-xp 00000000 08:05 2499529                    /usr/lib/x86_64-linux-gnu/libX11-xcb.so.1.0.0
7fa1777ec000-7fa1779eb000 ---p 00001000 08:05 2499529                    /usr/lib/x86_64-linux-gnu/libX11-xcb.so.1.0.0
7fa1779eb000-7fa1779ec000 r--p 00000000 08:05 2499529                    /usr/lib/x86_64-linux-gnu/libX11-xcb.so.1.0.0
7fa1779ec000-7fa1779ed000 rw-p 00001000 08:05 2499529                    /usr/lib/x86_64-linux-gnu/libX11-xcb.so.1.0.0
7fa1779ed000-7fa1779ef000 r-xp 00000000 08:05 2499560                    /usr/lib/x86_64-linux-gnu/libXinerama.so.1.0.0
7fa1779ef000-7fa177bee000 ---p 00002000 08:05 2499560                    /usr/lib/x86_64-linux-gnu/libXinerama.so.1.0.0
7fa177bee000-7fa177bef000 r--p 00001000 08:05 2499560                    /usr/lib/x86_64-linux-gnu/libXinerama.so.1.0.0
7fa177bef000-7fa177bf0000 rw-p 00002000 08:05 2499560                    /usr/lib/x86_64-linux-gnu/libXinerama.so.1.0.0
7fa177bf0000-7fa177bf5000 r-xp 00000000 08:05 2499550                    /usr/lib/x86_64-linux-gnu/libXfixes.so.3.1.0
7fa177bf5000-7fa177df4000 ---p 00005000 08:05 2499550                    /usr/lib/x86_64-linux-gnu/libXfixes.so.3.1.0
7fa177df4000-7fa177df5000 r--p 00004000 08:05 2499550                    /usr/lib/x86_64-linux-gnu/libXfixes.so.3.1.0
7fa177df5000-7fa177df6000 rw-p 00005000 08:05 2499550                    /usr/lib/x86_64-linux-gnu/libXfixes.so.3.1.0
7fa177df6000-7fa177dff000 r-xp 00000000 08:05 2498445                    /usr/lib/x86_64-linux-gnu/libXcursor.so.1.0.2
7fa177dff000-7fa177ffe000 ---p 00009000 08:05 2498445                    /usr/lib/x86_64-linux-gnu/libXcursor.so.1.0.2
7fa177ffe000-7fa177fff000 r--p 00008000 08:05 2498445                    /usr/lib/x86_64-linux-gnu/libXcursor.so.1.0.2
7fa177fff000-7fa178000000 rw-p 00009000 08:05 2498445                    /usr/lib/x86_64-linux-gnu/libXcursor.so.1.0.2
7fa178000000-7fa178021000 rw-p 00000000 00:00 0 
7fa178021000-7fa17c000000 ---p 00000000 00:00 0 
7fa17c000000-7fa17c021000 rw-p 00000000 00:00 0 
7fa17c021000-7fa180000000 ---p 00000000 00:00 0 
7fa180000000-7fa180021000 rw-p 00000000 00:00 0 
7fa180021000-7fa184000000 ---p 00000000 00:00 0 
7fa184000000-7fa184021000 rw-p 00000000 00:00 0 
7fa184021000-7fa188000000 ---p 00000000 00:00 0 
7fa188000000-7fa18805f000 rw-p 00000000 00:00 0 
7fa18805f000-7fa18c000000 ---p 00000000 00:00 0 
7fa18c000000-7fa18c40d000 rw-p 00000000 00:00 0 
7fa18c40d000-7fa190000000 ---p 00000000 00:00 0 
7fa190000000-7fa190021000 rw-p 00000000 00:00 0 
7fa190021000-7fa194000000 ---p 00000000 00:00 0 
7fa194000000-7fa194175000 rw-p 00000000 00:00 0 
7fa194175000-7fa198000000 ---p 00000000 00:00 0 
7fa198000000-7fa198021000 rw-p 00000000 00:00 0 
7fa198021000-7fa19c000000 ---p 00000000 00:00 0 
7fa19c000000-7fa19c021000 rw-p 00000000 00:00 0 
7fa19c021000-7fa1a0000000 ---p 00000000 00:00 0 
7fa1a0000000-7fa1a0021000 rw-p 00000000 00:00 0 
7fa1a0021000-7fa1a4000000 ---p 00000000 00:00 0 
7fa1a4000000-7fa1a4021000 rw-p 00000000 00:00 0 
7fa1a4021000-7fa1a8000000 ---p 00000000 00:00 0 
7fa1a806e000-7fa1a819d000 rw-p 00000000 00:00 0 
7fa1a819d000-7fa1a81a6000 r-xp 00000000 08:05 2499570                    /usr/lib/x86_64-linux-gnu/libXrender.so.1.3.0
7fa1a81a6000-7fa1a83a5000 ---p 00009000 08:05 2499570                    /usr/lib/x86_64-linux-gnu/libXrender.so.1.3.0
7fa1a83a5000-7fa1a83a6000 r--p 00008000 08:05 2499570                    /usr/lib/x86_64-linux-gnu/libXrender.so.1.3.0
7fa1a83a6000-7fa1a83a7000 rw-p 00009000 08:05 2499570                    /usr/lib/x86_64-linux-gnu/libXrender.so.1.3.0
7fa1a83a7000-7fa1a83b1000 r-xp 00000000 08:05 2499568                    /usr/lib/x86_64-linux-gnu/libXrandr.so.2.2.0
7fa1a83b1000-7fa1a85b0000 ---p 0000a000 08:05 2499568                    /usr/lib/x86_64-linux-gnu/libXrandr.so.2.2.0
7fa1a85b0000-7fa1a85b1000 r--p 00009000 08:05 2499568                    /usr/lib/x86_64-linux-gnu/libXrandr.so.2.2.0
7fa1a85b1000-7fa1a85b2000 rw-p 0000a000 08:05 2499568                    /usr/lib/x86_64-linux-gnu/libXrandr.so.2.2.0
7fa1a85b2000-7fa1a85c1000 r-xp 00000000 08:05 2499558                    /usr/lib/x86_64-linux-gnu/libXi.so.6.1.0
7fa1a85c1000-7fa1a87c0000 ---p 0000f000 08:05 2499558                    /usr/lib/x86_64-linux-gnu/libXi.so.6.1.0
7fa1a87c0000-7fa1a87c1000 r--p 0000e000 08:05 2499558                    /usr/lib/x86_64-linux-gnu/libXi.so.6.1.0
7fa1a87c1000-7fa1a87c2000 rw-p 0000f000 08:05 2499558                    /usr/lib/x86_64-linux-gnu/libXi.so.6.1.0
7fa1a87c2000-7fa1a87d3000 r-xp 00000000 08:05 2499548                    /usr/lib/x86_64-linux-gnu/libXext.so.6.4.0
7fa1a87d3000-7fa1a89d2000 ---p 00011000 08:05 2499548                    /usr/lib/x86_64-linux-gnu/libXext.so.6.4.0
7fa1a89d2000-7fa1a89d3000 r--p 00010000 08:05 2499548                    /usr/lib/x86_64-linux-gnu/libXext.so.6.4.0
7fa1a89d3000-7fa1a89d4000 rw-p 00011000 08:05 2499548                    /usr/lib/x86_64-linux-gnu/libXext.so.6.4.0
7fa1a89d4000-7fa1a89d9000 r-xp 00000000 08:05 2499586                    /usr/lib/x86_64-linux-gnu/libXxf86vm.so.1.0.0
7fa1a89d9000-7fa1a8bd8000 ---p 00005000 08:05 2499586                    /usr/lib/x86_64-linux-gnu/libXxf86vm.so.1.0.0
7fa1a8bd8000-7fa1a8bd9000 r--p 00004000 08:05 2499586                    /usr/lib/x86_64-linux-gnu/libXxf86vm.so.1.0.0
7fa1a8bd9000-7fa1a8bda000 rw-p 00005000 08:05 2499586                    /usr/lib/x86_64-linux-gnu/libXxf86vm.so.1.0.0
7fa1a8bda000-7fa1a8bdf000 r-xp 00000000 08:05 2499546                    /usr/lib/x86_64-linux-gnu/libXdmcp.so.6.0.0
7fa1a8bdf000-7fa1a8dde000 ---p 00005000 08:05 2499546                    /usr/lib/x86_64-linux-gnu/libXdmcp.so.6.0.0
7fa1a8dde000-7fa1a8ddf000 r--p 00004000 08:05 2499546                    /usr/lib/x86_64-linux-gnu/libXdmcp.so.6.0.0
7fa1a8ddf000-7fa1a8de0000 rw-p 00005000 08:05 2499546                    /usr/lib/x86_64-linux-gnu/libXdmcp.so.6.0.0
7fa1a8de0000-7fa1a8de2000 r-xp 00000000 08:05 2499535                    /usr/lib/x86_64-linux-gnu/libXau.so.6.0.0
7fa1a8de2000-7fa1a8fe2000 ---p 00002000 08:05 2499535                    /usr/lib/x86_64-linux-gnu/libXau.so.6.0.0
7fa1a8fe2000-7fa1a8fe3000 r--p 00002000 08:05 2499535                    /usr/lib/x86_64-linux-gnu/libXau.so.6.0.0
7fa1a8fe3000-7fa1a8fe4000 rw-p 00003000 08:05 2499535                    /usr/lib/x86_64-linux-gnu/libXau.so.6.0.0
7fa1a8fe4000-7fa1a9005000 r-xp 00000000 08:05 2500953                    /usr/lib/x86_64-linux-gnu/libxcb.so.1.1.0
7fa1a9005000-7fa1a9204000 ---p 00021000 08:05 2500953                    /usr/lib/x86_64-linux-gnu/libxcb.so.1.1.0
7fa1a9204000-7fa1a9205000 r--p 00020000 08:05 2500953                    /usr/lib/x86_64-linux-gnu/libxcb.so.1.1.0
7fa1a9205000-7fa1a9206000 rw-p 00021000 08:05 2500953                    /usr/lib/x86_64-linux-gnu/libxcb.so.1.1.0
7fa1a9206000-7fa1a933b000 r-xp 00000000 08:05 2499531                    /usr/lib/x86_64-linux-gnu/libX11.so.6.3.0
7fa1a933b000-7fa1a953b000 ---p 00135000 08:05 2499531                    /usr/lib/x86_64-linux-gnu/libX11.so.6.3.0
7fa1a953b000-7fa1a953c000 r--p 00135000 08:05 2499531                    /usr/lib/x86_64-linux-gnu/libX11.so.6.3.0
7fa1a953c000-7fa1a9540000 rw-p 00136000 08:05 2499531                    /usr/lib/x86_64-linux-gnu/libX11.so.6.3.0
7fa1a9540000-7fa1a956f000 r-xp 00000000 08:05 3159715                    /tmp/lwjglmihai/3.1.5-build-1/libglfw.so
7fa1a956f000-7fa1a976e000 ---p 0002f000 08:05 3159715                    /tmp/lwjglmihai/3.1.5-build-1/libglfw.so
7fa1a976e000-7fa1a976f000 r--p 0002e000 08:05 3159715                    /tmp/lwjglmihai/3.1.5-build-1/libglfw.so
7fa1a976f000-7fa1a9770000 rw-p 0002f000 08:05 3159715                    /tmp/lwjglmihai/3.1.5-build-1/libglfw.so
7fa1a9770000-7fa1a9791000 rw-p 00000000 00:00 0 
7fa1a9791000-7fa1a97e4000 r-xp 00000000 08:05 3159714                    /tmp/lwjglmihai/3.1.5-build-1/liblwjgl.so
7fa1a97e4000-7fa1a99e3000 ---p 00053000 08:05 3159714                    /tmp/lwjglmihai/3.1.5-build-1/liblwjgl.so
7fa1a99e3000-7fa1a99e4000 r--p 00052000 08:05 3159714                    /tmp/lwjglmihai/3.1.5-build-1/liblwjgl.so
7fa1a99e4000-7fa1a99e5000 rw-p 00053000 08:05 3159714                    /tmp/lwjglmihai/3.1.5-build-1/liblwjgl.so
7fa1a99e5000-7fa1a99e6000 ---p 00000000 00:00 0 
7fa1a99e6000-7fa1a9ae6000 rw-p 00000000 00:00 0 
7fa1a9ae6000-7fa1a9aea000 ---p 00000000 00:00 0 
7fa1a9aea000-7fa1a9be7000 rw-p 00000000 00:00 0 
7fa1a9be7000-7fa1a9beb000 ---p 00000000 00:00 0 
7fa1a9beb000-7fa1a9ce8000 rw-p 00000000 00:00 0 
7fa1a9ce8000-7fa1a9cec000 ---p 00000000 00:00 0 
7fa1a9cec000-7fa1a9de9000 rw-p 00000000 00:00 0 
7fa1a9de9000-7fa1a9dff000 r-xp 00000000 00:31 2896431                    /home/mihai/Programs/jdk-9.0.4/lib/libnet.so
7fa1a9dff000-7fa1a9fff000 ---p 00016000 00:31 2896431                    /home/mihai/Programs/jdk-9.0.4/lib/libnet.so
7fa1a9fff000-7fa1aa000000 rw-p 00016000 00:31 2896431                    /home/mihai/Programs/jdk-9.0.4/lib/libnet.so
7fa1aa000000-7fa1ac000000 rwxp 00000000 00:00 0 
7fa1ac000000-7fa1ac021000 rw-p 00000000 00:00 0 
7fa1ac021000-7fa1b0000000 ---p 00000000 00:00 0 
7fa1b006b000-7fa1b007b000 r-xp 00000000 00:31 2896432                    /home/mihai/Programs/jdk-9.0.4/lib/libnio.so
7fa1b007b000-7fa1b027b000 ---p 00010000 00:31 2896432                    /home/mihai/Programs/jdk-9.0.4/lib/libnio.so
7fa1b027b000-7fa1b027c000 rw-p 00010000 00:31 2896432                    /home/mihai/Programs/jdk-9.0.4/lib/libnio.so
7fa1b027c000-7fa1b0280000 ---p 00000000 00:00 0 
7fa1b0280000-7fa1b037d000 rw-p 00000000 00:00 0 
7fa1b037d000-7fa1b0381000 ---p 00000000 00:00 0 
7fa1b0381000-7fa1b047e000 rw-p 00000000 00:00 0 
7fa1b047e000-7fa1b0482000 ---p 00000000 00:00 0 
7fa1b0482000-7fa1b057f000 rw-p 00000000 00:00 0 
7fa1b057f000-7fa1b0583000 ---p 00000000 00:00 0 
7fa1b0583000-7fa1b0680000 rw-p 00000000 00:00 0 
7fa1b0680000-7fa1b0684000 ---p 00000000 00:00 0 
7fa1b0684000-7fa1b0781000 rw-p 00000000 00:00 0 
7fa1b0781000-7fa1b0a59000 r--p 00000000 08:05 2518691                    /usr/lib/locale/locale-archive
7fa1b0a59000-7fa1b0a5d000 ---p 00000000 00:00 0 
7fa1b0a5d000-7fa1b0b5a000 rw-p 00000000 00:00 0 
7fa1b0b5a000-7fa1b0b5e000 ---p 00000000 00:00 0 
7fa1b0b5e000-7fa1b0c5b000 rw-p 00000000 00:00 0 
7fa1b0c5b000-7fa1b0c5c000 ---p 00000000 00:00 0 
7fa1b0c5c000-7fa1b155c000 rw-p 00000000 00:00 0 
7fa1b155c000-7fa1b1960000 rw-p 00000000 00:00 0 
7fa1b1960000-7fa1b1961000 ---p 00000000 00:00 0 
7fa1b1961000-7fa1b1a61000 rw-p 00000000 00:00 0 
7fa1b1a61000-7fa1b1a62000 ---p 00000000 00:00 0 
7fa1b1a62000-7fa1b1e32000 rw-p 00000000 00:00 0 
7fa1b1e32000-7fa1b481a000 ---p 00000000 00:00 0 
7fa1b481a000-7fa1b4aea000 rw-p 00000000 00:00 0 
7fa1b4aea000-7fa1b74d2000 ---p 00000000 00:00 0 
7fa1b74d2000-7fa1b752c000 rw-p 00000000 00:00 0 
7fa1b752c000-7fa1b7a69000 ---p 00000000 00:00 0 
7fa1b7a69000-7fa1b7ac3000 rw-p 00000000 00:00 0 
7fa1b7ac3000-7fa1b8000000 ---p 00000000 00:00 0 
7fa1b8000000-7fa1b8021000 rw-p 00000000 00:00 0 
7fa1b8021000-7fa1bc000000 ---p 00000000 00:00 0 
7fa1bc000000-7fa1bc021000 rw-p 00000000 00:00 0 
7fa1bc021000-7fa1c0000000 ---p 00000000 00:00 0 
7fa1c0000000-7fa1c0021000 rw-p 00000000 00:00 0 
7fa1c0021000-7fa1c4000000 ---p 00000000 00:00 0 
7fa1c4000000-7fa1c4021000 rw-p 00000000 00:00 0 
7fa1c4021000-7fa1c8000000 ---p 00000000 00:00 0 
7fa1c8000000-7fa1c8021000 rw-p 00000000 00:00 0 
7fa1c8021000-7fa1cc000000 ---p 00000000 00:00 0 
7fa1cc000000-7fa1cc021000 rw-p 00000000 00:00 0 
7fa1cc021000-7fa1d0000000 ---p 00000000 00:00 0 
7fa1d0000000-7fa1d0021000 rw-p 00000000 00:00 0 
7fa1d0021000-7fa1d4000000 ---p 00000000 00:00 0 
7fa1d4000000-7fa1d4021000 rw-p 00000000 00:00 0 
7fa1d4021000-7fa1d8000000 ---p 00000000 00:00 0 
7fa1d8000000-7fa1d8021000 rw-p 00000000 00:00 0 
7fa1d8021000-7fa1dc000000 ---p 00000000 00:00 0 
7fa1dc07f000-7fa1dc132000 rw-p 00000000 00:00 0 
7fa1dc132000-7fa1dc6c9000 ---p 00000000 00:00 0 
7fa1dc6c9000-7fa1dc723000 rw-p 00000000 00:00 0 
7fa1dc723000-7fa1dcc60000 ---p 00000000 00:00 0 
7fa1dcc60000-7fa1dcc61000 ---p 00000000 00:00 0 
7fa1dcc61000-7fa1dcd61000 rw-p 00000000 00:00 0 
7fa1dcd61000-7fa1dcd62000 ---p 00000000 00:00 0 
7fa1dcd62000-7fa1dce62000 rw-p 00000000 00:00 0 
7fa1dce62000-7fa1dce63000 ---p 00000000 00:00 0 
7fa1dce63000-7fa1dcf63000 rw-p 00000000 00:00 0 
7fa1dcf63000-7fa1dcf64000 ---p 00000000 00:00 0 
7fa1dcf64000-7fa1dd064000 rw-p 00000000 00:00 0 
7fa1dd064000-7fa1dd065000 ---p 00000000 00:00 0 
7fa1dd065000-7fa1dd569000 rw-p 00000000 00:00 0 
7fa1dd569000-7fa1dd56a000 ---p 00000000 00:00 0 
7fa1dd56a000-7fa1dd66a000 rw-p 00000000 00:00 0 
7fa1dd66a000-7fa1dd66b000 ---p 00000000 00:00 0 
7fa1dd66b000-7fa1dd76b000 rw-p 00000000 00:00 0 
7fa1dd76b000-7fa1dd76c000 ---p 00000000 00:00 0 
7fa1dd76c000-7fa1dd86c000 rw-p 00000000 00:00 0 
7fa1dd86c000-7fa1dd86d000 ---p 00000000 00:00 0 
7fa1dd86d000-7fa1dd972000 rw-p 00000000 00:00 0 
7fa1dd972000-7fa1dda58000 ---p 00000000 00:00 0 
7fa1dda58000-7fa1dda5d000 rw-p 00000000 00:00 0 
7fa1dda5d000-7fa1ddb43000 ---p 00000000 00:00 0 
7fa1ddb43000-7fa1dddb3000 rwxp 00000000 00:00 0 
7fa1dddb3000-7fa1de0d3000 ---p 00000000 00:00 0 
7fa1de0d3000-7fa1de343000 rwxp 00000000 00:00 0 
7fa1de343000-7fa1e560b000 ---p 00000000 00:00 0 
7fa1e560b000-7fa1e587b000 rwxp 00000000 00:00 0 
7fa1e587b000-7fa1ecb43000 ---p 00000000 00:00 0 
7fa1ecb43000-7fa1f8000000 r--s 00000000 00:31 2896448                    /home/mihai/Programs/jdk-9.0.4/lib/modules
7fa1f8000000-7fa1f89fd000 rw-p 00000000 00:00 0 
7fa1f89fd000-7fa1fc000000 ---p 00000000 00:00 0 
7fa1fc00f000-7fa1fc085000 rw-p 00000000 00:00 0 
7fa1fc085000-7fa1fc09f000 r-xp 00000000 00:31 2896421                    /home/mihai/Programs/jdk-9.0.4/lib/libjimage.so
7fa1fc09f000-7fa1fc29e000 ---p 0001a000 00:31 2896421                    /home/mihai/Programs/jdk-9.0.4/lib/libjimage.so
7fa1fc29e000-7fa1fc2a0000 rw-p 00019000 00:31 2896421                    /home/mihai/Programs/jdk-9.0.4/lib/libjimage.so
7fa1fc2a0000-7fa1fc2b2000 rw-p 00000000 00:00 0 
7fa1fc2b2000-7fa1fc2b9000 r-xp 00000000 00:31 2896447                    /home/mihai/Programs/jdk-9.0.4/lib/libzip.so
7fa1fc2b9000-7fa1fc4b8000 ---p 00007000 00:31 2896447                    /home/mihai/Programs/jdk-9.0.4/lib/libzip.so
7fa1fc4b8000-7fa1fc4b9000 rw-p 00006000 00:31 2896447                    /home/mihai/Programs/jdk-9.0.4/lib/libzip.so
7fa1fc4b9000-7fa1fc4c4000 r-xp 00000000 08:05 1573108                    /lib/x86_64-linux-gnu/libnss_files-2.23.so
7fa1fc4c4000-7fa1fc6c3000 ---p 0000b000 08:05 1573108                    /lib/x86_64-linux-gnu/libnss_files-2.23.so
7fa1fc6c3000-7fa1fc6c4000 r--p 0000a000 08:05 1573108                    /lib/x86_64-linux-gnu/libnss_files-2.23.so
7fa1fc6c4000-7fa1fc6c5000 rw-p 0000b000 08:05 1573108                    /lib/x86_64-linux-gnu/libnss_files-2.23.so
7fa1fc6c5000-7fa1fc6cb000 rw-p 00000000 00:00 0 
7fa1fc6cb000-7fa1fc6d6000 r-xp 00000000 08:05 1573112                    /lib/x86_64-linux-gnu/libnss_nis-2.23.so
7fa1fc6d6000-7fa1fc8d5000 ---p 0000b000 08:05 1573112                    /lib/x86_64-linux-gnu/libnss_nis-2.23.so
7fa1fc8d5000-7fa1fc8d6000 r--p 0000a000 08:05 1573112                    /lib/x86_64-linux-gnu/libnss_nis-2.23.so
7fa1fc8d6000-7fa1fc8d7000 rw-p 0000b000 08:05 1573112                    /lib/x86_64-linux-gnu/libnss_nis-2.23.so
7fa1fc8d7000-7fa1fc8ed000 r-xp 00000000 08:05 1573092                    /lib/x86_64-linux-gnu/libnsl-2.23.so
7fa1fc8ed000-7fa1fcaec000 ---p 00016000 08:05 1573092                    /lib/x86_64-linux-gnu/libnsl-2.23.so
7fa1fcaec000-7fa1fcaed000 r--p 00015000 08:05 1573092                    /lib/x86_64-linux-gnu/libnsl-2.23.so
7fa1fcaed000-7fa1fcaee000 rw-p 00016000 08:05 1573092                    /lib/x86_64-linux-gnu/libnsl-2.23.so
7fa1fcaee000-7fa1fcaf0000 rw-p 00000000 00:00 0 
7fa1fcaf0000-7fa1fcaf8000 r-xp 00000000 08:05 1573103                    /lib/x86_64-linux-gnu/libnss_compat-2.23.so
7fa1fcaf8000-7fa1fccf7000 ---p 00008000 08:05 1573103                    /lib/x86_64-linux-gnu/libnss_compat-2.23.so
7fa1fccf7000-7fa1fccf8000 r--p 00007000 08:05 1573103                    /lib/x86_64-linux-gnu/libnss_compat-2.23.so
7fa1fccf8000-7fa1fccf9000 rw-p 00008000 08:05 1573103                    /lib/x86_64-linux-gnu/libnss_compat-2.23.so
7fa1fccf9000-7fa1fcd03000 r-xp 00000000 00:31 2896404                    /home/mihai/Programs/jdk-9.0.4/lib/libinstrument.so
7fa1fcd03000-7fa1fcf02000 ---p 0000a000 00:31 2896404                    /home/mihai/Programs/jdk-9.0.4/lib/libinstrument.so
7fa1fcf02000-7fa1fcf03000 rw-p 00009000 00:31 2896404                    /home/mihai/Programs/jdk-9.0.4/lib/libinstrument.so
7fa1fcf03000-7fa1fcf2e000 r-xp 00000000 00:31 2896409                    /home/mihai/Programs/jdk-9.0.4/lib/libjava.so
7fa1fcf2e000-7fa1fd12d000 ---p 0002b000 00:31 2896409                    /home/mihai/Programs/jdk-9.0.4/lib/libjava.so
7fa1fd12d000-7fa1fd12f000 rw-p 0002a000 00:31 2896409                    /home/mihai/Programs/jdk-9.0.4/lib/libjava.so
7fa1fd12f000-7fa1fd13c000 r-xp 00000000 00:31 2896446                    /home/mihai/Programs/jdk-9.0.4/lib/libverify.so
7fa1fd13c000-7fa1fd33b000 ---p 0000d000 00:31 2896446                    /home/mihai/Programs/jdk-9.0.4/lib/libverify.so
7fa1fd33b000-7fa1fd33d000 rw-p 0000c000 00:31 2896446                    /home/mihai/Programs/jdk-9.0.4/lib/libverify.so
7fa1fd33d000-7fa1fd344000 r-xp 00000000 08:05 1573113                    /lib/x86_64-linux-gnu/librt-2.23.so
7fa1fd344000-7fa1fd543000 ---p 00007000 08:05 1573113                    /lib/x86_64-linux-gnu/librt-2.23.so
7fa1fd543000-7fa1fd544000 r--p 00006000 08:05 1573113                    /lib/x86_64-linux-gnu/librt-2.23.so
7fa1fd544000-7fa1fd545000 rw-p 00007000 08:05 1573113                    /lib/x86_64-linux-gnu/librt-2.23.so
7fa1fd545000-7fa1fd64d000 r-xp 00000000 08:05 1573091                    /lib/x86_64-linux-gnu/libm-2.23.so
7fa1fd64d000-7fa1fd84c000 ---p 00108000 08:05 1573091                    /lib/x86_64-linux-gnu/libm-2.23.so
7fa1fd84c000-7fa1fd84d000 r--p 00107000 08:05 1573091                    /lib/x86_64-linux-gnu/libm-2.23.so
7fa1fd84d000-7fa1fd84e000 rw-p 00108000 08:05 1573091                    /lib/x86_64-linux-gnu/libm-2.23.so
7fa1fd84e000-7fa1fe863000 r-xp 00000000 00:31 2896469                    /home/mihai/Programs/jdk-9.0.4/lib/server/libjvm.so
7fa1fe863000-7fa1fea62000 ---p 01015000 00:31 2896469                    /home/mihai/Programs/jdk-9.0.4/lib/server/libjvm.so
7fa1fea62000-7fa1feb33000 r--p 01014000 00:31 2896469                    /home/mihai/Programs/jdk-9.0.4/lib/server/libjvm.so
7fa1feb33000-7fa1feb6a000 rw-p 010e5000 00:31 2896469                    /home/mihai/Programs/jdk-9.0.4/lib/server/libjvm.so
7fa1feb6a000-7fa1febd3000 rw-p 00000000 00:00 0 
7fa1febd3000-7fa1fed93000 r-xp 00000000 08:05 1573095                    /lib/x86_64-linux-gnu/libc-2.23.so
7fa1fed93000-7fa1fef93000 ---p 001c0000 08:05 1573095                    /lib/x86_64-linux-gnu/libc-2.23.so
7fa1fef93000-7fa1fef97000 r--p 001c0000 08:05 1573095                    /lib/x86_64-linux-gnu/libc-2.23.so
7fa1fef97000-7fa1fef99000 rw-p 001c4000 08:05 1573095                    /lib/x86_64-linux-gnu/libc-2.23.so
7fa1fef99000-7fa1fef9d000 rw-p 00000000 00:00 0 
7fa1fef9d000-7fa1fefa0000 r-xp 00000000 08:05 1573097                    /lib/x86_64-linux-gnu/libdl-2.23.so
7fa1fefa0000-7fa1ff19f000 ---p 00003000 08:05 1573097                    /lib/x86_64-linux-gnu/libdl-2.23.so
7fa1ff19f000-7fa1ff1a0000 r--p 00002000 08:05 1573097                    /lib/x86_64-linux-gnu/libdl-2.23.so
7fa1ff1a0000-7fa1ff1a1000 rw-p 00003000 08:05 1573097                    /lib/x86_64-linux-gnu/libdl-2.23.so
7fa1ff1a1000-7fa1ff1af000 r-xp 00000000 00:31 3429993                    /home/mihai/Programs/jdk-9.0.4/lib/jli/libjli.so
7fa1ff1af000-7fa1ff3af000 ---p 0000e000 00:31 3429993                    /home/mihai/Programs/jdk-9.0.4/lib/jli/libjli.so
7fa1ff3af000-7fa1ff3b0000 rw-p 0000e000 00:31 3429993                    /home/mihai/Programs/jdk-9.0.4/lib/jli/libjli.so
7fa1ff3b0000-7fa1ff3c8000 r-xp 00000000 08:05 1573094                    /lib/x86_64-linux-gnu/libpthread-2.23.so
7fa1ff3c8000-7fa1ff5c7000 ---p 00018000 08:05 1573094                    /lib/x86_64-linux-gnu/libpthread-2.23.so
7fa1ff5c7000-7fa1ff5c8000 r--p 00017000 08:05 1573094                    /lib/x86_64-linux-gnu/libpthread-2.23.so
7fa1ff5c8000-7fa1ff5c9000 rw-p 00018000 08:05 1573094                    /lib/x86_64-linux-gnu/libpthread-2.23.so
7fa1ff5c9000-7fa1ff5cd000 rw-p 00000000 00:00 0 
7fa1ff5cd000-7fa1ff5e6000 r-xp 00000000 08:05 1577732                    /lib/x86_64-linux-gnu/libz.so.1.2.8
7fa1ff5e6000-7fa1ff7e5000 ---p 00019000 08:05 1577732                    /lib/x86_64-linux-gnu/libz.so.1.2.8
7fa1ff7e5000-7fa1ff7e6000 r--p 00018000 08:05 1577732                    /lib/x86_64-linux-gnu/libz.so.1.2.8
7fa1ff7e6000-7fa1ff7e7000 rw-p 00019000 08:05 1577732                    /lib/x86_64-linux-gnu/libz.so.1.2.8
7fa1ff7e7000-7fa1ff80d000 r-xp 00000000 08:05 1573093                    /lib/x86_64-linux-gnu/ld-2.23.so
7fa1ff818000-7fa1ff81a000 r-xp 00000000 00:00 0 
7fa1ff81a000-7fa1ff822000 rw-s 00000000 00:05 466909                     /drm mm object (deleted)
7fa1ff822000-7fa1ff823000 rw-s 00000000 00:05 466903                     /memfd:xshmfence (deleted)
7fa1ff823000-7fa1ff824000 rw-s 00000000 00:05 464679                     /drm mm object (deleted)
7fa1ff824000-7fa1ff82c000 rw-s 00000000 00:05 464677                     /drm mm object (deleted)
7fa1ff82c000-7fa1ff8e7000 rw-p 00000000 00:00 0 
7fa1ff8e7000-7fa1ff8ec000 ---p 00000000 00:00 0 
7fa1ff8ec000-7fa1ff9ed000 rw-p 00000000 00:00 0 
7fa1ff9ed000-7fa1ff9ee000 r--p 00000000 08:05 3280744                    /usr/share/locale-langpack/en_GB/LC_MESSAGES/libc.mo
7fa1ff9ee000-7fa1ff9f5000 r--s 00000000 08:05 2762232                    /usr/lib/x86_64-linux-gnu/gconv/gconv-modules.cache
7fa1ff9f5000-7fa1ff9fb000 rw-p 00000000 00:00 0 
7fa1ff9fb000-7fa1ffa02000 ---p 00000000 00:00 0 
7fa1ffa02000-7fa1ffa0a000 rw-s 00000000 08:05 2899052                    /tmp/hsperfdata_mihai/20113
7fa1ffa0a000-7fa1ffa0b000 rw-p 00000000 00:00 0 
7fa1ffa0b000-7fa1ffa0c000 r--p 00000000 00:00 0 
7fa1ffa0c000-7fa1ffa0d000 r--p 00025000 08:05 1573093                    /lib/x86_64-linux-gnu/ld-2.23.so
7fa1ffa0d000-7fa1ffa0e000 rw-p 00026000 08:05 1573093                    /lib/x86_64-linux-gnu/ld-2.23.so
7fa1ffa0e000-7fa1ffa0f000 rw-p 00000000 00:00 0 
7ffda3828000-7ffda384a000 rw-p 00000000 00:00 0                          [stack]
7ffda387a000-7ffda387d000 r--p 00000000 00:00 0                          [vvar]
7ffda387d000-7ffda387f000 r-xp 00000000 00:00 0                          [vdso]
ffffffffff600000-ffffffffff601000 r-xp 00000000 00:00 0                  [vsyscall]

VM Arguments:
jvm_args: -javaagent:/home/mihai/Programs/idea-IC-173.3727.127/lib/idea_rt.jar=43587:/home/mihai/Programs/idea-IC-173.3727.127/bin -Dfile.encoding=UTF-8 
java_command: game.Main
java_class_path (initial): /home/mihai/Documents/Source/Java/TeamProject-SabreWulf/sabrewulf/out/production/sabrewulf:/home/mihai/Downloads/lwjgl-release-3.1.5-custom/lwjgl.jar:/home/mihai/Downloads/lwjgl-release-3.1.5-custom/lwjgl-stb.jar:/home/mihai/Downloads/lwjgl-release-3.1.5-custom/lwjgl-glfw.jar:/home/mihai/Downloads/lwjgl-release-3.1.5-custom/lwjgl-assimp.jar:/home/mihai/Downloads/lwjgl-release-3.1.5-custom/lwjgl-nanovg.jar:/home/mihai/Downloads/lwjgl-release-3.1.5-custom/lwjgl-openal.jar:/home/mihai/Downloads/lwjgl-release-3.1.5-custom/lwjgl-opengl.jar:/home/mihai/Downloads/lwjgl-release-3.1.5-custom/lwjgl-javadoc.jar:/home/mihai/Downloads/lwjgl-release-3.1.5-custom/lwjgl-sources.jar:/home/mihai/Downloads/lwjgl-release-3.1.5-custom/lwjgl-stb-javadoc.jar:/home/mihai/Downloads/lwjgl-release-3.1.5-custom/lwjgl-stb-sources.jar:/home/mihai/Downloads/lwjgl-release-3.1.5-custom/lwjgl-glfw-javadoc.jar:/home/mihai/Downloads/lwjgl-release-3.1.5-custom/lwjgl-glfw-sources.jar:/home/mihai/Downloads/lwjgl-release-3.1.5-custom/lwjgl-natives-linux.jar:/home/mihai/Downloads/lwjgl-release-3.1.5-custom/lwjgl-natives-macos.jar:/home/mihai/Downloads/lwjgl-release-3.1.5-custom/lwjgl-assimp-javadoc.jar:/home/mihai/Downloads/lwjgl-release-3.1.5-custom/lwjgl-assimp-sources.jar:/home/mihai/Downloads/lwjgl-release-3.1.5-custom/lwjgl-nanovg-javadoc.jar:/home/mihai/Downloads/lwjgl-release-3.1.5-custom/lwjgl-nanovg-sources.jar:/home/mihai/Downloads/lwjgl-release-3.1.5-custom/lwjgl-openal-javadoc.jar:/home/mihai/Downloads/lwjgl-release-3.1.5-custom/lwjgl-openal-sources.jar:/home/mihai/Downloads/lwjgl-release-3.1.5-custom/lwjgl-opengl-javadoc.jar:/home/mihai/Downloads/lwjgl-release-3.1.5-custom/lwjgl-opengl-sources.jar:/home/mihai/Downloads/lwjgl-release-3.1.5-custom/lwjgl-natives-windows.jar:/home/mihai/Downloads/lwjgl-release-3.1.5-custom/lwjgl-stb-natives-linux.jar:/home/mihai/Downloads/lwjgl-release-3.1.5-custom/lwjgl-stb-natives-macos.jar:/home/mihai/Downloads/lwjgl-release-3.1.5-c
Launcher Type: SUN_STANDARD

Logging:
Log output configuration:
#0: stdout all=warning uptime,level,tags
#1: stderr all=off uptime,level,tags

Environment Variables:
PATH=/home/mihai/bin:/home/mihai/.local/bin:/usr/local/sbin:/usr/local/bin:/usr/sbin:/usr/bin:/sbin:/bin:/usr/games:/usr/local/games:/snap/bin
SHELL=/bin/bash
DISPLAY=:0

Signal Handlers:
SIGSEGV: [libjvm.so+0xd4d370], sa_mask[0]=11111111011111111101111111111110, sa_flags=SA_RESTART|SA_SIGINFO
SIGBUS: [libjvm.so+0xd4d370], sa_mask[0]=11111111011111111101111111111110, sa_flags=SA_RESTART|SA_SIGINFO
SIGFPE: [libjvm.so+0xd4d370], sa_mask[0]=11111111011111111101111111111110, sa_flags=SA_RESTART|SA_SIGINFO
SIGPIPE: [libjvm.so+0xb64780], sa_mask[0]=11111111011111111101111111111110, sa_flags=SA_RESTART|SA_SIGINFO
SIGXFSZ: [libjvm.so+0xb64780], sa_mask[0]=11111111011111111101111111111110, sa_flags=SA_RESTART|SA_SIGINFO
SIGILL: [libjvm.so+0xd4d370], sa_mask[0]=11111111011111111101111111111110, sa_flags=SA_RESTART|SA_SIGINFO
SIGUSR2: [libjvm.so+0xb64640], sa_mask[0]=00100000000000000000000000000000, sa_flags=SA_RESTART|SA_SIGINFO
SIGHUP: [libjvm.so+0xb64850], sa_mask[0]=11111111011111111101111111111110, sa_flags=SA_RESTART|SA_SIGINFO
SIGINT: [libjvm.so+0xb64850], sa_mask[0]=11111111011111111101111111111110, sa_flags=SA_RESTART|SA_SIGINFO
SIGTERM: [libjvm.so+0xb64850], sa_mask[0]=11111111011111111101111111111110, sa_flags=SA_RESTART|SA_SIGINFO
SIGQUIT: [libjvm.so+0xb64850], sa_mask[0]=11111111011111111101111111111110, sa_flags=SA_RESTART|SA_SIGINFO


---------------  S Y S T E M  ---------------

OS:DISTRIB_ID=Ubuntu
DISTRIB_RELEASE=16.04
DISTRIB_CODENAME=xenial
DISTRIB_DESCRIPTION="Ubuntu 16.04.3 LTS"
uname:Linux 4.13.0-32-generic #35~16.04.1-Ubuntu SMP Thu Jan 25 10:13:43 UTC 2018 x86_64
libc:glibc 2.23 NPTL 2.23 
rlimit: STACK 8192k, CORE 0k, NPROC 45200, NOFILE 1048576, AS infinity
load average:1.09 1.21 1.13

/proc/meminfo:
MemTotal:       11715420 kB
MemFree:          518196 kB
MemAvailable:    6581712 kB
Buffers:          318152 kB
Cached:          6195656 kB
SwapCached:            0 kB
Active:          4868668 kB
Inactive:        4673780 kB
Active(anon):    2802728 kB
Inactive(anon):   682972 kB
Active(file):    2065940 kB
Inactive(file):  3990808 kB
Unevictable:        1860 kB
Mlocked:            1860 kB
SwapTotal:      11992572 kB
SwapFree:       11992572 kB
Dirty:             32300 kB
Writeback:             0 kB
AnonPages:       3030568 kB
Mapped:          1755144 kB
Shmem:            685916 kB
Slab:             462652 kB
SReclaimable:     332400 kB
SUnreclaim:       130252 kB
KernelStack:       14288 kB
PageTables:        58832 kB
NFS_Unstable:          0 kB
Bounce:                0 kB
WritebackTmp:          0 kB
CommitLimit:    17850280 kB
Committed_AS:   11251460 kB
VmallocTotal:   34359738367 kB
VmallocUsed:           0 kB
VmallocChunk:          0 kB
HardwareCorrupted:     0 kB
AnonHugePages:         0 kB
ShmemHugePages:        0 kB
ShmemPmdMapped:        0 kB
CmaTotal:              0 kB
CmaFree:               0 kB
HugePages_Total:       0
HugePages_Free:        0
HugePages_Rsvd:        0
HugePages_Surp:        0
Hugepagesize:       2048 kB
DirectMap4k:      362180 kB
DirectMap2M:    10582016 kB
DirectMap1G:     1048576 kB


CPU:total 4 (initial active 4) (2 cores per cpu, 2 threads per core) family 6 model 78 stepping 3, cmov, cx8, fxsr, mmx, sse, sse2, sse3, ssse3, sse4.1, sse4.2, popcnt, avx, avx2, aes, clmul, erms, 3dnowpref, lzcnt, ht, tsc, tscinvbit, bmi1, bmi2, adx, fma
CPU Model and flags from /proc/cpuinfo:
model name	: Intel(R) Core(TM) i7-6500U CPU @ 2.50GHz
flags		: fpu vme de pse tsc msr pae mce cx8 apic sep mtrr pge mca cmov pat pse36 clflush dts acpi mmx fxsr sse sse2 ss ht tm pbe syscall nx pdpe1gb rdtscp lm constant_tsc art arch_perfmon pebs bts rep_good nopl xtopology nonstop_tsc cpuid aperfmperf tsc_known_freq pni pclmulqdq dtes64 monitor ds_cpl vmx est tm2 ssse3 sdbg fma cx16 xtpr pdcm pcid sse4_1 sse4_2 x2apic movbe popcnt tsc_deadline_timer aes xsave avx f16c rdrand lahf_lm abm 3dnowprefetch cpuid_fault epb invpcid_single pti intel_pt tpr_shadow vnmi flexpriority ept vpid fsgsbase tsc_adjust bmi1 avx2 smep bmi2 erms invpcid mpx rdseed adx smap clflushopt xsaveopt xsavec xgetbv1 xsaves dtherm ida arat pln pts hwp hwp_notify hwp_act_window hwp_epp

Memory: 4k page, physical 11715420k(518196k free), swap 11992572k(11992572k free)

vm_info: Java HotSpot(TM) 64-Bit Server VM (9.0.4+11) for linux-amd64 JRE (9.0.4+11), built on Dec 19 2017 18:12:19 by "mach5one" with gcc 4.9.2

END.
