#
# A fatal error has been detected by the Java Runtime Environment:
#
#  SIGSEGV (0xb) at pc=0x00007f0fea7ef6ec, pid=20048, tid=20060
#
# JRE version: Java(TM) SE Runtime Environment (9.0+11) (build 9.0.4+11)
# Java VM: Java HotSpot(TM) 64-Bit Server VM (9.0.4+11, mixed mode, tiered, compressed oops, g1 gc, linux-amd64)
# Problematic frame:
# C  [liblwjgl_opengl.so+0x446ec]  Java_org_lwjgl_opengl_GL30_nglGenVertexArrays__IJ+0xc
#
# Core dump will be written. Default location: Core dumps may be processed with "/usr/share/apport/apport %p %s %c %d %P" (or dumping to /home/mihai/Documents/Source/Java/TeamProject-SabreWulf/sabrewulf/core.20048)
#
# If you would like to submit a bug report, please visit:
#   http://bugreport.java.com/bugreport/crash.jsp
# The crash happened outside the Java Virtual Machine in native code.
# See problematic frame for where to report the bug.
#

---------------  S U M M A R Y ------------

Command Line: -javaagent:/home/mihai/Programs/idea-IC-173.3727.127/lib/idea_rt.jar=42065:/home/mihai/Programs/idea-IC-173.3727.127/bin -Dfile.encoding=UTF-8 game.Main

Host: Intel(R) Core(TM) i7-6500U CPU @ 2.50GHz, 4 cores, 11G, Ubuntu 16.04.3 LTS
Time: Thu Feb  8 16:58:57 2018 GMT elapsed time: 0 seconds (0d 0h 0m 0s)

---------------  T H R E A D  ---------------

Current thread (0x00007f1074014800):  JavaThread "main" [_thread_in_native, id=20060, stack(0x00007f107b1f5000,0x00007f107b2f5000)]

Stack: [0x00007f107b1f5000,0x00007f107b2f5000],  sp=0x00007f107b2f36c8,  free space=1017k
Native frames: (J=compiled Java code, A=aot compiled Java code, j=interpreted, Vv=VM code, C=native code)
C  [liblwjgl_opengl.so+0x446ec]  Java_org_lwjgl_opengl_GL30_nglGenVertexArrays__IJ+0xc
j  org.lwjgl.opengl.GL30.glGenVertexArrays()I+20
j  engine.graphics.VertexArray.<init>()V+5
j  engine.graphics.renderer.Renderer2D.<init>()V+30
j  engine.scene.Scene.<init>(I)V+14
j  game.MenuState.<init>(Lgame/Main;)V+15
j  game.Main.<init>()V+18
j  game.Main.main([Ljava/lang/String;)V+4
v  ~StubRoutines::call_stub
V  [libjvm.so+0x83d60a]  JavaCalls::call_helper(JavaValue*, methodHandle const&, JavaCallArguments*, Thread*)+0x47a
V  [libjvm.so+0x89a67f]  jni_invoke_static(JNIEnv_*, JavaValue*, _jobject*, JNICallType, _jmethodID*, JNI_ArgumentPusher*, Thread*) [clone .isra.90]+0x21f
V  [libjvm.so+0x8ab5ce]  jni_CallStaticVoidMethod+0x14e
C  [libjli.so+0x4397]  JavaMain+0xa17
C  [libpthread.so.0+0x76ba]  start_thread+0xca

Java frames: (J=compiled Java code, j=interpreted, Vv=VM code)
j  org.lwjgl.opengl.GL30.nglGenVertexArrays(IJ)V+0
j  org.lwjgl.opengl.GL30.glGenVertexArrays()I+20
j  engine.graphics.VertexArray.<init>()V+5
j  engine.graphics.renderer.Renderer2D.<init>()V+30
j  engine.scene.Scene.<init>(I)V+14
j  game.MenuState.<init>(Lgame/Main;)V+15
j  game.Main.<init>()V+18
j  game.Main.main([Ljava/lang/String;)V+4
v  ~StubRoutines::call_stub

siginfo: si_signo: 11 (SIGSEGV), si_code: 1 (SEGV_MAPERR), si_addr: 0x0000000000000f70

Register to memory mapping:

RAX=0x0000000000000000 is an unknown value
RBX={method} {0x00007f102cec6330} 'nglGenVertexArrays' '(IJ)V' in 'org/lwjgl/opengl/GL30'
RCX=0x00007f1074570c2c is an unknown value
RDX=0x0000000000000001 is an unknown value
RSP=0x00007f107b2f36c8 is pointing into the stack for thread: 0x00007f1074014800
RBP=0x00007f107b2f3738 is pointing into the stack for thread: 0x00007f1074014800
RSI=0x00007f1074570c2c is an unknown value
RDI=0x0000000000000001 is an unknown value
R8 ={method} {0x00007f102cec6330} 'nglGenVertexArrays' '(IJ)V' in 'org/lwjgl/opengl/GL30'
R9 =0x0000000000000008 is an unknown value
R10=0x00007f1059309d89 is at code_begin+873 in an Interpreter codelet
method entry point (kind = native)  [0x00007f1059309a20, 0x00007f105930a460]  2624 bytes
R11=0x0000000717d8d310 is an oop
java.lang.Class 
{0x0000000717d8d310} - klass: 'java/lang/Class'
R12=0x0000000000000000 is an unknown value
R13={method} {0x00007f102cec6330} 'nglGenVertexArrays' '(IJ)V' in 'org/lwjgl/opengl/GL30'
R14=0x00007f107b2f3768 is pointing into the stack for thread: 0x00007f1074014800
R15=0x00007f1074014800 is a thread


Registers:
RAX=0x0000000000000000, RBX=0x00007f102cec6330, RCX=0x00007f1074570c2c, RDX=0x0000000000000001
RSP=0x00007f107b2f36c8, RBP=0x00007f107b2f3738, RSI=0x00007f1074570c2c, RDI=0x0000000000000001
R8 =0x00007f102cec6330, R9 =0x0000000000000008, R10=0x00007f1059309d89, R11=0x0000000717d8d310
R12=0x0000000000000000, R13=0x00007f102cec6330, R14=0x00007f107b2f3768, R15=0x00007f1074014800
RIP=0x00007f0fea7ef6ec, EFLAGS=0x0000000000010287, CSGSFS=0x002b000000000033, ERR=0x0000000000000004
  TRAPNO=0x000000000000000e

Top of Stack: (sp=0x00007f107b2f36c8)
0x00007f107b2f36c8:   00007f1059309db5 00007f107b2f3738
0x00007f107b2f36d8:   00007f1059309b0a 00007f107b2f36f8
0x00007f107b2f36e8:   00007f1059309ad3 00007f107b2f36f0
0x00007f107b2f36f8:   00007f102cec6330 00007f107b2f3768 

Instructions: (pc=0x00007f0fea7ef6ec)
0x00007f0fea7ef6cc:   78 1c 00 00 ff e0 66 66 66 66 66 2e 0f 1f 84 00
0x00007f0fea7ef6dc:   00 00 00 00 48 8b 07 48 89 ce 89 d7 48 8b 40 18
0x00007f0fea7ef6ec:   48 8b 80 70 0f 00 00 ff e0 66 66 2e 0f 1f 84 00
0x00007f0fea7ef6fc:   00 00 00 00 48 8b 07 48 89 ce 89 d7 48 8b 40 18 


---------------  P R O C E S S  ---------------

Java Threads: ( => current thread )
  0x00007f107445d000 JavaThread "Service Thread" daemon [_thread_blocked, id=20095, stack(0x00007f10253d0000,0x00007f10254d1000)]
  0x00007f107445b800 JavaThread "Monitor Ctrl-Break" daemon [_thread_in_native, id=20094, stack(0x00007f10254d1000,0x00007f10255d2000)]
  0x00007f107420d000 JavaThread "Common-Cleaner" daemon [_thread_blocked, id=20089, stack(0x00007f10255d2000,0x00007f10256d3000)]
  0x00007f10741d0800 JavaThread "Sweeper thread" daemon [_thread_blocked, id=20088, stack(0x00007f1025afb000,0x00007f1025bfc000)]
  0x00007f10741ce800 JavaThread "C1 CompilerThread2" daemon [_thread_blocked, id=20087, stack(0x00007f1025bfc000,0x00007f1025cfd000)]
  0x00007f10741cc800 JavaThread "C2 CompilerThread1" daemon [_thread_blocked, id=20086, stack(0x00007f1025cfd000,0x00007f1025dfe000)]
  0x00007f10741ca800 JavaThread "C2 CompilerThread0" daemon [_thread_blocked, id=20085, stack(0x00007f1025dfe000,0x00007f1025eff000)]
  0x00007f10741c9000 JavaThread "Signal Dispatcher" daemon [_thread_blocked, id=20084, stack(0x00007f1025eff000,0x00007f1026000000)]
  0x00007f10741ae000 JavaThread "Finalizer" daemon [_thread_blocked, id=20082, stack(0x00007f102c399000,0x00007f102c49a000)]
  0x00007f10741a5800 JavaThread "Reference Handler" daemon [_thread_blocked, id=20081, stack(0x00007f102c49a000,0x00007f102c59b000)]
=>0x00007f1074014800 JavaThread "main" [_thread_in_native, id=20060, stack(0x00007f107b1f5000,0x00007f107b2f5000)]

Other Threads:
  0x00007f107419c000 VMThread "VM Thread" [stack: 0x00007f102c59c000,0x00007f102c69c000] [id=20075]
  0x00007f107445f800 WatcherThread [stack: 0x00007f10252d0000,0x00007f10253d0000] [id=20097]
  0x00007f107402b800 GCTaskThread "GC Thread#0" [stack: 0x00007f10591f1000,0x00007f10592f1000] [id=20062]
  0x00007f107402d000 GCTaskThread "GC Thread#1" [stack: 0x00007f10590f0000,0x00007f10591f0000] [id=20063]
  0x00007f107402f000 GCTaskThread "GC Thread#2" [stack: 0x00007f1058fef000,0x00007f10590ef000] [id=20064]
  0x00007f1074030800 GCTaskThread "GC Thread#3" [stack: 0x00007f1058eee000,0x00007f1058fee000] [id=20065]
  0x00007f107406d800 ConcurrentGCThread "G1 Main Marker" [stack: 0x00007f102d418000,0x00007f102d518000] [id=20072]
  0x00007f107406f800 ConcurrentGCThread "G1 Marker#0" [stack: 0x00007f102d317000,0x00007f102d417000] [id=20073]
  0x00007f1074038000 ConcurrentGCThread "G1 Refine#0" [stack: 0x00007f10586e6000,0x00007f10587e6000] [id=20070]
  0x00007f1074036000 ConcurrentGCThread "G1 Refine#1" [stack: 0x00007f10587e7000,0x00007f10588e7000] [id=20069]
  0x00007f1074034800 ConcurrentGCThread "G1 Refine#2" [stack: 0x00007f10588e8000,0x00007f10589e8000] [id=20068]
  0x00007f1074032800 ConcurrentGCThread "G1 Refine#3" [stack: 0x00007f10589e9000,0x00007f1058ae9000] [id=20066]
  0x00007f1074039800 ConcurrentGCThread "G1 Young RemSet Sampling" [stack: 0x00007f10585e5000,0x00007f10586e5000] [id=20071]

Threads with active compile tasks:

VM state:not at safepoint (normal execution)

VM Mutex/Monitor currently owned by a thread: None

Heap address: 0x000000070d200000, size: 2862 MB, Compressed Oops mode: Zero based, Oop shift amount: 3
Narrow klass base: 0x0000000000000000, Narrow klass shift: 3
Compressed class space size: 1073741824 Address: 0x00000007c0000000

Heap:
 garbage-first heap   total 184320K, used 8192K [0x000000070d200000, 0x000000070d3005a0, 0x00000007c0000000)
  region size 1024K, 9 young (9216K), 0 survivors (0K)
 Metaspace       used 8610K, capacity 8838K, committed 9088K, reserved 1056768K
  class space    used 738K, capacity 801K, committed 896K, reserved 1048576K
Heap Regions: E=young(eden), S=young(survivor), O=old, HS=humongous(starts), HC=humongous(continues), CS=collection set, F=free, A=archive, TS=gc time stamp, AC=allocation context, TAMS=top-at-mark-start (previous, next)
|   0|0x000000070d200000, 0x000000070d200000, 0x000000070d300000|  0%| F|  |TS  0|AC  0|TAMS 0x000000070d200000, 0x000000070d200000|
|   1|0x000000070d300000, 0x000000070d300000, 0x000000070d400000|  0%| F|  |TS  0|AC  0|TAMS 0x000000070d300000, 0x000000070d300000|
|   2|0x000000070d400000, 0x000000070d400000, 0x000000070d500000|  0%| F|  |TS  0|AC  0|TAMS 0x000000070d400000, 0x000000070d400000|
|   3|0x000000070d500000, 0x000000070d500000, 0x000000070d600000|  0%| F|  |TS  0|AC  0|TAMS 0x000000070d500000, 0x000000070d500000|
|   4|0x000000070d600000, 0x000000070d600000, 0x000000070d700000|  0%| F|  |TS  0|AC  0|TAMS 0x000000070d600000, 0x000000070d600000|
|   5|0x000000070d700000, 0x000000070d700000, 0x000000070d800000|  0%| F|  |TS  0|AC  0|TAMS 0x000000070d700000, 0x000000070d700000|
|   6|0x000000070d800000, 0x000000070d800000, 0x000000070d900000|  0%| F|  |TS  0|AC  0|TAMS 0x000000070d800000, 0x000000070d800000|
|   7|0x000000070d900000, 0x000000070d900000, 0x000000070da00000|  0%| F|  |TS  0|AC  0|TAMS 0x000000070d900000, 0x000000070d900000|
|   8|0x000000070da00000, 0x000000070da00000, 0x000000070db00000|  0%| F|  |TS  0|AC  0|TAMS 0x000000070da00000, 0x000000070da00000|
|   9|0x000000070db00000, 0x000000070db00000, 0x000000070dc00000|  0%| F|  |TS  0|AC  0|TAMS 0x000000070db00000, 0x000000070db00000|
|  10|0x000000070dc00000, 0x000000070dc00000, 0x000000070dd00000|  0%| F|  |TS  0|AC  0|TAMS 0x000000070dc00000, 0x000000070dc00000|
|  11|0x000000070dd00000, 0x000000070dd00000, 0x000000070de00000|  0%| F|  |TS  0|AC  0|TAMS 0x000000070dd00000, 0x000000070dd00000|
|  12|0x000000070de00000, 0x000000070de00000, 0x000000070df00000|  0%| F|  |TS  0|AC  0|TAMS 0x000000070de00000, 0x000000070de00000|
|  13|0x000000070df00000, 0x000000070df00000, 0x000000070e000000|  0%| F|  |TS  0|AC  0|TAMS 0x000000070df00000, 0x000000070df00000|
|  14|0x000000070e000000, 0x000000070e000000, 0x000000070e100000|  0%| F|  |TS  0|AC  0|TAMS 0x000000070e000000, 0x000000070e000000|
|  15|0x000000070e100000, 0x000000070e100000, 0x000000070e200000|  0%| F|  |TS  0|AC  0|TAMS 0x000000070e100000, 0x000000070e100000|
|  16|0x000000070e200000, 0x000000070e200000, 0x000000070e300000|  0%| F|  |TS  0|AC  0|TAMS 0x000000070e200000, 0x000000070e200000|
|  17|0x000000070e300000, 0x000000070e300000, 0x000000070e400000|  0%| F|  |TS  0|AC  0|TAMS 0x000000070e300000, 0x000000070e300000|
|  18|0x000000070e400000, 0x000000070e400000, 0x000000070e500000|  0%| F|  |TS  0|AC  0|TAMS 0x000000070e400000, 0x000000070e400000|
|  19|0x000000070e500000, 0x000000070e500000, 0x000000070e600000|  0%| F|  |TS  0|AC  0|TAMS 0x000000070e500000, 0x000000070e500000|
|  20|0x000000070e600000, 0x000000070e600000, 0x000000070e700000|  0%| F|  |TS  0|AC  0|TAMS 0x000000070e600000, 0x000000070e600000|
|  21|0x000000070e700000, 0x000000070e700000, 0x000000070e800000|  0%| F|  |TS  0|AC  0|TAMS 0x000000070e700000, 0x000000070e700000|
|  22|0x000000070e800000, 0x000000070e800000, 0x000000070e900000|  0%| F|  |TS  0|AC  0|TAMS 0x000000070e800000, 0x000000070e800000|
|  23|0x000000070e900000, 0x000000070e900000, 0x000000070ea00000|  0%| F|  |TS  0|AC  0|TAMS 0x000000070e900000, 0x000000070e900000|
|  24|0x000000070ea00000, 0x000000070ea00000, 0x000000070eb00000|  0%| F|  |TS  0|AC  0|TAMS 0x000000070ea00000, 0x000000070ea00000|
|  25|0x000000070eb00000, 0x000000070eb00000, 0x000000070ec00000|  0%| F|  |TS  0|AC  0|TAMS 0x000000070eb00000, 0x000000070eb00000|
|  26|0x000000070ec00000, 0x000000070ec00000, 0x000000070ed00000|  0%| F|  |TS  0|AC  0|TAMS 0x000000070ec00000, 0x000000070ec00000|
|  27|0x000000070ed00000, 0x000000070ed00000, 0x000000070ee00000|  0%| F|  |TS  0|AC  0|TAMS 0x000000070ed00000, 0x000000070ed00000|
|  28|0x000000070ee00000, 0x000000070ee00000, 0x000000070ef00000|  0%| F|  |TS  0|AC  0|TAMS 0x000000070ee00000, 0x000000070ee00000|
|  29|0x000000070ef00000, 0x000000070ef00000, 0x000000070f000000|  0%| F|  |TS  0|AC  0|TAMS 0x000000070ef00000, 0x000000070ef00000|
|  30|0x000000070f000000, 0x000000070f000000, 0x000000070f100000|  0%| F|  |TS  0|AC  0|TAMS 0x000000070f000000, 0x000000070f000000|
|  31|0x000000070f100000, 0x000000070f100000, 0x000000070f200000|  0%| F|  |TS  0|AC  0|TAMS 0x000000070f100000, 0x000000070f100000|
|  32|0x000000070f200000, 0x000000070f200000, 0x000000070f300000|  0%| F|  |TS  0|AC  0|TAMS 0x000000070f200000, 0x000000070f200000|
|  33|0x000000070f300000, 0x000000070f300000, 0x000000070f400000|  0%| F|  |TS  0|AC  0|TAMS 0x000000070f300000, 0x000000070f300000|
|  34|0x000000070f400000, 0x000000070f400000, 0x000000070f500000|  0%| F|  |TS  0|AC  0|TAMS 0x000000070f400000, 0x000000070f400000|
|  35|0x000000070f500000, 0x000000070f500000, 0x000000070f600000|  0%| F|  |TS  0|AC  0|TAMS 0x000000070f500000, 0x000000070f500000|
|  36|0x000000070f600000, 0x000000070f600000, 0x000000070f700000|  0%| F|  |TS  0|AC  0|TAMS 0x000000070f600000, 0x000000070f600000|
|  37|0x000000070f700000, 0x000000070f700000, 0x000000070f800000|  0%| F|  |TS  0|AC  0|TAMS 0x000000070f700000, 0x000000070f700000|
|  38|0x000000070f800000, 0x000000070f800000, 0x000000070f900000|  0%| F|  |TS  0|AC  0|TAMS 0x000000070f800000, 0x000000070f800000|
|  39|0x000000070f900000, 0x000000070f900000, 0x000000070fa00000|  0%| F|  |TS  0|AC  0|TAMS 0x000000070f900000, 0x000000070f900000|
|  40|0x000000070fa00000, 0x000000070fa00000, 0x000000070fb00000|  0%| F|  |TS  0|AC  0|TAMS 0x000000070fa00000, 0x000000070fa00000|
|  41|0x000000070fb00000, 0x000000070fb00000, 0x000000070fc00000|  0%| F|  |TS  0|AC  0|TAMS 0x000000070fb00000, 0x000000070fb00000|
|  42|0x000000070fc00000, 0x000000070fc00000, 0x000000070fd00000|  0%| F|  |TS  0|AC  0|TAMS 0x000000070fc00000, 0x000000070fc00000|
|  43|0x000000070fd00000, 0x000000070fd00000, 0x000000070fe00000|  0%| F|  |TS  0|AC  0|TAMS 0x000000070fd00000, 0x000000070fd00000|
|  44|0x000000070fe00000, 0x000000070fe00000, 0x000000070ff00000|  0%| F|  |TS  0|AC  0|TAMS 0x000000070fe00000, 0x000000070fe00000|
|  45|0x000000070ff00000, 0x000000070ff00000, 0x0000000710000000|  0%| F|  |TS  0|AC  0|TAMS 0x000000070ff00000, 0x000000070ff00000|
|  46|0x0000000710000000, 0x0000000710000000, 0x0000000710100000|  0%| F|  |TS  0|AC  0|TAMS 0x0000000710000000, 0x0000000710000000|
|  47|0x0000000710100000, 0x0000000710100000, 0x0000000710200000|  0%| F|  |TS  0|AC  0|TAMS 0x0000000710100000, 0x0000000710100000|
|  48|0x0000000710200000, 0x0000000710200000, 0x0000000710300000|  0%| F|  |TS  0|AC  0|TAMS 0x0000000710200000, 0x0000000710200000|
|  49|0x0000000710300000, 0x0000000710300000, 0x0000000710400000|  0%| F|  |TS  0|AC  0|TAMS 0x0000000710300000, 0x0000000710300000|
|  50|0x0000000710400000, 0x0000000710400000, 0x0000000710500000|  0%| F|  |TS  0|AC  0|TAMS 0x0000000710400000, 0x0000000710400000|
|  51|0x0000000710500000, 0x0000000710500000, 0x0000000710600000|  0%| F|  |TS  0|AC  0|TAMS 0x0000000710500000, 0x0000000710500000|
|  52|0x0000000710600000, 0x0000000710600000, 0x0000000710700000|  0%| F|  |TS  0|AC  0|TAMS 0x0000000710600000, 0x0000000710600000|
|  53|0x0000000710700000, 0x0000000710700000, 0x0000000710800000|  0%| F|  |TS  0|AC  0|TAMS 0x0000000710700000, 0x0000000710700000|
|  54|0x0000000710800000, 0x0000000710800000, 0x0000000710900000|  0%| F|  |TS  0|AC  0|TAMS 0x0000000710800000, 0x0000000710800000|
|  55|0x0000000710900000, 0x0000000710900000, 0x0000000710a00000|  0%| F|  |TS  0|AC  0|TAMS 0x0000000710900000, 0x0000000710900000|
|  56|0x0000000710a00000, 0x0000000710a00000, 0x0000000710b00000|  0%| F|  |TS  0|AC  0|TAMS 0x0000000710a00000, 0x0000000710a00000|
|  57|0x0000000710b00000, 0x0000000710b00000, 0x0000000710c00000|  0%| F|  |TS  0|AC  0|TAMS 0x0000000710b00000, 0x0000000710b00000|
|  58|0x0000000710c00000, 0x0000000710c00000, 0x0000000710d00000|  0%| F|  |TS  0|AC  0|TAMS 0x0000000710c00000, 0x0000000710c00000|
|  59|0x0000000710d00000, 0x0000000710d00000, 0x0000000710e00000|  0%| F|  |TS  0|AC  0|TAMS 0x0000000710d00000, 0x0000000710d00000|
|  60|0x0000000710e00000, 0x0000000710e00000, 0x0000000710f00000|  0%| F|  |TS  0|AC  0|TAMS 0x0000000710e00000, 0x0000000710e00000|
|  61|0x0000000710f00000, 0x0000000710f00000, 0x0000000711000000|  0%| F|  |TS  0|AC  0|TAMS 0x0000000710f00000, 0x0000000710f00000|
|  62|0x0000000711000000, 0x0000000711000000, 0x0000000711100000|  0%| F|  |TS  0|AC  0|TAMS 0x0000000711000000, 0x0000000711000000|
|  63|0x0000000711100000, 0x0000000711100000, 0x0000000711200000|  0%| F|  |TS  0|AC  0|TAMS 0x0000000711100000, 0x0000000711100000|
|  64|0x0000000711200000, 0x0000000711200000, 0x0000000711300000|  0%| F|  |TS  0|AC  0|TAMS 0x0000000711200000, 0x0000000711200000|
|  65|0x0000000711300000, 0x0000000711300000, 0x0000000711400000|  0%| F|  |TS  0|AC  0|TAMS 0x0000000711300000, 0x0000000711300000|
|  66|0x0000000711400000, 0x0000000711400000, 0x0000000711500000|  0%| F|  |TS  0|AC  0|TAMS 0x0000000711400000, 0x0000000711400000|
|  67|0x0000000711500000, 0x0000000711500000, 0x0000000711600000|  0%| F|  |TS  0|AC  0|TAMS 0x0000000711500000, 0x0000000711500000|
|  68|0x0000000711600000, 0x0000000711600000, 0x0000000711700000|  0%| F|  |TS  0|AC  0|TAMS 0x0000000711600000, 0x0000000711600000|
|  69|0x0000000711700000, 0x0000000711700000, 0x0000000711800000|  0%| F|  |TS  0|AC  0|TAMS 0x0000000711700000, 0x0000000711700000|
|  70|0x0000000711800000, 0x0000000711800000, 0x0000000711900000|  0%| F|  |TS  0|AC  0|TAMS 0x0000000711800000, 0x0000000711800000|
|  71|0x0000000711900000, 0x0000000711900000, 0x0000000711a00000|  0%| F|  |TS  0|AC  0|TAMS 0x0000000711900000, 0x0000000711900000|
|  72|0x0000000711a00000, 0x0000000711a00000, 0x0000000711b00000|  0%| F|  |TS  0|AC  0|TAMS 0x0000000711a00000, 0x0000000711a00000|
|  73|0x0000000711b00000, 0x0000000711b00000, 0x0000000711c00000|  0%| F|  |TS  0|AC  0|TAMS 0x0000000711b00000, 0x0000000711b00000|
|  74|0x0000000711c00000, 0x0000000711c00000, 0x0000000711d00000|  0%| F|  |TS  0|AC  0|TAMS 0x0000000711c00000, 0x0000000711c00000|
|  75|0x0000000711d00000, 0x0000000711d00000, 0x0000000711e00000|  0%| F|  |TS  0|AC  0|TAMS 0x0000000711d00000, 0x0000000711d00000|
|  76|0x0000000711e00000, 0x0000000711e00000, 0x0000000711f00000|  0%| F|  |TS  0|AC  0|TAMS 0x0000000711e00000, 0x0000000711e00000|
|  77|0x0000000711f00000, 0x0000000711f00000, 0x0000000712000000|  0%| F|  |TS  0|AC  0|TAMS 0x0000000711f00000, 0x0000000711f00000|
|  78|0x0000000712000000, 0x0000000712000000, 0x0000000712100000|  0%| F|  |TS  0|AC  0|TAMS 0x0000000712000000, 0x0000000712000000|
|  79|0x0000000712100000, 0x0000000712100000, 0x0000000712200000|  0%| F|  |TS  0|AC  0|TAMS 0x0000000712100000, 0x0000000712100000|
|  80|0x0000000712200000, 0x0000000712200000, 0x0000000712300000|  0%| F|  |TS  0|AC  0|TAMS 0x0000000712200000, 0x0000000712200000|
|  81|0x0000000712300000, 0x0000000712300000, 0x0000000712400000|  0%| F|  |TS  0|AC  0|TAMS 0x0000000712300000, 0x0000000712300000|
|  82|0x0000000712400000, 0x0000000712400000, 0x0000000712500000|  0%| F|  |TS  0|AC  0|TAMS 0x0000000712400000, 0x0000000712400000|
|  83|0x0000000712500000, 0x0000000712500000, 0x0000000712600000|  0%| F|  |TS  0|AC  0|TAMS 0x0000000712500000, 0x0000000712500000|
|  84|0x0000000712600000, 0x0000000712600000, 0x0000000712700000|  0%| F|  |TS  0|AC  0|TAMS 0x0000000712600000, 0x0000000712600000|
|  85|0x0000000712700000, 0x0000000712700000, 0x0000000712800000|  0%| F|  |TS  0|AC  0|TAMS 0x0000000712700000, 0x0000000712700000|
|  86|0x0000000712800000, 0x0000000712800000, 0x0000000712900000|  0%| F|  |TS  0|AC  0|TAMS 0x0000000712800000, 0x0000000712800000|
|  87|0x0000000712900000, 0x0000000712900000, 0x0000000712a00000|  0%| F|  |TS  0|AC  0|TAMS 0x0000000712900000, 0x0000000712900000|
|  88|0x0000000712a00000, 0x0000000712a00000, 0x0000000712b00000|  0%| F|  |TS  0|AC  0|TAMS 0x0000000712a00000, 0x0000000712a00000|
|  89|0x0000000712b00000, 0x0000000712b00000, 0x0000000712c00000|  0%| F|  |TS  0|AC  0|TAMS 0x0000000712b00000, 0x0000000712b00000|
|  90|0x0000000712c00000, 0x0000000712c00000, 0x0000000712d00000|  0%| F|  |TS  0|AC  0|TAMS 0x0000000712c00000, 0x0000000712c00000|
|  91|0x0000000712d00000, 0x0000000712d00000, 0x0000000712e00000|  0%| F|  |TS  0|AC  0|TAMS 0x0000000712d00000, 0x0000000712d00000|
|  92|0x0000000712e00000, 0x0000000712e00000, 0x0000000712f00000|  0%| F|  |TS  0|AC  0|TAMS 0x0000000712e00000, 0x0000000712e00000|
|  93|0x0000000712f00000, 0x0000000712f00000, 0x0000000713000000|  0%| F|  |TS  0|AC  0|TAMS 0x0000000712f00000, 0x0000000712f00000|
|  94|0x0000000713000000, 0x0000000713000000, 0x0000000713100000|  0%| F|  |TS  0|AC  0|TAMS 0x0000000713000000, 0x0000000713000000|
|  95|0x0000000713100000, 0x0000000713100000, 0x0000000713200000|  0%| F|  |TS  0|AC  0|TAMS 0x0000000713100000, 0x0000000713100000|
|  96|0x0000000713200000, 0x0000000713200000, 0x0000000713300000|  0%| F|  |TS  0|AC  0|TAMS 0x0000000713200000, 0x0000000713200000|
|  97|0x0000000713300000, 0x0000000713300000, 0x0000000713400000|  0%| F|  |TS  0|AC  0|TAMS 0x0000000713300000, 0x0000000713300000|
|  98|0x0000000713400000, 0x0000000713400000, 0x0000000713500000|  0%| F|  |TS  0|AC  0|TAMS 0x0000000713400000, 0x0000000713400000|
|  99|0x0000000713500000, 0x0000000713500000, 0x0000000713600000|  0%| F|  |TS  0|AC  0|TAMS 0x0000000713500000, 0x0000000713500000|
| 100|0x0000000713600000, 0x0000000713600000, 0x0000000713700000|  0%| F|  |TS  0|AC  0|TAMS 0x0000000713600000, 0x0000000713600000|
| 101|0x0000000713700000, 0x0000000713700000, 0x0000000713800000|  0%| F|  |TS  0|AC  0|TAMS 0x0000000713700000, 0x0000000713700000|
| 102|0x0000000713800000, 0x0000000713800000, 0x0000000713900000|  0%| F|  |TS  0|AC  0|TAMS 0x0000000713800000, 0x0000000713800000|
| 103|0x0000000713900000, 0x0000000713900000, 0x0000000713a00000|  0%| F|  |TS  0|AC  0|TAMS 0x0000000713900000, 0x0000000713900000|
| 104|0x0000000713a00000, 0x0000000713a00000, 0x0000000713b00000|  0%| F|  |TS  0|AC  0|TAMS 0x0000000713a00000, 0x0000000713a00000|
| 105|0x0000000713b00000, 0x0000000713b00000, 0x0000000713c00000|  0%| F|  |TS  0|AC  0|TAMS 0x0000000713b00000, 0x0000000713b00000|
| 106|0x0000000713c00000, 0x0000000713c00000, 0x0000000713d00000|  0%| F|  |TS  0|AC  0|TAMS 0x0000000713c00000, 0x0000000713c00000|
| 107|0x0000000713d00000, 0x0000000713d00000, 0x0000000713e00000|  0%| F|  |TS  0|AC  0|TAMS 0x0000000713d00000, 0x0000000713d00000|
| 108|0x0000000713e00000, 0x0000000713e00000, 0x0000000713f00000|  0%| F|  |TS  0|AC  0|TAMS 0x0000000713e00000, 0x0000000713e00000|
| 109|0x0000000713f00000, 0x0000000713f00000, 0x0000000714000000|  0%| F|  |TS  0|AC  0|TAMS 0x0000000713f00000, 0x0000000713f00000|
| 110|0x0000000714000000, 0x0000000714000000, 0x0000000714100000|  0%| F|  |TS  0|AC  0|TAMS 0x0000000714000000, 0x0000000714000000|
| 111|0x0000000714100000, 0x0000000714100000, 0x0000000714200000|  0%| F|  |TS  0|AC  0|TAMS 0x0000000714100000, 0x0000000714100000|
| 112|0x0000000714200000, 0x0000000714200000, 0x0000000714300000|  0%| F|  |TS  0|AC  0|TAMS 0x0000000714200000, 0x0000000714200000|
| 113|0x0000000714300000, 0x0000000714300000, 0x0000000714400000|  0%| F|  |TS  0|AC  0|TAMS 0x0000000714300000, 0x0000000714300000|
| 114|0x0000000714400000, 0x0000000714400000, 0x0000000714500000|  0%| F|  |TS  0|AC  0|TAMS 0x0000000714400000, 0x0000000714400000|
| 115|0x0000000714500000, 0x0000000714500000, 0x0000000714600000|  0%| F|  |TS  0|AC  0|TAMS 0x0000000714500000, 0x0000000714500000|
| 116|0x0000000714600000, 0x0000000714600000, 0x0000000714700000|  0%| F|  |TS  0|AC  0|TAMS 0x0000000714600000, 0x0000000714600000|
| 117|0x0000000714700000, 0x0000000714700000, 0x0000000714800000|  0%| F|  |TS  0|AC  0|TAMS 0x0000000714700000, 0x0000000714700000|
| 118|0x0000000714800000, 0x0000000714800000, 0x0000000714900000|  0%| F|  |TS  0|AC  0|TAMS 0x0000000714800000, 0x0000000714800000|
| 119|0x0000000714900000, 0x0000000714900000, 0x0000000714a00000|  0%| F|  |TS  0|AC  0|TAMS 0x0000000714900000, 0x0000000714900000|
| 120|0x0000000714a00000, 0x0000000714a00000, 0x0000000714b00000|  0%| F|  |TS  0|AC  0|TAMS 0x0000000714a00000, 0x0000000714a00000|
| 121|0x0000000714b00000, 0x0000000714b00000, 0x0000000714c00000|  0%| F|  |TS  0|AC  0|TAMS 0x0000000714b00000, 0x0000000714b00000|
| 122|0x0000000714c00000, 0x0000000714c00000, 0x0000000714d00000|  0%| F|  |TS  0|AC  0|TAMS 0x0000000714c00000, 0x0000000714c00000|
| 123|0x0000000714d00000, 0x0000000714d00000, 0x0000000714e00000|  0%| F|  |TS  0|AC  0|TAMS 0x0000000714d00000, 0x0000000714d00000|
| 124|0x0000000714e00000, 0x0000000714e00000, 0x0000000714f00000|  0%| F|  |TS  0|AC  0|TAMS 0x0000000714e00000, 0x0000000714e00000|
| 125|0x0000000714f00000, 0x0000000714f00000, 0x0000000715000000|  0%| F|  |TS  0|AC  0|TAMS 0x0000000714f00000, 0x0000000714f00000|
| 126|0x0000000715000000, 0x0000000715000000, 0x0000000715100000|  0%| F|  |TS  0|AC  0|TAMS 0x0000000715000000, 0x0000000715000000|
| 127|0x0000000715100000, 0x0000000715100000, 0x0000000715200000|  0%| F|  |TS  0|AC  0|TAMS 0x0000000715100000, 0x0000000715100000|
| 128|0x0000000715200000, 0x0000000715200000, 0x0000000715300000|  0%| F|  |TS  0|AC  0|TAMS 0x0000000715200000, 0x0000000715200000|
| 129|0x0000000715300000, 0x0000000715300000, 0x0000000715400000|  0%| F|  |TS  0|AC  0|TAMS 0x0000000715300000, 0x0000000715300000|
| 130|0x0000000715400000, 0x0000000715400000, 0x0000000715500000|  0%| F|  |TS  0|AC  0|TAMS 0x0000000715400000, 0x0000000715400000|
| 131|0x0000000715500000, 0x0000000715500000, 0x0000000715600000|  0%| F|  |TS  0|AC  0|TAMS 0x0000000715500000, 0x0000000715500000|
| 132|0x0000000715600000, 0x0000000715600000, 0x0000000715700000|  0%| F|  |TS  0|AC  0|TAMS 0x0000000715600000, 0x0000000715600000|
| 133|0x0000000715700000, 0x0000000715700000, 0x0000000715800000|  0%| F|  |TS  0|AC  0|TAMS 0x0000000715700000, 0x0000000715700000|
| 134|0x0000000715800000, 0x0000000715800000, 0x0000000715900000|  0%| F|  |TS  0|AC  0|TAMS 0x0000000715800000, 0x0000000715800000|
| 135|0x0000000715900000, 0x0000000715900000, 0x0000000715a00000|  0%| F|  |TS  0|AC  0|TAMS 0x0000000715900000, 0x0000000715900000|
| 136|0x0000000715a00000, 0x0000000715a00000, 0x0000000715b00000|  0%| F|  |TS  0|AC  0|TAMS 0x0000000715a00000, 0x0000000715a00000|
| 137|0x0000000715b00000, 0x0000000715b00000, 0x0000000715c00000|  0%| F|  |TS  0|AC  0|TAMS 0x0000000715b00000, 0x0000000715b00000|
| 138|0x0000000715c00000, 0x0000000715c00000, 0x0000000715d00000|  0%| F|  |TS  0|AC  0|TAMS 0x0000000715c00000, 0x0000000715c00000|
| 139|0x0000000715d00000, 0x0000000715d00000, 0x0000000715e00000|  0%| F|  |TS  0|AC  0|TAMS 0x0000000715d00000, 0x0000000715d00000|
| 140|0x0000000715e00000, 0x0000000715e00000, 0x0000000715f00000|  0%| F|  |TS  0|AC  0|TAMS 0x0000000715e00000, 0x0000000715e00000|
| 141|0x0000000715f00000, 0x0000000715f00000, 0x0000000716000000|  0%| F|  |TS  0|AC  0|TAMS 0x0000000715f00000, 0x0000000715f00000|
| 142|0x0000000716000000, 0x0000000716000000, 0x0000000716100000|  0%| F|  |TS  0|AC  0|TAMS 0x0000000716000000, 0x0000000716000000|
| 143|0x0000000716100000, 0x0000000716100000, 0x0000000716200000|  0%| F|  |TS  0|AC  0|TAMS 0x0000000716100000, 0x0000000716100000|
| 144|0x0000000716200000, 0x0000000716200000, 0x0000000716300000|  0%| F|  |TS  0|AC  0|TAMS 0x0000000716200000, 0x0000000716200000|
| 145|0x0000000716300000, 0x0000000716300000, 0x0000000716400000|  0%| F|  |TS  0|AC  0|TAMS 0x0000000716300000, 0x0000000716300000|
| 146|0x0000000716400000, 0x0000000716400000, 0x0000000716500000|  0%| F|  |TS  0|AC  0|TAMS 0x0000000716400000, 0x0000000716400000|
| 147|0x0000000716500000, 0x0000000716500000, 0x0000000716600000|  0%| F|  |TS  0|AC  0|TAMS 0x0000000716500000, 0x0000000716500000|
| 148|0x0000000716600000, 0x0000000716600000, 0x0000000716700000|  0%| F|  |TS  0|AC  0|TAMS 0x0000000716600000, 0x0000000716600000|
| 149|0x0000000716700000, 0x0000000716700000, 0x0000000716800000|  0%| F|  |TS  0|AC  0|TAMS 0x0000000716700000, 0x0000000716700000|
| 150|0x0000000716800000, 0x0000000716800000, 0x0000000716900000|  0%| F|  |TS  0|AC  0|TAMS 0x0000000716800000, 0x0000000716800000|
| 151|0x0000000716900000, 0x0000000716900000, 0x0000000716a00000|  0%| F|  |TS  0|AC  0|TAMS 0x0000000716900000, 0x0000000716900000|
| 152|0x0000000716a00000, 0x0000000716a00000, 0x0000000716b00000|  0%| F|  |TS  0|AC  0|TAMS 0x0000000716a00000, 0x0000000716a00000|
| 153|0x0000000716b00000, 0x0000000716b00000, 0x0000000716c00000|  0%| F|  |TS  0|AC  0|TAMS 0x0000000716b00000, 0x0000000716b00000|
| 154|0x0000000716c00000, 0x0000000716c00000, 0x0000000716d00000|  0%| F|  |TS  0|AC  0|TAMS 0x0000000716c00000, 0x0000000716c00000|
| 155|0x0000000716d00000, 0x0000000716d00000, 0x0000000716e00000|  0%| F|  |TS  0|AC  0|TAMS 0x0000000716d00000, 0x0000000716d00000|
| 156|0x0000000716e00000, 0x0000000716e00000, 0x0000000716f00000|  0%| F|  |TS  0|AC  0|TAMS 0x0000000716e00000, 0x0000000716e00000|
| 157|0x0000000716f00000, 0x0000000716f00000, 0x0000000717000000|  0%| F|  |TS  0|AC  0|TAMS 0x0000000716f00000, 0x0000000716f00000|
| 158|0x0000000717000000, 0x0000000717000000, 0x0000000717100000|  0%| F|  |TS  0|AC  0|TAMS 0x0000000717000000, 0x0000000717000000|
| 159|0x0000000717100000, 0x0000000717100000, 0x0000000717200000|  0%| F|  |TS  0|AC  0|TAMS 0x0000000717100000, 0x0000000717100000|
| 160|0x0000000717200000, 0x0000000717200000, 0x0000000717300000|  0%| F|  |TS  0|AC  0|TAMS 0x0000000717200000, 0x0000000717200000|
| 161|0x0000000717300000, 0x0000000717300000, 0x0000000717400000|  0%| F|  |TS  0|AC  0|TAMS 0x0000000717300000, 0x0000000717300000|
| 162|0x0000000717400000, 0x0000000717400000, 0x0000000717500000|  0%| F|  |TS  0|AC  0|TAMS 0x0000000717400000, 0x0000000717400000|
| 163|0x0000000717500000, 0x0000000717500000, 0x0000000717600000|  0%| F|  |TS  0|AC  0|TAMS 0x0000000717500000, 0x0000000717500000|
| 164|0x0000000717600000, 0x0000000717600000, 0x0000000717700000|  0%| F|  |TS  0|AC  0|TAMS 0x0000000717600000, 0x0000000717600000|
| 165|0x0000000717700000, 0x0000000717700000, 0x0000000717800000|  0%| F|  |TS  0|AC  0|TAMS 0x0000000717700000, 0x0000000717700000|
| 166|0x0000000717800000, 0x0000000717800000, 0x0000000717900000|  0%| F|  |TS  0|AC  0|TAMS 0x0000000717800000, 0x0000000717800000|
| 167|0x0000000717900000, 0x0000000717900000, 0x0000000717a00000|  0%| F|  |TS  0|AC  0|TAMS 0x0000000717900000, 0x0000000717900000|
| 168|0x0000000717a00000, 0x0000000717a00000, 0x0000000717b00000|  0%| F|  |TS  0|AC  0|TAMS 0x0000000717a00000, 0x0000000717a00000|
| 169|0x0000000717b00000, 0x0000000717b00000, 0x0000000717c00000|  0%| F|  |TS  0|AC  0|TAMS 0x0000000717b00000, 0x0000000717b00000|
| 170|0x0000000717c00000, 0x0000000717c00000, 0x0000000717d00000|  0%| F|  |TS  0|AC  0|TAMS 0x0000000717c00000, 0x0000000717c00000|
| 171|0x0000000717d00000, 0x0000000717e00000, 0x0000000717e00000|100%| E|  |TS  0|AC  0|TAMS 0x0000000717d00000, 0x0000000717d00000|
| 172|0x0000000717e00000, 0x0000000717f00000, 0x0000000717f00000|100%| E|CS|TS  0|AC  0|TAMS 0x0000000717e00000, 0x0000000717e00000|
| 173|0x0000000717f00000, 0x0000000718000000, 0x0000000718000000|100%| E|CS|TS  0|AC  0|TAMS 0x0000000717f00000, 0x0000000717f00000|
| 174|0x0000000718000000, 0x0000000718100000, 0x0000000718100000|100%| E|CS|TS  0|AC  0|TAMS 0x0000000718000000, 0x0000000718000000|
| 175|0x0000000718100000, 0x0000000718200000, 0x0000000718200000|100%| E|CS|TS  0|AC  0|TAMS 0x0000000718100000, 0x0000000718100000|
| 176|0x0000000718200000, 0x0000000718300000, 0x0000000718300000|100%| E|CS|TS  0|AC  0|TAMS 0x0000000718200000, 0x0000000718200000|
| 177|0x0000000718300000, 0x0000000718400000, 0x0000000718400000|100%| E|CS|TS  0|AC  0|TAMS 0x0000000718300000, 0x0000000718300000|
| 178|0x0000000718400000, 0x0000000718500000, 0x0000000718500000|100%| E|CS|TS  0|AC  0|TAMS 0x0000000718400000, 0x0000000718400000|
| 179|0x0000000718500000, 0x0000000718600000, 0x0000000718600000|100%| E|CS|TS  0|AC  0|TAMS 0x0000000718500000, 0x0000000718500000|

Card table byte_map: [0x00007f10334d2000,0x00007f1033a69000] byte_map_base: 0x00007f102fc69000

Marking Bits (Prev, Next): (CMBitMap*) 0x00007f107406cb70, (CMBitMap*) 0x00007f107406cba8
 Prev Bits: [0x00007f1030283000, 0x00007f1032f3b000)
 Next Bits: [0x00007f102d5cb000, 0x00007f1030283000)

Polling page: 0x00007f107b318000

CodeHeap 'non-profiled nmethods': size=120032Kb used=138Kb max_used=138Kb free=119893Kb
 bounds [0x00007f1060db9000, 0x00007f1061029000, 0x00007f10682f1000]
CodeHeap 'profiled nmethods': size=120032Kb used=860Kb max_used=860Kb free=119171Kb
 bounds [0x00007f1059881000, 0x00007f1059af1000, 0x00007f1060db9000]
CodeHeap 'non-nmethods': size=5696Kb used=1440Kb max_used=1452Kb free=4255Kb
 bounds [0x00007f10592f1000, 0x00007f1059561000, 0x00007f1059881000]
 total_blobs=1413 nmethods=531 adapters=682
 compilation: enabled

Compilation events (10 events):
Event: 0.512 Thread 0x00007f10741ce800  527       3       jdk.internal.jimage.ImageReader::findLocation (14 bytes)
Event: 0.512 Thread 0x00007f10741ce800 nmethod 527 0x00007f1059954c10 code [0x00007f1059954de0, 0x00007f1059955178]
Event: 0.512 Thread 0x00007f10741ce800  528  s    3       jdk.internal.jimage.BasicImageReader::findLocation (115 bytes)
Event: 0.514 Thread 0x00007f10741ce800 nmethod 528 0x00007f1059955310 code [0x00007f1059955640, 0x00007f1059956898]
Event: 0.514 Thread 0x00007f10741ce800  529       3       jdk.internal.jimage.ImageStringsReader::hashCode (8 bytes)
Event: 0.514 Thread 0x00007f10741ce800 nmethod 529 0x00007f1059956e90 code [0x00007f1059957080, 0x00007f10599572f8]
Event: 0.514 Thread 0x00007f10741ce800  530       3       java.util.concurrent.ConcurrentHashMap$ValueIterator::next (34 bytes)
Event: 0.515 Thread 0x00007f10741ce800 nmethod 530 0x00007f1059957410 code [0x00007f10599575e0, 0x00007f1059957918]
Event: 0.515 Thread 0x00007f10741ce800  531       3       jdk.internal.loader.BuiltinClassLoader::access$200 (6 bytes)
Event: 0.516 Thread 0x00007f10741ce800 nmethod 531 0x00007f1059957a10 code [0x00007f1059957c00, 0x00007f10599580a8]

GC Heap History (0 events):
No events

Deoptimization events (3 events):
Event: 0.143 Thread 0x00007f1074014800 Uncommon trap: reason=range_check action=reinterpret pc=0x00007f1060dbcfd0 method=java.lang.StringLatin1.indexOf([BII)I @ 13 c2
Event: 0.222 Thread 0x00007f107445b800 Uncommon trap: reason=unstable_if action=reinterpret pc=0x00007f1060dbc8ec method=java.net.URI.match(CJJ)Z @ 19 c2
Event: 0.223 Thread 0x00007f107445b800 Uncommon trap: reason=unstable_if action=reinterpret pc=0x00007f1060dbc01c method=java.lang.String.charAt(I)C @ 4 c2

Classes redefined (0 events):
No events

Internal exceptions (9 events):
Event: 0.243 Thread 0x00007f1074014800 Exception <a 'java/lang/NoSuchMethodError'{0x000000071819fec0}: java.lang.Object.lambda$static$0(Ljava/lang/String;)Ljava/lang/Boolean;> (0x000000071819fec0) thrown at [/scratch/opt/mach5/mesos/work_dir/slaves/5af44a71-976a-41b7-81de-5773b84ec572-S39643/f
Event: 0.270 Thread 0x00007f1074014800 Exception <a 'java/lang/NoSuchMethodError'{0x0000000718085488}: java.lang.Object.lambda$union$2(Ljava/util/regex/Pattern$CharPredicate;I)Z> (0x0000000718085488) thrown at [/scratch/opt/mach5/mesos/work_dir/slaves/5af44a71-976a-41b7-81de-5773b84ec572-S3964
Event: 0.274 Thread 0x00007f1074014800 Exception <a 'java/lang/NoSuchMethodError'{0x00000007180a17f8}: java.lang.invoke.DirectMethodHandle$Holder.invokeStatic(Ljava/lang/Object;Ljava/lang/Object;)I> (0x00000007180a17f8) thrown at [/scratch/opt/mach5/mesos/work_dir/slaves/5af44a71-976a-41b7-81d
Event: 0.277 Thread 0x00007f1074014800 Exception <a 'java/lang/NoSuchMethodError'{0x00000007180b1c48}: method resolution failed> (0x00000007180b1c48) thrown at [/scratch/opt/mach5/mesos/work_dir/slaves/5af44a71-976a-41b7-81de-5773b84ec572-S39643/frameworks/1735e8a2-a1db-478c-8104-60c8b0af87dd-
Event: 0.278 Thread 0x00007f1074014800 Exception <a 'java/lang/NoSuchMethodError'{0x00000007180b5900}: method resolution failed> (0x00000007180b5900) thrown at [/scratch/opt/mach5/mesos/work_dir/slaves/5af44a71-976a-41b7-81de-5773b84ec572-S39643/frameworks/1735e8a2-a1db-478c-8104-60c8b0af87dd-
Event: 0.278 Thread 0x00007f1074014800 Exception <a 'java/lang/NoSuchMethodError'{0x00000007180b8e00}: java.lang.invoke.DelegatingMethodHandle$Holder.delegate(Ljava/lang/Object;Ljava/lang/Object;ILjava/lang/Object;)V> (0x00000007180b8e00) thrown at [/scratch/opt/mach5/mesos/work_dir/slaves/5af
Event: 0.279 Thread 0x00007f1074014800 Exception <a 'java/lang/NoSuchMethodError'{0x00000007180bc9a8}: java.lang.invoke.DirectMethodHandle$Holder.invokeSpecial(Ljava/lang/Object;Ljava/lang/Object;Ljava/lang/Object;)I> (0x00000007180bc9a8) thrown at [/scratch/opt/mach5/mesos/work_dir/slaves/5af
Event: 0.280 Thread 0x00007f1074014800 Exception <a 'java/lang/NoSuchMethodError'{0x00000007180c3a08}: java.lang.invoke.DirectMethodHandle$Holder.invokeStaticInit(Ljava/lang/Object;Ljava/lang/Object;Ljava/lang/Object;)Ljava/lang/Object;> (0x00000007180c3a08) thrown at [/scratch/opt/mach5/mesos
Event: 0.511 Thread 0x00007f1074014800 Exception <a 'sun/nio/fs/UnixException'{0x0000000717dea138}> (0x0000000717dea138) thrown at [/scratch/opt/mach5/mesos/work_dir/slaves/5af44a71-976a-41b7-81de-5773b84ec572-S39643/frameworks/1735e8a2-a1db-478c-8104-60c8b0af87dd-0196/executors/a3f74ad9-294f-

Events (10 events):
Event: 0.511 loading class java/nio/file/NoSuchFileException
Event: 0.516 loading class java/nio/file/FileSystemException
Event: 0.516 loading class java/nio/file/FileSystemException done
Event: 0.516 loading class java/nio/file/NoSuchFileException done
Event: 0.517 loading class org/lwjgl/opengl/GL$2
Event: 0.517 loading class org/lwjgl/opengl/GL$2 done
Event: 0.517 loading class org/lwjgl/opengl/GL$SharedLibraryGL
Event: 0.517 loading class org/lwjgl/opengl/GL$SharedLibraryGL done
Event: 0.517 loading class org/lwjgl/system/SharedLibrary$Delegate
Event: 0.517 loading class org/lwjgl/system/SharedLibrary$Delegate done


Dynamic libraries:
00400000-00401000 r-xp 00000000 00:31 2364271                            /home/mihai/Programs/jdk-9.0.4/bin/java
00600000-00601000 rw-p 00000000 00:31 2364271                            /home/mihai/Programs/jdk-9.0.4/bin/java
01de0000-01e01000 rw-p 00000000 00:00 0                                  [heap]
70d200000-718600000 rw-p 00000000 00:00 0 
718600000-7c0000000 ---p 00000000 00:00 0 
7c0000000-7c00e0000 rw-p 00000000 00:00 0 
7c00e0000-800000000 ---p 00000000 00:00 0 
7f0fea5ac000-7f0fea7ab000 rw-p 00000000 00:00 0 
7f0fea7ab000-7f0fea816000 r-xp 00000000 08:05 3159716                    /tmp/lwjglmihai/3.1.5-build-1/liblwjgl_opengl.so
7f0fea816000-7f0feaa15000 ---p 0006b000 08:05 3159716                    /tmp/lwjglmihai/3.1.5-build-1/liblwjgl_opengl.so
7f0feaa15000-7f0feaa16000 r--p 0006a000 08:05 3159716                    /tmp/lwjglmihai/3.1.5-build-1/liblwjgl_opengl.so
7f0feaa16000-7f0feaa17000 rw-p 0006b000 08:05 3159716                    /tmp/lwjglmihai/3.1.5-build-1/liblwjgl_opengl.so
7f0feaa17000-7f0febdc8000 rw-p 00000000 00:00 0 
7f0febdc8000-7f0febdff000 r-xp 00000000 08:05 2500754                    /usr/lib/x86_64-linux-gnu/libtxc_dxtn_s2tc.so.0.0.0
7f0febdff000-7f0febffe000 ---p 00037000 08:05 2500754                    /usr/lib/x86_64-linux-gnu/libtxc_dxtn_s2tc.so.0.0.0
7f0febffe000-7f0febfff000 r--p 00036000 08:05 2500754                    /usr/lib/x86_64-linux-gnu/libtxc_dxtn_s2tc.so.0.0.0
7f0febfff000-7f0fec000000 rw-p 00037000 08:05 2500754                    /usr/lib/x86_64-linux-gnu/libtxc_dxtn_s2tc.so.0.0.0
7f0fec000000-7f0fec021000 rw-p 00000000 00:00 0 
7f0fec021000-7f0ff0000000 ---p 00000000 00:00 0 
7f0ff00c2000-7f0ff01f1000 rw-p 00000000 00:00 0 
7f0ff01f1000-7f0ff01f9000 r-xp 00000000 08:05 2500510                    /usr/lib/x86_64-linux-gnu/libpciaccess.so.0.11.1
7f0ff01f9000-7f0ff03f9000 ---p 00008000 08:05 2500510                    /usr/lib/x86_64-linux-gnu/libpciaccess.so.0.11.1
7f0ff03f9000-7f0ff03fa000 r--p 00008000 08:05 2500510                    /usr/lib/x86_64-linux-gnu/libpciaccess.so.0.11.1
7f0ff03fa000-7f0ff03fb000 rw-p 00009000 08:05 2500510                    /usr/lib/x86_64-linux-gnu/libpciaccess.so.0.11.1
7f0ff03fb000-7f0ff0411000 r-xp 00000000 08:05 1577579                    /lib/x86_64-linux-gnu/libgcc_s.so.1
7f0ff0411000-7f0ff0610000 ---p 00016000 08:05 1577579                    /lib/x86_64-linux-gnu/libgcc_s.so.1
7f0ff0610000-7f0ff0611000 rw-p 00015000 08:05 1577579                    /lib/x86_64-linux-gnu/libgcc_s.so.1
7f0ff0611000-7f0ff0783000 r-xp 00000000 08:05 2491992                    /usr/lib/x86_64-linux-gnu/libstdc++.so.6.0.21
7f0ff0783000-7f0ff0983000 ---p 00172000 08:05 2491992                    /usr/lib/x86_64-linux-gnu/libstdc++.so.6.0.21
7f0ff0983000-7f0ff098d000 r--p 00172000 08:05 2491992                    /usr/lib/x86_64-linux-gnu/libstdc++.so.6.0.21
7f0ff098d000-7f0ff098f000 rw-p 0017c000 08:05 2491992                    /usr/lib/x86_64-linux-gnu/libstdc++.so.6.0.21
7f0ff098f000-7f0ff0993000 rw-p 00000000 00:00 0 
7f0ff0993000-7f0ff099e000 r-xp 00000000 08:05 2495909                    /usr/lib/x86_64-linux-gnu/libdrm_radeon.so.1.0.1
7f0ff099e000-7f0ff0b9d000 ---p 0000b000 08:05 2495909                    /usr/lib/x86_64-linux-gnu/libdrm_radeon.so.1.0.1
7f0ff0b9d000-7f0ff0b9e000 r--p 0000a000 08:05 2495909                    /usr/lib/x86_64-linux-gnu/libdrm_radeon.so.1.0.1
7f0ff0b9e000-7f0ff0b9f000 rw-p 0000b000 08:05 2495909                    /usr/lib/x86_64-linux-gnu/libdrm_radeon.so.1.0.1
7f0ff0b9f000-7f0ff0ba6000 r-xp 00000000 08:05 2495913                    /usr/lib/x86_64-linux-gnu/libdrm_nouveau.so.2.0.0
7f0ff0ba6000-7f0ff0da5000 ---p 00007000 08:05 2495913                    /usr/lib/x86_64-linux-gnu/libdrm_nouveau.so.2.0.0
7f0ff0da5000-7f0ff0da6000 r--p 00006000 08:05 2495913                    /usr/lib/x86_64-linux-gnu/libdrm_nouveau.so.2.0.0
7f0ff0da6000-7f0ff0da7000 rw-p 00007000 08:05 2495913                    /usr/lib/x86_64-linux-gnu/libdrm_nouveau.so.2.0.0
7f0ff0da7000-7f0ff0dc9000 r-xp 00000000 08:05 2495905                    /usr/lib/x86_64-linux-gnu/libdrm_intel.so.1.0.0
7f0ff0dc9000-7f0ff0fc9000 ---p 00022000 08:05 2495905                    /usr/lib/x86_64-linux-gnu/libdrm_intel.so.1.0.0
7f0ff0fc9000-7f0ff0fca000 r--p 00022000 08:05 2495905                    /usr/lib/x86_64-linux-gnu/libdrm_intel.so.1.0.0
7f0ff0fca000-7f0ff0fcb000 rw-p 00023000 08:05 2495905                    /usr/lib/x86_64-linux-gnu/libdrm_intel.so.1.0.0
7f0ff0fcb000-7f0ff17f9000 r-xp 00000000 08:05 2753571                    /usr/lib/x86_64-linux-gnu/dri/i965_dri.so
7f0ff17f9000-7f0ff19f8000 ---p 0082e000 08:05 2753571                    /usr/lib/x86_64-linux-gnu/dri/i965_dri.so
7f0ff19f8000-7f0ff1a48000 r--p 0082d000 08:05 2753571                    /usr/lib/x86_64-linux-gnu/dri/i965_dri.so
7f0ff1a48000-7f0ff1a51000 rw-p 0087d000 08:05 2753571                    /usr/lib/x86_64-linux-gnu/dri/i965_dri.so
7f0ff1a51000-7f0ff1ab8000 rw-p 00000000 00:00 0 
7f0ff1ab8000-7f0ff1ac8000 r-xp 00000000 08:05 2495919                    /usr/lib/x86_64-linux-gnu/libdrm.so.2.4.0
7f0ff1ac8000-7f0ff1cc7000 ---p 00010000 08:05 2495919                    /usr/lib/x86_64-linux-gnu/libdrm.so.2.4.0
7f0ff1cc7000-7f0ff1cc8000 r--p 0000f000 08:05 2495919                    /usr/lib/x86_64-linux-gnu/libdrm.so.2.4.0
7f0ff1cc8000-7f0ff1cc9000 rw-p 00010000 08:05 2495919                    /usr/lib/x86_64-linux-gnu/libdrm.so.2.4.0
7f0ff1cc9000-7f0ff1ccd000 r-xp 00000000 08:05 2500921                    /usr/lib/x86_64-linux-gnu/libxcb-dri2.so.0.0.0
7f0ff1ccd000-7f0ff1ecc000 ---p 00004000 08:05 2500921                    /usr/lib/x86_64-linux-gnu/libxcb-dri2.so.0.0.0
7f0ff1ecc000-7f0ff1ecd000 r--p 00003000 08:05 2500921                    /usr/lib/x86_64-linux-gnu/libxcb-dri2.so.0.0.0
7f0ff1ecd000-7f0ff1ece000 rw-p 00004000 08:05 2500921                    /usr/lib/x86_64-linux-gnu/libxcb-dri2.so.0.0.0
7f0ff1ece000-7f0ff1ee5000 r-xp 00000000 08:05 2500925                    /usr/lib/x86_64-linux-gnu/libxcb-glx.so.0.0.0
7f0ff1ee5000-7f0ff20e4000 ---p 00017000 08:05 2500925                    /usr/lib/x86_64-linux-gnu/libxcb-glx.so.0.0.0
7f0ff20e4000-7f0ff20e6000 r--p 00016000 08:05 2500925                    /usr/lib/x86_64-linux-gnu/libxcb-glx.so.0.0.0
7f0ff20e6000-7f0ff20e7000 rw-p 00018000 08:05 2500925                    /usr/lib/x86_64-linux-gnu/libxcb-glx.so.0.0.0
7f0ff20e7000-7f0ff20e9000 r-xp 00000000 08:05 2499544                    /usr/lib/x86_64-linux-gnu/libXdamage.so.1.1.0
7f0ff20e9000-7f0ff22e8000 ---p 00002000 08:05 2499544                    /usr/lib/x86_64-linux-gnu/libXdamage.so.1.1.0
7f0ff22e8000-7f0ff22e9000 r--p 00001000 08:05 2499544                    /usr/lib/x86_64-linux-gnu/libXdamage.so.1.1.0
7f0ff22e9000-7f0ff22ea000 rw-p 00002000 08:05 2499544                    /usr/lib/x86_64-linux-gnu/libXdamage.so.1.1.0
7f0ff22ea000-7f0ff2315000 r-xp 00000000 08:05 2491028                    /usr/lib/x86_64-linux-gnu/libglapi.so.0.0.0
7f0ff2315000-7f0ff2514000 ---p 0002b000 08:05 2491028                    /usr/lib/x86_64-linux-gnu/libglapi.so.0.0.0
7f0ff2514000-7f0ff2518000 r--p 0002a000 08:05 2491028                    /usr/lib/x86_64-linux-gnu/libglapi.so.0.0.0
7f0ff2518000-7f0ff2519000 rw-p 0002e000 08:05 2491028                    /usr/lib/x86_64-linux-gnu/libglapi.so.0.0.0
7f0ff2519000-7f0ff251a000 rw-p 00000000 00:00 0 
7f0ff251a000-7f0ff251b000 r-xp 00000000 08:05 2500965                    /usr/lib/x86_64-linux-gnu/libxshmfence.so.1.0.0
7f0ff251b000-7f0ff271b000 ---p 00001000 08:05 2500965                    /usr/lib/x86_64-linux-gnu/libxshmfence.so.1.0.0
7f0ff271b000-7f0ff271c000 r--p 00001000 08:05 2500965                    /usr/lib/x86_64-linux-gnu/libxshmfence.so.1.0.0
7f0ff271c000-7f0ff271d000 rw-p 00002000 08:05 2500965                    /usr/lib/x86_64-linux-gnu/libxshmfence.so.1.0.0
7f0ff271d000-7f0ff2722000 r-xp 00000000 08:05 2500945                    /usr/lib/x86_64-linux-gnu/libxcb-sync.so.1.0.0
7f0ff2722000-7f0ff2922000 ---p 00005000 08:05 2500945                    /usr/lib/x86_64-linux-gnu/libxcb-sync.so.1.0.0
7f0ff2922000-7f0ff2923000 r--p 00005000 08:05 2500945                    /usr/lib/x86_64-linux-gnu/libxcb-sync.so.1.0.0
7f0ff2923000-7f0ff2924000 rw-p 00006000 08:05 2500945                    /usr/lib/x86_64-linux-gnu/libxcb-sync.so.1.0.0
7f0ff2924000-7f0ff2926000 r-xp 00000000 08:05 2500933                    /usr/lib/x86_64-linux-gnu/libxcb-present.so.0.0.0
7f0ff2926000-7f0ff2b25000 ---p 00002000 08:05 2500933                    /usr/lib/x86_64-linux-gnu/libxcb-present.so.0.0.0
7f0ff2b25000-7f0ff2b26000 r--p 00001000 08:05 2500933                    /usr/lib/x86_64-linux-gnu/libxcb-present.so.0.0.0
7f0ff2b26000-7f0ff2b27000 rw-p 00002000 08:05 2500933                    /usr/lib/x86_64-linux-gnu/libxcb-present.so.0.0.0
7f0ff2b27000-7f0ff2b29000 r-xp 00000000 08:05 2500923                    /usr/lib/x86_64-linux-gnu/libxcb-dri3.so.0.0.0
7f0ff2b29000-7f0ff2d28000 ---p 00002000 08:05 2500923                    /usr/lib/x86_64-linux-gnu/libxcb-dri3.so.0.0.0
7f0ff2d28000-7f0ff2d29000 r--p 00001000 08:05 2500923                    /usr/lib/x86_64-linux-gnu/libxcb-dri3.so.0.0.0
7f0ff2d29000-7f0ff2d2a000 rw-p 00002000 08:05 2500923                    /usr/lib/x86_64-linux-gnu/libxcb-dri3.so.0.0.0
7f0ff2d2a000-7f0ff2d50000 r-xp 00000000 08:05 1577572                    /lib/x86_64-linux-gnu/libexpat.so.1.6.0
7f0ff2d50000-7f0ff2f50000 ---p 00026000 08:05 1577572                    /lib/x86_64-linux-gnu/libexpat.so.1.6.0
7f0ff2f50000-7f0ff2f52000 r--p 00026000 08:05 1577572                    /lib/x86_64-linux-gnu/libexpat.so.1.6.0
7f0ff2f52000-7f0ff2f53000 rw-p 00028000 08:05 1577572                    /lib/x86_64-linux-gnu/libexpat.so.1.6.0
7f0ff2f53000-7f0ff2fc1000 r-xp 00000000 08:05 2754332                    /usr/lib/x86_64-linux-gnu/mesa/libGL.so.1.2.0
7f0ff2fc1000-7f0ff31c1000 ---p 0006e000 08:05 2754332                    /usr/lib/x86_64-linux-gnu/mesa/libGL.so.1.2.0
7f0ff31c1000-7f0ff31c4000 r--p 0006e000 08:05 2754332                    /usr/lib/x86_64-linux-gnu/mesa/libGL.so.1.2.0
7f0ff31c4000-7f0ff31c5000 rw-p 00071000 08:05 2754332                    /usr/lib/x86_64-linux-gnu/mesa/libGL.so.1.2.0
7f0ff31c5000-7f0ff31c6000 rw-p 00000000 00:00 0 
7f0ff31c6000-7f0ff31c7000 r-xp 00000000 08:05 2499529                    /usr/lib/x86_64-linux-gnu/libX11-xcb.so.1.0.0
7f0ff31c7000-7f0ff33c6000 ---p 00001000 08:05 2499529                    /usr/lib/x86_64-linux-gnu/libX11-xcb.so.1.0.0
7f0ff33c6000-7f0ff33c7000 r--p 00000000 08:05 2499529                    /usr/lib/x86_64-linux-gnu/libX11-xcb.so.1.0.0
7f0ff33c7000-7f0ff33c8000 rw-p 00001000 08:05 2499529                    /usr/lib/x86_64-linux-gnu/libX11-xcb.so.1.0.0
7f0ff33c8000-7f0ff33ca000 r-xp 00000000 08:05 2499560                    /usr/lib/x86_64-linux-gnu/libXinerama.so.1.0.0
7f0ff33ca000-7f0ff35c9000 ---p 00002000 08:05 2499560                    /usr/lib/x86_64-linux-gnu/libXinerama.so.1.0.0
7f0ff35c9000-7f0ff35ca000 r--p 00001000 08:05 2499560                    /usr/lib/x86_64-linux-gnu/libXinerama.so.1.0.0
7f0ff35ca000-7f0ff35cb000 rw-p 00002000 08:05 2499560                    /usr/lib/x86_64-linux-gnu/libXinerama.so.1.0.0
7f0ff35cb000-7f0ff35d0000 r-xp 00000000 08:05 2499550                    /usr/lib/x86_64-linux-gnu/libXfixes.so.3.1.0
7f0ff35d0000-7f0ff37cf000 ---p 00005000 08:05 2499550                    /usr/lib/x86_64-linux-gnu/libXfixes.so.3.1.0
7f0ff37cf000-7f0ff37d0000 r--p 00004000 08:05 2499550                    /usr/lib/x86_64-linux-gnu/libXfixes.so.3.1.0
7f0ff37d0000-7f0ff37d1000 rw-p 00005000 08:05 2499550                    /usr/lib/x86_64-linux-gnu/libXfixes.so.3.1.0
7f0ff37d1000-7f0ff37da000 r-xp 00000000 08:05 2498445                    /usr/lib/x86_64-linux-gnu/libXcursor.so.1.0.2
7f0ff37da000-7f0ff39d9000 ---p 00009000 08:05 2498445                    /usr/lib/x86_64-linux-gnu/libXcursor.so.1.0.2
7f0ff39d9000-7f0ff39da000 r--p 00008000 08:05 2498445                    /usr/lib/x86_64-linux-gnu/libXcursor.so.1.0.2
7f0ff39da000-7f0ff39db000 rw-p 00009000 08:05 2498445                    /usr/lib/x86_64-linux-gnu/libXcursor.so.1.0.2
7f0ff39db000-7f0ff39e4000 r-xp 00000000 08:05 2499570                    /usr/lib/x86_64-linux-gnu/libXrender.so.1.3.0
7f0ff39e4000-7f0ff3be3000 ---p 00009000 08:05 2499570                    /usr/lib/x86_64-linux-gnu/libXrender.so.1.3.0
7f0ff3be3000-7f0ff3be4000 r--p 00008000 08:05 2499570                    /usr/lib/x86_64-linux-gnu/libXrender.so.1.3.0
7f0ff3be4000-7f0ff3be5000 rw-p 00009000 08:05 2499570                    /usr/lib/x86_64-linux-gnu/libXrender.so.1.3.0
7f0ff3be5000-7f0ff3bef000 r-xp 00000000 08:05 2499568                    /usr/lib/x86_64-linux-gnu/libXrandr.so.2.2.0
7f0ff3bef000-7f0ff3dee000 ---p 0000a000 08:05 2499568                    /usr/lib/x86_64-linux-gnu/libXrandr.so.2.2.0
7f0ff3dee000-7f0ff3def000 r--p 00009000 08:05 2499568                    /usr/lib/x86_64-linux-gnu/libXrandr.so.2.2.0
7f0ff3def000-7f0ff3df0000 rw-p 0000a000 08:05 2499568                    /usr/lib/x86_64-linux-gnu/libXrandr.so.2.2.0
7f0ff3df0000-7f0ff3dff000 r-xp 00000000 08:05 2499558                    /usr/lib/x86_64-linux-gnu/libXi.so.6.1.0
7f0ff3dff000-7f0ff3ffe000 ---p 0000f000 08:05 2499558                    /usr/lib/x86_64-linux-gnu/libXi.so.6.1.0
7f0ff3ffe000-7f0ff3fff000 r--p 0000e000 08:05 2499558                    /usr/lib/x86_64-linux-gnu/libXi.so.6.1.0
7f0ff3fff000-7f0ff4000000 rw-p 0000f000 08:05 2499558                    /usr/lib/x86_64-linux-gnu/libXi.so.6.1.0
7f0ff4000000-7f0ff4021000 rw-p 00000000 00:00 0 
7f0ff4021000-7f0ff8000000 ---p 00000000 00:00 0 
7f0ff8000000-7f0ff8021000 rw-p 00000000 00:00 0 
7f0ff8021000-7f0ffc000000 ---p 00000000 00:00 0 
7f0ffc000000-7f0ffc021000 rw-p 00000000 00:00 0 
7f0ffc021000-7f1000000000 ---p 00000000 00:00 0 
7f1000000000-7f1000021000 rw-p 00000000 00:00 0 
7f1000021000-7f1004000000 ---p 00000000 00:00 0 
7f1004000000-7f1004030000 rw-p 00000000 00:00 0 
7f1004030000-7f1008000000 ---p 00000000 00:00 0 
7f1008000000-7f1008198000 rw-p 00000000 00:00 0 
7f1008198000-7f100c000000 ---p 00000000 00:00 0 
7f100c000000-7f100c021000 rw-p 00000000 00:00 0 
7f100c021000-7f1010000000 ---p 00000000 00:00 0 
7f1010000000-7f101013b000 rw-p 00000000 00:00 0 
7f101013b000-7f1014000000 ---p 00000000 00:00 0 
7f1014000000-7f1014021000 rw-p 00000000 00:00 0 
7f1014021000-7f1018000000 ---p 00000000 00:00 0 
7f1018000000-7f1018021000 rw-p 00000000 00:00 0 
7f1018021000-7f101c000000 ---p 00000000 00:00 0 
7f101c000000-7f101c021000 rw-p 00000000 00:00 0 
7f101c021000-7f1020000000 ---p 00000000 00:00 0 
7f1020000000-7f1020021000 rw-p 00000000 00:00 0 
7f1020021000-7f1024000000 ---p 00000000 00:00 0 
7f10240ac000-7f10240bd000 r-xp 00000000 08:05 2499548                    /usr/lib/x86_64-linux-gnu/libXext.so.6.4.0
7f10240bd000-7f10242bc000 ---p 00011000 08:05 2499548                    /usr/lib/x86_64-linux-gnu/libXext.so.6.4.0
7f10242bc000-7f10242bd000 r--p 00010000 08:05 2499548                    /usr/lib/x86_64-linux-gnu/libXext.so.6.4.0
7f10242bd000-7f10242be000 rw-p 00011000 08:05 2499548                    /usr/lib/x86_64-linux-gnu/libXext.so.6.4.0
7f10242be000-7f10242c3000 r-xp 00000000 08:05 2499586                    /usr/lib/x86_64-linux-gnu/libXxf86vm.so.1.0.0
7f10242c3000-7f10244c2000 ---p 00005000 08:05 2499586                    /usr/lib/x86_64-linux-gnu/libXxf86vm.so.1.0.0
7f10244c2000-7f10244c3000 r--p 00004000 08:05 2499586                    /usr/lib/x86_64-linux-gnu/libXxf86vm.so.1.0.0
7f10244c3000-7f10244c4000 rw-p 00005000 08:05 2499586                    /usr/lib/x86_64-linux-gnu/libXxf86vm.so.1.0.0
7f10244c4000-7f10244c9000 r-xp 00000000 08:05 2499546                    /usr/lib/x86_64-linux-gnu/libXdmcp.so.6.0.0
7f10244c9000-7f10246c8000 ---p 00005000 08:05 2499546                    /usr/lib/x86_64-linux-gnu/libXdmcp.so.6.0.0
7f10246c8000-7f10246c9000 r--p 00004000 08:05 2499546                    /usr/lib/x86_64-linux-gnu/libXdmcp.so.6.0.0
7f10246c9000-7f10246ca000 rw-p 00005000 08:05 2499546                    /usr/lib/x86_64-linux-gnu/libXdmcp.so.6.0.0
7f10246ca000-7f10246cc000 r-xp 00000000 08:05 2499535                    /usr/lib/x86_64-linux-gnu/libXau.so.6.0.0
7f10246cc000-7f10248cc000 ---p 00002000 08:05 2499535                    /usr/lib/x86_64-linux-gnu/libXau.so.6.0.0
7f10248cc000-7f10248cd000 r--p 00002000 08:05 2499535                    /usr/lib/x86_64-linux-gnu/libXau.so.6.0.0
7f10248cd000-7f10248ce000 rw-p 00003000 08:05 2499535                    /usr/lib/x86_64-linux-gnu/libXau.so.6.0.0
7f10248ce000-7f10248ef000 r-xp 00000000 08:05 2500953                    /usr/lib/x86_64-linux-gnu/libxcb.so.1.1.0
7f10248ef000-7f1024aee000 ---p 00021000 08:05 2500953                    /usr/lib/x86_64-linux-gnu/libxcb.so.1.1.0
7f1024aee000-7f1024aef000 r--p 00020000 08:05 2500953                    /usr/lib/x86_64-linux-gnu/libxcb.so.1.1.0
7f1024aef000-7f1024af0000 rw-p 00021000 08:05 2500953                    /usr/lib/x86_64-linux-gnu/libxcb.so.1.1.0
7f1024af0000-7f1024c25000 r-xp 00000000 08:05 2499531                    /usr/lib/x86_64-linux-gnu/libX11.so.6.3.0
7f1024c25000-7f1024e25000 ---p 00135000 08:05 2499531                    /usr/lib/x86_64-linux-gnu/libX11.so.6.3.0
7f1024e25000-7f1024e26000 r--p 00135000 08:05 2499531                    /usr/lib/x86_64-linux-gnu/libX11.so.6.3.0
7f1024e26000-7f1024e2a000 rw-p 00136000 08:05 2499531                    /usr/lib/x86_64-linux-gnu/libX11.so.6.3.0
7f1024e2a000-7f1024e59000 r-xp 00000000 08:05 3159715                    /tmp/lwjglmihai/3.1.5-build-1/libglfw.so
7f1024e59000-7f1025058000 ---p 0002f000 08:05 3159715                    /tmp/lwjglmihai/3.1.5-build-1/libglfw.so
7f1025058000-7f1025059000 r--p 0002e000 08:05 3159715                    /tmp/lwjglmihai/3.1.5-build-1/libglfw.so
7f1025059000-7f102505a000 rw-p 0002f000 08:05 3159715                    /tmp/lwjglmihai/3.1.5-build-1/libglfw.so
7f102505a000-7f102507b000 rw-p 00000000 00:00 0 
7f102507b000-7f10250ce000 r-xp 00000000 08:05 3159714                    /tmp/lwjglmihai/3.1.5-build-1/liblwjgl.so
7f10250ce000-7f10252cd000 ---p 00053000 08:05 3159714                    /tmp/lwjglmihai/3.1.5-build-1/liblwjgl.so
7f10252cd000-7f10252ce000 r--p 00052000 08:05 3159714                    /tmp/lwjglmihai/3.1.5-build-1/liblwjgl.so
7f10252ce000-7f10252cf000 rw-p 00053000 08:05 3159714                    /tmp/lwjglmihai/3.1.5-build-1/liblwjgl.so
7f10252cf000-7f10252d0000 ---p 00000000 00:00 0 
7f10252d0000-7f10253d0000 rw-p 00000000 00:00 0 
7f10253d0000-7f10253d4000 ---p 00000000 00:00 0 
7f10253d4000-7f10254d1000 rw-p 00000000 00:00 0 
7f10254d1000-7f10254d5000 ---p 00000000 00:00 0 
7f10254d5000-7f10255d2000 rw-p 00000000 00:00 0 
7f10255d2000-7f10255d6000 ---p 00000000 00:00 0 
7f10255d6000-7f10256d3000 rw-p 00000000 00:00 0 
7f10256d3000-7f10256e9000 r-xp 00000000 00:31 2896431                    /home/mihai/Programs/jdk-9.0.4/lib/libnet.so
7f10256e9000-7f10258e9000 ---p 00016000 00:31 2896431                    /home/mihai/Programs/jdk-9.0.4/lib/libnet.so
7f10258e9000-7f10258ea000 rw-p 00016000 00:31 2896431                    /home/mihai/Programs/jdk-9.0.4/lib/libnet.so
7f10258ea000-7f10258fa000 r-xp 00000000 00:31 2896432                    /home/mihai/Programs/jdk-9.0.4/lib/libnio.so
7f10258fa000-7f1025afa000 ---p 00010000 00:31 2896432                    /home/mihai/Programs/jdk-9.0.4/lib/libnio.so
7f1025afa000-7f1025afb000 rw-p 00010000 00:31 2896432                    /home/mihai/Programs/jdk-9.0.4/lib/libnio.so
7f1025afb000-7f1025aff000 ---p 00000000 00:00 0 
7f1025aff000-7f1025bfc000 rw-p 00000000 00:00 0 
7f1025bfc000-7f1025c00000 ---p 00000000 00:00 0 
7f1025c00000-7f1025cfd000 rw-p 00000000 00:00 0 
7f1025cfd000-7f1025d01000 ---p 00000000 00:00 0 
7f1025d01000-7f1025dfe000 rw-p 00000000 00:00 0 
7f1025dfe000-7f1025e02000 ---p 00000000 00:00 0 
7f1025e02000-7f1025eff000 rw-p 00000000 00:00 0 
7f1025eff000-7f1025f03000 ---p 00000000 00:00 0 
7f1025f03000-7f1026000000 rw-p 00000000 00:00 0 
7f1026000000-7f1028000000 rwxp 00000000 00:00 0 
7f1028000000-7f1028021000 rw-p 00000000 00:00 0 
7f1028021000-7f102c000000 ---p 00000000 00:00 0 
7f102c0c1000-7f102c399000 r--p 00000000 08:05 2518691                    /usr/lib/locale/locale-archive
7f102c399000-7f102c39d000 ---p 00000000 00:00 0 
7f102c39d000-7f102c49a000 rw-p 00000000 00:00 0 
7f102c49a000-7f102c49e000 ---p 00000000 00:00 0 
7f102c49e000-7f102c59b000 rw-p 00000000 00:00 0 
7f102c59b000-7f102c59c000 ---p 00000000 00:00 0 
7f102c59c000-7f102cf12000 rw-p 00000000 00:00 0 
7f102cf12000-7f102d316000 rw-p 00000000 00:00 0 
7f102d316000-7f102d317000 ---p 00000000 00:00 0 
7f102d317000-7f102d417000 rw-p 00000000 00:00 0 
7f102d417000-7f102d418000 ---p 00000000 00:00 0 
7f102d418000-7f102d89b000 rw-p 00000000 00:00 0 
7f102d89b000-7f1030283000 ---p 00000000 00:00 0 
7f1030283000-7f1030553000 rw-p 00000000 00:00 0 
7f1030553000-7f1032f3b000 ---p 00000000 00:00 0 
7f1032f3b000-7f1032f95000 rw-p 00000000 00:00 0 
7f1032f95000-7f10334d2000 ---p 00000000 00:00 0 
7f10334d2000-7f103352c000 rw-p 00000000 00:00 0 
7f103352c000-7f1034000000 ---p 00000000 00:00 0 
7f1034000000-7f1034021000 rw-p 00000000 00:00 0 
7f1034021000-7f1038000000 ---p 00000000 00:00 0 
7f1038000000-7f1038021000 rw-p 00000000 00:00 0 
7f1038021000-7f103c000000 ---p 00000000 00:00 0 
7f103c000000-7f103c021000 rw-p 00000000 00:00 0 
7f103c021000-7f1040000000 ---p 00000000 00:00 0 
7f1040000000-7f1040021000 rw-p 00000000 00:00 0 
7f1040021000-7f1044000000 ---p 00000000 00:00 0 
7f1044000000-7f1044021000 rw-p 00000000 00:00 0 
7f1044021000-7f1048000000 ---p 00000000 00:00 0 
7f1048000000-7f1048021000 rw-p 00000000 00:00 0 
7f1048021000-7f104c000000 ---p 00000000 00:00 0 
7f104c000000-7f104c021000 rw-p 00000000 00:00 0 
7f104c021000-7f1050000000 ---p 00000000 00:00 0 
7f1050000000-7f1050021000 rw-p 00000000 00:00 0 
7f1050021000-7f1054000000 ---p 00000000 00:00 0 
7f1054000000-7f1054021000 rw-p 00000000 00:00 0 
7f1054021000-7f1058000000 ---p 00000000 00:00 0 
7f105804d000-7f10580a7000 rw-p 00000000 00:00 0 
7f10580a7000-7f10585e4000 ---p 00000000 00:00 0 
7f10585e4000-7f10585e5000 ---p 00000000 00:00 0 
7f10585e5000-7f10586e5000 rw-p 00000000 00:00 0 
7f10586e5000-7f10586e6000 ---p 00000000 00:00 0 
7f10586e6000-7f10587e6000 rw-p 00000000 00:00 0 
7f10587e6000-7f10587e7000 ---p 00000000 00:00 0 
7f10587e7000-7f10588e7000 rw-p 00000000 00:00 0 
7f10588e7000-7f10588e8000 ---p 00000000 00:00 0 
7f10588e8000-7f10589e8000 rw-p 00000000 00:00 0 
7f10589e8000-7f10589e9000 ---p 00000000 00:00 0 
7f10589e9000-7f1058eed000 rw-p 00000000 00:00 0 
7f1058eed000-7f1058eee000 ---p 00000000 00:00 0 
7f1058eee000-7f1058fee000 rw-p 00000000 00:00 0 
7f1058fee000-7f1058fef000 ---p 00000000 00:00 0 
7f1058fef000-7f10590ef000 rw-p 00000000 00:00 0 
7f10590ef000-7f10590f0000 ---p 00000000 00:00 0 
7f10590f0000-7f10591f0000 rw-p 00000000 00:00 0 
7f10591f0000-7f10591f1000 ---p 00000000 00:00 0 
7f10591f1000-7f10592f1000 rw-p 00000000 00:00 0 
7f10592f1000-7f1059561000 rwxp 00000000 00:00 0 
7f1059561000-7f1059881000 ---p 00000000 00:00 0 
7f1059881000-7f1059af1000 rwxp 00000000 00:00 0 
7f1059af1000-7f1060db9000 ---p 00000000 00:00 0 
7f1060db9000-7f1061029000 rwxp 00000000 00:00 0 
7f1061029000-7f10682f1000 ---p 00000000 00:00 0 
7f10682f1000-7f10737ae000 r--s 00000000 00:31 2896448                    /home/mihai/Programs/jdk-9.0.4/lib/modules
7f10737ae000-7f10737c8000 r-xp 00000000 00:31 2896421                    /home/mihai/Programs/jdk-9.0.4/lib/libjimage.so
7f10737c8000-7f10739c7000 ---p 0001a000 00:31 2896421                    /home/mihai/Programs/jdk-9.0.4/lib/libjimage.so
7f10739c7000-7f10739c9000 rw-p 00019000 00:31 2896421                    /home/mihai/Programs/jdk-9.0.4/lib/libjimage.so
7f10739c9000-7f10739db000 rw-p 00000000 00:00 0 
7f10739db000-7f10739e2000 r-xp 00000000 00:31 2896447                    /home/mihai/Programs/jdk-9.0.4/lib/libzip.so
7f10739e2000-7f1073be1000 ---p 00007000 00:31 2896447                    /home/mihai/Programs/jdk-9.0.4/lib/libzip.so
7f1073be1000-7f1073be2000 rw-p 00006000 00:31 2896447                    /home/mihai/Programs/jdk-9.0.4/lib/libzip.so
7f1073be2000-7f1073bed000 r-xp 00000000 08:05 1573108                    /lib/x86_64-linux-gnu/libnss_files-2.23.so
7f1073bed000-7f1073dec000 ---p 0000b000 08:05 1573108                    /lib/x86_64-linux-gnu/libnss_files-2.23.so
7f1073dec000-7f1073ded000 r--p 0000a000 08:05 1573108                    /lib/x86_64-linux-gnu/libnss_files-2.23.so
7f1073ded000-7f1073dee000 rw-p 0000b000 08:05 1573108                    /lib/x86_64-linux-gnu/libnss_files-2.23.so
7f1073dee000-7f1073df4000 rw-p 00000000 00:00 0 
7f1073df4000-7f1073dff000 r-xp 00000000 08:05 1573112                    /lib/x86_64-linux-gnu/libnss_nis-2.23.so
7f1073dff000-7f1073ffe000 ---p 0000b000 08:05 1573112                    /lib/x86_64-linux-gnu/libnss_nis-2.23.so
7f1073ffe000-7f1073fff000 r--p 0000a000 08:05 1573112                    /lib/x86_64-linux-gnu/libnss_nis-2.23.so
7f1073fff000-7f1074000000 rw-p 0000b000 08:05 1573112                    /lib/x86_64-linux-gnu/libnss_nis-2.23.so
7f1074000000-7f107496c000 rw-p 00000000 00:00 0 
7f107496c000-7f1078000000 ---p 00000000 00:00 0 
7f107800e000-7f1078013000 rw-p 00000000 00:00 0 
7f1078013000-7f10780f9000 ---p 00000000 00:00 0 
7f10780f9000-7f10780fe000 rw-p 00000000 00:00 0 
7f10780fe000-7f10781e4000 ---p 00000000 00:00 0 
7f10781e4000-7f10781fa000 r-xp 00000000 08:05 1573092                    /lib/x86_64-linux-gnu/libnsl-2.23.so
7f10781fa000-7f10783f9000 ---p 00016000 08:05 1573092                    /lib/x86_64-linux-gnu/libnsl-2.23.so
7f10783f9000-7f10783fa000 r--p 00015000 08:05 1573092                    /lib/x86_64-linux-gnu/libnsl-2.23.so
7f10783fa000-7f10783fb000 rw-p 00016000 08:05 1573092                    /lib/x86_64-linux-gnu/libnsl-2.23.so
7f10783fb000-7f10783fd000 rw-p 00000000 00:00 0 
7f10783fd000-7f1078405000 r-xp 00000000 08:05 1573103                    /lib/x86_64-linux-gnu/libnss_compat-2.23.so
7f1078405000-7f1078604000 ---p 00008000 08:05 1573103                    /lib/x86_64-linux-gnu/libnss_compat-2.23.so
7f1078604000-7f1078605000 r--p 00007000 08:05 1573103                    /lib/x86_64-linux-gnu/libnss_compat-2.23.so
7f1078605000-7f1078606000 rw-p 00008000 08:05 1573103                    /lib/x86_64-linux-gnu/libnss_compat-2.23.so
7f1078606000-7f1078610000 r-xp 00000000 00:31 2896404                    /home/mihai/Programs/jdk-9.0.4/lib/libinstrument.so
7f1078610000-7f107880f000 ---p 0000a000 00:31 2896404                    /home/mihai/Programs/jdk-9.0.4/lib/libinstrument.so
7f107880f000-7f1078810000 rw-p 00009000 00:31 2896404                    /home/mihai/Programs/jdk-9.0.4/lib/libinstrument.so
7f1078810000-7f107883b000 r-xp 00000000 00:31 2896409                    /home/mihai/Programs/jdk-9.0.4/lib/libjava.so
7f107883b000-7f1078a3a000 ---p 0002b000 00:31 2896409                    /home/mihai/Programs/jdk-9.0.4/lib/libjava.so
7f1078a3a000-7f1078a3c000 rw-p 0002a000 00:31 2896409                    /home/mihai/Programs/jdk-9.0.4/lib/libjava.so
7f1078a3c000-7f1078a49000 r-xp 00000000 00:31 2896446                    /home/mihai/Programs/jdk-9.0.4/lib/libverify.so
7f1078a49000-7f1078c48000 ---p 0000d000 00:31 2896446                    /home/mihai/Programs/jdk-9.0.4/lib/libverify.so
7f1078c48000-7f1078c4a000 rw-p 0000c000 00:31 2896446                    /home/mihai/Programs/jdk-9.0.4/lib/libverify.so
7f1078c4a000-7f1078c51000 r-xp 00000000 08:05 1573113                    /lib/x86_64-linux-gnu/librt-2.23.so
7f1078c51000-7f1078e50000 ---p 00007000 08:05 1573113                    /lib/x86_64-linux-gnu/librt-2.23.so
7f1078e50000-7f1078e51000 r--p 00006000 08:05 1573113                    /lib/x86_64-linux-gnu/librt-2.23.so
7f1078e51000-7f1078e52000 rw-p 00007000 08:05 1573113                    /lib/x86_64-linux-gnu/librt-2.23.so
7f1078e52000-7f1078f5a000 r-xp 00000000 08:05 1573091                    /lib/x86_64-linux-gnu/libm-2.23.so
7f1078f5a000-7f1079159000 ---p 00108000 08:05 1573091                    /lib/x86_64-linux-gnu/libm-2.23.so
7f1079159000-7f107915a000 r--p 00107000 08:05 1573091                    /lib/x86_64-linux-gnu/libm-2.23.so
7f107915a000-7f107915b000 rw-p 00108000 08:05 1573091                    /lib/x86_64-linux-gnu/libm-2.23.so
7f107915b000-7f107a170000 r-xp 00000000 00:31 2896469                    /home/mihai/Programs/jdk-9.0.4/lib/server/libjvm.so
7f107a170000-7f107a36f000 ---p 01015000 00:31 2896469                    /home/mihai/Programs/jdk-9.0.4/lib/server/libjvm.so
7f107a36f000-7f107a440000 r--p 01014000 00:31 2896469                    /home/mihai/Programs/jdk-9.0.4/lib/server/libjvm.so
7f107a440000-7f107a477000 rw-p 010e5000 00:31 2896469                    /home/mihai/Programs/jdk-9.0.4/lib/server/libjvm.so
7f107a477000-7f107a4e0000 rw-p 00000000 00:00 0 
7f107a4e0000-7f107a6a0000 r-xp 00000000 08:05 1573095                    /lib/x86_64-linux-gnu/libc-2.23.so
7f107a6a0000-7f107a8a0000 ---p 001c0000 08:05 1573095                    /lib/x86_64-linux-gnu/libc-2.23.so
7f107a8a0000-7f107a8a4000 r--p 001c0000 08:05 1573095                    /lib/x86_64-linux-gnu/libc-2.23.so
7f107a8a4000-7f107a8a6000 rw-p 001c4000 08:05 1573095                    /lib/x86_64-linux-gnu/libc-2.23.so
7f107a8a6000-7f107a8aa000 rw-p 00000000 00:00 0 
7f107a8aa000-7f107a8ad000 r-xp 00000000 08:05 1573097                    /lib/x86_64-linux-gnu/libdl-2.23.so
7f107a8ad000-7f107aaac000 ---p 00003000 08:05 1573097                    /lib/x86_64-linux-gnu/libdl-2.23.so
7f107aaac000-7f107aaad000 r--p 00002000 08:05 1573097                    /lib/x86_64-linux-gnu/libdl-2.23.so
7f107aaad000-7f107aaae000 rw-p 00003000 08:05 1573097                    /lib/x86_64-linux-gnu/libdl-2.23.so
7f107aaae000-7f107aabc000 r-xp 00000000 00:31 3429993                    /home/mihai/Programs/jdk-9.0.4/lib/jli/libjli.so
7f107aabc000-7f107acbc000 ---p 0000e000 00:31 3429993                    /home/mihai/Programs/jdk-9.0.4/lib/jli/libjli.so
7f107acbc000-7f107acbd000 rw-p 0000e000 00:31 3429993                    /home/mihai/Programs/jdk-9.0.4/lib/jli/libjli.so
7f107acbd000-7f107acd5000 r-xp 00000000 08:05 1573094                    /lib/x86_64-linux-gnu/libpthread-2.23.so
7f107acd5000-7f107aed4000 ---p 00018000 08:05 1573094                    /lib/x86_64-linux-gnu/libpthread-2.23.so
7f107aed4000-7f107aed5000 r--p 00017000 08:05 1573094                    /lib/x86_64-linux-gnu/libpthread-2.23.so
7f107aed5000-7f107aed6000 rw-p 00018000 08:05 1573094                    /lib/x86_64-linux-gnu/libpthread-2.23.so
7f107aed6000-7f107aeda000 rw-p 00000000 00:00 0 
7f107aeda000-7f107aef3000 r-xp 00000000 08:05 1577732                    /lib/x86_64-linux-gnu/libz.so.1.2.8
7f107aef3000-7f107b0f2000 ---p 00019000 08:05 1577732                    /lib/x86_64-linux-gnu/libz.so.1.2.8
7f107b0f2000-7f107b0f3000 r--p 00018000 08:05 1577732                    /lib/x86_64-linux-gnu/libz.so.1.2.8
7f107b0f3000-7f107b0f4000 rw-p 00019000 08:05 1577732                    /lib/x86_64-linux-gnu/libz.so.1.2.8
7f107b0f4000-7f107b11a000 r-xp 00000000 08:05 1573093                    /lib/x86_64-linux-gnu/ld-2.23.so
7f107b125000-7f107b127000 r-xp 00000000 00:00 0 
7f107b127000-7f107b12f000 rw-s 00000000 00:05 465896                     /drm mm object (deleted)
7f107b12f000-7f107b130000 rw-s 00000000 00:05 465890                     /memfd:xshmfence (deleted)
7f107b130000-7f107b131000 rw-s 00000000 00:05 465888                     /drm mm object (deleted)
7f107b131000-7f107b139000 rw-s 00000000 00:05 465886                     /drm mm object (deleted)
7f107b139000-7f107b1f4000 rw-p 00000000 00:00 0 
7f107b1f4000-7f107b1f9000 ---p 00000000 00:00 0 
7f107b1f9000-7f107b2fa000 rw-p 00000000 00:00 0 
7f107b2fa000-7f107b2fb000 r--p 00000000 08:05 3280744                    /usr/share/locale-langpack/en_GB/LC_MESSAGES/libc.mo
7f107b2fb000-7f107b302000 r--s 00000000 08:05 2762232                    /usr/lib/x86_64-linux-gnu/gconv/gconv-modules.cache
7f107b302000-7f107b308000 rw-p 00000000 00:00 0 
7f107b308000-7f107b30f000 ---p 00000000 00:00 0 
7f107b30f000-7f107b317000 rw-s 00000000 08:05 2899052                    /tmp/hsperfdata_mihai/20048
7f107b317000-7f107b318000 rw-p 00000000 00:00 0 
7f107b318000-7f107b319000 r--p 00000000 00:00 0 
7f107b319000-7f107b31a000 r--p 00025000 08:05 1573093                    /lib/x86_64-linux-gnu/ld-2.23.so
7f107b31a000-7f107b31b000 rw-p 00026000 08:05 1573093                    /lib/x86_64-linux-gnu/ld-2.23.so
7f107b31b000-7f107b31c000 rw-p 00000000 00:00 0 
7ffe3ed78000-7ffe3ed9a000 rw-p 00000000 00:00 0                          [stack]
7ffe3edc8000-7ffe3edcb000 r--p 00000000 00:00 0                          [vvar]
7ffe3edcb000-7ffe3edcd000 r-xp 00000000 00:00 0                          [vdso]
ffffffffff600000-ffffffffff601000 r-xp 00000000 00:00 0                  [vsyscall]

VM Arguments:
jvm_args: -javaagent:/home/mihai/Programs/idea-IC-173.3727.127/lib/idea_rt.jar=42065:/home/mihai/Programs/idea-IC-173.3727.127/bin -Dfile.encoding=UTF-8 
java_command: game.Main
java_class_path (initial): /home/mihai/Documents/Source/Java/TeamProject-SabreWulf/sabrewulf/out/production/sabrewulf:/home/mihai/Downloads/lwjgl-release-3.1.5-custom/lwjgl.jar:/home/mihai/Downloads/lwjgl-release-3.1.5-custom/lwjgl-stb.jar:/home/mihai/Downloads/lwjgl-release-3.1.5-custom/lwjgl-glfw.jar:/home/mihai/Downloads/lwjgl-release-3.1.5-custom/lwjgl-assimp.jar:/home/mihai/Downloads/lwjgl-release-3.1.5-custom/lwjgl-nanovg.jar:/home/mihai/Downloads/lwjgl-release-3.1.5-custom/lwjgl-openal.jar:/home/mihai/Downloads/lwjgl-release-3.1.5-custom/lwjgl-opengl.jar:/home/mihai/Downloads/lwjgl-release-3.1.5-custom/lwjgl-javadoc.jar:/home/mihai/Downloads/lwjgl-release-3.1.5-custom/lwjgl-sources.jar:/home/mihai/Downloads/lwjgl-release-3.1.5-custom/lwjgl-stb-javadoc.jar:/home/mihai/Downloads/lwjgl-release-3.1.5-custom/lwjgl-stb-sources.jar:/home/mihai/Downloads/lwjgl-release-3.1.5-custom/lwjgl-glfw-javadoc.jar:/home/mihai/Downloads/lwjgl-release-3.1.5-custom/lwjgl-glfw-sources.jar:/home/mihai/Downloads/lwjgl-release-3.1.5-custom/lwjgl-natives-linux.jar:/home/mihai/Downloads/lwjgl-release-3.1.5-custom/lwjgl-natives-macos.jar:/home/mihai/Downloads/lwjgl-release-3.1.5-custom/lwjgl-assimp-javadoc.jar:/home/mihai/Downloads/lwjgl-release-3.1.5-custom/lwjgl-assimp-sources.jar:/home/mihai/Downloads/lwjgl-release-3.1.5-custom/lwjgl-nanovg-javadoc.jar:/home/mihai/Downloads/lwjgl-release-3.1.5-custom/lwjgl-nanovg-sources.jar:/home/mihai/Downloads/lwjgl-release-3.1.5-custom/lwjgl-openal-javadoc.jar:/home/mihai/Downloads/lwjgl-release-3.1.5-custom/lwjgl-openal-sources.jar:/home/mihai/Downloads/lwjgl-release-3.1.5-custom/lwjgl-opengl-javadoc.jar:/home/mihai/Downloads/lwjgl-release-3.1.5-custom/lwjgl-opengl-sources.jar:/home/mihai/Downloads/lwjgl-release-3.1.5-custom/lwjgl-natives-windows.jar:/home/mihai/Downloads/lwjgl-release-3.1.5-custom/lwjgl-stb-natives-linux.jar:/home/mihai/Downloads/lwjgl-release-3.1.5-custom/lwjgl-stb-natives-macos.jar:/home/mihai/Downloads/lwjgl-release-3.1.5-c
Launcher Type: SUN_STANDARD

Logging:
Log output configuration:
#0: stdout all=warning uptime,level,tags
#1: stderr all=off uptime,level,tags

Environment Variables:
PATH=/home/mihai/bin:/home/mihai/.local/bin:/usr/local/sbin:/usr/local/bin:/usr/sbin:/usr/bin:/sbin:/bin:/usr/games:/usr/local/games:/snap/bin
SHELL=/bin/bash
DISPLAY=:0

Signal Handlers:
SIGSEGV: [libjvm.so+0xd4d370], sa_mask[0]=11111111011111111101111111111110, sa_flags=SA_RESTART|SA_SIGINFO
SIGBUS: [libjvm.so+0xd4d370], sa_mask[0]=11111111011111111101111111111110, sa_flags=SA_RESTART|SA_SIGINFO
SIGFPE: [libjvm.so+0xd4d370], sa_mask[0]=11111111011111111101111111111110, sa_flags=SA_RESTART|SA_SIGINFO
SIGPIPE: [libjvm.so+0xb64780], sa_mask[0]=11111111011111111101111111111110, sa_flags=SA_RESTART|SA_SIGINFO
SIGXFSZ: [libjvm.so+0xb64780], sa_mask[0]=11111111011111111101111111111110, sa_flags=SA_RESTART|SA_SIGINFO
SIGILL: [libjvm.so+0xd4d370], sa_mask[0]=11111111011111111101111111111110, sa_flags=SA_RESTART|SA_SIGINFO
SIGUSR2: [libjvm.so+0xb64640], sa_mask[0]=00100000000000000000000000000000, sa_flags=SA_RESTART|SA_SIGINFO
SIGHUP: [libjvm.so+0xb64850], sa_mask[0]=11111111011111111101111111111110, sa_flags=SA_RESTART|SA_SIGINFO
SIGINT: [libjvm.so+0xb64850], sa_mask[0]=11111111011111111101111111111110, sa_flags=SA_RESTART|SA_SIGINFO
SIGTERM: [libjvm.so+0xb64850], sa_mask[0]=11111111011111111101111111111110, sa_flags=SA_RESTART|SA_SIGINFO
SIGQUIT: [libjvm.so+0xb64850], sa_mask[0]=11111111011111111101111111111110, sa_flags=SA_RESTART|SA_SIGINFO


---------------  S Y S T E M  ---------------

OS:DISTRIB_ID=Ubuntu
DISTRIB_RELEASE=16.04
DISTRIB_CODENAME=xenial
DISTRIB_DESCRIPTION="Ubuntu 16.04.3 LTS"
uname:Linux 4.13.0-32-generic #35~16.04.1-Ubuntu SMP Thu Jan 25 10:13:43 UTC 2018 x86_64
libc:glibc 2.23 NPTL 2.23 
rlimit: STACK 8192k, CORE 0k, NPROC 45200, NOFILE 1048576, AS infinity
load average:0.49 1.09 1.09

/proc/meminfo:
MemTotal:       11715420 kB
MemFree:          522628 kB
MemAvailable:    6585960 kB
Buffers:          318128 kB
Cached:          6195868 kB
SwapCached:            0 kB
Active:          4863556 kB
Inactive:        4674052 kB
Active(anon):    2797740 kB
Inactive(anon):   683356 kB
Active(file):    2065816 kB
Inactive(file):  3990696 kB
Unevictable:        1860 kB
Mlocked:            1860 kB
SwapTotal:      11992572 kB
SwapFree:       11992572 kB
Dirty:             33248 kB
Writeback:             0 kB
AnonPages:       3025780 kB
Mapped:          1755084 kB
Shmem:            686340 kB
Slab:             462700 kB
SReclaimable:     332452 kB
SUnreclaim:       130248 kB
KernelStack:       14260 kB
PageTables:        58940 kB
NFS_Unstable:          0 kB
Bounce:                0 kB
WritebackTmp:          0 kB
CommitLimit:    17850280 kB
Committed_AS:   11237540 kB
VmallocTotal:   34359738367 kB
VmallocUsed:           0 kB
VmallocChunk:          0 kB
HardwareCorrupted:     0 kB
AnonHugePages:         0 kB
ShmemHugePages:        0 kB
ShmemPmdMapped:        0 kB
CmaTotal:              0 kB
CmaFree:               0 kB
HugePages_Total:       0
HugePages_Free:        0
HugePages_Rsvd:        0
HugePages_Surp:        0
Hugepagesize:       2048 kB
DirectMap4k:      362180 kB
DirectMap2M:    10582016 kB
DirectMap1G:     1048576 kB


CPU:total 4 (initial active 4) (2 cores per cpu, 2 threads per core) family 6 model 78 stepping 3, cmov, cx8, fxsr, mmx, sse, sse2, sse3, ssse3, sse4.1, sse4.2, popcnt, avx, avx2, aes, clmul, erms, 3dnowpref, lzcnt, ht, tsc, tscinvbit, bmi1, bmi2, adx, fma
CPU Model and flags from /proc/cpuinfo:
model name	: Intel(R) Core(TM) i7-6500U CPU @ 2.50GHz
flags		: fpu vme de pse tsc msr pae mce cx8 apic sep mtrr pge mca cmov pat pse36 clflush dts acpi mmx fxsr sse sse2 ss ht tm pbe syscall nx pdpe1gb rdtscp lm constant_tsc art arch_perfmon pebs bts rep_good nopl xtopology nonstop_tsc cpuid aperfmperf tsc_known_freq pni pclmulqdq dtes64 monitor ds_cpl vmx est tm2 ssse3 sdbg fma cx16 xtpr pdcm pcid sse4_1 sse4_2 x2apic movbe popcnt tsc_deadline_timer aes xsave avx f16c rdrand lahf_lm abm 3dnowprefetch cpuid_fault epb invpcid_single pti intel_pt tpr_shadow vnmi flexpriority ept vpid fsgsbase tsc_adjust bmi1 avx2 smep bmi2 erms invpcid mpx rdseed adx smap clflushopt xsaveopt xsavec xgetbv1 xsaves dtherm ida arat pln pts hwp hwp_notify hwp_act_window hwp_epp

Memory: 4k page, physical 11715420k(522628k free), swap 11992572k(11992572k free)

vm_info: Java HotSpot(TM) 64-Bit Server VM (9.0.4+11) for linux-amd64 JRE (9.0.4+11), built on Dec 19 2017 18:12:19 by "mach5one" with gcc 4.9.2

END.
