#
# A fatal error has been detected by the Java Runtime Environment:
#
#  SIGSEGV (0xb) at pc=0x00007facedc396ec, pid=19509, tid=19511
#
# JRE version: Java(TM) SE Runtime Environment (9.0+11) (build 9.0.4+11)
# Java VM: Java HotSpot(TM) 64-Bit Server VM (9.0.4+11, mixed mode, tiered, compressed oops, g1 gc, linux-amd64)
# Problematic frame:
# C  [liblwjgl_opengl.so+0x446ec]  Java_org_lwjgl_opengl_GL30_nglGenVertexArrays__IJ+0xc
#
# Core dump will be written. Default location: Core dumps may be processed with "/usr/share/apport/apport %p %s %c %d %P" (or dumping to /home/mihai/Documents/Source/Java/TeamProject-SabreWulf/sabrewulf/core.19509)
#
# If you would like to submit a bug report, please visit:
#   http://bugreport.java.com/bugreport/crash.jsp
# The crash happened outside the Java Virtual Machine in native code.
# See problematic frame for where to report the bug.
#

---------------  S U M M A R Y ------------

Command Line: -javaagent:/home/mihai/Programs/idea-IC-173.3727.127/lib/idea_rt.jar=37483:/home/mihai/Programs/idea-IC-173.3727.127/bin -Dfile.encoding=UTF-8 game.Main

Host: Intel(R) Core(TM) i7-6500U CPU @ 2.50GHz, 4 cores, 11G, Ubuntu 16.04.3 LTS
Time: Thu Feb  8 16:52:29 2018 GMT elapsed time: 0 seconds (0d 0h 0m 0s)

---------------  T H R E A D  ---------------

Current thread (0x00007fad78014800):  JavaThread "main" [_thread_in_native, id=19511, stack(0x00007fad7e4b8000,0x00007fad7e5b8000)]

Stack: [0x00007fad7e4b8000,0x00007fad7e5b8000],  sp=0x00007fad7e5b66c8,  free space=1017k
Native frames: (J=compiled Java code, A=aot compiled Java code, j=interpreted, Vv=VM code, C=native code)
C  [liblwjgl_opengl.so+0x446ec]  Java_org_lwjgl_opengl_GL30_nglGenVertexArrays__IJ+0xc
j  org.lwjgl.opengl.GL30.glGenVertexArrays()I+20
j  engine.graphics.VertexArray.<init>()V+5
j  engine.graphics.renderer.Renderer2D.<init>()V+30
j  engine.scene.Scene.<init>(I)V+14
j  game.MenuState.<init>(Lgame/Main;)V+15
j  game.Main.<init>()V+18
j  game.Main.main([Ljava/lang/String;)V+4
v  ~StubRoutines::call_stub
V  [libjvm.so+0x83d60a]  JavaCalls::call_helper(JavaValue*, methodHandle const&, JavaCallArguments*, Thread*)+0x47a
V  [libjvm.so+0x89a67f]  jni_invoke_static(JNIEnv_*, JavaValue*, _jobject*, JNICallType, _jmethodID*, JNI_ArgumentPusher*, Thread*) [clone .isra.90]+0x21f
V  [libjvm.so+0x8ab5ce]  jni_CallStaticVoidMethod+0x14e
C  [libjli.so+0x4397]  JavaMain+0xa17
C  [libpthread.so.0+0x76ba]  start_thread+0xca

Java frames: (J=compiled Java code, j=interpreted, Vv=VM code)
j  org.lwjgl.opengl.GL30.nglGenVertexArrays(IJ)V+0
j  org.lwjgl.opengl.GL30.glGenVertexArrays()I+20
j  engine.graphics.VertexArray.<init>()V+5
j  engine.graphics.renderer.Renderer2D.<init>()V+30
j  engine.scene.Scene.<init>(I)V+14
j  game.MenuState.<init>(Lgame/Main;)V+15
j  game.Main.<init>()V+18
j  game.Main.main([Ljava/lang/String;)V+4
v  ~StubRoutines::call_stub

siginfo: si_signo: 11 (SIGSEGV), si_code: 1 (SEGV_MAPERR), si_addr: 0x0000000000000f70

Register to memory mapping:

RAX=0x0000000000000000 is an unknown value
RBX={method} {0x00007fad4da97330} 'nglGenVertexArrays' '(IJ)V' in 'org/lwjgl/opengl/GL30'
RCX=0x00007fad785172ac is an unknown value
RDX=0x0000000000000001 is an unknown value
RSP=0x00007fad7e5b66c8 is pointing into the stack for thread: 0x00007fad78014800
RBP=0x00007fad7e5b6738 is pointing into the stack for thread: 0x00007fad78014800
RSI=0x00007fad785172ac is an unknown value
RDI=0x0000000000000001 is an unknown value
R8 ={method} {0x00007fad4da97330} 'nglGenVertexArrays' '(IJ)V' in 'org/lwjgl/opengl/GL30'
R9 =0x0000000000000008 is an unknown value
R10=0x00007fad5c69bd89 is at code_begin+873 in an Interpreter codelet
method entry point (kind = native)  [0x00007fad5c69ba20, 0x00007fad5c69c460]  2624 bytes
R11=0x0000000717dcd108 is an oop
java.lang.Class 
{0x0000000717dcd108} - klass: 'java/lang/Class'
R12=0x0000000000000000 is an unknown value
R13={method} {0x00007fad4da97330} 'nglGenVertexArrays' '(IJ)V' in 'org/lwjgl/opengl/GL30'
R14=0x00007fad7e5b6768 is pointing into the stack for thread: 0x00007fad78014800
R15=0x00007fad78014800 is a thread


Registers:
RAX=0x0000000000000000, RBX=0x00007fad4da97330, RCX=0x00007fad785172ac, RDX=0x0000000000000001
RSP=0x00007fad7e5b66c8, RBP=0x00007fad7e5b6738, RSI=0x00007fad785172ac, RDI=0x0000000000000001
R8 =0x00007fad4da97330, R9 =0x0000000000000008, R10=0x00007fad5c69bd89, R11=0x0000000717dcd108
R12=0x0000000000000000, R13=0x00007fad4da97330, R14=0x00007fad7e5b6768, R15=0x00007fad78014800
RIP=0x00007facedc396ec, EFLAGS=0x0000000000010287, CSGSFS=0x002b000000000033, ERR=0x0000000000000004
  TRAPNO=0x000000000000000e

Top of Stack: (sp=0x00007fad7e5b66c8)
0x00007fad7e5b66c8:   00007fad5c69bdb5 00007fad7e5b6738
0x00007fad7e5b66d8:   00007fad5c69bb0a 00007fad7e5b66f8
0x00007fad7e5b66e8:   00007fad5c69bad3 00007fad7e5b66f0
0x00007fad7e5b66f8:   00007fad4da97330 00007fad7e5b6768 

Instructions: (pc=0x00007facedc396ec)
0x00007facedc396cc:   78 1c 00 00 ff e0 66 66 66 66 66 2e 0f 1f 84 00
0x00007facedc396dc:   00 00 00 00 48 8b 07 48 89 ce 89 d7 48 8b 40 18
0x00007facedc396ec:   48 8b 80 70 0f 00 00 ff e0 66 66 2e 0f 1f 84 00
0x00007facedc396fc:   00 00 00 00 48 8b 07 48 89 ce 89 d7 48 8b 40 18 


---------------  P R O C E S S  ---------------

Java Threads: ( => current thread )
  0x00007fad78455000 JavaThread "Service Thread" daemon [_thread_blocked, id=19555, stack(0x00007fad4c0d8000,0x00007fad4c1d9000)]
  0x00007fad78453800 JavaThread "Monitor Ctrl-Break" daemon [_thread_in_native, id=19554, stack(0x00007fad4c1d9000,0x00007fad4c2da000)]
  0x00007fad7820d800 JavaThread "Common-Cleaner" daemon [_thread_blocked, id=19551, stack(0x00007fad4c2da000,0x00007fad4c3db000)]
  0x00007fad781d0800 JavaThread "Sweeper thread" daemon [_thread_blocked, id=19550, stack(0x00007fad4c803000,0x00007fad4c904000)]
  0x00007fad781ce800 JavaThread "C1 CompilerThread2" daemon [_thread_blocked, id=19549, stack(0x00007fad4c904000,0x00007fad4ca05000)]
  0x00007fad781cc800 JavaThread "C2 CompilerThread1" daemon [_thread_blocked, id=19548, stack(0x00007fad4ca05000,0x00007fad4cb06000)]
  0x00007fad781ca800 JavaThread "C2 CompilerThread0" daemon [_thread_blocked, id=19547, stack(0x00007fad4cb06000,0x00007fad4cc07000)]
  0x00007fad781c9000 JavaThread "Signal Dispatcher" daemon [_thread_blocked, id=19546, stack(0x00007fad4cc07000,0x00007fad4cd08000)]
  0x00007fad781ae000 JavaThread "Finalizer" daemon [_thread_blocked, id=19543, stack(0x00007fad4cfe0000,0x00007fad4d0e1000)]
  0x00007fad781a5800 JavaThread "Reference Handler" daemon [_thread_blocked, id=19541, stack(0x00007fad4d0e1000,0x00007fad4d1e2000)]
=>0x00007fad78014800 JavaThread "main" [_thread_in_native, id=19511, stack(0x00007fad7e4b8000,0x00007fad7e5b8000)]

Other Threads:
  0x00007fad7819c000 VMThread "VM Thread" [stack: 0x00007fad4d1e3000,0x00007fad4d2e3000] [id=19539]
  0x00007fad7845b800 WatcherThread [stack: 0x00007fad2c590000,0x00007fad2c690000] [id=19556]
  0x00007fad7802b800 GCTaskThread "GC Thread#0" [stack: 0x00007fad5c498000,0x00007fad5c598000] [id=19523]
  0x00007fad7802d000 GCTaskThread "GC Thread#1" [stack: 0x00007fad5c397000,0x00007fad5c497000] [id=19524]
  0x00007fad7802f000 GCTaskThread "GC Thread#2" [stack: 0x00007fad5c296000,0x00007fad5c396000] [id=19525]
  0x00007fad78030800 GCTaskThread "GC Thread#3" [stack: 0x00007fad5c195000,0x00007fad5c295000] [id=19527]
  0x00007fad7806d800 ConcurrentGCThread "G1 Main Marker" [stack: 0x00007fad4dfe9000,0x00007fad4e0e9000] [id=19535]
  0x00007fad7806f800 ConcurrentGCThread "G1 Marker#0" [stack: 0x00007fad4dee8000,0x00007fad4dfe8000] [id=19536]
  0x00007fad78038000 ConcurrentGCThread "G1 Refine#0" [stack: 0x00007fad4f8fa000,0x00007fad4f9fa000] [id=19533]
  0x00007fad78036000 ConcurrentGCThread "G1 Refine#1" [stack: 0x00007fad4f9fb000,0x00007fad4fafb000] [id=19531]
  0x00007fad78034800 ConcurrentGCThread "G1 Refine#2" [stack: 0x00007fad4fafc000,0x00007fad4fbfc000] [id=19530]
  0x00007fad78032800 ConcurrentGCThread "G1 Refine#3" [stack: 0x00007fad4fbfd000,0x00007fad4fcfd000] [id=19529]
  0x00007fad78039800 ConcurrentGCThread "G1 Young RemSet Sampling" [stack: 0x00007fad4f7f9000,0x00007fad4f8f9000] [id=19534]

Threads with active compile tasks:

VM state:not at safepoint (normal execution)

VM Mutex/Monitor currently owned by a thread: None

Heap address: 0x000000070d200000, size: 2862 MB, Compressed Oops mode: Zero based, Oop shift amount: 3
Narrow klass base: 0x0000000000000000, Narrow klass shift: 3
Compressed class space size: 1073741824 Address: 0x00000007c0000000

Heap:
 garbage-first heap   total 184320K, used 9216K [0x000000070d200000, 0x000000070d3005a0, 0x00000007c0000000)
  region size 1024K, 10 young (10240K), 0 survivors (0K)
 Metaspace       used 8603K, capacity 8838K, committed 9088K, reserved 1056768K
  class space    used 737K, capacity 801K, committed 896K, reserved 1048576K
Heap Regions: E=young(eden), S=young(survivor), O=old, HS=humongous(starts), HC=humongous(continues), CS=collection set, F=free, A=archive, TS=gc time stamp, AC=allocation context, TAMS=top-at-mark-start (previous, next)
|   0|0x000000070d200000, 0x000000070d200000, 0x000000070d300000|  0%| F|  |TS  0|AC  0|TAMS 0x000000070d200000, 0x000000070d200000|
|   1|0x000000070d300000, 0x000000070d300000, 0x000000070d400000|  0%| F|  |TS  0|AC  0|TAMS 0x000000070d300000, 0x000000070d300000|
|   2|0x000000070d400000, 0x000000070d400000, 0x000000070d500000|  0%| F|  |TS  0|AC  0|TAMS 0x000000070d400000, 0x000000070d400000|
|   3|0x000000070d500000, 0x000000070d500000, 0x000000070d600000|  0%| F|  |TS  0|AC  0|TAMS 0x000000070d500000, 0x000000070d500000|
|   4|0x000000070d600000, 0x000000070d600000, 0x000000070d700000|  0%| F|  |TS  0|AC  0|TAMS 0x000000070d600000, 0x000000070d600000|
|   5|0x000000070d700000, 0x000000070d700000, 0x000000070d800000|  0%| F|  |TS  0|AC  0|TAMS 0x000000070d700000, 0x000000070d700000|
|   6|0x000000070d800000, 0x000000070d800000, 0x000000070d900000|  0%| F|  |TS  0|AC  0|TAMS 0x000000070d800000, 0x000000070d800000|
|   7|0x000000070d900000, 0x000000070d900000, 0x000000070da00000|  0%| F|  |TS  0|AC  0|TAMS 0x000000070d900000, 0x000000070d900000|
|   8|0x000000070da00000, 0x000000070da00000, 0x000000070db00000|  0%| F|  |TS  0|AC  0|TAMS 0x000000070da00000, 0x000000070da00000|
|   9|0x000000070db00000, 0x000000070db00000, 0x000000070dc00000|  0%| F|  |TS  0|AC  0|TAMS 0x000000070db00000, 0x000000070db00000|
|  10|0x000000070dc00000, 0x000000070dc00000, 0x000000070dd00000|  0%| F|  |TS  0|AC  0|TAMS 0x000000070dc00000, 0x000000070dc00000|
|  11|0x000000070dd00000, 0x000000070dd00000, 0x000000070de00000|  0%| F|  |TS  0|AC  0|TAMS 0x000000070dd00000, 0x000000070dd00000|
|  12|0x000000070de00000, 0x000000070de00000, 0x000000070df00000|  0%| F|  |TS  0|AC  0|TAMS 0x000000070de00000, 0x000000070de00000|
|  13|0x000000070df00000, 0x000000070df00000, 0x000000070e000000|  0%| F|  |TS  0|AC  0|TAMS 0x000000070df00000, 0x000000070df00000|
|  14|0x000000070e000000, 0x000000070e000000, 0x000000070e100000|  0%| F|  |TS  0|AC  0|TAMS 0x000000070e000000, 0x000000070e000000|
|  15|0x000000070e100000, 0x000000070e100000, 0x000000070e200000|  0%| F|  |TS  0|AC  0|TAMS 0x000000070e100000, 0x000000070e100000|
|  16|0x000000070e200000, 0x000000070e200000, 0x000000070e300000|  0%| F|  |TS  0|AC  0|TAMS 0x000000070e200000, 0x000000070e200000|
|  17|0x000000070e300000, 0x000000070e300000, 0x000000070e400000|  0%| F|  |TS  0|AC  0|TAMS 0x000000070e300000, 0x000000070e300000|
|  18|0x000000070e400000, 0x000000070e400000, 0x000000070e500000|  0%| F|  |TS  0|AC  0|TAMS 0x000000070e400000, 0x000000070e400000|
|  19|0x000000070e500000, 0x000000070e500000, 0x000000070e600000|  0%| F|  |TS  0|AC  0|TAMS 0x000000070e500000, 0x000000070e500000|
|  20|0x000000070e600000, 0x000000070e600000, 0x000000070e700000|  0%| F|  |TS  0|AC  0|TAMS 0x000000070e600000, 0x000000070e600000|
|  21|0x000000070e700000, 0x000000070e700000, 0x000000070e800000|  0%| F|  |TS  0|AC  0|TAMS 0x000000070e700000, 0x000000070e700000|
|  22|0x000000070e800000, 0x000000070e800000, 0x000000070e900000|  0%| F|  |TS  0|AC  0|TAMS 0x000000070e800000, 0x000000070e800000|
|  23|0x000000070e900000, 0x000000070e900000, 0x000000070ea00000|  0%| F|  |TS  0|AC  0|TAMS 0x000000070e900000, 0x000000070e900000|
|  24|0x000000070ea00000, 0x000000070ea00000, 0x000000070eb00000|  0%| F|  |TS  0|AC  0|TAMS 0x000000070ea00000, 0x000000070ea00000|
|  25|0x000000070eb00000, 0x000000070eb00000, 0x000000070ec00000|  0%| F|  |TS  0|AC  0|TAMS 0x000000070eb00000, 0x000000070eb00000|
|  26|0x000000070ec00000, 0x000000070ec00000, 0x000000070ed00000|  0%| F|  |TS  0|AC  0|TAMS 0x000000070ec00000, 0x000000070ec00000|
|  27|0x000000070ed00000, 0x000000070ed00000, 0x000000070ee00000|  0%| F|  |TS  0|AC  0|TAMS 0x000000070ed00000, 0x000000070ed00000|
|  28|0x000000070ee00000, 0x000000070ee00000, 0x000000070ef00000|  0%| F|  |TS  0|AC  0|TAMS 0x000000070ee00000, 0x000000070ee00000|
|  29|0x000000070ef00000, 0x000000070ef00000, 0x000000070f000000|  0%| F|  |TS  0|AC  0|TAMS 0x000000070ef00000, 0x000000070ef00000|
|  30|0x000000070f000000, 0x000000070f000000, 0x000000070f100000|  0%| F|  |TS  0|AC  0|TAMS 0x000000070f000000, 0x000000070f000000|
|  31|0x000000070f100000, 0x000000070f100000, 0x000000070f200000|  0%| F|  |TS  0|AC  0|TAMS 0x000000070f100000, 0x000000070f100000|
|  32|0x000000070f200000, 0x000000070f200000, 0x000000070f300000|  0%| F|  |TS  0|AC  0|TAMS 0x000000070f200000, 0x000000070f200000|
|  33|0x000000070f300000, 0x000000070f300000, 0x000000070f400000|  0%| F|  |TS  0|AC  0|TAMS 0x000000070f300000, 0x000000070f300000|
|  34|0x000000070f400000, 0x000000070f400000, 0x000000070f500000|  0%| F|  |TS  0|AC  0|TAMS 0x000000070f400000, 0x000000070f400000|
|  35|0x000000070f500000, 0x000000070f500000, 0x000000070f600000|  0%| F|  |TS  0|AC  0|TAMS 0x000000070f500000, 0x000000070f500000|
|  36|0x000000070f600000, 0x000000070f600000, 0x000000070f700000|  0%| F|  |TS  0|AC  0|TAMS 0x000000070f600000, 0x000000070f600000|
|  37|0x000000070f700000, 0x000000070f700000, 0x000000070f800000|  0%| F|  |TS  0|AC  0|TAMS 0x000000070f700000, 0x000000070f700000|
|  38|0x000000070f800000, 0x000000070f800000, 0x000000070f900000|  0%| F|  |TS  0|AC  0|TAMS 0x000000070f800000, 0x000000070f800000|
|  39|0x000000070f900000, 0x000000070f900000, 0x000000070fa00000|  0%| F|  |TS  0|AC  0|TAMS 0x000000070f900000, 0x000000070f900000|
|  40|0x000000070fa00000, 0x000000070fa00000, 0x000000070fb00000|  0%| F|  |TS  0|AC  0|TAMS 0x000000070fa00000, 0x000000070fa00000|
|  41|0x000000070fb00000, 0x000000070fb00000, 0x000000070fc00000|  0%| F|  |TS  0|AC  0|TAMS 0x000000070fb00000, 0x000000070fb00000|
|  42|0x000000070fc00000, 0x000000070fc00000, 0x000000070fd00000|  0%| F|  |TS  0|AC  0|TAMS 0x000000070fc00000, 0x000000070fc00000|
|  43|0x000000070fd00000, 0x000000070fd00000, 0x000000070fe00000|  0%| F|  |TS  0|AC  0|TAMS 0x000000070fd00000, 0x000000070fd00000|
|  44|0x000000070fe00000, 0x000000070fe00000, 0x000000070ff00000|  0%| F|  |TS  0|AC  0|TAMS 0x000000070fe00000, 0x000000070fe00000|
|  45|0x000000070ff00000, 0x000000070ff00000, 0x0000000710000000|  0%| F|  |TS  0|AC  0|TAMS 0x000000070ff00000, 0x000000070ff00000|
|  46|0x0000000710000000, 0x0000000710000000, 0x0000000710100000|  0%| F|  |TS  0|AC  0|TAMS 0x0000000710000000, 0x0000000710000000|
|  47|0x0000000710100000, 0x0000000710100000, 0x0000000710200000|  0%| F|  |TS  0|AC  0|TAMS 0x0000000710100000, 0x0000000710100000|
|  48|0x0000000710200000, 0x0000000710200000, 0x0000000710300000|  0%| F|  |TS  0|AC  0|TAMS 0x0000000710200000, 0x0000000710200000|
|  49|0x0000000710300000, 0x0000000710300000, 0x0000000710400000|  0%| F|  |TS  0|AC  0|TAMS 0x0000000710300000, 0x0000000710300000|
|  50|0x0000000710400000, 0x0000000710400000, 0x0000000710500000|  0%| F|  |TS  0|AC  0|TAMS 0x0000000710400000, 0x0000000710400000|
|  51|0x0000000710500000, 0x0000000710500000, 0x0000000710600000|  0%| F|  |TS  0|AC  0|TAMS 0x0000000710500000, 0x0000000710500000|
|  52|0x0000000710600000, 0x0000000710600000, 0x0000000710700000|  0%| F|  |TS  0|AC  0|TAMS 0x0000000710600000, 0x0000000710600000|
|  53|0x0000000710700000, 0x0000000710700000, 0x0000000710800000|  0%| F|  |TS  0|AC  0|TAMS 0x0000000710700000, 0x0000000710700000|
|  54|0x0000000710800000, 0x0000000710800000, 0x0000000710900000|  0%| F|  |TS  0|AC  0|TAMS 0x0000000710800000, 0x0000000710800000|
|  55|0x0000000710900000, 0x0000000710900000, 0x0000000710a00000|  0%| F|  |TS  0|AC  0|TAMS 0x0000000710900000, 0x0000000710900000|
|  56|0x0000000710a00000, 0x0000000710a00000, 0x0000000710b00000|  0%| F|  |TS  0|AC  0|TAMS 0x0000000710a00000, 0x0000000710a00000|
|  57|0x0000000710b00000, 0x0000000710b00000, 0x0000000710c00000|  0%| F|  |TS  0|AC  0|TAMS 0x0000000710b00000, 0x0000000710b00000|
|  58|0x0000000710c00000, 0x0000000710c00000, 0x0000000710d00000|  0%| F|  |TS  0|AC  0|TAMS 0x0000000710c00000, 0x0000000710c00000|
|  59|0x0000000710d00000, 0x0000000710d00000, 0x0000000710e00000|  0%| F|  |TS  0|AC  0|TAMS 0x0000000710d00000, 0x0000000710d00000|
|  60|0x0000000710e00000, 0x0000000710e00000, 0x0000000710f00000|  0%| F|  |TS  0|AC  0|TAMS 0x0000000710e00000, 0x0000000710e00000|
|  61|0x0000000710f00000, 0x0000000710f00000, 0x0000000711000000|  0%| F|  |TS  0|AC  0|TAMS 0x0000000710f00000, 0x0000000710f00000|
|  62|0x0000000711000000, 0x0000000711000000, 0x0000000711100000|  0%| F|  |TS  0|AC  0|TAMS 0x0000000711000000, 0x0000000711000000|
|  63|0x0000000711100000, 0x0000000711100000, 0x0000000711200000|  0%| F|  |TS  0|AC  0|TAMS 0x0000000711100000, 0x0000000711100000|
|  64|0x0000000711200000, 0x0000000711200000, 0x0000000711300000|  0%| F|  |TS  0|AC  0|TAMS 0x0000000711200000, 0x0000000711200000|
|  65|0x0000000711300000, 0x0000000711300000, 0x0000000711400000|  0%| F|  |TS  0|AC  0|TAMS 0x0000000711300000, 0x0000000711300000|
|  66|0x0000000711400000, 0x0000000711400000, 0x0000000711500000|  0%| F|  |TS  0|AC  0|TAMS 0x0000000711400000, 0x0000000711400000|
|  67|0x0000000711500000, 0x0000000711500000, 0x0000000711600000|  0%| F|  |TS  0|AC  0|TAMS 0x0000000711500000, 0x0000000711500000|
|  68|0x0000000711600000, 0x0000000711600000, 0x0000000711700000|  0%| F|  |TS  0|AC  0|TAMS 0x0000000711600000, 0x0000000711600000|
|  69|0x0000000711700000, 0x0000000711700000, 0x0000000711800000|  0%| F|  |TS  0|AC  0|TAMS 0x0000000711700000, 0x0000000711700000|
|  70|0x0000000711800000, 0x0000000711800000, 0x0000000711900000|  0%| F|  |TS  0|AC  0|TAMS 0x0000000711800000, 0x0000000711800000|
|  71|0x0000000711900000, 0x0000000711900000, 0x0000000711a00000|  0%| F|  |TS  0|AC  0|TAMS 0x0000000711900000, 0x0000000711900000|
|  72|0x0000000711a00000, 0x0000000711a00000, 0x0000000711b00000|  0%| F|  |TS  0|AC  0|TAMS 0x0000000711a00000, 0x0000000711a00000|
|  73|0x0000000711b00000, 0x0000000711b00000, 0x0000000711c00000|  0%| F|  |TS  0|AC  0|TAMS 0x0000000711b00000, 0x0000000711b00000|
|  74|0x0000000711c00000, 0x0000000711c00000, 0x0000000711d00000|  0%| F|  |TS  0|AC  0|TAMS 0x0000000711c00000, 0x0000000711c00000|
|  75|0x0000000711d00000, 0x0000000711d00000, 0x0000000711e00000|  0%| F|  |TS  0|AC  0|TAMS 0x0000000711d00000, 0x0000000711d00000|
|  76|0x0000000711e00000, 0x0000000711e00000, 0x0000000711f00000|  0%| F|  |TS  0|AC  0|TAMS 0x0000000711e00000, 0x0000000711e00000|
|  77|0x0000000711f00000, 0x0000000711f00000, 0x0000000712000000|  0%| F|  |TS  0|AC  0|TAMS 0x0000000711f00000, 0x0000000711f00000|
|  78|0x0000000712000000, 0x0000000712000000, 0x0000000712100000|  0%| F|  |TS  0|AC  0|TAMS 0x0000000712000000, 0x0000000712000000|
|  79|0x0000000712100000, 0x0000000712100000, 0x0000000712200000|  0%| F|  |TS  0|AC  0|TAMS 0x0000000712100000, 0x0000000712100000|
|  80|0x0000000712200000, 0x0000000712200000, 0x0000000712300000|  0%| F|  |TS  0|AC  0|TAMS 0x0000000712200000, 0x0000000712200000|
|  81|0x0000000712300000, 0x0000000712300000, 0x0000000712400000|  0%| F|  |TS  0|AC  0|TAMS 0x0000000712300000, 0x0000000712300000|
|  82|0x0000000712400000, 0x0000000712400000, 0x0000000712500000|  0%| F|  |TS  0|AC  0|TAMS 0x0000000712400000, 0x0000000712400000|
|  83|0x0000000712500000, 0x0000000712500000, 0x0000000712600000|  0%| F|  |TS  0|AC  0|TAMS 0x0000000712500000, 0x0000000712500000|
|  84|0x0000000712600000, 0x0000000712600000, 0x0000000712700000|  0%| F|  |TS  0|AC  0|TAMS 0x0000000712600000, 0x0000000712600000|
|  85|0x0000000712700000, 0x0000000712700000, 0x0000000712800000|  0%| F|  |TS  0|AC  0|TAMS 0x0000000712700000, 0x0000000712700000|
|  86|0x0000000712800000, 0x0000000712800000, 0x0000000712900000|  0%| F|  |TS  0|AC  0|TAMS 0x0000000712800000, 0x0000000712800000|
|  87|0x0000000712900000, 0x0000000712900000, 0x0000000712a00000|  0%| F|  |TS  0|AC  0|TAMS 0x0000000712900000, 0x0000000712900000|
|  88|0x0000000712a00000, 0x0000000712a00000, 0x0000000712b00000|  0%| F|  |TS  0|AC  0|TAMS 0x0000000712a00000, 0x0000000712a00000|
|  89|0x0000000712b00000, 0x0000000712b00000, 0x0000000712c00000|  0%| F|  |TS  0|AC  0|TAMS 0x0000000712b00000, 0x0000000712b00000|
|  90|0x0000000712c00000, 0x0000000712c00000, 0x0000000712d00000|  0%| F|  |TS  0|AC  0|TAMS 0x0000000712c00000, 0x0000000712c00000|
|  91|0x0000000712d00000, 0x0000000712d00000, 0x0000000712e00000|  0%| F|  |TS  0|AC  0|TAMS 0x0000000712d00000, 0x0000000712d00000|
|  92|0x0000000712e00000, 0x0000000712e00000, 0x0000000712f00000|  0%| F|  |TS  0|AC  0|TAMS 0x0000000712e00000, 0x0000000712e00000|
|  93|0x0000000712f00000, 0x0000000712f00000, 0x0000000713000000|  0%| F|  |TS  0|AC  0|TAMS 0x0000000712f00000, 0x0000000712f00000|
|  94|0x0000000713000000, 0x0000000713000000, 0x0000000713100000|  0%| F|  |TS  0|AC  0|TAMS 0x0000000713000000, 0x0000000713000000|
|  95|0x0000000713100000, 0x0000000713100000, 0x0000000713200000|  0%| F|  |TS  0|AC  0|TAMS 0x0000000713100000, 0x0000000713100000|
|  96|0x0000000713200000, 0x0000000713200000, 0x0000000713300000|  0%| F|  |TS  0|AC  0|TAMS 0x0000000713200000, 0x0000000713200000|
|  97|0x0000000713300000, 0x0000000713300000, 0x0000000713400000|  0%| F|  |TS  0|AC  0|TAMS 0x0000000713300000, 0x0000000713300000|
|  98|0x0000000713400000, 0x0000000713400000, 0x0000000713500000|  0%| F|  |TS  0|AC  0|TAMS 0x0000000713400000, 0x0000000713400000|
|  99|0x0000000713500000, 0x0000000713500000, 0x0000000713600000|  0%| F|  |TS  0|AC  0|TAMS 0x0000000713500000, 0x0000000713500000|
| 100|0x0000000713600000, 0x0000000713600000, 0x0000000713700000|  0%| F|  |TS  0|AC  0|TAMS 0x0000000713600000, 0x0000000713600000|
| 101|0x0000000713700000, 0x0000000713700000, 0x0000000713800000|  0%| F|  |TS  0|AC  0|TAMS 0x0000000713700000, 0x0000000713700000|
| 102|0x0000000713800000, 0x0000000713800000, 0x0000000713900000|  0%| F|  |TS  0|AC  0|TAMS 0x0000000713800000, 0x0000000713800000|
| 103|0x0000000713900000, 0x0000000713900000, 0x0000000713a00000|  0%| F|  |TS  0|AC  0|TAMS 0x0000000713900000, 0x0000000713900000|
| 104|0x0000000713a00000, 0x0000000713a00000, 0x0000000713b00000|  0%| F|  |TS  0|AC  0|TAMS 0x0000000713a00000, 0x0000000713a00000|
| 105|0x0000000713b00000, 0x0000000713b00000, 0x0000000713c00000|  0%| F|  |TS  0|AC  0|TAMS 0x0000000713b00000, 0x0000000713b00000|
| 106|0x0000000713c00000, 0x0000000713c00000, 0x0000000713d00000|  0%| F|  |TS  0|AC  0|TAMS 0x0000000713c00000, 0x0000000713c00000|
| 107|0x0000000713d00000, 0x0000000713d00000, 0x0000000713e00000|  0%| F|  |TS  0|AC  0|TAMS 0x0000000713d00000, 0x0000000713d00000|
| 108|0x0000000713e00000, 0x0000000713e00000, 0x0000000713f00000|  0%| F|  |TS  0|AC  0|TAMS 0x0000000713e00000, 0x0000000713e00000|
| 109|0x0000000713f00000, 0x0000000713f00000, 0x0000000714000000|  0%| F|  |TS  0|AC  0|TAMS 0x0000000713f00000, 0x0000000713f00000|
| 110|0x0000000714000000, 0x0000000714000000, 0x0000000714100000|  0%| F|  |TS  0|AC  0|TAMS 0x0000000714000000, 0x0000000714000000|
| 111|0x0000000714100000, 0x0000000714100000, 0x0000000714200000|  0%| F|  |TS  0|AC  0|TAMS 0x0000000714100000, 0x0000000714100000|
| 112|0x0000000714200000, 0x0000000714200000, 0x0000000714300000|  0%| F|  |TS  0|AC  0|TAMS 0x0000000714200000, 0x0000000714200000|
| 113|0x0000000714300000, 0x0000000714300000, 0x0000000714400000|  0%| F|  |TS  0|AC  0|TAMS 0x0000000714300000, 0x0000000714300000|
| 114|0x0000000714400000, 0x0000000714400000, 0x0000000714500000|  0%| F|  |TS  0|AC  0|TAMS 0x0000000714400000, 0x0000000714400000|
| 115|0x0000000714500000, 0x0000000714500000, 0x0000000714600000|  0%| F|  |TS  0|AC  0|TAMS 0x0000000714500000, 0x0000000714500000|
| 116|0x0000000714600000, 0x0000000714600000, 0x0000000714700000|  0%| F|  |TS  0|AC  0|TAMS 0x0000000714600000, 0x0000000714600000|
| 117|0x0000000714700000, 0x0000000714700000, 0x0000000714800000|  0%| F|  |TS  0|AC  0|TAMS 0x0000000714700000, 0x0000000714700000|
| 118|0x0000000714800000, 0x0000000714800000, 0x0000000714900000|  0%| F|  |TS  0|AC  0|TAMS 0x0000000714800000, 0x0000000714800000|
| 119|0x0000000714900000, 0x0000000714900000, 0x0000000714a00000|  0%| F|  |TS  0|AC  0|TAMS 0x0000000714900000, 0x0000000714900000|
| 120|0x0000000714a00000, 0x0000000714a00000, 0x0000000714b00000|  0%| F|  |TS  0|AC  0|TAMS 0x0000000714a00000, 0x0000000714a00000|
| 121|0x0000000714b00000, 0x0000000714b00000, 0x0000000714c00000|  0%| F|  |TS  0|AC  0|TAMS 0x0000000714b00000, 0x0000000714b00000|
| 122|0x0000000714c00000, 0x0000000714c00000, 0x0000000714d00000|  0%| F|  |TS  0|AC  0|TAMS 0x0000000714c00000, 0x0000000714c00000|
| 123|0x0000000714d00000, 0x0000000714d00000, 0x0000000714e00000|  0%| F|  |TS  0|AC  0|TAMS 0x0000000714d00000, 0x0000000714d00000|
| 124|0x0000000714e00000, 0x0000000714e00000, 0x0000000714f00000|  0%| F|  |TS  0|AC  0|TAMS 0x0000000714e00000, 0x0000000714e00000|
| 125|0x0000000714f00000, 0x0000000714f00000, 0x0000000715000000|  0%| F|  |TS  0|AC  0|TAMS 0x0000000714f00000, 0x0000000714f00000|
| 126|0x0000000715000000, 0x0000000715000000, 0x0000000715100000|  0%| F|  |TS  0|AC  0|TAMS 0x0000000715000000, 0x0000000715000000|
| 127|0x0000000715100000, 0x0000000715100000, 0x0000000715200000|  0%| F|  |TS  0|AC  0|TAMS 0x0000000715100000, 0x0000000715100000|
| 128|0x0000000715200000, 0x0000000715200000, 0x0000000715300000|  0%| F|  |TS  0|AC  0|TAMS 0x0000000715200000, 0x0000000715200000|
| 129|0x0000000715300000, 0x0000000715300000, 0x0000000715400000|  0%| F|  |TS  0|AC  0|TAMS 0x0000000715300000, 0x0000000715300000|
| 130|0x0000000715400000, 0x0000000715400000, 0x0000000715500000|  0%| F|  |TS  0|AC  0|TAMS 0x0000000715400000, 0x0000000715400000|
| 131|0x0000000715500000, 0x0000000715500000, 0x0000000715600000|  0%| F|  |TS  0|AC  0|TAMS 0x0000000715500000, 0x0000000715500000|
| 132|0x0000000715600000, 0x0000000715600000, 0x0000000715700000|  0%| F|  |TS  0|AC  0|TAMS 0x0000000715600000, 0x0000000715600000|
| 133|0x0000000715700000, 0x0000000715700000, 0x0000000715800000|  0%| F|  |TS  0|AC  0|TAMS 0x0000000715700000, 0x0000000715700000|
| 134|0x0000000715800000, 0x0000000715800000, 0x0000000715900000|  0%| F|  |TS  0|AC  0|TAMS 0x0000000715800000, 0x0000000715800000|
| 135|0x0000000715900000, 0x0000000715900000, 0x0000000715a00000|  0%| F|  |TS  0|AC  0|TAMS 0x0000000715900000, 0x0000000715900000|
| 136|0x0000000715a00000, 0x0000000715a00000, 0x0000000715b00000|  0%| F|  |TS  0|AC  0|TAMS 0x0000000715a00000, 0x0000000715a00000|
| 137|0x0000000715b00000, 0x0000000715b00000, 0x0000000715c00000|  0%| F|  |TS  0|AC  0|TAMS 0x0000000715b00000, 0x0000000715b00000|
| 138|0x0000000715c00000, 0x0000000715c00000, 0x0000000715d00000|  0%| F|  |TS  0|AC  0|TAMS 0x0000000715c00000, 0x0000000715c00000|
| 139|0x0000000715d00000, 0x0000000715d00000, 0x0000000715e00000|  0%| F|  |TS  0|AC  0|TAMS 0x0000000715d00000, 0x0000000715d00000|
| 140|0x0000000715e00000, 0x0000000715e00000, 0x0000000715f00000|  0%| F|  |TS  0|AC  0|TAMS 0x0000000715e00000, 0x0000000715e00000|
| 141|0x0000000715f00000, 0x0000000715f00000, 0x0000000716000000|  0%| F|  |TS  0|AC  0|TAMS 0x0000000715f00000, 0x0000000715f00000|
| 142|0x0000000716000000, 0x0000000716000000, 0x0000000716100000|  0%| F|  |TS  0|AC  0|TAMS 0x0000000716000000, 0x0000000716000000|
| 143|0x0000000716100000, 0x0000000716100000, 0x0000000716200000|  0%| F|  |TS  0|AC  0|TAMS 0x0000000716100000, 0x0000000716100000|
| 144|0x0000000716200000, 0x0000000716200000, 0x0000000716300000|  0%| F|  |TS  0|AC  0|TAMS 0x0000000716200000, 0x0000000716200000|
| 145|0x0000000716300000, 0x0000000716300000, 0x0000000716400000|  0%| F|  |TS  0|AC  0|TAMS 0x0000000716300000, 0x0000000716300000|
| 146|0x0000000716400000, 0x0000000716400000, 0x0000000716500000|  0%| F|  |TS  0|AC  0|TAMS 0x0000000716400000, 0x0000000716400000|
| 147|0x0000000716500000, 0x0000000716500000, 0x0000000716600000|  0%| F|  |TS  0|AC  0|TAMS 0x0000000716500000, 0x0000000716500000|
| 148|0x0000000716600000, 0x0000000716600000, 0x0000000716700000|  0%| F|  |TS  0|AC  0|TAMS 0x0000000716600000, 0x0000000716600000|
| 149|0x0000000716700000, 0x0000000716700000, 0x0000000716800000|  0%| F|  |TS  0|AC  0|TAMS 0x0000000716700000, 0x0000000716700000|
| 150|0x0000000716800000, 0x0000000716800000, 0x0000000716900000|  0%| F|  |TS  0|AC  0|TAMS 0x0000000716800000, 0x0000000716800000|
| 151|0x0000000716900000, 0x0000000716900000, 0x0000000716a00000|  0%| F|  |TS  0|AC  0|TAMS 0x0000000716900000, 0x0000000716900000|
| 152|0x0000000716a00000, 0x0000000716a00000, 0x0000000716b00000|  0%| F|  |TS  0|AC  0|TAMS 0x0000000716a00000, 0x0000000716a00000|
| 153|0x0000000716b00000, 0x0000000716b00000, 0x0000000716c00000|  0%| F|  |TS  0|AC  0|TAMS 0x0000000716b00000, 0x0000000716b00000|
| 154|0x0000000716c00000, 0x0000000716c00000, 0x0000000716d00000|  0%| F|  |TS  0|AC  0|TAMS 0x0000000716c00000, 0x0000000716c00000|
| 155|0x0000000716d00000, 0x0000000716d00000, 0x0000000716e00000|  0%| F|  |TS  0|AC  0|TAMS 0x0000000716d00000, 0x0000000716d00000|
| 156|0x0000000716e00000, 0x0000000716e00000, 0x0000000716f00000|  0%| F|  |TS  0|AC  0|TAMS 0x0000000716e00000, 0x0000000716e00000|
| 157|0x0000000716f00000, 0x0000000716f00000, 0x0000000717000000|  0%| F|  |TS  0|AC  0|TAMS 0x0000000716f00000, 0x0000000716f00000|
| 158|0x0000000717000000, 0x0000000717000000, 0x0000000717100000|  0%| F|  |TS  0|AC  0|TAMS 0x0000000717000000, 0x0000000717000000|
| 159|0x0000000717100000, 0x0000000717100000, 0x0000000717200000|  0%| F|  |TS  0|AC  0|TAMS 0x0000000717100000, 0x0000000717100000|
| 160|0x0000000717200000, 0x0000000717200000, 0x0000000717300000|  0%| F|  |TS  0|AC  0|TAMS 0x0000000717200000, 0x0000000717200000|
| 161|0x0000000717300000, 0x0000000717300000, 0x0000000717400000|  0%| F|  |TS  0|AC  0|TAMS 0x0000000717300000, 0x0000000717300000|
| 162|0x0000000717400000, 0x0000000717400000, 0x0000000717500000|  0%| F|  |TS  0|AC  0|TAMS 0x0000000717400000, 0x0000000717400000|
| 163|0x0000000717500000, 0x0000000717500000, 0x0000000717600000|  0%| F|  |TS  0|AC  0|TAMS 0x0000000717500000, 0x0000000717500000|
| 164|0x0000000717600000, 0x0000000717600000, 0x0000000717700000|  0%| F|  |TS  0|AC  0|TAMS 0x0000000717600000, 0x0000000717600000|
| 165|0x0000000717700000, 0x0000000717700000, 0x0000000717800000|  0%| F|  |TS  0|AC  0|TAMS 0x0000000717700000, 0x0000000717700000|
| 166|0x0000000717800000, 0x0000000717800000, 0x0000000717900000|  0%| F|  |TS  0|AC  0|TAMS 0x0000000717800000, 0x0000000717800000|
| 167|0x0000000717900000, 0x0000000717900000, 0x0000000717a00000|  0%| F|  |TS  0|AC  0|TAMS 0x0000000717900000, 0x0000000717900000|
| 168|0x0000000717a00000, 0x0000000717a00000, 0x0000000717b00000|  0%| F|  |TS  0|AC  0|TAMS 0x0000000717a00000, 0x0000000717a00000|
| 169|0x0000000717b00000, 0x0000000717b00000, 0x0000000717c00000|  0%| F|  |TS  0|AC  0|TAMS 0x0000000717b00000, 0x0000000717b00000|
| 170|0x0000000717c00000, 0x0000000717c48320, 0x0000000717d00000| 28%| E|  |TS  0|AC  0|TAMS 0x0000000717c00000, 0x0000000717c00000|
| 171|0x0000000717d00000, 0x0000000717e00000, 0x0000000717e00000|100%| E|CS|TS  0|AC  0|TAMS 0x0000000717d00000, 0x0000000717d00000|
| 172|0x0000000717e00000, 0x0000000717f00000, 0x0000000717f00000|100%| E|CS|TS  0|AC  0|TAMS 0x0000000717e00000, 0x0000000717e00000|
| 173|0x0000000717f00000, 0x0000000718000000, 0x0000000718000000|100%| E|CS|TS  0|AC  0|TAMS 0x0000000717f00000, 0x0000000717f00000|
| 174|0x0000000718000000, 0x0000000718100000, 0x0000000718100000|100%| E|CS|TS  0|AC  0|TAMS 0x0000000718000000, 0x0000000718000000|
| 175|0x0000000718100000, 0x0000000718200000, 0x0000000718200000|100%| E|CS|TS  0|AC  0|TAMS 0x0000000718100000, 0x0000000718100000|
| 176|0x0000000718200000, 0x0000000718300000, 0x0000000718300000|100%| E|CS|TS  0|AC  0|TAMS 0x0000000718200000, 0x0000000718200000|
| 177|0x0000000718300000, 0x0000000718400000, 0x0000000718400000|100%| E|CS|TS  0|AC  0|TAMS 0x0000000718300000, 0x0000000718300000|
| 178|0x0000000718400000, 0x0000000718500000, 0x0000000718500000|100%| E|CS|TS  0|AC  0|TAMS 0x0000000718400000, 0x0000000718400000|
| 179|0x0000000718500000, 0x0000000718600000, 0x0000000718600000|100%| E|CS|TS  0|AC  0|TAMS 0x0000000718500000, 0x0000000718500000|

Card table byte_map: [0x00007fad4e733000,0x00007fad4ecca000] byte_map_base: 0x00007fad4aeca000

Marking Bits (Prev, Next): (CMBitMap*) 0x00007fad7806cb70, (CMBitMap*) 0x00007fad7806cba8
 Prev Bits: [0x00007fad31348000, 0x00007fad34000000)
 Next Bits: [0x00007fad2e690000, 0x00007fad31348000)

Polling page: 0x00007fad7e5db000

CodeHeap 'non-profiled nmethods': size=120032Kb used=140Kb max_used=140Kb free=119891Kb
 bounds [0x00007fad6414b000, 0x00007fad643bb000, 0x00007fad6b683000]
CodeHeap 'profiled nmethods': size=120032Kb used=862Kb max_used=862Kb free=119169Kb
 bounds [0x00007fad5cc13000, 0x00007fad5ce83000, 0x00007fad6414b000]
CodeHeap 'non-nmethods': size=5696Kb used=1440Kb max_used=1453Kb free=4255Kb
 bounds [0x00007fad5c683000, 0x00007fad5c8f3000, 0x00007fad5cc13000]
 total_blobs=1430 nmethods=546 adapters=682
 compilation: enabled

Compilation events (10 events):
Event: 0.648 Thread 0x00007fad781ce800  537       3       java.nio.channels.spi.AbstractInterruptibleChannel::blockedOn (13 bytes)
Event: 0.648 Thread 0x00007fad781ce800 nmethod 537 0x00007fad5cce3610 code [0x00007fad5cce37e0, 0x00007fad5cce3d30]
Event: 0.648 Thread 0x00007fad781ce800  538       3       jdk.internal.misc.Unsafe::checkSize (32 bytes)
Event: 0.649 Thread 0x00007fad781ce800 nmethod 538 0x00007fad5cce3f10 code [0x00007fad5cce40e0, 0x00007fad5cce43a8]
Event: 0.649 Thread 0x00007fad781ca800  539       4       jdk.internal.jimage.ImageStringsReader::unmaskedHashCode (173 bytes)
Event: 0.652 Thread 0x00007fad781ce800  546   !   3       java.util.jar.JarFile::checkForSpecialAttributes (240 bytes)
Event: 0.655 Thread 0x00007fad781ce800 nmethod 546 0x00007fad5cce4490 code [0x00007fad5cce46c0, 0x00007fad5cce4fd8]
Event: 0.655 Thread 0x00007fad781ce800  540       3       jdk.internal.module.SystemModuleFinder$ImageModuleReader::findImageLocation (42 bytes)
Event: 0.656 Thread 0x00007fad781ce800 nmethod 540 0x00007fad5cce5310 code [0x00007fad5cce5540, 0x00007fad5cce5c78]
Event: 0.657 Thread 0x00007fad781ce800  541       3       jdk.internal.jimage.ImageReader::findLocation (14 bytes)

GC Heap History (0 events):
No events

Deoptimization events (3 events):
Event: 0.222 Thread 0x00007fad78014800 Uncommon trap: reason=range_check action=reinterpret pc=0x00007fad6414e450 method=java.lang.StringLatin1.indexOf([BII)I @ 13 c2
Event: 0.363 Thread 0x00007fad78453800 Uncommon trap: reason=unstable_if action=reinterpret pc=0x00007fad6414ed6c method=java.net.URI.match(CJJ)Z @ 19 c2
Event: 0.365 Thread 0x00007fad78453800 Uncommon trap: reason=unstable_if action=reinterpret pc=0x00007fad6414dd9c method=java.lang.String.charAt(I)C @ 4 c2

Classes redefined (0 events):
No events

Internal exceptions (10 events):
Event: 0.416 Thread 0x00007fad78014800 Exception <a 'java/lang/NoSuchMethodError'{0x00000007180f3620}: java.lang.invoke.DirectMethodHandle$Holder.invokeStaticInit(Ljava/lang/Object;Ljava/lang/Object;Ljava/lang/Object;)Ljava/lang/Object;> (0x00000007180f3620) thrown at [/scratch/opt/mach5/mesos
Event: 0.438 Thread 0x00007fad78014800 Exception <a 'sun/nio/fs/UnixException'{0x0000000717f61ea0}> (0x0000000717f61ea0) thrown at [/scratch/opt/mach5/mesos/work_dir/slaves/5af44a71-976a-41b7-81de-5773b84ec572-S39643/frameworks/1735e8a2-a1db-478c-8104-60c8b0af87dd-0196/executors/a3f74ad9-294f-
Event: 0.438 Thread 0x00007fad78014800 Exception <a 'sun/nio/fs/UnixException'{0x0000000717f634c0}> (0x0000000717f634c0) thrown at [/scratch/opt/mach5/mesos/work_dir/slaves/5af44a71-976a-41b7-81de-5773b84ec572-S39643/frameworks/1735e8a2-a1db-478c-8104-60c8b0af87dd-0196/executors/a3f74ad9-294f-
Event: 0.476 Thread 0x00007fad78014800 Exception <a 'sun/nio/fs/UnixException'{0x0000000717e1c470}> (0x0000000717e1c470) thrown at [/scratch/opt/mach5/mesos/work_dir/slaves/5af44a71-976a-41b7-81de-5773b84ec572-S39643/frameworks/1735e8a2-a1db-478c-8104-60c8b0af87dd-0196/executors/a3f74ad9-294f-
Event: 0.478 Thread 0x00007fad78014800 Exception <a 'sun/nio/fs/UnixException'{0x0000000717e21448}> (0x0000000717e21448) thrown at [/scratch/opt/mach5/mesos/work_dir/slaves/5af44a71-976a-41b7-81de-5773b84ec572-S39643/frameworks/1735e8a2-a1db-478c-8104-60c8b0af87dd-0196/executors/a3f74ad9-294f-
Event: 0.492 Thread 0x00007fad78014800 Exception <a 'sun/nio/fs/UnixException'{0x0000000717e41ed0}> (0x0000000717e41ed0) thrown at [/scratch/opt/mach5/mesos/work_dir/slaves/5af44a71-976a-41b7-81de-5773b84ec572-S39643/frameworks/1735e8a2-a1db-478c-8104-60c8b0af87dd-0196/executors/a3f74ad9-294f-
Event: 0.492 Thread 0x00007fad78014800 Exception <a 'sun/nio/fs/UnixException'{0x0000000717e45e20}> (0x0000000717e45e20) thrown at [/scratch/opt/mach5/mesos/work_dir/slaves/5af44a71-976a-41b7-81de-5773b84ec572-S39643/frameworks/1735e8a2-a1db-478c-8104-60c8b0af87dd-0196/executors/a3f74ad9-294f-
Event: 0.640 Thread 0x00007fad78014800 Exception <a 'sun/nio/fs/UnixException'{0x0000000717df6f38}> (0x0000000717df6f38) thrown at [/scratch/opt/mach5/mesos/work_dir/slaves/5af44a71-976a-41b7-81de-5773b84ec572-S39643/frameworks/1735e8a2-a1db-478c-8104-60c8b0af87dd-0196/executors/a3f74ad9-294f-
Event: 0.640 Thread 0x00007fad78014800 Exception <a 'sun/nio/fs/UnixException'{0x0000000717dfaf00}> (0x0000000717dfaf00) thrown at [/scratch/opt/mach5/mesos/work_dir/slaves/5af44a71-976a-41b7-81de-5773b84ec572-S39643/frameworks/1735e8a2-a1db-478c-8104-60c8b0af87dd-0196/executors/a3f74ad9-294f-
Event: 0.655 Thread 0x00007fad78014800 Exception <a 'sun/nio/fs/UnixException'{0x0000000717c13520}> (0x0000000717c13520) thrown at [/scratch/opt/mach5/mesos/work_dir/slaves/5af44a71-976a-41b7-81de-5773b84ec572-S39643/frameworks/1735e8a2-a1db-478c-8104-60c8b0af87dd-0196/executors/a3f74ad9-294f-

Events (10 events):
Event: 0.629 loading class org/lwjgl/opengl/GL$ICDStatic
Event: 0.629 loading class org/lwjgl/opengl/GL$ICDStatic done
Event: 0.651 loading class org/lwjgl/opengl/GL$4
Event: 0.651 loading class org/lwjgl/opengl/GL$4 done
Event: 0.655 loading class org/lwjgl/opengl/GL$2
Event: 0.655 loading class org/lwjgl/opengl/GL$2 done
Event: 0.656 loading class org/lwjgl/opengl/GL$SharedLibraryGL
Event: 0.656 loading class org/lwjgl/opengl/GL$SharedLibraryGL done
Event: 0.657 loading class org/lwjgl/system/SharedLibrary$Delegate
Event: 0.657 loading class org/lwjgl/system/SharedLibrary$Delegate done


Dynamic libraries:
00400000-00401000 r-xp 00000000 00:31 2364271                            /home/mihai/Programs/jdk-9.0.4/bin/java
00600000-00601000 rw-p 00000000 00:31 2364271                            /home/mihai/Programs/jdk-9.0.4/bin/java
02173000-02194000 rw-p 00000000 00:00 0                                  [heap]
70d200000-718600000 rw-p 00000000 00:00 0 
718600000-7c0000000 ---p 00000000 00:00 0 
7c0000000-7c00e0000 rw-p 00000000 00:00 0 
7c00e0000-800000000 ---p 00000000 00:00 0 
7faced8c7000-7facedbf5000 rw-p 00000000 00:00 0 
7facedbf5000-7facedc60000 r-xp 00000000 08:05 3159716                    /tmp/lwjglmihai/3.1.5-build-1/liblwjgl_opengl.so
7facedc60000-7facede5f000 ---p 0006b000 08:05 3159716                    /tmp/lwjglmihai/3.1.5-build-1/liblwjgl_opengl.so
7facede5f000-7facede60000 r--p 0006a000 08:05 3159716                    /tmp/lwjglmihai/3.1.5-build-1/liblwjgl_opengl.so
7facede60000-7facede61000 rw-p 0006b000 08:05 3159716                    /tmp/lwjglmihai/3.1.5-build-1/liblwjgl_opengl.so
7facede61000-7facef212000 rw-p 00000000 00:00 0 
7facef212000-7facef249000 r-xp 00000000 08:05 2500754                    /usr/lib/x86_64-linux-gnu/libtxc_dxtn_s2tc.so.0.0.0
7facef249000-7facef448000 ---p 00037000 08:05 2500754                    /usr/lib/x86_64-linux-gnu/libtxc_dxtn_s2tc.so.0.0.0
7facef448000-7facef449000 r--p 00036000 08:05 2500754                    /usr/lib/x86_64-linux-gnu/libtxc_dxtn_s2tc.so.0.0.0
7facef449000-7facef44a000 rw-p 00037000 08:05 2500754                    /usr/lib/x86_64-linux-gnu/libtxc_dxtn_s2tc.so.0.0.0
7facef44a000-7facef452000 r-xp 00000000 08:05 2500510                    /usr/lib/x86_64-linux-gnu/libpciaccess.so.0.11.1
7facef452000-7facef652000 ---p 00008000 08:05 2500510                    /usr/lib/x86_64-linux-gnu/libpciaccess.so.0.11.1
7facef652000-7facef653000 r--p 00008000 08:05 2500510                    /usr/lib/x86_64-linux-gnu/libpciaccess.so.0.11.1
7facef653000-7facef654000 rw-p 00009000 08:05 2500510                    /usr/lib/x86_64-linux-gnu/libpciaccess.so.0.11.1
7facef654000-7facef66a000 r-xp 00000000 08:05 1577579                    /lib/x86_64-linux-gnu/libgcc_s.so.1
7facef66a000-7facef869000 ---p 00016000 08:05 1577579                    /lib/x86_64-linux-gnu/libgcc_s.so.1
7facef869000-7facef86a000 rw-p 00015000 08:05 1577579                    /lib/x86_64-linux-gnu/libgcc_s.so.1
7facef86a000-7facef9dc000 r-xp 00000000 08:05 2491992                    /usr/lib/x86_64-linux-gnu/libstdc++.so.6.0.21
7facef9dc000-7facefbdc000 ---p 00172000 08:05 2491992                    /usr/lib/x86_64-linux-gnu/libstdc++.so.6.0.21
7facefbdc000-7facefbe6000 r--p 00172000 08:05 2491992                    /usr/lib/x86_64-linux-gnu/libstdc++.so.6.0.21
7facefbe6000-7facefbe8000 rw-p 0017c000 08:05 2491992                    /usr/lib/x86_64-linux-gnu/libstdc++.so.6.0.21
7facefbe8000-7facefbec000 rw-p 00000000 00:00 0 
7facefbec000-7facefbf7000 r-xp 00000000 08:05 2495909                    /usr/lib/x86_64-linux-gnu/libdrm_radeon.so.1.0.1
7facefbf7000-7facefdf6000 ---p 0000b000 08:05 2495909                    /usr/lib/x86_64-linux-gnu/libdrm_radeon.so.1.0.1
7facefdf6000-7facefdf7000 r--p 0000a000 08:05 2495909                    /usr/lib/x86_64-linux-gnu/libdrm_radeon.so.1.0.1
7facefdf7000-7facefdf8000 rw-p 0000b000 08:05 2495909                    /usr/lib/x86_64-linux-gnu/libdrm_radeon.so.1.0.1
7facefdf8000-7facefdff000 r-xp 00000000 08:05 2495913                    /usr/lib/x86_64-linux-gnu/libdrm_nouveau.so.2.0.0
7facefdff000-7facefffe000 ---p 00007000 08:05 2495913                    /usr/lib/x86_64-linux-gnu/libdrm_nouveau.so.2.0.0
7facefffe000-7faceffff000 r--p 00006000 08:05 2495913                    /usr/lib/x86_64-linux-gnu/libdrm_nouveau.so.2.0.0
7faceffff000-7facf0000000 rw-p 00007000 08:05 2495913                    /usr/lib/x86_64-linux-gnu/libdrm_nouveau.so.2.0.0
7facf0000000-7facf0021000 rw-p 00000000 00:00 0 
7facf0021000-7facf4000000 ---p 00000000 00:00 0 
7facf4029000-7facf404b000 r-xp 00000000 08:05 2495905                    /usr/lib/x86_64-linux-gnu/libdrm_intel.so.1.0.0
7facf404b000-7facf424b000 ---p 00022000 08:05 2495905                    /usr/lib/x86_64-linux-gnu/libdrm_intel.so.1.0.0
7facf424b000-7facf424c000 r--p 00022000 08:05 2495905                    /usr/lib/x86_64-linux-gnu/libdrm_intel.so.1.0.0
7facf424c000-7facf424d000 rw-p 00023000 08:05 2495905                    /usr/lib/x86_64-linux-gnu/libdrm_intel.so.1.0.0
7facf424d000-7facf4a7b000 r-xp 00000000 08:05 2753571                    /usr/lib/x86_64-linux-gnu/dri/i965_dri.so
7facf4a7b000-7facf4c7a000 ---p 0082e000 08:05 2753571                    /usr/lib/x86_64-linux-gnu/dri/i965_dri.so
7facf4c7a000-7facf4cca000 r--p 0082d000 08:05 2753571                    /usr/lib/x86_64-linux-gnu/dri/i965_dri.so
7facf4cca000-7facf4cd3000 rw-p 0087d000 08:05 2753571                    /usr/lib/x86_64-linux-gnu/dri/i965_dri.so
7facf4cd3000-7facf4d3a000 rw-p 00000000 00:00 0 
7facf4d3a000-7facf4d4a000 r-xp 00000000 08:05 2495919                    /usr/lib/x86_64-linux-gnu/libdrm.so.2.4.0
7facf4d4a000-7facf4f49000 ---p 00010000 08:05 2495919                    /usr/lib/x86_64-linux-gnu/libdrm.so.2.4.0
7facf4f49000-7facf4f4a000 r--p 0000f000 08:05 2495919                    /usr/lib/x86_64-linux-gnu/libdrm.so.2.4.0
7facf4f4a000-7facf4f4b000 rw-p 00010000 08:05 2495919                    /usr/lib/x86_64-linux-gnu/libdrm.so.2.4.0
7facf4f4b000-7facf4f4f000 r-xp 00000000 08:05 2500921                    /usr/lib/x86_64-linux-gnu/libxcb-dri2.so.0.0.0
7facf4f4f000-7facf514e000 ---p 00004000 08:05 2500921                    /usr/lib/x86_64-linux-gnu/libxcb-dri2.so.0.0.0
7facf514e000-7facf514f000 r--p 00003000 08:05 2500921                    /usr/lib/x86_64-linux-gnu/libxcb-dri2.so.0.0.0
7facf514f000-7facf5150000 rw-p 00004000 08:05 2500921                    /usr/lib/x86_64-linux-gnu/libxcb-dri2.so.0.0.0
7facf5150000-7facf5167000 r-xp 00000000 08:05 2500925                    /usr/lib/x86_64-linux-gnu/libxcb-glx.so.0.0.0
7facf5167000-7facf5366000 ---p 00017000 08:05 2500925                    /usr/lib/x86_64-linux-gnu/libxcb-glx.so.0.0.0
7facf5366000-7facf5368000 r--p 00016000 08:05 2500925                    /usr/lib/x86_64-linux-gnu/libxcb-glx.so.0.0.0
7facf5368000-7facf5369000 rw-p 00018000 08:05 2500925                    /usr/lib/x86_64-linux-gnu/libxcb-glx.so.0.0.0
7facf5369000-7facf536b000 r-xp 00000000 08:05 2499544                    /usr/lib/x86_64-linux-gnu/libXdamage.so.1.1.0
7facf536b000-7facf556a000 ---p 00002000 08:05 2499544                    /usr/lib/x86_64-linux-gnu/libXdamage.so.1.1.0
7facf556a000-7facf556b000 r--p 00001000 08:05 2499544                    /usr/lib/x86_64-linux-gnu/libXdamage.so.1.1.0
7facf556b000-7facf556c000 rw-p 00002000 08:05 2499544                    /usr/lib/x86_64-linux-gnu/libXdamage.so.1.1.0
7facf556c000-7facf5597000 r-xp 00000000 08:05 2491028                    /usr/lib/x86_64-linux-gnu/libglapi.so.0.0.0
7facf5597000-7facf5796000 ---p 0002b000 08:05 2491028                    /usr/lib/x86_64-linux-gnu/libglapi.so.0.0.0
7facf5796000-7facf579a000 r--p 0002a000 08:05 2491028                    /usr/lib/x86_64-linux-gnu/libglapi.so.0.0.0
7facf579a000-7facf579b000 rw-p 0002e000 08:05 2491028                    /usr/lib/x86_64-linux-gnu/libglapi.so.0.0.0
7facf579b000-7facf579c000 rw-p 00000000 00:00 0 
7facf579c000-7facf579d000 r-xp 00000000 08:05 2500965                    /usr/lib/x86_64-linux-gnu/libxshmfence.so.1.0.0
7facf579d000-7facf599d000 ---p 00001000 08:05 2500965                    /usr/lib/x86_64-linux-gnu/libxshmfence.so.1.0.0
7facf599d000-7facf599e000 r--p 00001000 08:05 2500965                    /usr/lib/x86_64-linux-gnu/libxshmfence.so.1.0.0
7facf599e000-7facf599f000 rw-p 00002000 08:05 2500965                    /usr/lib/x86_64-linux-gnu/libxshmfence.so.1.0.0
7facf599f000-7facf59a4000 r-xp 00000000 08:05 2500945                    /usr/lib/x86_64-linux-gnu/libxcb-sync.so.1.0.0
7facf59a4000-7facf5ba4000 ---p 00005000 08:05 2500945                    /usr/lib/x86_64-linux-gnu/libxcb-sync.so.1.0.0
7facf5ba4000-7facf5ba5000 r--p 00005000 08:05 2500945                    /usr/lib/x86_64-linux-gnu/libxcb-sync.so.1.0.0
7facf5ba5000-7facf5ba6000 rw-p 00006000 08:05 2500945                    /usr/lib/x86_64-linux-gnu/libxcb-sync.so.1.0.0
7facf5ba6000-7facf5ba8000 r-xp 00000000 08:05 2500933                    /usr/lib/x86_64-linux-gnu/libxcb-present.so.0.0.0
7facf5ba8000-7facf5da7000 ---p 00002000 08:05 2500933                    /usr/lib/x86_64-linux-gnu/libxcb-present.so.0.0.0
7facf5da7000-7facf5da8000 r--p 00001000 08:05 2500933                    /usr/lib/x86_64-linux-gnu/libxcb-present.so.0.0.0
7facf5da8000-7facf5da9000 rw-p 00002000 08:05 2500933                    /usr/lib/x86_64-linux-gnu/libxcb-present.so.0.0.0
7facf5da9000-7facf5dab000 r-xp 00000000 08:05 2500923                    /usr/lib/x86_64-linux-gnu/libxcb-dri3.so.0.0.0
7facf5dab000-7facf5faa000 ---p 00002000 08:05 2500923                    /usr/lib/x86_64-linux-gnu/libxcb-dri3.so.0.0.0
7facf5faa000-7facf5fab000 r--p 00001000 08:05 2500923                    /usr/lib/x86_64-linux-gnu/libxcb-dri3.so.0.0.0
7facf5fab000-7facf5fac000 rw-p 00002000 08:05 2500923                    /usr/lib/x86_64-linux-gnu/libxcb-dri3.so.0.0.0
7facf5fac000-7facf5fd2000 r-xp 00000000 08:05 1577572                    /lib/x86_64-linux-gnu/libexpat.so.1.6.0
7facf5fd2000-7facf61d2000 ---p 00026000 08:05 1577572                    /lib/x86_64-linux-gnu/libexpat.so.1.6.0
7facf61d2000-7facf61d4000 r--p 00026000 08:05 1577572                    /lib/x86_64-linux-gnu/libexpat.so.1.6.0
7facf61d4000-7facf61d5000 rw-p 00028000 08:05 1577572                    /lib/x86_64-linux-gnu/libexpat.so.1.6.0
7facf61d5000-7facf6243000 r-xp 00000000 08:05 2754332                    /usr/lib/x86_64-linux-gnu/mesa/libGL.so.1.2.0
7facf6243000-7facf6443000 ---p 0006e000 08:05 2754332                    /usr/lib/x86_64-linux-gnu/mesa/libGL.so.1.2.0
7facf6443000-7facf6446000 r--p 0006e000 08:05 2754332                    /usr/lib/x86_64-linux-gnu/mesa/libGL.so.1.2.0
7facf6446000-7facf6447000 rw-p 00071000 08:05 2754332                    /usr/lib/x86_64-linux-gnu/mesa/libGL.so.1.2.0
7facf6447000-7facf6448000 rw-p 00000000 00:00 0 
7facf6448000-7facf6449000 r-xp 00000000 08:05 2499529                    /usr/lib/x86_64-linux-gnu/libX11-xcb.so.1.0.0
7facf6449000-7facf6648000 ---p 00001000 08:05 2499529                    /usr/lib/x86_64-linux-gnu/libX11-xcb.so.1.0.0
7facf6648000-7facf6649000 r--p 00000000 08:05 2499529                    /usr/lib/x86_64-linux-gnu/libX11-xcb.so.1.0.0
7facf6649000-7facf664a000 rw-p 00001000 08:05 2499529                    /usr/lib/x86_64-linux-gnu/libX11-xcb.so.1.0.0
7facf664a000-7facf664c000 r-xp 00000000 08:05 2499560                    /usr/lib/x86_64-linux-gnu/libXinerama.so.1.0.0
7facf664c000-7facf684b000 ---p 00002000 08:05 2499560                    /usr/lib/x86_64-linux-gnu/libXinerama.so.1.0.0
7facf684b000-7facf684c000 r--p 00001000 08:05 2499560                    /usr/lib/x86_64-linux-gnu/libXinerama.so.1.0.0
7facf684c000-7facf684d000 rw-p 00002000 08:05 2499560                    /usr/lib/x86_64-linux-gnu/libXinerama.so.1.0.0
7facf684d000-7facf6852000 r-xp 00000000 08:05 2499550                    /usr/lib/x86_64-linux-gnu/libXfixes.so.3.1.0
7facf6852000-7facf6a51000 ---p 00005000 08:05 2499550                    /usr/lib/x86_64-linux-gnu/libXfixes.so.3.1.0
7facf6a51000-7facf6a52000 r--p 00004000 08:05 2499550                    /usr/lib/x86_64-linux-gnu/libXfixes.so.3.1.0
7facf6a52000-7facf6a53000 rw-p 00005000 08:05 2499550                    /usr/lib/x86_64-linux-gnu/libXfixes.so.3.1.0
7facf6a53000-7facf6a5c000 r-xp 00000000 08:05 2498445                    /usr/lib/x86_64-linux-gnu/libXcursor.so.1.0.2
7facf6a5c000-7facf6c5b000 ---p 00009000 08:05 2498445                    /usr/lib/x86_64-linux-gnu/libXcursor.so.1.0.2
7facf6c5b000-7facf6c5c000 r--p 00008000 08:05 2498445                    /usr/lib/x86_64-linux-gnu/libXcursor.so.1.0.2
7facf6c5c000-7facf6c5d000 rw-p 00009000 08:05 2498445                    /usr/lib/x86_64-linux-gnu/libXcursor.so.1.0.2
7facf6c5d000-7facf6c66000 r-xp 00000000 08:05 2499570                    /usr/lib/x86_64-linux-gnu/libXrender.so.1.3.0
7facf6c66000-7facf6e65000 ---p 00009000 08:05 2499570                    /usr/lib/x86_64-linux-gnu/libXrender.so.1.3.0
7facf6e65000-7facf6e66000 r--p 00008000 08:05 2499570                    /usr/lib/x86_64-linux-gnu/libXrender.so.1.3.0
7facf6e66000-7facf6e67000 rw-p 00009000 08:05 2499570                    /usr/lib/x86_64-linux-gnu/libXrender.so.1.3.0
7facf6e67000-7facf6e71000 r-xp 00000000 08:05 2499568                    /usr/lib/x86_64-linux-gnu/libXrandr.so.2.2.0
7facf6e71000-7facf7070000 ---p 0000a000 08:05 2499568                    /usr/lib/x86_64-linux-gnu/libXrandr.so.2.2.0
7facf7070000-7facf7071000 r--p 00009000 08:05 2499568                    /usr/lib/x86_64-linux-gnu/libXrandr.so.2.2.0
7facf7071000-7facf7072000 rw-p 0000a000 08:05 2499568                    /usr/lib/x86_64-linux-gnu/libXrandr.so.2.2.0
7facf7072000-7facf7081000 r-xp 00000000 08:05 2499558                    /usr/lib/x86_64-linux-gnu/libXi.so.6.1.0
7facf7081000-7facf7280000 ---p 0000f000 08:05 2499558                    /usr/lib/x86_64-linux-gnu/libXi.so.6.1.0
7facf7280000-7facf7281000 r--p 0000e000 08:05 2499558                    /usr/lib/x86_64-linux-gnu/libXi.so.6.1.0
7facf7281000-7facf7282000 rw-p 0000f000 08:05 2499558                    /usr/lib/x86_64-linux-gnu/libXi.so.6.1.0
7facf7282000-7facf7293000 r-xp 00000000 08:05 2499548                    /usr/lib/x86_64-linux-gnu/libXext.so.6.4.0
7facf7293000-7facf7492000 ---p 00011000 08:05 2499548                    /usr/lib/x86_64-linux-gnu/libXext.so.6.4.0
7facf7492000-7facf7493000 r--p 00010000 08:05 2499548                    /usr/lib/x86_64-linux-gnu/libXext.so.6.4.0
7facf7493000-7facf7494000 rw-p 00011000 08:05 2499548                    /usr/lib/x86_64-linux-gnu/libXext.so.6.4.0
7facf7494000-7facf7499000 r-xp 00000000 08:05 2499586                    /usr/lib/x86_64-linux-gnu/libXxf86vm.so.1.0.0
7facf7499000-7facf7698000 ---p 00005000 08:05 2499586                    /usr/lib/x86_64-linux-gnu/libXxf86vm.so.1.0.0
7facf7698000-7facf7699000 r--p 00004000 08:05 2499586                    /usr/lib/x86_64-linux-gnu/libXxf86vm.so.1.0.0
7facf7699000-7facf769a000 rw-p 00005000 08:05 2499586                    /usr/lib/x86_64-linux-gnu/libXxf86vm.so.1.0.0
7facf769a000-7facf769f000 r-xp 00000000 08:05 2499546                    /usr/lib/x86_64-linux-gnu/libXdmcp.so.6.0.0
7facf769f000-7facf789e000 ---p 00005000 08:05 2499546                    /usr/lib/x86_64-linux-gnu/libXdmcp.so.6.0.0
7facf789e000-7facf789f000 r--p 00004000 08:05 2499546                    /usr/lib/x86_64-linux-gnu/libXdmcp.so.6.0.0
7facf789f000-7facf78a0000 rw-p 00005000 08:05 2499546                    /usr/lib/x86_64-linux-gnu/libXdmcp.so.6.0.0
7facf78a0000-7facf78a2000 r-xp 00000000 08:05 2499535                    /usr/lib/x86_64-linux-gnu/libXau.so.6.0.0
7facf78a2000-7facf7aa2000 ---p 00002000 08:05 2499535                    /usr/lib/x86_64-linux-gnu/libXau.so.6.0.0
7facf7aa2000-7facf7aa3000 r--p 00002000 08:05 2499535                    /usr/lib/x86_64-linux-gnu/libXau.so.6.0.0
7facf7aa3000-7facf7aa4000 rw-p 00003000 08:05 2499535                    /usr/lib/x86_64-linux-gnu/libXau.so.6.0.0
7facf7aa4000-7facf7ac5000 r-xp 00000000 08:05 2500953                    /usr/lib/x86_64-linux-gnu/libxcb.so.1.1.0
7facf7ac5000-7facf7cc4000 ---p 00021000 08:05 2500953                    /usr/lib/x86_64-linux-gnu/libxcb.so.1.1.0
7facf7cc4000-7facf7cc5000 r--p 00020000 08:05 2500953                    /usr/lib/x86_64-linux-gnu/libxcb.so.1.1.0
7facf7cc5000-7facf7cc6000 rw-p 00021000 08:05 2500953                    /usr/lib/x86_64-linux-gnu/libxcb.so.1.1.0
7facf7cc6000-7facf7dfb000 r-xp 00000000 08:05 2499531                    /usr/lib/x86_64-linux-gnu/libX11.so.6.3.0
7facf7dfb000-7facf7ffb000 ---p 00135000 08:05 2499531                    /usr/lib/x86_64-linux-gnu/libX11.so.6.3.0
7facf7ffb000-7facf7ffc000 r--p 00135000 08:05 2499531                    /usr/lib/x86_64-linux-gnu/libX11.so.6.3.0
7facf7ffc000-7facf8000000 rw-p 00136000 08:05 2499531                    /usr/lib/x86_64-linux-gnu/libX11.so.6.3.0
7facf8000000-7facf8021000 rw-p 00000000 00:00 0 
7facf8021000-7facfc000000 ---p 00000000 00:00 0 
7facfc000000-7facfc021000 rw-p 00000000 00:00 0 
7facfc021000-7fad00000000 ---p 00000000 00:00 0 
7fad00000000-7fad00021000 rw-p 00000000 00:00 0 
7fad00021000-7fad04000000 ---p 00000000 00:00 0 
7fad04000000-7fad04021000 rw-p 00000000 00:00 0 
7fad04021000-7fad08000000 ---p 00000000 00:00 0 
7fad08000000-7fad08027000 rw-p 00000000 00:00 0 
7fad08027000-7fad0c000000 ---p 00000000 00:00 0 
7fad0c000000-7fad0c13e000 rw-p 00000000 00:00 0 
7fad0c13e000-7fad10000000 ---p 00000000 00:00 0 
7fad10000000-7fad10021000 rw-p 00000000 00:00 0 
7fad10021000-7fad14000000 ---p 00000000 00:00 0 
7fad14000000-7fad140f3000 rw-p 00000000 00:00 0 
7fad140f3000-7fad18000000 ---p 00000000 00:00 0 
7fad18000000-7fad18021000 rw-p 00000000 00:00 0 
7fad18021000-7fad1c000000 ---p 00000000 00:00 0 
7fad1c000000-7fad1c021000 rw-p 00000000 00:00 0 
7fad1c021000-7fad20000000 ---p 00000000 00:00 0 
7fad20000000-7fad20021000 rw-p 00000000 00:00 0 
7fad20021000-7fad24000000 ---p 00000000 00:00 0 
7fad24000000-7fad24021000 rw-p 00000000 00:00 0 
7fad24021000-7fad28000000 ---p 00000000 00:00 0 
7fad28000000-7fad28021000 rw-p 00000000 00:00 0 
7fad28021000-7fad2c000000 ---p 00000000 00:00 0 
7fad2c0ea000-7fad2c119000 r-xp 00000000 08:05 3159715                    /tmp/lwjglmihai/3.1.5-build-1/libglfw.so
7fad2c119000-7fad2c318000 ---p 0002f000 08:05 3159715                    /tmp/lwjglmihai/3.1.5-build-1/libglfw.so
7fad2c318000-7fad2c319000 r--p 0002e000 08:05 3159715                    /tmp/lwjglmihai/3.1.5-build-1/libglfw.so
7fad2c319000-7fad2c31a000 rw-p 0002f000 08:05 3159715                    /tmp/lwjglmihai/3.1.5-build-1/libglfw.so
7fad2c31a000-7fad2c33b000 rw-p 00000000 00:00 0 
7fad2c33b000-7fad2c38e000 r-xp 00000000 08:05 3159714                    /tmp/lwjglmihai/3.1.5-build-1/liblwjgl.so
7fad2c38e000-7fad2c58d000 ---p 00053000 08:05 3159714                    /tmp/lwjglmihai/3.1.5-build-1/liblwjgl.so
7fad2c58d000-7fad2c58e000 r--p 00052000 08:05 3159714                    /tmp/lwjglmihai/3.1.5-build-1/liblwjgl.so
7fad2c58e000-7fad2c58f000 rw-p 00053000 08:05 3159714                    /tmp/lwjglmihai/3.1.5-build-1/liblwjgl.so
7fad2c58f000-7fad2c590000 ---p 00000000 00:00 0 
7fad2c590000-7fad2c690000 rw-p 00000000 00:00 0 
7fad2c690000-7fad2e690000 rwxp 00000000 00:00 0 
7fad2e690000-7fad2e960000 rw-p 00000000 00:00 0 
7fad2e960000-7fad31348000 ---p 00000000 00:00 0 
7fad31348000-7fad31618000 rw-p 00000000 00:00 0 
7fad31618000-7fad34000000 ---p 00000000 00:00 0 
7fad34000000-7fad34021000 rw-p 00000000 00:00 0 
7fad34021000-7fad38000000 ---p 00000000 00:00 0 
7fad38000000-7fad38021000 rw-p 00000000 00:00 0 
7fad38021000-7fad3c000000 ---p 00000000 00:00 0 
7fad3c000000-7fad3c021000 rw-p 00000000 00:00 0 
7fad3c021000-7fad40000000 ---p 00000000 00:00 0 
7fad40000000-7fad40021000 rw-p 00000000 00:00 0 
7fad40021000-7fad44000000 ---p 00000000 00:00 0 
7fad44000000-7fad44021000 rw-p 00000000 00:00 0 
7fad44021000-7fad48000000 ---p 00000000 00:00 0 
7fad48000000-7fad48021000 rw-p 00000000 00:00 0 
7fad48021000-7fad4c000000 ---p 00000000 00:00 0 
7fad4c0d8000-7fad4c0dc000 ---p 00000000 00:00 0 
7fad4c0dc000-7fad4c1d9000 rw-p 00000000 00:00 0 
7fad4c1d9000-7fad4c1dd000 ---p 00000000 00:00 0 
7fad4c1dd000-7fad4c2da000 rw-p 00000000 00:00 0 
7fad4c2da000-7fad4c2de000 ---p 00000000 00:00 0 
7fad4c2de000-7fad4c3db000 rw-p 00000000 00:00 0 
7fad4c3db000-7fad4c3f1000 r-xp 00000000 00:31 2896431                    /home/mihai/Programs/jdk-9.0.4/lib/libnet.so
7fad4c3f1000-7fad4c5f1000 ---p 00016000 00:31 2896431                    /home/mihai/Programs/jdk-9.0.4/lib/libnet.so
7fad4c5f1000-7fad4c5f2000 rw-p 00016000 00:31 2896431                    /home/mihai/Programs/jdk-9.0.4/lib/libnet.so
7fad4c5f2000-7fad4c602000 r-xp 00000000 00:31 2896432                    /home/mihai/Programs/jdk-9.0.4/lib/libnio.so
7fad4c602000-7fad4c802000 ---p 00010000 00:31 2896432                    /home/mihai/Programs/jdk-9.0.4/lib/libnio.so
7fad4c802000-7fad4c803000 rw-p 00010000 00:31 2896432                    /home/mihai/Programs/jdk-9.0.4/lib/libnio.so
7fad4c803000-7fad4c807000 ---p 00000000 00:00 0 
7fad4c807000-7fad4c904000 rw-p 00000000 00:00 0 
7fad4c904000-7fad4c908000 ---p 00000000 00:00 0 
7fad4c908000-7fad4ca05000 rw-p 00000000 00:00 0 
7fad4ca05000-7fad4ca09000 ---p 00000000 00:00 0 
7fad4ca09000-7fad4cb06000 rw-p 00000000 00:00 0 
7fad4cb06000-7fad4cb0a000 ---p 00000000 00:00 0 
7fad4cb0a000-7fad4cc07000 rw-p 00000000 00:00 0 
7fad4cc07000-7fad4cc0b000 ---p 00000000 00:00 0 
7fad4cc0b000-7fad4cd08000 rw-p 00000000 00:00 0 
7fad4cd08000-7fad4cfe0000 r--p 00000000 08:05 2518691                    /usr/lib/locale/locale-archive
7fad4cfe0000-7fad4cfe4000 ---p 00000000 00:00 0 
7fad4cfe4000-7fad4d0e1000 rw-p 00000000 00:00 0 
7fad4d0e1000-7fad4d0e5000 ---p 00000000 00:00 0 
7fad4d0e5000-7fad4d1e2000 rw-p 00000000 00:00 0 
7fad4d1e2000-7fad4d1e3000 ---p 00000000 00:00 0 
7fad4d1e3000-7fad4dae3000 rw-p 00000000 00:00 0 
7fad4dae3000-7fad4dee7000 rw-p 00000000 00:00 0 
7fad4dee7000-7fad4dee8000 ---p 00000000 00:00 0 
7fad4dee8000-7fad4dfe8000 rw-p 00000000 00:00 0 
7fad4dfe8000-7fad4dfe9000 ---p 00000000 00:00 0 
7fad4dfe9000-7fad4e1f6000 rw-p 00000000 00:00 0 
7fad4e1f6000-7fad4e733000 ---p 00000000 00:00 0 
7fad4e733000-7fad4e78d000 rw-p 00000000 00:00 0 
7fad4e78d000-7fad4f261000 ---p 00000000 00:00 0 
7fad4f261000-7fad4f2bb000 rw-p 00000000 00:00 0 
7fad4f2bb000-7fad4f7f8000 ---p 00000000 00:00 0 
7fad4f7f8000-7fad4f7f9000 ---p 00000000 00:00 0 
7fad4f7f9000-7fad4f8f9000 rw-p 00000000 00:00 0 
7fad4f8f9000-7fad4f8fa000 ---p 00000000 00:00 0 
7fad4f8fa000-7fad4f9fa000 rw-p 00000000 00:00 0 
7fad4f9fa000-7fad4f9fb000 ---p 00000000 00:00 0 
7fad4f9fb000-7fad4fafb000 rw-p 00000000 00:00 0 
7fad4fafb000-7fad4fafc000 ---p 00000000 00:00 0 
7fad4fafc000-7fad4fbfc000 rw-p 00000000 00:00 0 
7fad4fbfc000-7fad4fbfd000 ---p 00000000 00:00 0 
7fad4fbfd000-7fad50000000 rw-p 00000000 00:00 0 
7fad50000000-7fad50021000 rw-p 00000000 00:00 0 
7fad50021000-7fad54000000 ---p 00000000 00:00 0 
7fad54000000-7fad54021000 rw-p 00000000 00:00 0 
7fad54021000-7fad58000000 ---p 00000000 00:00 0 
7fad58000000-7fad58021000 rw-p 00000000 00:00 0 
7fad58021000-7fad5c000000 ---p 00000000 00:00 0 
7fad5c01d000-7fad5c194000 rw-p 00000000 00:00 0 
7fad5c194000-7fad5c195000 ---p 00000000 00:00 0 
7fad5c195000-7fad5c295000 rw-p 00000000 00:00 0 
7fad5c295000-7fad5c296000 ---p 00000000 00:00 0 
7fad5c296000-7fad5c396000 rw-p 00000000 00:00 0 
7fad5c396000-7fad5c397000 ---p 00000000 00:00 0 
7fad5c397000-7fad5c497000 rw-p 00000000 00:00 0 
7fad5c497000-7fad5c498000 ---p 00000000 00:00 0 
7fad5c498000-7fad5c59d000 rw-p 00000000 00:00 0 
7fad5c59d000-7fad5c683000 ---p 00000000 00:00 0 
7fad5c683000-7fad5c8f3000 rwxp 00000000 00:00 0 
7fad5c8f3000-7fad5cc13000 ---p 00000000 00:00 0 
7fad5cc13000-7fad5ce83000 rwxp 00000000 00:00 0 
7fad5ce83000-7fad6414b000 ---p 00000000 00:00 0 
7fad6414b000-7fad643bb000 rwxp 00000000 00:00 0 
7fad643bb000-7fad6b683000 ---p 00000000 00:00 0 
7fad6b683000-7fad76b40000 r--s 00000000 00:31 2896448                    /home/mihai/Programs/jdk-9.0.4/lib/modules
7fad76b40000-7fad76b5a000 r-xp 00000000 00:31 2896421                    /home/mihai/Programs/jdk-9.0.4/lib/libjimage.so
7fad76b5a000-7fad76d59000 ---p 0001a000 00:31 2896421                    /home/mihai/Programs/jdk-9.0.4/lib/libjimage.so
7fad76d59000-7fad76d5b000 rw-p 00019000 00:31 2896421                    /home/mihai/Programs/jdk-9.0.4/lib/libjimage.so
7fad76d5b000-7fad76d6d000 rw-p 00000000 00:00 0 
7fad76d6d000-7fad76d74000 r-xp 00000000 00:31 2896447                    /home/mihai/Programs/jdk-9.0.4/lib/libzip.so
7fad76d74000-7fad76f73000 ---p 00007000 00:31 2896447                    /home/mihai/Programs/jdk-9.0.4/lib/libzip.so
7fad76f73000-7fad76f74000 rw-p 00006000 00:31 2896447                    /home/mihai/Programs/jdk-9.0.4/lib/libzip.so
7fad76f74000-7fad76f7f000 r-xp 00000000 08:05 1573108                    /lib/x86_64-linux-gnu/libnss_files-2.23.so
7fad76f7f000-7fad7717e000 ---p 0000b000 08:05 1573108                    /lib/x86_64-linux-gnu/libnss_files-2.23.so
7fad7717e000-7fad7717f000 r--p 0000a000 08:05 1573108                    /lib/x86_64-linux-gnu/libnss_files-2.23.so
7fad7717f000-7fad77180000 rw-p 0000b000 08:05 1573108                    /lib/x86_64-linux-gnu/libnss_files-2.23.so
7fad77180000-7fad77186000 rw-p 00000000 00:00 0 
7fad77186000-7fad77191000 r-xp 00000000 08:05 1573112                    /lib/x86_64-linux-gnu/libnss_nis-2.23.so
7fad77191000-7fad77390000 ---p 0000b000 08:05 1573112                    /lib/x86_64-linux-gnu/libnss_nis-2.23.so
7fad77390000-7fad77391000 r--p 0000a000 08:05 1573112                    /lib/x86_64-linux-gnu/libnss_nis-2.23.so
7fad77391000-7fad77392000 rw-p 0000b000 08:05 1573112                    /lib/x86_64-linux-gnu/libnss_nis-2.23.so
7fad77392000-7fad773a8000 r-xp 00000000 08:05 1573092                    /lib/x86_64-linux-gnu/libnsl-2.23.so
7fad773a8000-7fad775a7000 ---p 00016000 08:05 1573092                    /lib/x86_64-linux-gnu/libnsl-2.23.so
7fad775a7000-7fad775a8000 r--p 00015000 08:05 1573092                    /lib/x86_64-linux-gnu/libnsl-2.23.so
7fad775a8000-7fad775a9000 rw-p 00016000 08:05 1573092                    /lib/x86_64-linux-gnu/libnsl-2.23.so
7fad775a9000-7fad775ab000 rw-p 00000000 00:00 0 
7fad775ab000-7fad775b3000 r-xp 00000000 08:05 1573103                    /lib/x86_64-linux-gnu/libnss_compat-2.23.so
7fad775b3000-7fad777b2000 ---p 00008000 08:05 1573103                    /lib/x86_64-linux-gnu/libnss_compat-2.23.so
7fad777b2000-7fad777b3000 r--p 00007000 08:05 1573103                    /lib/x86_64-linux-gnu/libnss_compat-2.23.so
7fad777b3000-7fad777b4000 rw-p 00008000 08:05 1573103                    /lib/x86_64-linux-gnu/libnss_compat-2.23.so
7fad777b4000-7fad777be000 r-xp 00000000 00:31 2896404                    /home/mihai/Programs/jdk-9.0.4/lib/libinstrument.so
7fad777be000-7fad779bd000 ---p 0000a000 00:31 2896404                    /home/mihai/Programs/jdk-9.0.4/lib/libinstrument.so
7fad779bd000-7fad779be000 rw-p 00009000 00:31 2896404                    /home/mihai/Programs/jdk-9.0.4/lib/libinstrument.so
7fad779be000-7fad779e9000 r-xp 00000000 00:31 2896409                    /home/mihai/Programs/jdk-9.0.4/lib/libjava.so
7fad779e9000-7fad77be8000 ---p 0002b000 00:31 2896409                    /home/mihai/Programs/jdk-9.0.4/lib/libjava.so
7fad77be8000-7fad77bea000 rw-p 0002a000 00:31 2896409                    /home/mihai/Programs/jdk-9.0.4/lib/libjava.so
7fad77bea000-7fad77bf7000 r-xp 00000000 00:31 2896446                    /home/mihai/Programs/jdk-9.0.4/lib/libverify.so
7fad77bf7000-7fad77df6000 ---p 0000d000 00:31 2896446                    /home/mihai/Programs/jdk-9.0.4/lib/libverify.so
7fad77df6000-7fad77df8000 rw-p 0000c000 00:31 2896446                    /home/mihai/Programs/jdk-9.0.4/lib/libverify.so
7fad77df8000-7fad77dff000 r-xp 00000000 08:05 1573113                    /lib/x86_64-linux-gnu/librt-2.23.so
7fad77dff000-7fad77ffe000 ---p 00007000 08:05 1573113                    /lib/x86_64-linux-gnu/librt-2.23.so
7fad77ffe000-7fad77fff000 r--p 00006000 08:05 1573113                    /lib/x86_64-linux-gnu/librt-2.23.so
7fad77fff000-7fad78000000 rw-p 00007000 08:05 1573113                    /lib/x86_64-linux-gnu/librt-2.23.so
7fad78000000-7fad7897e000 rw-p 00000000 00:00 0 
7fad7897e000-7fad7c000000 ---p 00000000 00:00 0 
7fad7c02a000-7fad7c02f000 rw-p 00000000 00:00 0 
7fad7c02f000-7fad7c115000 ---p 00000000 00:00 0 
7fad7c115000-7fad7c21d000 r-xp 00000000 08:05 1573091                    /lib/x86_64-linux-gnu/libm-2.23.so
7fad7c21d000-7fad7c41c000 ---p 00108000 08:05 1573091                    /lib/x86_64-linux-gnu/libm-2.23.so
7fad7c41c000-7fad7c41d000 r--p 00107000 08:05 1573091                    /lib/x86_64-linux-gnu/libm-2.23.so
7fad7c41d000-7fad7c41e000 rw-p 00108000 08:05 1573091                    /lib/x86_64-linux-gnu/libm-2.23.so
7fad7c41e000-7fad7d433000 r-xp 00000000 00:31 2896469                    /home/mihai/Programs/jdk-9.0.4/lib/server/libjvm.so
7fad7d433000-7fad7d632000 ---p 01015000 00:31 2896469                    /home/mihai/Programs/jdk-9.0.4/lib/server/libjvm.so
7fad7d632000-7fad7d703000 r--p 01014000 00:31 2896469                    /home/mihai/Programs/jdk-9.0.4/lib/server/libjvm.so
7fad7d703000-7fad7d73a000 rw-p 010e5000 00:31 2896469                    /home/mihai/Programs/jdk-9.0.4/lib/server/libjvm.so
7fad7d73a000-7fad7d7a3000 rw-p 00000000 00:00 0 
7fad7d7a3000-7fad7d963000 r-xp 00000000 08:05 1573095                    /lib/x86_64-linux-gnu/libc-2.23.so
7fad7d963000-7fad7db63000 ---p 001c0000 08:05 1573095                    /lib/x86_64-linux-gnu/libc-2.23.so
7fad7db63000-7fad7db67000 r--p 001c0000 08:05 1573095                    /lib/x86_64-linux-gnu/libc-2.23.so
7fad7db67000-7fad7db69000 rw-p 001c4000 08:05 1573095                    /lib/x86_64-linux-gnu/libc-2.23.so
7fad7db69000-7fad7db6d000 rw-p 00000000 00:00 0 
7fad7db6d000-7fad7db70000 r-xp 00000000 08:05 1573097                    /lib/x86_64-linux-gnu/libdl-2.23.so
7fad7db70000-7fad7dd6f000 ---p 00003000 08:05 1573097                    /lib/x86_64-linux-gnu/libdl-2.23.so
7fad7dd6f000-7fad7dd70000 r--p 00002000 08:05 1573097                    /lib/x86_64-linux-gnu/libdl-2.23.so
7fad7dd70000-7fad7dd71000 rw-p 00003000 08:05 1573097                    /lib/x86_64-linux-gnu/libdl-2.23.so
7fad7dd71000-7fad7dd7f000 r-xp 00000000 00:31 3429993                    /home/mihai/Programs/jdk-9.0.4/lib/jli/libjli.so
7fad7dd7f000-7fad7df7f000 ---p 0000e000 00:31 3429993                    /home/mihai/Programs/jdk-9.0.4/lib/jli/libjli.so
7fad7df7f000-7fad7df80000 rw-p 0000e000 00:31 3429993                    /home/mihai/Programs/jdk-9.0.4/lib/jli/libjli.so
7fad7df80000-7fad7df98000 r-xp 00000000 08:05 1573094                    /lib/x86_64-linux-gnu/libpthread-2.23.so
7fad7df98000-7fad7e197000 ---p 00018000 08:05 1573094                    /lib/x86_64-linux-gnu/libpthread-2.23.so
7fad7e197000-7fad7e198000 r--p 00017000 08:05 1573094                    /lib/x86_64-linux-gnu/libpthread-2.23.so
7fad7e198000-7fad7e199000 rw-p 00018000 08:05 1573094                    /lib/x86_64-linux-gnu/libpthread-2.23.so
7fad7e199000-7fad7e19d000 rw-p 00000000 00:00 0 
7fad7e19d000-7fad7e1b6000 r-xp 00000000 08:05 1577732                    /lib/x86_64-linux-gnu/libz.so.1.2.8
7fad7e1b6000-7fad7e3b5000 ---p 00019000 08:05 1577732                    /lib/x86_64-linux-gnu/libz.so.1.2.8
7fad7e3b5000-7fad7e3b6000 r--p 00018000 08:05 1577732                    /lib/x86_64-linux-gnu/libz.so.1.2.8
7fad7e3b6000-7fad7e3b7000 rw-p 00019000 08:05 1577732                    /lib/x86_64-linux-gnu/libz.so.1.2.8
7fad7e3b7000-7fad7e3dd000 r-xp 00000000 08:05 1573093                    /lib/x86_64-linux-gnu/ld-2.23.so
7fad7e3e8000-7fad7e3ea000 r-xp 00000000 00:00 0 
7fad7e3ea000-7fad7e3f2000 rw-s 00000000 00:05 453250                     /drm mm object (deleted)
7fad7e3f2000-7fad7e3f3000 rw-s 00000000 00:05 453244                     /memfd:xshmfence (deleted)
7fad7e3f3000-7fad7e3f4000 rw-s 00000000 00:05 453242                     /drm mm object (deleted)
7fad7e3f4000-7fad7e3fc000 rw-s 00000000 00:05 453240                     /drm mm object (deleted)
7fad7e3fc000-7fad7e4b7000 rw-p 00000000 00:00 0 
7fad7e4b7000-7fad7e4bc000 ---p 00000000 00:00 0 
7fad7e4bc000-7fad7e5bd000 rw-p 00000000 00:00 0 
7fad7e5bd000-7fad7e5be000 r--p 00000000 08:05 3280744                    /usr/share/locale-langpack/en_GB/LC_MESSAGES/libc.mo
7fad7e5be000-7fad7e5c5000 r--s 00000000 08:05 2762232                    /usr/lib/x86_64-linux-gnu/gconv/gconv-modules.cache
7fad7e5c5000-7fad7e5cb000 rw-p 00000000 00:00 0 
7fad7e5cb000-7fad7e5d2000 ---p 00000000 00:00 0 
7fad7e5d2000-7fad7e5da000 rw-s 00000000 08:05 2899053                    /tmp/hsperfdata_mihai/19509
7fad7e5da000-7fad7e5db000 rw-p 00000000 00:00 0 
7fad7e5db000-7fad7e5dc000 r--p 00000000 00:00 0 
7fad7e5dc000-7fad7e5dd000 r--p 00025000 08:05 1573093                    /lib/x86_64-linux-gnu/ld-2.23.so
7fad7e5dd000-7fad7e5de000 rw-p 00026000 08:05 1573093                    /lib/x86_64-linux-gnu/ld-2.23.so
7fad7e5de000-7fad7e5df000 rw-p 00000000 00:00 0 
7ffd38851000-7ffd38873000 rw-p 00000000 00:00 0                          [stack]
7ffd388c1000-7ffd388c4000 r--p 00000000 00:00 0                          [vvar]
7ffd388c4000-7ffd388c6000 r-xp 00000000 00:00 0                          [vdso]
ffffffffff600000-ffffffffff601000 r-xp 00000000 00:00 0                  [vsyscall]

VM Arguments:
jvm_args: -javaagent:/home/mihai/Programs/idea-IC-173.3727.127/lib/idea_rt.jar=37483:/home/mihai/Programs/idea-IC-173.3727.127/bin -Dfile.encoding=UTF-8 
java_command: game.Main
java_class_path (initial): /home/mihai/Documents/Source/Java/TeamProject-SabreWulf/sabrewulf/out/production/sabrewulf:/home/mihai/Downloads/lwjgl-release-3.1.5-custom/lwjgl.jar:/home/mihai/Downloads/lwjgl-release-3.1.5-custom/lwjgl-stb.jar:/home/mihai/Downloads/lwjgl-release-3.1.5-custom/lwjgl-glfw.jar:/home/mihai/Downloads/lwjgl-release-3.1.5-custom/lwjgl-assimp.jar:/home/mihai/Downloads/lwjgl-release-3.1.5-custom/lwjgl-nanovg.jar:/home/mihai/Downloads/lwjgl-release-3.1.5-custom/lwjgl-openal.jar:/home/mihai/Downloads/lwjgl-release-3.1.5-custom/lwjgl-opengl.jar:/home/mihai/Downloads/lwjgl-release-3.1.5-custom/lwjgl-javadoc.jar:/home/mihai/Downloads/lwjgl-release-3.1.5-custom/lwjgl-sources.jar:/home/mihai/Downloads/lwjgl-release-3.1.5-custom/lwjgl-stb-javadoc.jar:/home/mihai/Downloads/lwjgl-release-3.1.5-custom/lwjgl-stb-sources.jar:/home/mihai/Downloads/lwjgl-release-3.1.5-custom/lwjgl-glfw-javadoc.jar:/home/mihai/Downloads/lwjgl-release-3.1.5-custom/lwjgl-glfw-sources.jar:/home/mihai/Downloads/lwjgl-release-3.1.5-custom/lwjgl-natives-linux.jar:/home/mihai/Downloads/lwjgl-release-3.1.5-custom/lwjgl-natives-macos.jar:/home/mihai/Downloads/lwjgl-release-3.1.5-custom/lwjgl-assimp-javadoc.jar:/home/mihai/Downloads/lwjgl-release-3.1.5-custom/lwjgl-assimp-sources.jar:/home/mihai/Downloads/lwjgl-release-3.1.5-custom/lwjgl-nanovg-javadoc.jar:/home/mihai/Downloads/lwjgl-release-3.1.5-custom/lwjgl-nanovg-sources.jar:/home/mihai/Downloads/lwjgl-release-3.1.5-custom/lwjgl-openal-javadoc.jar:/home/mihai/Downloads/lwjgl-release-3.1.5-custom/lwjgl-openal-sources.jar:/home/mihai/Downloads/lwjgl-release-3.1.5-custom/lwjgl-opengl-javadoc.jar:/home/mihai/Downloads/lwjgl-release-3.1.5-custom/lwjgl-opengl-sources.jar:/home/mihai/Downloads/lwjgl-release-3.1.5-custom/lwjgl-natives-windows.jar:/home/mihai/Downloads/lwjgl-release-3.1.5-custom/lwjgl-stb-natives-linux.jar:/home/mihai/Downloads/lwjgl-release-3.1.5-custom/lwjgl-stb-natives-macos.jar:/home/mihai/Downloads/lwjgl-release-3.1.5-c
Launcher Type: SUN_STANDARD

Logging:
Log output configuration:
#0: stdout all=warning uptime,level,tags
#1: stderr all=off uptime,level,tags

Environment Variables:
PATH=/home/mihai/bin:/home/mihai/.local/bin:/usr/local/sbin:/usr/local/bin:/usr/sbin:/usr/bin:/sbin:/bin:/usr/games:/usr/local/games:/snap/bin
SHELL=/bin/bash
DISPLAY=:0

Signal Handlers:
SIGSEGV: [libjvm.so+0xd4d370], sa_mask[0]=11111111011111111101111111111110, sa_flags=SA_RESTART|SA_SIGINFO
SIGBUS: [libjvm.so+0xd4d370], sa_mask[0]=11111111011111111101111111111110, sa_flags=SA_RESTART|SA_SIGINFO
SIGFPE: [libjvm.so+0xd4d370], sa_mask[0]=11111111011111111101111111111110, sa_flags=SA_RESTART|SA_SIGINFO
SIGPIPE: [libjvm.so+0xb64780], sa_mask[0]=11111111011111111101111111111110, sa_flags=SA_RESTART|SA_SIGINFO
SIGXFSZ: [libjvm.so+0xb64780], sa_mask[0]=11111111011111111101111111111110, sa_flags=SA_RESTART|SA_SIGINFO
SIGILL: [libjvm.so+0xd4d370], sa_mask[0]=11111111011111111101111111111110, sa_flags=SA_RESTART|SA_SIGINFO
SIGUSR2: [libjvm.so+0xb64640], sa_mask[0]=00100000000000000000000000000000, sa_flags=SA_RESTART|SA_SIGINFO
SIGHUP: [libjvm.so+0xb64850], sa_mask[0]=11111111011111111101111111111110, sa_flags=SA_RESTART|SA_SIGINFO
SIGINT: [libjvm.so+0xb64850], sa_mask[0]=11111111011111111101111111111110, sa_flags=SA_RESTART|SA_SIGINFO
SIGTERM: [libjvm.so+0xb64850], sa_mask[0]=11111111011111111101111111111110, sa_flags=SA_RESTART|SA_SIGINFO
SIGQUIT: [libjvm.so+0xb64850], sa_mask[0]=11111111011111111101111111111110, sa_flags=SA_RESTART|SA_SIGINFO


---------------  S Y S T E M  ---------------

OS:DISTRIB_ID=Ubuntu
DISTRIB_RELEASE=16.04
DISTRIB_CODENAME=xenial
DISTRIB_DESCRIPTION="Ubuntu 16.04.3 LTS"
uname:Linux 4.13.0-32-generic #35~16.04.1-Ubuntu SMP Thu Jan 25 10:13:43 UTC 2018 x86_64
libc:glibc 2.23 NPTL 2.23 
rlimit: STACK 8192k, CORE 0k, NPROC 45200, NOFILE 1048576, AS infinity
load average:0.88 1.23 1.06

/proc/meminfo:
MemTotal:       11715420 kB
MemFree:          338496 kB
MemAvailable:    6393700 kB
Buffers:          317280 kB
Cached:          6262752 kB
SwapCached:            0 kB
Active:          4958492 kB
Inactive:        4751852 kB
Active(anon):    2899368 kB
Inactive(anon):   762780 kB
Active(file):    2059124 kB
Inactive(file):  3989072 kB
Unevictable:        1728 kB
Mlocked:            1728 kB
SwapTotal:      11992572 kB
SwapFree:       11992572 kB
Dirty:             16272 kB
Writeback:             0 kB
AnonPages:       3132056 kB
Mapped:          1841264 kB
Shmem:            765744 kB
Slab:             463360 kB
SReclaimable:     332640 kB
SUnreclaim:       130720 kB
KernelStack:       15928 kB
PageTables:        65108 kB
NFS_Unstable:          0 kB
Bounce:                0 kB
WritebackTmp:          0 kB
CommitLimit:    17850280 kB
Committed_AS:   12505316 kB
VmallocTotal:   34359738367 kB
VmallocUsed:           0 kB
VmallocChunk:          0 kB
HardwareCorrupted:     0 kB
AnonHugePages:         0 kB
ShmemHugePages:        0 kB
ShmemPmdMapped:        0 kB
CmaTotal:              0 kB
CmaFree:               0 kB
HugePages_Total:       0
HugePages_Free:        0
HugePages_Rsvd:        0
HugePages_Surp:        0
Hugepagesize:       2048 kB
DirectMap4k:      360132 kB
DirectMap2M:    10584064 kB
DirectMap1G:     1048576 kB


CPU:total 4 (initial active 4) (2 cores per cpu, 2 threads per core) family 6 model 78 stepping 3, cmov, cx8, fxsr, mmx, sse, sse2, sse3, ssse3, sse4.1, sse4.2, popcnt, avx, avx2, aes, clmul, erms, 3dnowpref, lzcnt, ht, tsc, tscinvbit, bmi1, bmi2, adx, fma
CPU Model and flags from /proc/cpuinfo:
model name	: Intel(R) Core(TM) i7-6500U CPU @ 2.50GHz
flags		: fpu vme de pse tsc msr pae mce cx8 apic sep mtrr pge mca cmov pat pse36 clflush dts acpi mmx fxsr sse sse2 ss ht tm pbe syscall nx pdpe1gb rdtscp lm constant_tsc art arch_perfmon pebs bts rep_good nopl xtopology nonstop_tsc cpuid aperfmperf tsc_known_freq pni pclmulqdq dtes64 monitor ds_cpl vmx est tm2 ssse3 sdbg fma cx16 xtpr pdcm pcid sse4_1 sse4_2 x2apic movbe popcnt tsc_deadline_timer aes xsave avx f16c rdrand lahf_lm abm 3dnowprefetch cpuid_fault epb invpcid_single pti intel_pt tpr_shadow vnmi flexpriority ept vpid fsgsbase tsc_adjust bmi1 avx2 smep bmi2 erms invpcid mpx rdseed adx smap clflushopt xsaveopt xsavec xgetbv1 xsaves dtherm ida arat pln pts hwp hwp_notify hwp_act_window hwp_epp

Memory: 4k page, physical 11715420k(338496k free), swap 11992572k(11992572k free)

vm_info: Java HotSpot(TM) 64-Bit Server VM (9.0.4+11) for linux-amd64 JRE (9.0.4+11), built on Dec 19 2017 18:12:19 by "mach5one" with gcc 4.9.2

END.
